[2024-10-21 16:11:04.3881] [INFO] [PromoNode.PromoNodeService] Starting PromoNode Service... 
[2024-10-21 16:11:05.5811] [INFO] [remoting (akka://godgaming)] Starting remoting 
[2024-10-21 16:11:06.1451] [INFO] [remoting (akka://godgaming)] Remoting started; listening on addresses : [akka.tcp://godgaming@127.0.0.1:8093] 
[2024-10-21 16:11:06.1451] [INFO] [remoting (akka://godgaming)] Remoting now listens on addresses: [akka.tcp://godgaming@127.0.0.1:8093] 
[2024-10-21 16:11:06.1651] [INFO] [Cluster (akka://godgaming)] Cluster Node [akka.tcp://godgaming@127.0.0.1:8093] - Starting up... 
[2024-10-21 16:11:06.1821] [INFO] [Cluster (akka://godgaming)] Cluster Node [akka.tcp://godgaming@127.0.0.1:8093] - Started up successfully 
[2024-10-21 16:11:06.2641] [INFO] [PromoNode.BootstrapActor] Start Single Game Server(id:)... 
[2024-10-21 16:11:06.2641] [INFO] [PromoNode.BootstrapActor] Initializing database proxy... 
[2024-10-21 16:11:06.5851] [INFO] [PromoNode.BootstrapActor] Database Proxy has been successfully initialized. 
[2024-10-21 16:11:06.7061] [INFO] [PromoNode.PromoFetchActor] Tour Received 
[2024-10-21 16:11:06.7061] [INFO] [PromoNode.PromoFetchActor] Race Received 
[2024-10-21 16:11:06.7881] [INFO] [Cluster (akka://godgaming)] Cluster Node [akka.tcp://godgaming@127.0.0.1:8093] - Welcome from [akka.tcp://godgaming@127.0.0.1:4055] 
[2024-10-21 16:11:06.8531] [INFO] [PromoNode.PromoFetchActor] Freespin Received 
[2024-10-21 16:11:16.7257] [INFO] [PromoNode.PromoFetchActor] Race Received 
[2024-10-21 16:11:16.8640] [INFO] [PromoNode.PromoFetchActor] Freespin Received 
[2024-10-21 16:11:26.7370] [INFO] [PromoNode.PromoFetchActor] Race Received 
[2024-10-21 16:11:26.8770] [INFO] [PromoNode.PromoFetchActor] Freespin Received 
[2024-10-21 16:11:36.7637] [INFO] [PromoNode.PromoFetchActor] Race Received 
[2024-10-21 16:11:36.9018] [INFO] [PromoNode.PromoFetchActor] Freespin Received 
[2024-10-21 16:11:46.7754] [INFO] [PromoNode.PromoFetchActor] Race Received 
[2024-10-21 16:11:46.9115] [INFO] [PromoNode.PromoFetchActor] Freespin Received 
[2024-10-21 16:11:56.7816] [INFO] [PromoNode.PromoFetchActor] Race Received 
[2024-10-21 16:11:56.9218] [INFO] [PromoNode.PromoFetchActor] Freespin Received 
[2024-10-21 16:12:06.7172] [INFO] [PromoNode.PromoFetchActor] Tour Received 
[2024-10-21 16:12:06.7934] [INFO] [PromoNode.PromoFetchActor] Race Received 
[2024-10-21 16:12:06.9451] [INFO] [PromoNode.PromoFetchActor] Freespin Received 
[2024-10-21 16:12:16.8000] [INFO] [PromoNode.PromoFetchActor] Race Received 
[2024-10-21 16:12:16.9520] [INFO] [PromoNode.PromoFetchActor] Freespin Received 
[2024-10-21 16:12:26.8157] [INFO] [PromoNode.PromoFetchActor] Race Received 
[2024-10-21 16:12:26.9680] [INFO] [PromoNode.PromoFetchActor] Freespin Received 
[2024-10-21 16:12:36.8270] [INFO] [PromoNode.PromoFetchActor] Race Received 
[2024-10-21 16:12:36.9800] [INFO] [PromoNode.PromoFetchActor] Freespin Received 
[2024-10-21 16:12:46.8327] [INFO] [PromoNode.PromoFetchActor] Race Received 
[2024-10-21 16:12:46.9883] [INFO] [PromoNode.PromoFetchActor] Freespin Received 
[2024-10-21 16:12:56.8543] [INFO] [PromoNode.PromoFetchActor] Race Received 
[2024-10-21 16:12:57.0071] [INFO] [PromoNode.PromoFetchActor] Freespin Received 
[2024-10-21 16:13:06.7399] [INFO] [PromoNode.PromoFetchActor] Tour Received 
[2024-10-21 16:13:06.8720] [INFO] [PromoNode.PromoFetchActor] Race Received 
[2024-10-21 16:13:07.0260] [INFO] [PromoNode.PromoFetchActor] Freespin Received 
[2024-10-21 16:13:16.8898] [INFO] [PromoNode.PromoFetchActor] Race Received 
[2024-10-21 16:13:17.0374] [INFO] [PromoNode.PromoFetchActor] Freespin Received 
[2024-10-21 16:13:26.9141] [INFO] [PromoNode.PromoFetchActor] Race Received 
[2024-10-21 16:13:27.0529] [INFO] [PromoNode.PromoFetchActor] Freespin Received 
[2024-10-21 16:13:36.9299] [INFO] [PromoNode.PromoFetchActor] Race Received 
[2024-10-21 16:13:37.0687] [INFO] [PromoNode.PromoFetchActor] Freespin Received 
[2024-10-21 16:13:46.9439] [INFO] [PromoNode.PromoFetchActor] Race Received 
[2024-10-21 16:13:47.0804] [INFO] [PromoNode.PromoFetchActor] Freespin Received 
[2024-10-21 16:13:56.9590] [INFO] [PromoNode.PromoFetchActor] Race Received 
[2024-10-21 16:13:57.0981] [INFO] [PromoNode.PromoFetchActor] Freespin Received 
[2024-10-21 16:14:06.7572] [INFO] [PromoNode.PromoFetchActor] Tour Received 
[2024-10-21 16:14:06.9699] [INFO] [PromoNode.PromoFetchActor] Race Received 
[2024-10-21 16:14:07.1101] [INFO] [PromoNode.PromoFetchActor] Freespin Received 
[2024-10-21 16:14:16.9919] [INFO] [PromoNode.PromoFetchActor] Race Received 
[2024-10-21 16:14:17.1220] [INFO] [PromoNode.PromoFetchActor] Freespin Received 
[2024-10-21 16:14:27.0071] [INFO] [PromoNode.PromoFetchActor] Race Received 
[2024-10-21 16:14:27.1314] [INFO] [PromoNode.PromoFetchActor] Freespin Received 
[2024-10-21 16:14:37.0313] [INFO] [PromoNode.PromoFetchActor] Race Received 
[2024-10-21 16:14:37.1386] [INFO] [PromoNode.PromoFetchActor] Freespin Received 
[2024-10-21 16:14:47.0460] [INFO] [PromoNode.PromoFetchActor] Race Received 
[2024-10-21 16:14:47.1531] [INFO] [PromoNode.PromoFetchActor] Freespin Received 
[2024-10-21 16:14:57.0677] [INFO] [PromoNode.PromoFetchActor] Race Received 
[2024-10-21 16:14:57.1713] [INFO] [PromoNode.PromoFetchActor] Freespin Received 
[2024-10-21 16:15:06.7805] [INFO] [PromoNode.PromoFetchActor] Tour Received 
[2024-10-21 16:15:07.0921] [INFO] [PromoNode.PromoFetchActor] Race Received 
[2024-10-21 16:15:07.1813] [INFO] [PromoNode.PromoFetchActor] Freespin Received 
[2024-10-21 16:15:17.1031] [INFO] [PromoNode.PromoFetchActor] Race Received 
[2024-10-21 16:15:17.1942] [INFO] [PromoNode.PromoFetchActor] Freespin Received 
[2024-10-21 16:15:27.1200] [INFO] [PromoNode.PromoFetchActor] Race Received 
[2024-10-21 16:15:27.2057] [INFO] [PromoNode.PromoFetchActor] Freespin Received 
[2024-10-21 16:15:37.1374] [INFO] [PromoNode.PromoFetchActor] Race Received 
[2024-10-21 16:15:37.2119] [INFO] [PromoNode.PromoFetchActor] Freespin Received 
[2024-10-21 16:15:47.1511] [INFO] [PromoNode.PromoFetchActor] Race Received 
[2024-10-21 16:15:47.2263] [INFO] [PromoNode.PromoFetchActor] Freespin Received 
[2024-10-21 16:15:57.1720] [INFO] [PromoNode.PromoFetchActor] Race Received 
[2024-10-21 16:15:57.2305] [INFO] [PromoNode.PromoFetchActor] Freespin Received 
[2024-10-21 16:16:06.8087] [INFO] [PromoNode.PromoFetchActor] Tour Received 
[2024-10-21 16:16:07.1912] [INFO] [PromoNode.PromoFetchActor] Race Received 
[2024-10-21 16:16:07.2523] [INFO] [PromoNode.PromoFetchActor] Freespin Received 
[2024-10-21 16:16:17.2116] [INFO] [PromoNode.PromoFetchActor] Race Received 
[2024-10-21 16:16:17.2675] [INFO] [PromoNode.PromoFetchActor] Freespin Received 
[2024-10-21 16:16:27.2269] [INFO] [PromoNode.PromoFetchActor] Race Received 
[2024-10-21 16:16:27.2867] [INFO] [PromoNode.PromoFetchActor] Freespin Received 
[2024-10-21 16:16:37.2345] [INFO] [PromoNode.PromoFetchActor] Race Received 
[2024-10-21 16:16:37.3124] [INFO] [PromoNode.PromoFetchActor] Freespin Received 
[2024-10-21 16:16:47.2443] [INFO] [PromoNode.PromoFetchActor] Race Received 
[2024-10-21 16:16:47.3325] [INFO] [PromoNode.PromoFetchActor] Freespin Received 
[2024-10-21 16:16:57.2591] [INFO] [PromoNode.PromoFetchActor] Race Received 
[2024-10-21 16:16:57.3491] [INFO] [PromoNode.PromoFetchActor] Freespin Received 
[2024-10-21 16:17:06.8268] [INFO] [PromoNode.PromoFetchActor] Tour Received 
[2024-10-21 16:17:07.2769] [INFO] [PromoNode.PromoFetchActor] Race Received 
[2024-10-21 16:17:07.3669] [INFO] [PromoNode.PromoFetchActor] Freespin Received 
[2024-10-21 16:17:17.2872] [INFO] [PromoNode.PromoFetchActor] Race Received 
[2024-10-21 16:17:17.3805] [INFO] [PromoNode.PromoFetchActor] Freespin Received 
[2024-10-21 16:17:27.3081] [INFO] [PromoNode.PromoFetchActor] Race Received 
[2024-10-21 16:17:27.4051] [INFO] [PromoNode.PromoFetchActor] Freespin Received 
[2024-10-21 16:17:37.3324] [INFO] [PromoNode.PromoFetchActor] Race Received 
[2024-10-21 16:17:37.4095] [INFO] [PromoNode.PromoFetchActor] Freespin Received 
[2024-10-21 16:17:47.3535] [INFO] [PromoNode.PromoFetchActor] Race Received 
[2024-10-21 16:17:47.4284] [INFO] [PromoNode.PromoFetchActor] Freespin Received 
[2024-10-21 16:17:57.3626] [INFO] [PromoNode.PromoFetchActor] Race Received 
[2024-10-21 16:17:57.4397] [INFO] [PromoNode.PromoFetchActor] Freespin Received 
[2024-10-21 16:18:06.8420] [INFO] [PromoNode.PromoFetchActor] Tour Received 
[2024-10-21 16:18:07.3838] [INFO] [PromoNode.PromoFetchActor] Race Received 
[2024-10-21 16:18:07.4557] [INFO] [PromoNode.PromoFetchActor] Freespin Received 
[2024-10-21 16:18:17.3947] [INFO] [PromoNode.PromoFetchActor] Race Received 
[2024-10-21 16:18:17.4761] [INFO] [PromoNode.PromoFetchActor] Freespin Received 
[2024-10-21 16:18:27.4054] [INFO] [PromoNode.PromoFetchActor] Race Received 
[2024-10-21 16:18:27.4929] [INFO] [PromoNode.PromoFetchActor] Freespin Received 
[2024-10-21 16:18:37.4136] [INFO] [PromoNode.PromoFetchActor] Race Received 
[2024-10-21 16:18:37.5072] [INFO] [PromoNode.PromoFetchActor] Freespin Received 
[2024-10-21 16:18:47.4261] [INFO] [PromoNode.PromoFetchActor] Race Received 
[2024-10-21 16:18:47.5334] [INFO] [PromoNode.PromoFetchActor] Freespin Received 
[2024-10-21 16:18:57.4352] [INFO] [PromoNode.PromoFetchActor] Race Received 
[2024-10-21 16:18:57.5431] [INFO] [PromoNode.PromoFetchActor] Freespin Received 
[2024-10-21 16:19:06.8615] [INFO] [PromoNode.PromoFetchActor] Tour Received 
[2024-10-21 16:19:07.5154] [INFO] [PromoNode.PromoFetchActor] Race Received 
[2024-10-21 16:19:07.5556] [INFO] [PromoNode.PromoFetchActor] Freespin Received 
[2024-10-21 16:19:17.5351] [INFO] [PromoNode.PromoFetchActor] Race Received 
[2024-10-21 16:19:17.5641] [INFO] [PromoNode.PromoFetchActor] Freespin Received 
[2024-10-21 16:19:27.5536] [INFO] [PromoNode.PromoFetchActor] Race Received 
[2024-10-21 16:19:27.5536] [INFO] [PromoNode.PromoFetchActor] Freespin Received 
[2024-10-21 16:19:37.5609] [INFO] [PromoNode.PromoFetchActor] Race Received 
[2024-10-21 16:19:37.5907] [INFO] [PromoNode.PromoFetchActor] Freespin Received 
[2024-10-21 16:19:47.5783] [INFO] [PromoNode.PromoFetchActor] Race Received 
[2024-10-21 16:19:47.6056] [INFO] [PromoNode.PromoFetchActor] Freespin Received 
[2024-10-21 16:19:57.5972] [INFO] [PromoNode.PromoFetchActor] Race Received 
[2024-10-21 16:19:57.6113] [INFO] [PromoNode.PromoFetchActor] Freespin Received 
[2024-10-21 16:20:06.8766] [INFO] [PromoNode.PromoFetchActor] Tour Received 
[2024-10-21 16:20:07.6191] [INFO] [PromoNode.PromoFetchActor] Race Received 
[2024-10-21 16:20:07.6321] [INFO] [PromoNode.PromoFetchActor] Freespin Received 
[2024-10-21 16:20:17.6474] [INFO] [PromoNode.PromoFetchActor] Freespin Received 
[2024-10-21 16:20:17.6674] [INFO] [PromoNode.PromoFetchActor] Race Received 
[2024-10-21 16:20:27.6670] [INFO] [PromoNode.PromoFetchActor] Freespin Received 
[2024-10-21 16:20:27.6850] [INFO] [PromoNode.PromoFetchActor] Race Received 
[2024-10-21 16:20:37.6804] [INFO] [PromoNode.PromoFetchActor] Freespin Received 
[2024-10-21 16:20:37.6975] [INFO] [PromoNode.PromoFetchActor] Race Received 
[2024-10-21 16:20:47.6938] [INFO] [PromoNode.PromoFetchActor] Freespin Received 
[2024-10-21 16:20:47.7211] [INFO] [PromoNode.PromoFetchActor] Race Received 
[2024-10-21 16:20:57.7117] [INFO] [PromoNode.PromoFetchActor] Freespin Received 
[2024-10-21 16:20:57.7436] [INFO] [PromoNode.PromoFetchActor] Race Received 
[2024-10-21 16:21:06.8937] [INFO] [PromoNode.PromoFetchActor] Tour Received 
[2024-10-21 16:21:07.7249] [INFO] [PromoNode.PromoFetchActor] Freespin Received 
[2024-10-21 16:21:07.7565] [INFO] [PromoNode.PromoFetchActor] Race Received 
[2024-10-21 16:21:17.7339] [INFO] [PromoNode.PromoFetchActor] Freespin Received 
[2024-10-21 16:21:17.7867] [INFO] [PromoNode.PromoFetchActor] Race Received 
[2024-10-21 16:21:27.7525] [INFO] [PromoNode.PromoFetchActor] Freespin Received 
[2024-10-21 16:21:27.8012] [INFO] [PromoNode.PromoFetchActor] Race Received 
[2024-10-21 16:21:37.7640] [INFO] [PromoNode.PromoFetchActor] Freespin Received 
[2024-10-21 16:21:37.8117] [INFO] [PromoNode.PromoFetchActor] Race Received 
[2024-10-21 16:21:47.7802] [INFO] [PromoNode.PromoFetchActor] Freespin Received 
[2024-10-21 16:21:47.8272] [INFO] [PromoNode.PromoFetchActor] Race Received 
[2024-10-21 16:21:57.8004] [INFO] [PromoNode.PromoFetchActor] Freespin Received 
[2024-10-21 16:21:57.8489] [INFO] [PromoNode.PromoFetchActor] Race Received 
[2024-10-21 16:22:06.9140] [INFO] [PromoNode.PromoFetchActor] Tour Received 
[2024-10-21 16:22:07.8109] [INFO] [PromoNode.PromoFetchActor] Freespin Received 
[2024-10-21 16:22:07.8731] [INFO] [PromoNode.PromoFetchActor] Race Received 
[2024-10-21 16:22:17.8321] [INFO] [PromoNode.PromoFetchActor] Freespin Received 
[2024-10-21 16:22:17.8781] [INFO] [PromoNode.PromoFetchActor] Race Received 
[2024-10-21 16:22:27.8497] [INFO] [PromoNode.PromoFetchActor] Freespin Received 
[2024-10-21 16:22:27.8945] [INFO] [PromoNode.PromoFetchActor] Race Received 
[2024-10-21 16:22:37.8699] [INFO] [PromoNode.PromoFetchActor] Freespin Received 
[2024-10-21 16:22:37.9130] [INFO] [PromoNode.PromoFetchActor] Race Received 
[2024-10-21 16:22:47.8824] [INFO] [PromoNode.PromoFetchActor] Freespin Received 
[2024-10-21 16:22:47.9276] [INFO] [PromoNode.PromoFetchActor] Race Received 
[2024-10-21 16:22:57.8974] [INFO] [PromoNode.PromoFetchActor] Freespin Received 
[2024-10-21 16:22:57.9437] [INFO] [PromoNode.PromoFetchActor] Race Received 
[2024-10-21 16:23:06.9354] [INFO] [PromoNode.PromoFetchActor] Tour Received 
[2024-10-21 16:23:07.9106] [INFO] [PromoNode.PromoFetchActor] Freespin Received 
[2024-10-21 16:23:07.9560] [INFO] [PromoNode.PromoFetchActor] Race Received 
[2024-10-21 16:23:17.9282] [INFO] [PromoNode.PromoFetchActor] Freespin Received 
[2024-10-21 16:23:17.9599] [INFO] [PromoNode.PromoFetchActor] Race Received 
[2024-10-21 16:23:27.9541] [INFO] [PromoNode.PromoFetchActor] Freespin Received 
[2024-10-21 16:23:27.9842] [INFO] [PromoNode.PromoFetchActor] Race Received 
[2024-10-21 16:23:37.9610] [INFO] [PromoNode.PromoFetchActor] Freespin Received 
[2024-10-21 16:23:38.0062] [INFO] [PromoNode.PromoFetchActor] Race Received 
[2024-10-21 16:23:47.9753] [INFO] [PromoNode.PromoFetchActor] Freespin Received 
[2024-10-21 16:23:48.0223] [INFO] [PromoNode.PromoFetchActor] Race Received 
[2024-10-21 16:23:57.9799] [INFO] [PromoNode.PromoFetchActor] Freespin Received 
[2024-10-21 16:23:58.0407] [INFO] [PromoNode.PromoFetchActor] Race Received 
[2024-10-21 16:24:06.9457] [INFO] [PromoNode.PromoFetchActor] Tour Received 
[2024-10-21 16:24:07.9945] [INFO] [PromoNode.PromoFetchActor] Freespin Received 
[2024-10-21 16:24:08.0573] [INFO] [PromoNode.PromoFetchActor] Race Received 
[2024-10-21 16:24:18.0086] [INFO] [PromoNode.PromoFetchActor] Freespin Received 
[2024-10-21 16:24:18.0732] [INFO] [PromoNode.PromoFetchActor] Race Received 
[2024-10-21 16:24:28.0227] [INFO] [PromoNode.PromoFetchActor] Freespin Received 
[2024-10-21 16:24:28.0838] [INFO] [PromoNode.PromoFetchActor] Race Received 
[2024-10-21 16:24:38.0345] [INFO] [PromoNode.PromoFetchActor] Freespin Received 
[2024-10-21 16:24:38.1382] [INFO] [PromoNode.PromoFetchActor] Race Received 
[2024-10-21 16:24:48.0521] [INFO] [PromoNode.PromoFetchActor] Freespin Received 
[2024-10-21 16:24:48.1616] [INFO] [PromoNode.PromoFetchActor] Race Received 
[2024-10-21 16:24:58.0679] [INFO] [PromoNode.PromoFetchActor] Freespin Received 
[2024-10-21 16:24:58.1759] [INFO] [PromoNode.PromoFetchActor] Race Received 
[2024-10-21 16:25:06.9590] [INFO] [PromoNode.PromoFetchActor] Tour Received 
[2024-10-21 16:25:08.0877] [INFO] [PromoNode.PromoFetchActor] Freespin Received 
[2024-10-21 16:25:08.1808] [INFO] [PromoNode.PromoFetchActor] Race Received 
[2024-10-21 16:25:18.0993] [INFO] [PromoNode.PromoFetchActor] Freespin Received 
[2024-10-21 16:25:18.1925] [INFO] [PromoNode.PromoFetchActor] Race Received 
[2024-10-21 16:25:28.1260] [INFO] [PromoNode.PromoFetchActor] Freespin Received 
[2024-10-21 16:25:28.1980] [INFO] [PromoNode.PromoFetchActor] Race Received 
[2024-10-21 16:25:38.1287] [INFO] [PromoNode.PromoFetchActor] Freespin Received 
[2024-10-21 16:25:38.2108] [INFO] [PromoNode.PromoFetchActor] Race Received 
[2024-10-21 16:25:48.1737] [INFO] [PromoNode.PromoFetchActor] Freespin Received 
[2024-10-21 16:25:48.2269] [INFO] [PromoNode.PromoFetchActor] Race Received 
[2024-10-21 16:25:58.1782] [INFO] [PromoNode.PromoFetchActor] Freespin Received 
[2024-10-21 16:25:58.2418] [INFO] [PromoNode.PromoFetchActor] Race Received 
[2024-10-21 16:26:06.9781] [INFO] [PromoNode.PromoFetchActor] Tour Received 
[2024-10-21 16:26:08.1981] [INFO] [PromoNode.PromoFetchActor] Freespin Received 
[2024-10-21 16:26:08.2595] [INFO] [PromoNode.PromoFetchActor] Race Received 
[2024-10-21 16:26:18.2229] [INFO] [PromoNode.PromoFetchActor] Freespin Received 
[2024-10-21 16:26:18.2709] [INFO] [PromoNode.PromoFetchActor] Race Received 
[2024-10-21 16:26:28.2280] [INFO] [PromoNode.PromoFetchActor] Freespin Received 
[2024-10-21 16:26:28.2905] [INFO] [PromoNode.PromoFetchActor] Race Received 
[2024-10-21 16:26:38.2607] [INFO] [PromoNode.PromoFetchActor] Freespin Received 
[2024-10-21 16:26:38.3156] [INFO] [PromoNode.PromoFetchActor] Race Received 
[2024-10-21 16:26:48.2755] [INFO] [PromoNode.PromoFetchActor] Freespin Received 
[2024-10-21 16:26:48.3216] [INFO] [PromoNode.PromoFetchActor] Race Received 
[2024-10-21 16:26:58.2950] [INFO] [PromoNode.PromoFetchActor] Freespin Received 
[2024-10-21 16:26:58.3443] [INFO] [PromoNode.PromoFetchActor] Race Received 
[2024-10-21 16:27:07.0034] [INFO] [PromoNode.PromoFetchActor] Tour Received 
[2024-10-21 16:27:08.2998] [INFO] [PromoNode.PromoFetchActor] Freespin Received 
[2024-10-21 16:27:08.3625] [INFO] [PromoNode.PromoFetchActor] Race Received 
[2024-10-21 16:27:18.3161] [INFO] [PromoNode.PromoFetchActor] Freespin Received 
[2024-10-21 16:27:18.3803] [INFO] [PromoNode.PromoFetchActor] Race Received 
[2024-10-21 16:27:28.3193] [INFO] [PromoNode.PromoFetchActor] Freespin Received 
[2024-10-21 16:27:28.3987] [INFO] [PromoNode.PromoFetchActor] Race Received 
[2024-10-21 16:27:38.3299] [INFO] [PromoNode.PromoFetchActor] Freespin Received 
[2024-10-21 16:27:38.4220] [INFO] [PromoNode.PromoFetchActor] Race Received 
[2024-10-21 16:27:48.3437] [INFO] [PromoNode.PromoFetchActor] Freespin Received 
[2024-10-21 16:27:48.4347] [INFO] [PromoNode.PromoFetchActor] Race Received 
[2024-10-21 16:27:58.3607] [INFO] [PromoNode.PromoFetchActor] Freespin Received 
[2024-10-21 16:27:58.4610] [INFO] [PromoNode.PromoFetchActor] Race Received 
[2024-10-21 16:28:07.0170] [INFO] [PromoNode.PromoFetchActor] Tour Received 
[2024-10-21 16:28:08.3800] [INFO] [PromoNode.PromoFetchActor] Freespin Received 
[2024-10-21 16:28:08.4794] [INFO] [PromoNode.PromoFetchActor] Race Received 
[2024-10-21 16:28:18.3897] [INFO] [PromoNode.PromoFetchActor] Freespin Received 
[2024-10-21 16:28:18.4990] [INFO] [PromoNode.PromoFetchActor] Race Received 
[2024-10-21 16:28:28.4005] [INFO] [PromoNode.PromoFetchActor] Freespin Received 
[2024-10-21 16:28:28.5092] [INFO] [PromoNode.PromoFetchActor] Race Received 
[2024-10-21 16:28:38.4074] [INFO] [PromoNode.PromoFetchActor] Freespin Received 
[2024-10-21 16:28:38.5332] [INFO] [PromoNode.PromoFetchActor] Race Received 
[2024-10-21 16:28:48.4378] [INFO] [PromoNode.PromoFetchActor] Freespin Received 
[2024-10-21 16:28:48.5403] [INFO] [PromoNode.PromoFetchActor] Race Received 
[2024-10-21 16:28:58.4495] [INFO] [PromoNode.PromoFetchActor] Freespin Received 
[2024-10-21 16:28:58.5568] [INFO] [PromoNode.PromoFetchActor] Race Received 
[2024-10-21 16:29:07.0317] [INFO] [PromoNode.PromoFetchActor] Tour Received 
[2024-10-21 16:29:08.4687] [INFO] [PromoNode.PromoFetchActor] Freespin Received 
[2024-10-21 16:29:08.5674] [INFO] [PromoNode.PromoFetchActor] Race Received 
[2024-10-21 16:29:18.4819] [INFO] [PromoNode.PromoFetchActor] Freespin Received 
[2024-10-21 16:29:18.5889] [INFO] [PromoNode.PromoFetchActor] Race Received 
[2024-10-21 16:29:28.5027] [INFO] [PromoNode.PromoFetchActor] Freespin Received 
[2024-10-21 16:29:28.6160] [INFO] [PromoNode.PromoFetchActor] Race Received 
[2024-10-21 16:29:38.5104] [INFO] [PromoNode.PromoFetchActor] Freespin Received 
[2024-10-21 16:29:38.6203] [INFO] [PromoNode.PromoFetchActor] Race Received 
[2024-10-21 16:29:48.5202] [INFO] [PromoNode.PromoFetchActor] Freespin Received 
[2024-10-21 16:29:48.6296] [INFO] [PromoNode.PromoFetchActor] Race Received 
[2024-10-21 16:29:58.5324] [INFO] [PromoNode.PromoFetchActor] Freespin Received 
[2024-10-21 16:29:58.6430] [INFO] [PromoNode.PromoFetchActor] Race Received 
[2024-10-21 16:30:07.0572] [INFO] [PromoNode.PromoFetchActor] Tour Received 
[2024-10-21 16:30:08.5396] [INFO] [PromoNode.PromoFetchActor] Freespin Received 
[2024-10-21 16:30:08.6692] [INFO] [PromoNode.PromoFetchActor] Race Received 
[2024-10-21 16:30:18.5557] [INFO] [PromoNode.PromoFetchActor] Freespin Received 
[2024-10-21 16:30:18.6841] [INFO] [PromoNode.PromoFetchActor] Race Received 
[2024-10-21 16:30:28.5705] [INFO] [PromoNode.PromoFetchActor] Freespin Received 
[2024-10-21 16:30:28.6963] [INFO] [PromoNode.PromoFetchActor] Race Received 
[2024-10-21 16:30:38.5957] [INFO] [PromoNode.PromoFetchActor] Freespin Received 
[2024-10-21 16:30:38.7038] [INFO] [PromoNode.PromoFetchActor] Race Received 
[2024-10-21 16:30:48.6038] [INFO] [PromoNode.PromoFetchActor] Freespin Received 
[2024-10-21 16:30:48.7158] [INFO] [PromoNode.PromoFetchActor] Race Received 
[2024-10-21 16:30:58.6215] [INFO] [PromoNode.PromoFetchActor] Freespin Received 
[2024-10-21 16:30:58.7324] [INFO] [PromoNode.PromoFetchActor] Race Received 
[2024-10-21 16:31:07.0908] [INFO] [PromoNode.PromoFetchActor] Tour Received 
[2024-10-21 16:31:08.6314] [INFO] [PromoNode.PromoFetchActor] Freespin Received 
[2024-10-21 16:31:08.7393] [INFO] [PromoNode.PromoFetchActor] Race Received 
[2024-10-21 16:31:18.6555] [INFO] [PromoNode.PromoFetchActor] Freespin Received 
[2024-10-21 16:31:18.7671] [INFO] [PromoNode.PromoFetchActor] Race Received 
[2024-10-21 16:31:28.6592] [INFO] [PromoNode.PromoFetchActor] Freespin Received 
[2024-10-21 16:31:28.7836] [INFO] [PromoNode.PromoFetchActor] Race Received 
[2024-10-21 16:31:38.6805] [INFO] [PromoNode.PromoFetchActor] Freespin Received 
[2024-10-21 16:31:38.7938] [INFO] [PromoNode.PromoFetchActor] Race Received 
[2024-10-21 16:31:48.6981] [INFO] [PromoNode.PromoFetchActor] Freespin Received 
[2024-10-21 16:31:48.8087] [INFO] [PromoNode.PromoFetchActor] Race Received 
[2024-10-21 16:31:58.7262] [INFO] [PromoNode.PromoFetchActor] Freespin Received 
[2024-10-21 16:31:58.8308] [INFO] [PromoNode.PromoFetchActor] Race Received 
[2024-10-21 16:32:07.1048] [INFO] [PromoNode.PromoFetchActor] Tour Received 
[2024-10-21 16:32:08.7388] [INFO] [PromoNode.PromoFetchActor] Freespin Received 
[2024-10-21 16:32:08.8485] [INFO] [PromoNode.PromoFetchActor] Race Received 
[2024-10-21 16:32:18.7478] [INFO] [PromoNode.PromoFetchActor] Freespin Received 
[2024-10-21 16:32:18.8786] [INFO] [PromoNode.PromoFetchActor] Race Received 
[2024-10-21 16:32:28.7704] [INFO] [PromoNode.PromoFetchActor] Freespin Received 
[2024-10-21 16:32:28.9000] [INFO] [PromoNode.PromoFetchActor] Race Received 
[2024-10-21 16:32:38.7866] [INFO] [PromoNode.PromoFetchActor] Freespin Received 
[2024-10-21 16:32:38.9171] [INFO] [PromoNode.PromoFetchActor] Race Received 
[2024-10-21 16:32:48.8066] [INFO] [PromoNode.PromoFetchActor] Freespin Received 
[2024-10-21 16:32:48.9420] [INFO] [PromoNode.PromoFetchActor] Race Received 
[2024-10-21 16:32:58.8307] [INFO] [PromoNode.PromoFetchActor] Freespin Received 
[2024-10-21 16:32:58.9544] [INFO] [PromoNode.PromoFetchActor] Race Received 
[2024-10-21 16:33:07.1273] [INFO] [PromoNode.PromoFetchActor] Tour Received 
[2024-10-21 16:33:08.8562] [INFO] [PromoNode.PromoFetchActor] Freespin Received 
[2024-10-21 16:33:08.9644] [INFO] [PromoNode.PromoFetchActor] Race Received 
[2024-10-21 16:33:18.8759] [INFO] [PromoNode.PromoFetchActor] Freespin Received 
[2024-10-21 16:33:18.9690] [INFO] [PromoNode.PromoFetchActor] Race Received 
[2024-10-21 16:33:28.8878] [INFO] [PromoNode.PromoFetchActor] Freespin Received 
[2024-10-21 16:33:28.9859] [INFO] [PromoNode.PromoFetchActor] Race Received 
[2024-10-21 16:33:38.9119] [INFO] [PromoNode.PromoFetchActor] Freespin Received 
[2024-10-21 16:33:38.9910] [INFO] [PromoNode.PromoFetchActor] Race Received 
[2024-10-21 16:33:48.9295] [INFO] [PromoNode.PromoFetchActor] Freespin Received 
[2024-10-21 16:33:49.0067] [INFO] [PromoNode.PromoFetchActor] Race Received 
[2024-10-21 16:33:58.9393] [INFO] [PromoNode.PromoFetchActor] Freespin Received 
[2024-10-21 16:33:59.0326] [INFO] [PromoNode.PromoFetchActor] Race Received 
[2024-10-21 16:34:07.1514] [INFO] [PromoNode.PromoFetchActor] Tour Received 
[2024-10-21 16:34:08.9585] [INFO] [PromoNode.PromoFetchActor] Freespin Received 
[2024-10-21 16:34:09.0522] [INFO] [PromoNode.PromoFetchActor] Race Received 
[2024-10-21 16:34:18.9729] [INFO] [PromoNode.PromoFetchActor] Freespin Received 
[2024-10-21 16:34:19.0670] [INFO] [PromoNode.PromoFetchActor] Race Received 
[2024-10-21 16:34:28.9947] [INFO] [PromoNode.PromoFetchActor] Freespin Received 
[2024-10-21 16:34:29.0896] [INFO] [PromoNode.PromoFetchActor] Race Received 
[2024-10-21 16:34:39.0057] [INFO] [PromoNode.PromoFetchActor] Freespin Received 
[2024-10-21 16:34:39.1167] [INFO] [PromoNode.PromoFetchActor] Race Received 
[2024-10-21 16:34:49.0185] [INFO] [PromoNode.PromoFetchActor] Freespin Received 
[2024-10-21 16:34:49.1287] [INFO] [PromoNode.PromoFetchActor] Race Received 
[2024-10-21 16:34:59.0311] [INFO] [PromoNode.PromoFetchActor] Freespin Received 
[2024-10-21 16:34:59.1388] [INFO] [PromoNode.PromoFetchActor] Race Received 
[2024-10-21 16:35:07.1697] [INFO] [PromoNode.PromoFetchActor] Tour Received 
[2024-10-21 16:35:09.0439] [INFO] [PromoNode.PromoFetchActor] Freespin Received 
[2024-10-21 16:35:09.1542] [INFO] [PromoNode.PromoFetchActor] Race Received 
[2024-10-21 16:35:19.0494] [INFO] [PromoNode.PromoFetchActor] Freespin Received 
[2024-10-21 16:35:19.1747] [INFO] [PromoNode.PromoFetchActor] Race Received 
[2024-10-21 16:35:29.0714] [INFO] [PromoNode.PromoFetchActor] Freespin Received 
[2024-10-21 16:35:29.1821] [INFO] [PromoNode.PromoFetchActor] Race Received 
[2024-10-21 16:35:39.0805] [INFO] [PromoNode.PromoFetchActor] Freespin Received 
[2024-10-21 16:35:39.1948] [INFO] [PromoNode.PromoFetchActor] Race Received 
[2024-10-21 16:35:49.0931] [INFO] [PromoNode.PromoFetchActor] Freespin Received 
[2024-10-21 16:35:49.2058] [INFO] [PromoNode.PromoFetchActor] Race Received 
[2024-10-21 16:35:59.1117] [INFO] [PromoNode.PromoFetchActor] Freespin Received 
[2024-10-21 16:35:59.2210] [INFO] [PromoNode.PromoFetchActor] Race Received 
[2024-10-21 16:36:07.1924] [INFO] [PromoNode.PromoFetchActor] Tour Received 
[2024-10-21 16:36:09.1259] [INFO] [PromoNode.PromoFetchActor] Freespin Received 
[2024-10-21 16:36:09.2335] [INFO] [PromoNode.PromoFetchActor] Race Received 
[2024-10-21 16:36:19.1410] [INFO] [PromoNode.PromoFetchActor] Freespin Received 
[2024-10-21 16:36:19.2497] [INFO] [PromoNode.PromoFetchActor] Race Received 
[2024-10-21 16:36:29.1616] [INFO] [PromoNode.PromoFetchActor] Freespin Received 
[2024-10-21 16:36:29.2684] [INFO] [PromoNode.PromoFetchActor] Race Received 
[2024-10-21 16:36:39.1787] [INFO] [PromoNode.PromoFetchActor] Freespin Received 
[2024-10-21 16:36:39.2861] [INFO] [PromoNode.PromoFetchActor] Race Received 
[2024-10-21 16:36:49.1942] [INFO] [PromoNode.PromoFetchActor] Freespin Received 
[2024-10-21 16:36:49.3075] [INFO] [PromoNode.PromoFetchActor] Race Received 
[2024-10-21 16:36:59.1997] [INFO] [PromoNode.PromoFetchActor] Freespin Received 
[2024-10-21 16:36:59.3238] [INFO] [PromoNode.PromoFetchActor] Race Received 
[2024-10-21 16:37:07.2080] [INFO] [PromoNode.PromoFetchActor] Tour Received 
[2024-10-21 16:37:09.2209] [INFO] [PromoNode.PromoFetchActor] Freespin Received 
[2024-10-21 16:37:09.3284] [INFO] [PromoNode.PromoFetchActor] Race Received 
[2024-10-21 16:37:19.2367] [INFO] [PromoNode.PromoFetchActor] Freespin Received 
[2024-10-21 16:37:19.3448] [INFO] [PromoNode.PromoFetchActor] Race Received 
[2024-10-21 16:37:29.2580] [INFO] [PromoNode.PromoFetchActor] Freespin Received 
[2024-10-21 16:37:29.3622] [INFO] [PromoNode.PromoFetchActor] Race Received 
[2024-10-21 16:37:39.2697] [INFO] [PromoNode.PromoFetchActor] Freespin Received 
[2024-10-21 16:37:39.3839] [INFO] [PromoNode.PromoFetchActor] Race Received 
[2024-10-21 16:37:49.2903] [INFO] [PromoNode.PromoFetchActor] Freespin Received 
[2024-10-21 16:37:49.3993] [INFO] [PromoNode.PromoFetchActor] Race Received 
[2024-10-21 16:37:59.3111] [INFO] [PromoNode.PromoFetchActor] Freespin Received 
[2024-10-21 16:37:59.4201] [INFO] [PromoNode.PromoFetchActor] Race Received 
[2024-10-21 16:38:07.2467] [INFO] [PromoNode.PromoFetchActor] Tour Received 
[2024-10-21 16:38:09.3310] [INFO] [PromoNode.PromoFetchActor] Freespin Received 
[2024-10-21 16:38:09.4351] [INFO] [PromoNode.PromoFetchActor] Race Received 
[2024-10-21 16:38:19.3508] [INFO] [PromoNode.PromoFetchActor] Freespin Received 
[2024-10-21 16:38:19.4469] [INFO] [PromoNode.PromoFetchActor] Race Received 
[2024-10-21 16:38:29.3595] [INFO] [PromoNode.PromoFetchActor] Freespin Received 
[2024-10-21 16:38:29.4674] [INFO] [PromoNode.PromoFetchActor] Race Received 
[2024-10-21 16:38:39.3827] [INFO] [PromoNode.PromoFetchActor] Freespin Received 
[2024-10-21 16:38:39.4898] [INFO] [PromoNode.PromoFetchActor] Race Received 
[2024-10-21 16:38:49.4021] [INFO] [PromoNode.PromoFetchActor] Freespin Received 
[2024-10-21 16:38:49.5095] [INFO] [PromoNode.PromoFetchActor] Race Received 
[2024-10-21 16:38:59.4277] [INFO] [PromoNode.PromoFetchActor] Freespin Received 
[2024-10-21 16:38:59.5348] [INFO] [PromoNode.PromoFetchActor] Race Received 
[2024-10-21 16:39:07.2513] [INFO] [PromoNode.PromoFetchActor] Tour Received 
[2024-10-21 16:39:09.4508] [INFO] [PromoNode.PromoFetchActor] Freespin Received 
[2024-10-21 16:39:09.5425] [INFO] [PromoNode.PromoFetchActor] Race Received 
[2024-10-21 16:39:19.4747] [INFO] [PromoNode.PromoFetchActor] Freespin Received 
[2024-10-21 16:39:19.5647] [INFO] [PromoNode.PromoFetchActor] Race Received 
[2024-10-21 16:39:29.4886] [INFO] [PromoNode.PromoFetchActor] Freespin Received 
[2024-10-21 16:39:29.5825] [INFO] [PromoNode.PromoFetchActor] Race Received 
[2024-10-21 16:39:39.5093] [INFO] [PromoNode.PromoFetchActor] Freespin Received 
[2024-10-21 16:39:39.6004] [INFO] [PromoNode.PromoFetchActor] Race Received 
[2024-10-21 16:39:49.5263] [INFO] [PromoNode.PromoFetchActor] Freespin Received 
[2024-10-21 16:39:49.6271] [INFO] [PromoNode.PromoFetchActor] Race Received 
[2024-10-21 16:39:59.5305] [INFO] [PromoNode.PromoFetchActor] Freespin Received 
[2024-10-21 16:39:59.6402] [INFO] [PromoNode.PromoFetchActor] Race Received 
[2024-10-21 16:40:07.2667] [INFO] [PromoNode.PromoFetchActor] Tour Received 
[2024-10-21 16:40:09.5396] [INFO] [PromoNode.PromoFetchActor] Freespin Received 
[2024-10-21 16:40:09.6681] [INFO] [PromoNode.PromoFetchActor] Race Received 
[2024-10-21 16:40:19.5565] [INFO] [PromoNode.PromoFetchActor] Freespin Received 
[2024-10-21 16:40:19.6804] [INFO] [PromoNode.PromoFetchActor] Race Received 
[2024-10-21 16:40:29.5841] [INFO] [PromoNode.PromoFetchActor] Freespin Received 
[2024-10-21 16:40:29.6932] [INFO] [PromoNode.PromoFetchActor] Race Received 
[2024-10-21 16:40:39.5943] [INFO] [PromoNode.PromoFetchActor] Freespin Received 
[2024-10-21 16:40:39.7036] [INFO] [PromoNode.PromoFetchActor] Race Received 
[2024-10-21 16:40:49.6079] [INFO] [PromoNode.PromoFetchActor] Freespin Received 
[2024-10-21 16:40:49.7190] [INFO] [PromoNode.PromoFetchActor] Race Received 
[2024-10-21 16:40:59.6339] [INFO] [PromoNode.PromoFetchActor] Freespin Received 
[2024-10-21 16:40:59.7397] [INFO] [PromoNode.PromoFetchActor] Race Received 
[2024-10-21 16:41:07.2919] [INFO] [PromoNode.PromoFetchActor] Tour Received 
[2024-10-21 16:41:09.6519] [INFO] [PromoNode.PromoFetchActor] Freespin Received 
[2024-10-21 16:41:09.7626] [INFO] [PromoNode.PromoFetchActor] Race Received 
[2024-10-21 16:41:19.6658] [INFO] [PromoNode.PromoFetchActor] Freespin Received 
[2024-10-21 16:41:19.7756] [INFO] [PromoNode.PromoFetchActor] Race Received 
[2024-10-21 16:41:29.6818] [INFO] [PromoNode.PromoFetchActor] Freespin Received 
[2024-10-21 16:41:29.7914] [INFO] [PromoNode.PromoFetchActor] Race Received 
[2024-10-21 16:41:39.6894] [INFO] [PromoNode.PromoFetchActor] Freespin Received 
[2024-10-21 16:41:39.8014] [INFO] [PromoNode.PromoFetchActor] Race Received 
[2024-10-21 16:41:49.7035] [INFO] [PromoNode.PromoFetchActor] Freespin Received 
[2024-10-21 16:41:49.8172] [INFO] [PromoNode.PromoFetchActor] Race Received 
[2024-10-21 16:41:59.7179] [INFO] [PromoNode.PromoFetchActor] Freespin Received 
[2024-10-21 16:41:59.8423] [INFO] [PromoNode.PromoFetchActor] Race Received 
[2024-10-21 16:42:07.3123] [INFO] [PromoNode.PromoFetchActor] Tour Received 
[2024-10-21 16:42:09.7330] [INFO] [PromoNode.PromoFetchActor] Freespin Received 
[2024-10-21 16:42:09.8581] [INFO] [PromoNode.PromoFetchActor] Race Received 
[2024-10-21 16:42:19.7474] [INFO] [PromoNode.PromoFetchActor] Freespin Received 
[2024-10-21 16:42:19.8749] [INFO] [PromoNode.PromoFetchActor] Race Received 
[2024-10-21 16:42:29.7669] [INFO] [PromoNode.PromoFetchActor] Freespin Received 
[2024-10-21 16:42:29.8916] [INFO] [PromoNode.PromoFetchActor] Race Received 
[2024-10-21 16:42:39.7786] [INFO] [PromoNode.PromoFetchActor] Freespin Received 
[2024-10-21 16:42:39.9026] [INFO] [PromoNode.PromoFetchActor] Race Received 
[2024-10-21 16:42:49.7997] [INFO] [PromoNode.PromoFetchActor] Freespin Received 
[2024-10-21 16:42:49.9240] [INFO] [PromoNode.PromoFetchActor] Race Received 
[2024-10-21 16:42:59.8241] [INFO] [PromoNode.PromoFetchActor] Freespin Received 
[2024-10-21 16:42:59.9304] [INFO] [PromoNode.PromoFetchActor] Race Received 
[2024-10-21 16:43:07.3239] [INFO] [PromoNode.PromoFetchActor] Tour Received 
[2024-10-21 16:43:09.8342] [INFO] [PromoNode.PromoFetchActor] Freespin Received 
[2024-10-21 16:43:09.9426] [INFO] [PromoNode.PromoFetchActor] Race Received 
[2024-10-21 16:43:19.8415] [INFO] [PromoNode.PromoFetchActor] Freespin Received 
[2024-10-21 16:43:19.9648] [INFO] [PromoNode.PromoFetchActor] Race Received 
[2024-10-21 16:43:29.8573] [INFO] [PromoNode.PromoFetchActor] Freespin Received 
[2024-10-21 16:43:29.9854] [INFO] [PromoNode.PromoFetchActor] Race Received 
[2024-10-21 16:43:39.8827] [INFO] [PromoNode.PromoFetchActor] Freespin Received 
[2024-10-21 16:43:39.9908] [INFO] [PromoNode.PromoFetchActor] Race Received 
[2024-10-21 16:43:49.9033] [INFO] [PromoNode.PromoFetchActor] Freespin Received 
[2024-10-21 16:43:50.0062] [INFO] [PromoNode.PromoFetchActor] Race Received 
[2024-10-21 16:43:59.9124] [INFO] [PromoNode.PromoFetchActor] Freespin Received 
[2024-10-21 16:44:00.0207] [INFO] [PromoNode.PromoFetchActor] Race Received 
[2024-10-21 16:44:07.3516] [INFO] [PromoNode.PromoFetchActor] Tour Received 
[2024-10-21 16:44:09.9283] [INFO] [PromoNode.PromoFetchActor] Freespin Received 
[2024-10-21 16:44:10.0406] [INFO] [PromoNode.PromoFetchActor] Race Received 
[2024-10-21 16:44:19.9488] [INFO] [PromoNode.PromoFetchActor] Freespin Received 
[2024-10-21 16:44:20.0571] [INFO] [PromoNode.PromoFetchActor] Race Received 
[2024-10-21 16:44:29.9654] [INFO] [PromoNode.PromoFetchActor] Freespin Received 
[2024-10-21 16:44:30.0808] [INFO] [PromoNode.PromoFetchActor] Race Received 
[2024-10-21 16:44:39.9817] [INFO] [PromoNode.PromoFetchActor] Freespin Received 
[2024-10-21 16:44:40.0908] [INFO] [PromoNode.PromoFetchActor] Race Received 
[2024-10-21 16:44:49.9895] [INFO] [PromoNode.PromoFetchActor] Freespin Received 
[2024-10-21 16:44:50.1145] [INFO] [PromoNode.PromoFetchActor] Race Received 
[2024-10-21 16:44:59.9995] [INFO] [PromoNode.PromoFetchActor] Freespin Received 
[2024-10-21 16:45:00.1258] [INFO] [PromoNode.PromoFetchActor] Race Received 
[2024-10-21 16:45:07.3766] [INFO] [PromoNode.PromoFetchActor] Tour Received 
[2024-10-21 16:45:10.0204] [INFO] [PromoNode.PromoFetchActor] Freespin Received 
[2024-10-21 16:45:10.1313] [INFO] [PromoNode.PromoFetchActor] Race Received 
[2024-10-21 16:45:20.0413] [INFO] [PromoNode.PromoFetchActor] Freespin Received 
[2024-10-21 16:45:20.1524] [INFO] [PromoNode.PromoFetchActor] Race Received 
[2024-10-21 16:45:30.0602] [INFO] [PromoNode.PromoFetchActor] Freespin Received 
[2024-10-21 16:45:30.2364] [INFO] [PromoNode.PromoFetchActor] Race Received 
[2024-10-21 16:45:40.0723] [INFO] [PromoNode.PromoFetchActor] Freespin Received 
[2024-10-21 16:45:40.2562] [INFO] [PromoNode.PromoFetchActor] Race Received 
[2024-10-21 16:45:50.0852] [INFO] [PromoNode.PromoFetchActor] Freespin Received 
[2024-10-21 16:45:50.2716] [INFO] [PromoNode.PromoFetchActor] Race Received 
[2024-10-21 16:46:00.0933] [INFO] [PromoNode.PromoFetchActor] Freespin Received 
[2024-10-21 16:46:00.2783] [INFO] [PromoNode.PromoFetchActor] Race Received 
[2024-10-21 16:46:07.3850] [INFO] [PromoNode.PromoFetchActor] Tour Received 
[2024-10-21 16:46:10.1019] [INFO] [PromoNode.PromoFetchActor] Freespin Received 
[2024-10-21 16:46:10.2992] [INFO] [PromoNode.PromoFetchActor] Race Received 
[2024-10-21 16:46:20.1128] [INFO] [PromoNode.PromoFetchActor] Freespin Received 
[2024-10-21 16:46:20.3108] [INFO] [PromoNode.PromoFetchActor] Race Received 
[2024-10-21 16:46:30.1242] [INFO] [PromoNode.PromoFetchActor] Freespin Received 
[2024-10-21 16:46:30.3267] [INFO] [PromoNode.PromoFetchActor] Race Received 
[2024-10-21 16:46:40.1323] [INFO] [PromoNode.PromoFetchActor] Freespin Received 
[2024-10-21 16:46:40.3363] [INFO] [PromoNode.PromoFetchActor] Race Received 
[2024-10-21 16:46:50.1514] [INFO] [PromoNode.PromoFetchActor] Freespin Received 
[2024-10-21 16:46:50.3575] [INFO] [PromoNode.PromoFetchActor] Race Received 
[2024-10-21 16:47:00.1700] [INFO] [PromoNode.PromoFetchActor] Freespin Received 
[2024-10-21 16:47:00.3722] [INFO] [PromoNode.PromoFetchActor] Race Received 
[2024-10-21 16:47:07.3952] [INFO] [PromoNode.PromoFetchActor] Tour Received 
[2024-10-21 16:47:10.1937] [INFO] [PromoNode.PromoFetchActor] Freespin Received 
[2024-10-21 16:47:10.3789] [INFO] [PromoNode.PromoFetchActor] Race Received 
[2024-10-21 16:47:20.1991] [INFO] [PromoNode.PromoFetchActor] Freespin Received 
[2024-10-21 16:47:20.3981] [INFO] [PromoNode.PromoFetchActor] Race Received 
[2024-10-21 16:47:30.2128] [INFO] [PromoNode.PromoFetchActor] Freespin Received 
[2024-10-21 16:47:30.4156] [INFO] [PromoNode.PromoFetchActor] Race Received 
[2024-10-21 16:47:40.2234] [INFO] [PromoNode.PromoFetchActor] Freespin Received 
[2024-10-21 16:47:40.4238] [INFO] [PromoNode.PromoFetchActor] Race Received 
[2024-10-21 16:47:50.2407] [INFO] [PromoNode.PromoFetchActor] Freespin Received 
[2024-10-21 16:47:50.4408] [INFO] [PromoNode.PromoFetchActor] Race Received 
[2024-10-21 16:48:00.2588] [INFO] [PromoNode.PromoFetchActor] Freespin Received 
[2024-10-21 16:48:00.4624] [INFO] [PromoNode.PromoFetchActor] Race Received 
[2024-10-21 16:48:07.4142] [INFO] [PromoNode.PromoFetchActor] Tour Received 
[2024-10-21 16:48:10.2701] [INFO] [PromoNode.PromoFetchActor] Freespin Received 
[2024-10-21 16:48:10.4737] [INFO] [PromoNode.PromoFetchActor] Race Received 
[2024-10-21 16:48:20.2950] [INFO] [PromoNode.PromoFetchActor] Freespin Received 
[2024-10-21 16:48:20.4807] [INFO] [PromoNode.PromoFetchActor] Race Received 
[2024-10-21 16:48:30.3100] [INFO] [PromoNode.PromoFetchActor] Freespin Received 
[2024-10-21 16:48:30.4961] [INFO] [PromoNode.PromoFetchActor] Race Received 
[2024-10-21 16:48:40.3310] [INFO] [PromoNode.PromoFetchActor] Freespin Received 
[2024-10-21 16:48:40.5031] [INFO] [PromoNode.PromoFetchActor] Race Received 
[2024-10-21 16:48:50.3452] [INFO] [PromoNode.PromoFetchActor] Freespin Received 
[2024-10-21 16:48:50.5176] [INFO] [PromoNode.PromoFetchActor] Race Received 
[2024-10-21 16:49:00.3563] [INFO] [PromoNode.PromoFetchActor] Freespin Received 
[2024-10-21 16:49:00.5462] [INFO] [PromoNode.PromoFetchActor] Race Received 
[2024-10-21 16:49:07.4384] [INFO] [PromoNode.PromoFetchActor] Tour Received 
[2024-10-21 16:49:10.3716] [INFO] [PromoNode.PromoFetchActor] Freespin Received 
[2024-10-21 16:49:10.5595] [INFO] [PromoNode.PromoFetchActor] Race Received 
[2024-10-21 16:49:20.3797] [INFO] [PromoNode.PromoFetchActor] Freespin Received 
[2024-10-21 16:49:20.5790] [INFO] [PromoNode.PromoFetchActor] Race Received 
[2024-10-21 16:49:30.3890] [INFO] [PromoNode.PromoFetchActor] Freespin Received 
[2024-10-21 16:49:30.5926] [INFO] [PromoNode.PromoFetchActor] Race Received 
[2024-10-21 16:49:40.4012] [INFO] [PromoNode.PromoFetchActor] Freespin Received 
[2024-10-21 16:49:40.5993] [INFO] [PromoNode.PromoFetchActor] Race Received 
[2024-10-21 16:49:50.4110] [INFO] [PromoNode.PromoFetchActor] Freespin Received 
[2024-10-21 16:49:50.6142] [INFO] [PromoNode.PromoFetchActor] Race Received 
[2024-10-21 16:50:00.4243] [INFO] [PromoNode.PromoFetchActor] Freespin Received 
[2024-10-21 16:50:00.6352] [INFO] [PromoNode.PromoFetchActor] Race Received 
[2024-10-21 16:50:07.4588] [INFO] [PromoNode.PromoFetchActor] Tour Received 
[2024-10-21 16:50:10.4369] [INFO] [PromoNode.PromoFetchActor] Freespin Received 
[2024-10-21 16:50:10.6387] [INFO] [PromoNode.PromoFetchActor] Race Received 
[2024-10-21 16:50:20.4586] [INFO] [PromoNode.PromoFetchActor] Freespin Received 
[2024-10-21 16:50:20.6616] [INFO] [PromoNode.PromoFetchActor] Race Received 
[2024-10-21 16:50:30.4795] [INFO] [PromoNode.PromoFetchActor] Freespin Received 
[2024-10-21 16:50:30.6817] [INFO] [PromoNode.PromoFetchActor] Race Received 
[2024-10-21 16:50:40.4944] [INFO] [PromoNode.PromoFetchActor] Freespin Received 
[2024-10-21 16:50:40.6969] [INFO] [PromoNode.PromoFetchActor] Race Received 
[2024-10-21 16:50:50.5052] [INFO] [PromoNode.PromoFetchActor] Freespin Received 
[2024-10-21 16:50:50.7261] [INFO] [PromoNode.PromoFetchActor] Race Received 
[2024-10-21 16:51:00.5200] [INFO] [PromoNode.PromoFetchActor] Freespin Received 
[2024-10-21 16:51:00.7396] [INFO] [PromoNode.PromoFetchActor] Race Received 
[2024-10-21 16:51:07.4840] [INFO] [PromoNode.PromoFetchActor] Tour Received 
[2024-10-21 16:51:10.5440] [INFO] [PromoNode.PromoFetchActor] Freespin Received 
[2024-10-21 16:51:10.7642] [INFO] [PromoNode.PromoFetchActor] Race Received 
[2024-10-21 16:51:20.5612] [INFO] [PromoNode.PromoFetchActor] Freespin Received 
[2024-10-21 16:51:20.7766] [INFO] [PromoNode.PromoFetchActor] Race Received 
[2024-10-21 16:51:30.5720] [INFO] [PromoNode.PromoFetchActor] Freespin Received 
[2024-10-21 16:51:30.7913] [INFO] [PromoNode.PromoFetchActor] Race Received 
[2024-10-21 16:51:40.5800] [INFO] [PromoNode.PromoFetchActor] Freespin Received 
[2024-10-21 16:51:40.8131] [INFO] [PromoNode.PromoFetchActor] Race Received 
[2024-10-21 16:51:50.5988] [INFO] [PromoNode.PromoFetchActor] Freespin Received 
[2024-10-21 16:51:50.8331] [INFO] [PromoNode.PromoFetchActor] Race Received 
[2024-10-21 16:52:00.6105] [INFO] [PromoNode.PromoFetchActor] Freespin Received 
[2024-10-21 16:52:00.8459] [INFO] [PromoNode.PromoFetchActor] Race Received 
[2024-10-21 16:52:07.5018] [INFO] [PromoNode.PromoFetchActor] Tour Received 
[2024-10-21 16:52:10.6236] [INFO] [PromoNode.PromoFetchActor] Freespin Received 
[2024-10-21 16:52:10.8580] [INFO] [PromoNode.PromoFetchActor] Race Received 
[2024-10-21 16:52:20.6445] [INFO] [PromoNode.PromoFetchActor] Freespin Received 
[2024-10-21 16:52:20.8726] [INFO] [PromoNode.PromoFetchActor] Race Received 
[2024-10-21 16:52:30.6565] [INFO] [PromoNode.PromoFetchActor] Freespin Received 
[2024-10-21 16:52:30.8926] [INFO] [PromoNode.PromoFetchActor] Race Received 
[2024-10-21 16:52:40.6703] [INFO] [PromoNode.PromoFetchActor] Freespin Received 
[2024-10-21 16:52:40.9047] [INFO] [PromoNode.PromoFetchActor] Race Received 
[2024-10-21 16:52:50.6807] [INFO] [PromoNode.PromoFetchActor] Freespin Received 
[2024-10-21 16:52:50.9196] [INFO] [PromoNode.PromoFetchActor] Race Received 
[2024-10-21 16:53:00.6920] [INFO] [PromoNode.PromoFetchActor] Freespin Received 
[2024-10-21 16:53:00.9434] [INFO] [PromoNode.PromoFetchActor] Race Received 
[2024-10-21 16:53:07.5211] [INFO] [PromoNode.PromoFetchActor] Tour Received 
[2024-10-21 16:53:10.7028] [INFO] [PromoNode.PromoFetchActor] Freespin Received 
[2024-10-21 16:53:10.9674] [INFO] [PromoNode.PromoFetchActor] Race Received 
[2024-10-21 16:53:20.7243] [INFO] [PromoNode.PromoFetchActor] Freespin Received 
[2024-10-21 16:53:20.9855] [INFO] [PromoNode.PromoFetchActor] Race Received 
[2024-10-21 16:53:30.7427] [INFO] [PromoNode.PromoFetchActor] Freespin Received 
[2024-10-21 16:53:31.0041] [INFO] [PromoNode.PromoFetchActor] Race Received 
[2024-10-21 16:53:40.7589] [INFO] [PromoNode.PromoFetchActor] Freespin Received 
[2024-10-21 16:53:41.0209] [INFO] [PromoNode.PromoFetchActor] Race Received 
[2024-10-21 16:53:50.7703] [INFO] [PromoNode.PromoFetchActor] Freespin Received 
[2024-10-21 16:53:51.0363] [INFO] [PromoNode.PromoFetchActor] Race Received 
[2024-10-21 16:54:00.7849] [INFO] [PromoNode.PromoFetchActor] Freespin Received 
[2024-10-21 16:54:01.0471] [INFO] [PromoNode.PromoFetchActor] Race Received 
[2024-10-21 16:54:07.5340] [INFO] [PromoNode.PromoFetchActor] Tour Received 
[2024-10-21 16:54:10.7900] [INFO] [PromoNode.PromoFetchActor] Freespin Received 
[2024-10-21 16:54:11.0691] [INFO] [PromoNode.PromoFetchActor] Race Received 
[2024-10-21 16:54:20.8072] [INFO] [PromoNode.PromoFetchActor] Freespin Received 
[2024-10-21 16:54:21.0923] [INFO] [PromoNode.PromoFetchActor] Race Received 
[2024-10-21 16:54:30.8211] [INFO] [PromoNode.PromoFetchActor] Freespin Received 
[2024-10-21 16:54:31.1002] [INFO] [PromoNode.PromoFetchActor] Race Received 
[2024-10-21 16:54:40.8307] [INFO] [PromoNode.PromoFetchActor] Freespin Received 
[2024-10-21 16:54:41.1130] [INFO] [PromoNode.PromoFetchActor] Race Received 
[2024-10-21 16:54:50.8428] [INFO] [PromoNode.PromoFetchActor] Freespin Received 
[2024-10-21 16:54:51.1297] [INFO] [PromoNode.PromoFetchActor] Race Received 
[2024-10-21 16:55:00.8505] [INFO] [PromoNode.PromoFetchActor] Freespin Received 
[2024-10-21 16:55:01.1459] [INFO] [PromoNode.PromoFetchActor] Race Received 
[2024-10-21 16:55:07.5485] [INFO] [PromoNode.PromoFetchActor] Tour Received 
[2024-10-21 16:55:10.8602] [INFO] [PromoNode.PromoFetchActor] Freespin Received 
[2024-10-21 16:55:11.1568] [INFO] [PromoNode.PromoFetchActor] Race Received 
[2024-10-21 16:55:20.8693] [INFO] [PromoNode.PromoFetchActor] Freespin Received 
[2024-10-21 16:55:21.1823] [INFO] [PromoNode.PromoFetchActor] Race Received 
[2024-10-21 16:55:30.8799] [INFO] [PromoNode.PromoFetchActor] Freespin Received 
[2024-10-21 16:55:31.1912] [INFO] [PromoNode.PromoFetchActor] Race Received 
[2024-10-21 16:55:40.8891] [INFO] [PromoNode.PromoFetchActor] Freespin Received 
[2024-10-21 16:55:41.2129] [INFO] [PromoNode.PromoFetchActor] Race Received 
[2024-10-21 16:55:50.9047] [INFO] [PromoNode.PromoFetchActor] Freespin Received 
[2024-10-21 16:55:51.2320] [INFO] [PromoNode.PromoFetchActor] Race Received 
[2024-10-21 16:56:00.9123] [INFO] [PromoNode.PromoFetchActor] Freespin Received 
[2024-10-21 16:56:01.2540] [INFO] [PromoNode.PromoFetchActor] Race Received 
[2024-10-21 16:56:07.5701] [INFO] [PromoNode.PromoFetchActor] Tour Received 
[2024-10-21 16:56:10.9293] [INFO] [PromoNode.PromoFetchActor] Freespin Received 
[2024-10-21 16:56:11.2707] [INFO] [PromoNode.PromoFetchActor] Race Received 
[2024-10-21 16:56:20.9517] [INFO] [PromoNode.PromoFetchActor] Freespin Received 
[2024-10-21 16:56:21.2969] [INFO] [PromoNode.PromoFetchActor] Race Received 
[2024-10-21 16:56:30.9717] [INFO] [PromoNode.PromoFetchActor] Freespin Received 
[2024-10-21 16:56:31.3214] [INFO] [PromoNode.PromoFetchActor] Race Received 
[2024-10-21 16:56:40.9937] [INFO] [PromoNode.PromoFetchActor] Freespin Received 
[2024-10-21 16:56:41.3380] [INFO] [PromoNode.PromoFetchActor] Race Received 
[2024-10-21 16:56:51.0084] [INFO] [PromoNode.PromoFetchActor] Freespin Received 
[2024-10-21 16:56:51.3512] [INFO] [PromoNode.PromoFetchActor] Race Received 
[2024-10-21 16:57:01.0170] [INFO] [PromoNode.PromoFetchActor] Freespin Received 
[2024-10-21 16:57:01.3623] [INFO] [PromoNode.PromoFetchActor] Race Received 
[2024-10-21 16:57:07.5849] [INFO] [PromoNode.PromoFetchActor] Tour Received 
[2024-10-21 16:57:11.0382] [INFO] [PromoNode.PromoFetchActor] Freespin Received 
[2024-10-21 16:57:11.3822] [INFO] [PromoNode.PromoFetchActor] Race Received 
[2024-10-21 16:57:21.0498] [INFO] [PromoNode.PromoFetchActor] Freespin Received 
[2024-10-21 16:57:21.3919] [INFO] [PromoNode.PromoFetchActor] Race Received 
[2024-10-21 16:57:31.0629] [INFO] [PromoNode.PromoFetchActor] Freespin Received 
[2024-10-21 16:57:31.4001] [INFO] [PromoNode.PromoFetchActor] Race Received 
[2024-10-21 16:57:41.0742] [INFO] [PromoNode.PromoFetchActor] Freespin Received 
[2024-10-21 16:57:41.4154] [INFO] [PromoNode.PromoFetchActor] Race Received 
[2024-10-21 16:57:51.0917] [INFO] [PromoNode.PromoFetchActor] Freespin Received 
[2024-10-21 16:57:51.4193] [INFO] [PromoNode.PromoFetchActor] Race Received 
[2024-10-21 16:58:01.1119] [INFO] [PromoNode.PromoFetchActor] Freespin Received 
[2024-10-21 16:58:01.4339] [INFO] [PromoNode.PromoFetchActor] Race Received 
[2024-10-21 16:58:07.6080] [INFO] [PromoNode.PromoFetchActor] Tour Received 
[2024-10-21 16:58:11.1218] [INFO] [PromoNode.PromoFetchActor] Freespin Received 
[2024-10-21 16:58:11.4467] [INFO] [PromoNode.PromoFetchActor] Race Received 
[2024-10-21 16:58:21.1419] [INFO] [PromoNode.PromoFetchActor] Freespin Received 
[2024-10-21 16:58:21.4507] [INFO] [PromoNode.PromoFetchActor] Race Received 
[2024-10-21 16:58:31.1549] [INFO] [PromoNode.PromoFetchActor] Freespin Received 
[2024-10-21 16:58:31.4620] [INFO] [PromoNode.PromoFetchActor] Race Received 
[2024-10-21 16:58:41.1636] [INFO] [PromoNode.PromoFetchActor] Freespin Received 
[2024-10-21 16:58:41.4785] [INFO] [PromoNode.PromoFetchActor] Race Received 
[2024-10-21 16:58:51.1681] [INFO] [PromoNode.PromoFetchActor] Freespin Received 
[2024-10-21 16:58:51.4950] [INFO] [PromoNode.PromoFetchActor] Race Received 
[2024-10-21 16:59:01.1813] [INFO] [PromoNode.PromoFetchActor] Freespin Received 
[2024-10-21 16:59:01.5065] [INFO] [PromoNode.PromoFetchActor] Race Received 
[2024-10-21 16:59:07.6305] [INFO] [PromoNode.PromoFetchActor] Tour Received 
[2024-10-21 16:59:11.1885] [INFO] [PromoNode.PromoFetchActor] Freespin Received 
[2024-10-21 16:59:11.5277] [INFO] [PromoNode.PromoFetchActor] Race Received 
[2024-10-21 16:59:21.2136] [INFO] [PromoNode.PromoFetchActor] Freespin Received 
[2024-10-21 16:59:21.5560] [INFO] [PromoNode.PromoFetchActor] Race Received 
[2024-10-21 16:59:31.2243] [INFO] [PromoNode.PromoFetchActor] Freespin Received 
[2024-10-21 16:59:31.5683] [INFO] [PromoNode.PromoFetchActor] Race Received 
[2024-10-21 16:59:41.2393] [INFO] [PromoNode.PromoFetchActor] Freespin Received 
[2024-10-21 16:59:41.5780] [INFO] [PromoNode.PromoFetchActor] Race Received 
[2024-10-21 16:59:51.2607] [INFO] [PromoNode.PromoFetchActor] Freespin Received 
[2024-10-21 16:59:51.6069] [INFO] [PromoNode.PromoFetchActor] Race Received 
[2024-10-21 17:00:01.2688] [INFO] [PromoNode.PromoFetchActor] Freespin Received 
[2024-10-21 17:00:01.6264] [INFO] [PromoNode.PromoFetchActor] Race Received 
[2024-10-21 17:00:07.6535] [INFO] [PromoNode.PromoFetchActor] Tour Received 
[2024-10-21 17:00:11.2784] [INFO] [PromoNode.PromoFetchActor] Freespin Received 
[2024-10-21 17:00:11.6540] [INFO] [PromoNode.PromoFetchActor] Race Received 
[2024-10-21 17:00:21.3032] [INFO] [PromoNode.PromoFetchActor] Freespin Received 
[2024-10-21 17:00:21.6594] [INFO] [PromoNode.PromoFetchActor] Race Received 
[2024-10-21 17:00:31.3092] [INFO] [PromoNode.PromoFetchActor] Freespin Received 
[2024-10-21 17:00:31.6879] [INFO] [PromoNode.PromoFetchActor] Race Received 
[2024-10-21 17:00:41.3188] [INFO] [PromoNode.PromoFetchActor] Freespin Received 
[2024-10-21 17:00:41.7096] [INFO] [PromoNode.PromoFetchActor] Race Received 
[2024-10-21 17:00:51.3443] [INFO] [PromoNode.PromoFetchActor] Freespin Received 
[2024-10-21 17:00:51.7296] [INFO] [PromoNode.PromoFetchActor] Race Received 
[2024-10-21 17:01:01.3577] [INFO] [PromoNode.PromoFetchActor] Freespin Received 
[2024-10-21 17:01:01.7436] [INFO] [PromoNode.PromoFetchActor] Race Received 
[2024-10-21 17:01:07.6757] [INFO] [PromoNode.PromoFetchActor] Tour Received 
[2024-10-21 17:01:11.3805] [INFO] [PromoNode.PromoFetchActor] Freespin Received 
[2024-10-21 17:01:11.7510] [INFO] [PromoNode.PromoFetchActor] Race Received 
[2024-10-21 17:01:21.4027] [INFO] [PromoNode.PromoFetchActor] Freespin Received 
[2024-10-21 17:01:21.7600] [INFO] [PromoNode.PromoFetchActor] Race Received 
[2024-10-21 17:01:31.4125] [INFO] [PromoNode.PromoFetchActor] Freespin Received 
[2024-10-21 17:01:31.7826] [INFO] [PromoNode.PromoFetchActor] Race Received 
[2024-10-21 17:01:41.4273] [INFO] [PromoNode.PromoFetchActor] Freespin Received 
[2024-10-21 17:01:41.7997] [INFO] [PromoNode.PromoFetchActor] Race Received 
[2024-10-21 17:01:51.4412] [INFO] [PromoNode.PromoFetchActor] Freespin Received 
[2024-10-21 17:01:51.8153] [INFO] [PromoNode.PromoFetchActor] Race Received 
[2024-10-21 17:02:01.4561] [INFO] [PromoNode.PromoFetchActor] Freespin Received 
[2024-10-21 17:02:01.8283] [INFO] [PromoNode.PromoFetchActor] Race Received 
[2024-10-21 17:02:07.6902] [INFO] [PromoNode.PromoFetchActor] Tour Received 
[2024-10-21 17:02:11.4729] [INFO] [PromoNode.PromoFetchActor] Freespin Received 
[2024-10-21 17:02:11.8406] [INFO] [PromoNode.PromoFetchActor] Race Received 
[2024-10-21 17:02:21.4890] [INFO] [PromoNode.PromoFetchActor] Freespin Received 
[2024-10-21 17:02:21.8658] [INFO] [PromoNode.PromoFetchActor] Race Received 
[2024-10-21 17:02:31.5017] [INFO] [PromoNode.PromoFetchActor] Freespin Received 
[2024-10-21 17:02:31.8736] [INFO] [PromoNode.PromoFetchActor] Race Received 
[2024-10-21 17:02:41.5114] [INFO] [PromoNode.PromoFetchActor] Freespin Received 
[2024-10-21 17:02:41.8905] [INFO] [PromoNode.PromoFetchActor] Race Received 
[2024-10-21 17:02:51.5181] [INFO] [PromoNode.PromoFetchActor] Freespin Received 
[2024-10-21 17:02:51.9061] [INFO] [PromoNode.PromoFetchActor] Race Received 
[2024-10-21 17:03:01.5324] [INFO] [PromoNode.PromoFetchActor] Freespin Received 
[2024-10-21 17:03:01.9212] [INFO] [PromoNode.PromoFetchActor] Race Received 
[2024-10-21 17:03:07.7192] [INFO] [PromoNode.PromoFetchActor] Tour Received 
[2024-10-21 17:03:11.5554] [INFO] [PromoNode.PromoFetchActor] Freespin Received 
[2024-10-21 17:03:11.9440] [INFO] [PromoNode.PromoFetchActor] Race Received 
[2024-10-21 17:03:21.5704] [INFO] [PromoNode.PromoFetchActor] Freespin Received 
[2024-10-21 17:03:21.9607] [INFO] [PromoNode.PromoFetchActor] Race Received 
[2024-10-21 17:03:31.5823] [INFO] [PromoNode.PromoFetchActor] Freespin Received 
[2024-10-21 17:03:31.9740] [INFO] [PromoNode.PromoFetchActor] Race Received 
[2024-10-21 17:03:41.5893] [INFO] [PromoNode.PromoFetchActor] Freespin Received 
[2024-10-21 17:03:41.9921] [INFO] [PromoNode.PromoFetchActor] Race Received 
[2024-10-21 17:03:51.6127] [INFO] [PromoNode.PromoFetchActor] Freespin Received 
[2024-10-21 17:03:52.0116] [INFO] [PromoNode.PromoFetchActor] Race Received 
[2024-10-21 17:04:01.6267] [INFO] [PromoNode.PromoFetchActor] Freespin Received 
[2024-10-21 17:04:02.0331] [INFO] [PromoNode.PromoFetchActor] Race Received 
[2024-10-21 17:04:07.7303] [INFO] [PromoNode.PromoFetchActor] Tour Received 
[2024-10-21 17:04:11.6346] [INFO] [PromoNode.PromoFetchActor] Freespin Received 
[2024-10-21 17:04:12.0573] [INFO] [PromoNode.PromoFetchActor] Race Received 
[2024-10-21 17:04:21.6491] [INFO] [PromoNode.PromoFetchActor] Freespin Received 
[2024-10-21 17:04:22.0855] [INFO] [PromoNode.PromoFetchActor] Race Received 
[2024-10-21 17:04:31.6593] [INFO] [PromoNode.PromoFetchActor] Freespin Received 
[2024-10-21 17:04:32.0998] [INFO] [PromoNode.PromoFetchActor] Race Received 
[2024-10-21 17:04:41.6747] [INFO] [PromoNode.PromoFetchActor] Freespin Received 
[2024-10-21 17:04:42.1214] [INFO] [PromoNode.PromoFetchActor] Race Received 
[2024-10-21 17:04:51.6854] [INFO] [PromoNode.PromoFetchActor] Freespin Received 
[2024-10-21 17:04:52.1394] [INFO] [PromoNode.PromoFetchActor] Race Received 
[2024-10-21 17:05:01.7006] [INFO] [PromoNode.PromoFetchActor] Freespin Received 
[2024-10-21 17:05:02.1522] [INFO] [PromoNode.PromoFetchActor] Race Received 
[2024-10-21 17:05:07.7479] [INFO] [PromoNode.PromoFetchActor] Tour Received 
[2024-10-21 17:05:11.7140] [INFO] [PromoNode.PromoFetchActor] Freespin Received 
[2024-10-21 17:05:12.1637] [INFO] [PromoNode.PromoFetchActor] Race Received 
[2024-10-21 17:05:21.7254] [INFO] [PromoNode.PromoFetchActor] Freespin Received 
[2024-10-21 17:05:22.1766] [INFO] [PromoNode.PromoFetchActor] Race Received 
[2024-10-21 17:05:31.7328] [INFO] [PromoNode.PromoFetchActor] Freespin Received 
[2024-10-21 17:05:32.1992] [INFO] [PromoNode.PromoFetchActor] Race Received 
[2024-10-21 17:05:41.7436] [INFO] [PromoNode.PromoFetchActor] Freespin Received 
[2024-10-21 17:05:42.2092] [INFO] [PromoNode.PromoFetchActor] Race Received 
[2024-10-21 17:05:51.7542] [INFO] [PromoNode.PromoFetchActor] Freespin Received 
[2024-10-21 17:05:52.2197] [INFO] [PromoNode.PromoFetchActor] Race Received 
[2024-10-21 17:06:01.7679] [INFO] [PromoNode.PromoFetchActor] Freespin Received 
[2024-10-21 17:06:02.2321] [INFO] [PromoNode.PromoFetchActor] Race Received 
[2024-10-21 17:06:07.7687] [INFO] [PromoNode.PromoFetchActor] Tour Received 
[2024-10-21 17:06:11.7895] [INFO] [PromoNode.PromoFetchActor] Freespin Received 
[2024-10-21 17:06:12.2399] [INFO] [PromoNode.PromoFetchActor] Race Received 
[2024-10-21 17:06:21.8052] [INFO] [PromoNode.PromoFetchActor] Freespin Received 
[2024-10-21 17:06:22.2552] [INFO] [PromoNode.PromoFetchActor] Race Received 
[2024-10-21 17:06:31.8163] [INFO] [PromoNode.PromoFetchActor] Freespin Received 
[2024-10-21 17:06:32.2679] [INFO] [PromoNode.PromoFetchActor] Race Received 
[2024-10-21 17:06:41.8190] [INFO] [PromoNode.PromoFetchActor] Freespin Received 
[2024-10-21 17:06:42.2836] [INFO] [PromoNode.PromoFetchActor] Race Received 
[2024-10-21 17:06:51.8326] [INFO] [PromoNode.PromoFetchActor] Freespin Received 
[2024-10-21 17:06:52.2947] [INFO] [PromoNode.PromoFetchActor] Race Received 
[2024-10-21 17:07:01.8406] [INFO] [PromoNode.PromoFetchActor] Freespin Received 
[2024-10-21 17:07:02.3089] [INFO] [PromoNode.PromoFetchActor] Race Received 
[2024-10-21 17:07:07.7961] [INFO] [PromoNode.PromoFetchActor] Tour Received 
[2024-10-21 17:07:11.8621] [INFO] [PromoNode.PromoFetchActor] Freespin Received 
[2024-10-21 17:07:12.3284] [INFO] [PromoNode.PromoFetchActor] Race Received 
[2024-10-21 17:07:21.8786] [INFO] [PromoNode.PromoFetchActor] Freespin Received 
[2024-10-21 17:07:22.3428] [INFO] [PromoNode.PromoFetchActor] Race Received 
[2024-10-21 17:07:31.9135] [INFO] [PromoNode.PromoFetchActor] Freespin Received 
[2024-10-21 17:07:32.3641] [INFO] [PromoNode.PromoFetchActor] Race Received 
[2024-10-21 17:07:41.9283] [INFO] [PromoNode.PromoFetchActor] Freespin Received 
[2024-10-21 17:07:42.3751] [INFO] [PromoNode.PromoFetchActor] Race Received 
[2024-10-21 17:07:51.9539] [INFO] [PromoNode.PromoFetchActor] Freespin Received 
[2024-10-21 17:07:52.3894] [INFO] [PromoNode.PromoFetchActor] Race Received 
[2024-10-21 17:08:01.9598] [INFO] [PromoNode.PromoFetchActor] Freespin Received 
[2024-10-21 17:08:02.4085] [INFO] [PromoNode.PromoFetchActor] Race Received 
[2024-10-21 17:08:07.8027] [INFO] [PromoNode.PromoFetchActor] Tour Received 
[2024-10-21 17:08:11.9772] [INFO] [PromoNode.PromoFetchActor] Freespin Received 
[2024-10-21 17:08:12.4266] [INFO] [PromoNode.PromoFetchActor] Race Received 
[2024-10-21 17:08:21.9954] [INFO] [PromoNode.PromoFetchActor] Freespin Received 
[2024-10-21 17:08:22.4345] [INFO] [PromoNode.PromoFetchActor] Race Received 
[2024-10-21 17:08:32.0076] [INFO] [PromoNode.PromoFetchActor] Freespin Received 
[2024-10-21 17:08:32.4403] [INFO] [PromoNode.PromoFetchActor] Race Received 
[2024-10-21 17:08:42.0295] [INFO] [PromoNode.PromoFetchActor] Freespin Received 
[2024-10-21 17:08:42.4675] [INFO] [PromoNode.PromoFetchActor] Race Received 
[2024-10-21 17:08:52.0518] [INFO] [PromoNode.PromoFetchActor] Freespin Received 
[2024-10-21 17:08:52.4851] [INFO] [PromoNode.PromoFetchActor] Race Received 
[2024-10-21 17:09:02.0697] [INFO] [PromoNode.PromoFetchActor] Freespin Received 
[2024-10-21 17:09:02.4899] [INFO] [PromoNode.PromoFetchActor] Race Received 
[2024-10-21 17:09:07.8141] [INFO] [PromoNode.PromoFetchActor] Tour Received 
[2024-10-21 17:09:12.0889] [INFO] [PromoNode.PromoFetchActor] Freespin Received 
[2024-10-21 17:09:12.5075] [INFO] [PromoNode.PromoFetchActor] Race Received 
[2024-10-21 17:09:22.1058] [INFO] [PromoNode.PromoFetchActor] Freespin Received 
[2024-10-21 17:09:22.5251] [INFO] [PromoNode.PromoFetchActor] Race Received 
[2024-10-21 17:09:32.1214] [INFO] [PromoNode.PromoFetchActor] Freespin Received 
[2024-10-21 17:09:32.5393] [INFO] [PromoNode.PromoFetchActor] Race Received 
[2024-10-21 17:09:42.1460] [INFO] [PromoNode.PromoFetchActor] Freespin Received 
[2024-10-21 17:09:42.5673] [INFO] [PromoNode.PromoFetchActor] Race Received 
[2024-10-21 17:09:52.1613] [INFO] [PromoNode.PromoFetchActor] Freespin Received 
[2024-10-21 17:09:52.5815] [INFO] [PromoNode.PromoFetchActor] Race Received 
[2024-10-21 17:10:02.1719] [INFO] [PromoNode.PromoFetchActor] Freespin Received 
[2024-10-21 17:10:02.6015] [INFO] [PromoNode.PromoFetchActor] Race Received 
[2024-10-21 17:10:07.8323] [INFO] [PromoNode.PromoFetchActor] Tour Received 
[2024-10-21 17:10:12.1889] [INFO] [PromoNode.PromoFetchActor] Freespin Received 
[2024-10-21 17:10:12.6083] [INFO] [PromoNode.PromoFetchActor] Race Received 
[2024-10-21 17:10:22.2121] [INFO] [PromoNode.PromoFetchActor] Freespin Received 
[2024-10-21 17:10:22.6304] [INFO] [PromoNode.PromoFetchActor] Race Received 
[2024-10-21 17:10:32.2209] [INFO] [PromoNode.PromoFetchActor] Freespin Received 
[2024-10-21 17:10:32.6409] [INFO] [PromoNode.PromoFetchActor] Race Received 
