[2025-06-19 10:26:37.4803] [INFO] [PromoNode.PromoNodeService] Starting PromoNode Service... 
[2025-06-19 10:26:39.1033] [INFO] [remoting (akka://godgaming)] Starting remoting 
[2025-06-19 10:26:39.8863] [INFO] [remoting (akka://godgaming)] Remoting started; listening on addresses : [akka.tcp://godgaming@127.0.0.1:8093] 
[2025-06-19 10:26:39.8863] [INFO] [remoting (akka://godgaming)] Remoting now listens on addresses: [akka.tcp://godgaming@127.0.0.1:8093] 
[2025-06-19 10:26:39.9193] [INFO] [Cluster (akka://godgaming)] Cluster Node [akka.tcp://godgaming@127.0.0.1:8093] - Starting up... 
[2025-06-19 10:26:39.9733] [INFO] [Cluster (akka://godgaming)] Cluster Node [akka.tcp://godgaming@127.0.0.1:8093] - Started up successfully 
[2025-06-19 10:26:40.0793] [INFO] [PromoNode.BootstrapActor] Start Single Game Server(id:)... 
[2025-06-19 10:26:40.0793] [INFO] [PromoNode.BootstrapActor] Initializing database proxy... 
[2025-06-19 10:26:40.3663] [INFO] [PromoNode.BootstrapActor] Database Proxy has been successfully initialized. 
[2025-06-19 10:26:40.4543] [INFO] [PromoNode.PromoFetchActor] Freespin Received 
[2025-06-19 10:26:40.4613] [INFO] [PromoNode.PromoFetchActor] Race Received 
[2025-06-19 10:26:40.4613] [INFO] [PromoNode.PromoFetchActor] Tour Received 
[2025-06-19 10:26:40.4613] [INFO] [PromoNode.PromoFetchActor] Cashback Received 
[2025-06-19 10:26:42.3508] [WARN] [Akka.Remote.EndpointWriter] AssociationError [akka.tcp://godgaming@127.0.0.1:8093] -> akka.tcp://godgaming@127.0.0.1:4055: Error [Association failed with akka.tcp://godgaming@127.0.0.1:4055] [] 
[2025-06-19 10:26:42.3508] [WARN] [remoting (akka://godgaming)] Tried to associate with unreachable remote address [akka.tcp://godgaming@127.0.0.1:4055]. Address is now gated for 5000 ms, all messages to this address will be delivered to dead letters. Reason: [Association failed with akka.tcp://godgaming@127.0.0.1:4055] Caused by: [System.AggregateException: One or more errors occurred. ---> Akka.Remote.Transport.InvalidAssociationException: No connection could be made because the target machine actively refused it tcp://godgaming@127.0.0.1:4055
   at Akka.Remote.Transport.DotNetty.TcpTransport.<AssociateInternal>d__1.MoveNext()
--- End of stack trace from previous location where exception was thrown ---
   at System.Runtime.CompilerServices.TaskAwaiter.ThrowForNonSuccess(Task task)
   at System.Runtime.CompilerServices.TaskAwaiter.HandleNonSuccessAndDebuggerNotification(Task task)
   at Akka.Remote.Transport.DotNetty.DotNettyTransport.<Associate>d__22.MoveNext()
   --- End of inner exception stack trace ---
   at System.Threading.Tasks.Task.ThrowIfExceptional(Boolean includeTaskCanceledExceptions)
   at System.Threading.Tasks.Task`1.GetResultCore(Boolean waitCompletionNotification)
   at System.Threading.Tasks.Task`1.get_Result()
   at Akka.Remote.Transport.ProtocolStateActor.<>c.<InitializeFSM>b__12_18(Task`1 result)
   at System.Threading.Tasks.ContinuationResultTaskFromResultTask`2.InnerInvoke()
   at System.Threading.Tasks.Task.Execute()
---> (Inner Exception #0) Akka.Remote.Transport.InvalidAssociationException: No connection could be made because the target machine actively refused it tcp://godgaming@127.0.0.1:4055
   at Akka.Remote.Transport.DotNetty.TcpTransport.<AssociateInternal>d__1.MoveNext()
--- End of stack trace from previous location where exception was thrown ---
   at System.Runtime.CompilerServices.TaskAwaiter.ThrowForNonSuccess(Task task)
   at System.Runtime.CompilerServices.TaskAwaiter.HandleNonSuccessAndDebuggerNotification(Task task)
   at Akka.Remote.Transport.DotNetty.DotNettyTransport.<Associate>d__22.MoveNext()<---
] 
[2025-06-19 10:26:42.3698] [INFO] [Akka.Remote.RemoteActorRefProvider+RemoteDeadLetterActorRef] Message [InitJoin] from akka://godgaming/system/cluster/core/daemon/joinSeedNodeProcess-1 to akka://godgaming/deadLetters was not delivered. [1] dead letters encountered. If this is not an expected behavior then akka://godgaming/deadLetters may have terminated unexpectedly. This logging can be turned off or adjusted with configuration settings 'akka.log-dead-letters' and 'akka.log-dead-letters-during-shutdown'. 
[2025-06-19 10:26:42.3698] [INFO] [Akka.Remote.ReliableDeliverySupervisor] Removing receive buffers for [akka.tcp://godgaming@127.0.0.1:8093]->[akka.tcp://godgaming@127.0.0.1:4055] 
[2025-06-19 10:26:45.0581] [INFO] [Akka.Remote.RemoteActorRefProvider+RemoteDeadLetterActorRef] Message [InitJoin] from akka://godgaming/system/cluster/core/daemon/joinSeedNodeProcess-1 to akka://godgaming/deadLetters was not delivered. [2] dead letters encountered. If this is not an expected behavior then akka://godgaming/deadLetters may have terminated unexpectedly. This logging can be turned off or adjusted with configuration settings 'akka.log-dead-letters' and 'akka.log-dead-letters-during-shutdown'. 
[2025-06-19 15:24:33.6375] [INFO] [PromoNode.PromoNodeService] Starting PromoNode Service... 
[2025-06-19 15:24:55.0773] [INFO] [remoting (akka://godgaming)] Starting remoting 
[2025-06-19 15:24:55.2793] [INFO] [remoting (akka://godgaming)] Remoting started; listening on addresses : [akka.tcp://godgaming@127.0.0.1:8093] 
[2025-06-19 15:24:55.2793] [INFO] [remoting (akka://godgaming)] Remoting now listens on addresses: [akka.tcp://godgaming@127.0.0.1:8093] 
[2025-06-19 15:24:55.2963] [INFO] [Cluster (akka://godgaming)] Cluster Node [akka.tcp://godgaming@127.0.0.1:8093] - Starting up... 
[2025-06-19 15:24:55.3163] [INFO] [Cluster (akka://godgaming)] Cluster Node [akka.tcp://godgaming@127.0.0.1:8093] - Started up successfully 
[2025-06-19 15:24:55.3373] [INFO] [PromoNode.BootstrapActor] Start Single Game Server(id:)... 
[2025-06-19 15:24:55.3373] [INFO] [PromoNode.BootstrapActor] Initializing database proxy... 
[2025-06-19 15:24:55.5593] [INFO] [PromoNode.BootstrapActor] Database Proxy has been successfully initialized. 
[2025-06-19 15:24:55.6473] [INFO] [PromoNode.PromoFetchActor] Freespin Received 
[2025-06-19 15:24:55.6523] [INFO] [PromoNode.PromoFetchActor] Cashback Received 
[2025-06-19 15:24:55.6523] [INFO] [PromoNode.PromoFetchActor] Tour Received 
[2025-06-19 15:24:55.6523] [INFO] [PromoNode.PromoFetchActor] Race Received 
[2025-06-19 15:24:57.5439] [WARN] [Akka.Remote.EndpointWriter] AssociationError [akka.tcp://godgaming@127.0.0.1:8093] -> akka.tcp://godgaming@127.0.0.1:4055: Error [Association failed with akka.tcp://godgaming@127.0.0.1:4055] [] 
[2025-06-19 15:24:57.5599] [WARN] [remoting (akka://godgaming)] Tried to associate with unreachable remote address [akka.tcp://godgaming@127.0.0.1:4055]. Address is now gated for 5000 ms, all messages to this address will be delivered to dead letters. Reason: [Association failed with akka.tcp://godgaming@127.0.0.1:4055] Caused by: [System.AggregateException: One or more errors occurred. ---> Akka.Remote.Transport.InvalidAssociationException: No connection could be made because the target machine actively refused it tcp://godgaming@127.0.0.1:4055
   at Akka.Remote.Transport.DotNetty.TcpTransport.<AssociateInternal>d__1.MoveNext()
--- End of stack trace from previous location where exception was thrown ---
   at System.Runtime.CompilerServices.TaskAwaiter.ThrowForNonSuccess(Task task)
   at System.Runtime.CompilerServices.TaskAwaiter.HandleNonSuccessAndDebuggerNotification(Task task)
   at Akka.Remote.Transport.DotNetty.DotNettyTransport.<Associate>d__22.MoveNext()
   --- End of inner exception stack trace ---
   at System.Threading.Tasks.Task.ThrowIfExceptional(Boolean includeTaskCanceledExceptions)
   at System.Threading.Tasks.Task`1.GetResultCore(Boolean waitCompletionNotification)
   at System.Threading.Tasks.Task`1.get_Result()
   at Akka.Remote.Transport.ProtocolStateActor.<>c.<InitializeFSM>b__12_18(Task`1 result)
   at System.Threading.Tasks.ContinuationResultTaskFromResultTask`2.InnerInvoke()
   at System.Threading.Tasks.Task.Execute()
---> (Inner Exception #0) Akka.Remote.Transport.InvalidAssociationException: No connection could be made because the target machine actively refused it tcp://godgaming@127.0.0.1:4055
   at Akka.Remote.Transport.DotNetty.TcpTransport.<AssociateInternal>d__1.MoveNext()
--- End of stack trace from previous location where exception was thrown ---
   at System.Runtime.CompilerServices.TaskAwaiter.ThrowForNonSuccess(Task task)
   at System.Runtime.CompilerServices.TaskAwaiter.HandleNonSuccessAndDebuggerNotification(Task task)
   at Akka.Remote.Transport.DotNetty.DotNettyTransport.<Associate>d__22.MoveNext()<---
] 
[2025-06-19 15:24:57.5699] [INFO] [Akka.Remote.RemoteActorRefProvider+RemoteDeadLetterActorRef] Message [InitJoin] from akka://godgaming/system/cluster/core/daemon/joinSeedNodeProcess-1 to akka://godgaming/deadLetters was not delivered. [1] dead letters encountered. If this is not an expected behavior then akka://godgaming/deadLetters may have terminated unexpectedly. This logging can be turned off or adjusted with configuration settings 'akka.log-dead-letters' and 'akka.log-dead-letters-during-shutdown'. 
[2025-06-19 15:24:57.5699] [INFO] [Akka.Remote.ReliableDeliverySupervisor] Removing receive buffers for [akka.tcp://godgaming@127.0.0.1:8093]->[akka.tcp://godgaming@127.0.0.1:4055] 
[2025-06-19 15:30:52.7742] [INFO] [PromoNode.PromoNodeService] Starting PromoNode Service... 
[2025-06-19 15:30:53.1509] [INFO] [remoting (akka://godgaming)] Starting remoting 
[2025-06-19 15:30:53.3759] [INFO] [remoting (akka://godgaming)] Remoting started; listening on addresses : [akka.tcp://godgaming@127.0.0.1:8093] 
[2025-06-19 15:30:53.3759] [INFO] [remoting (akka://godgaming)] Remoting now listens on addresses: [akka.tcp://godgaming@127.0.0.1:8093] 
[2025-06-19 15:30:53.3969] [INFO] [Cluster (akka://godgaming)] Cluster Node [akka.tcp://godgaming@127.0.0.1:8093] - Starting up... 
[2025-06-19 15:30:53.4179] [INFO] [Cluster (akka://godgaming)] Cluster Node [akka.tcp://godgaming@127.0.0.1:8093] - Started up successfully 
[2025-06-19 15:30:53.4559] [INFO] [PromoNode.BootstrapActor] Start Single Game Server(id:)... 
[2025-06-19 15:30:53.4559] [INFO] [PromoNode.BootstrapActor] Initializing database proxy... 
[2025-06-19 15:30:53.6429] [INFO] [PromoNode.BootstrapActor] Database Proxy has been successfully initialized. 
[2025-06-19 15:30:53.7367] [INFO] [PromoNode.PromoFetchActor] Freespin Received 
[2025-06-19 15:30:53.7867] [INFO] [PromoNode.PromoFetchActor] Tour Received 
[2025-06-19 15:30:53.7997] [INFO] [PromoNode.PromoFetchActor] Cashback Received 
[2025-06-19 15:30:53.7997] [INFO] [PromoNode.PromoFetchActor] Race Received 
[2025-06-19 15:30:55.6301] [WARN] [Akka.Remote.EndpointWriter] AssociationError [akka.tcp://godgaming@127.0.0.1:8093] -> akka.tcp://godgaming@127.0.0.1:4055: Error [Association failed with akka.tcp://godgaming@127.0.0.1:4055] [] 
[2025-06-19 15:30:55.6421] [WARN] [remoting (akka://godgaming)] Tried to associate with unreachable remote address [akka.tcp://godgaming@127.0.0.1:4055]. Address is now gated for 5000 ms, all messages to this address will be delivered to dead letters. Reason: [Association failed with akka.tcp://godgaming@127.0.0.1:4055] Caused by: [System.AggregateException: One or more errors occurred. ---> Akka.Remote.Transport.InvalidAssociationException: No connection could be made because the target machine actively refused it tcp://godgaming@127.0.0.1:4055
   at Akka.Remote.Transport.DotNetty.TcpTransport.<AssociateInternal>d__1.MoveNext()
--- End of stack trace from previous location where exception was thrown ---
   at System.Runtime.CompilerServices.TaskAwaiter.ThrowForNonSuccess(Task task)
   at System.Runtime.CompilerServices.TaskAwaiter.HandleNonSuccessAndDebuggerNotification(Task task)
   at Akka.Remote.Transport.DotNetty.DotNettyTransport.<Associate>d__22.MoveNext()
   --- End of inner exception stack trace ---
   at System.Threading.Tasks.Task.ThrowIfExceptional(Boolean includeTaskCanceledExceptions)
   at System.Threading.Tasks.Task`1.GetResultCore(Boolean waitCompletionNotification)
   at System.Threading.Tasks.Task`1.get_Result()
   at Akka.Remote.Transport.ProtocolStateActor.<>c.<InitializeFSM>b__12_18(Task`1 result)
   at System.Threading.Tasks.ContinuationResultTaskFromResultTask`2.InnerInvoke()
   at System.Threading.Tasks.Task.Execute()
---> (Inner Exception #0) Akka.Remote.Transport.InvalidAssociationException: No connection could be made because the target machine actively refused it tcp://godgaming@127.0.0.1:4055
   at Akka.Remote.Transport.DotNetty.TcpTransport.<AssociateInternal>d__1.MoveNext()
--- End of stack trace from previous location where exception was thrown ---
   at System.Runtime.CompilerServices.TaskAwaiter.ThrowForNonSuccess(Task task)
   at System.Runtime.CompilerServices.TaskAwaiter.HandleNonSuccessAndDebuggerNotification(Task task)
   at Akka.Remote.Transport.DotNetty.DotNettyTransport.<Associate>d__22.MoveNext()<---
] 
[2025-06-19 15:30:55.6511] [INFO] [Akka.Remote.RemoteActorRefProvider+RemoteDeadLetterActorRef] Message [InitJoin] from akka://godgaming/system/cluster/core/daemon/joinSeedNodeProcess-1 to akka://godgaming/deadLetters was not delivered. [1] dead letters encountered. If this is not an expected behavior then akka://godgaming/deadLetters may have terminated unexpectedly. This logging can be turned off or adjusted with configuration settings 'akka.log-dead-letters' and 'akka.log-dead-letters-during-shutdown'. 
[2025-06-19 15:30:55.6511] [INFO] [Akka.Remote.ReliableDeliverySupervisor] Removing receive buffers for [akka.tcp://godgaming@127.0.0.1:8093]->[akka.tcp://godgaming@127.0.0.1:4055] 
[2025-06-19 18:27:53.9666] [INFO] [PromoNode.PromoNodeService] Starting PromoNode Service... 
[2025-06-19 18:27:55.7866] [INFO] [remoting (akka://godgaming)] Starting remoting 
[2025-06-19 18:27:56.6346] [ERROR] [Akka.Remote.Transport.DotNetty.TcpTransport] Failed to bind to 127.0.0.1:8093; shutting down DotNetty transport. System.Net.Sockets.SocketException (0x80004005): Only one usage of each socket address (protocol/network address/port) is normally permitted
   at System.Net.Sockets.Socket.DoBind(EndPoint endPointSnapshot, SocketAddress socketAddress)
   at System.Net.Sockets.Socket.Bind(EndPoint localEP)
   at DotNetty.Transport.Channels.Sockets.TcpServerSocketChannel.DoBind(EndPoint localAddress)
   at DotNetty.Transport.Channels.AbstractChannel.AbstractUnsafe.BindAsync(EndPoint localAddress)
--- End of stack trace from previous location where exception was thrown ---
   at System.Runtime.CompilerServices.TaskAwaiter.ThrowForNonSuccess(Task task)
   at System.Runtime.CompilerServices.TaskAwaiter.HandleNonSuccessAndDebuggerNotification(Task task)
   at DotNetty.Transport.Bootstrapping.AbstractBootstrap`2.<DoBindAsync>d__26.MoveNext()
--- End of stack trace from previous location where exception was thrown ---
   at System.Runtime.CompilerServices.TaskAwaiter.ThrowForNonSuccess(Task task)
   at System.Runtime.CompilerServices.TaskAwaiter.HandleNonSuccessAndDebuggerNotification(Task task)
   at Akka.Remote.Transport.DotNetty.DotNettyTransport.<NewServer>d__20.MoveNext()
--- End of stack trace from previous location where exception was thrown ---
   at System.Runtime.CompilerServices.TaskAwaiter.ThrowForNonSuccess(Task task)
   at System.Runtime.CompilerServices.TaskAwaiter.HandleNonSuccessAndDebuggerNotification(Task task)
   at Akka.Remote.Transport.DotNetty.DotNettyTransport.<Listen>d__21.MoveNext()
--- End of stack trace from previous location where exception was thrown ---
   at System.Runtime.ExceptionServices.ExceptionDispatchInfo.Throw()
   at Akka.Remote.Transport.DotNetty.DotNettyTransport.<Listen>d__21.MoveNext()
[2025-06-19 18:27:56.6556] [ERROR] [remoting (akka://godgaming)] Remoting error: [Startup failed] [] 
[2025-06-19 18:27:58.7376] [INFO] [remoting-terminator] Shutting down remote daemon. 
[2025-06-19 18:36:38.5048] [INFO] [PromoNode.PromoNodeService] Starting PromoNode Service... 
[2025-06-19 18:36:38.9678] [INFO] [remoting (akka://godgaming)] Starting remoting 
[2025-06-19 18:36:39.2585] [ERROR] [Akka.Remote.Transport.DotNetty.TcpTransport] Failed to bind to 127.0.0.1:8093; shutting down DotNetty transport. System.Net.Sockets.SocketException (0x80004005): Only one usage of each socket address (protocol/network address/port) is normally permitted
   at System.Net.Sockets.Socket.DoBind(EndPoint endPointSnapshot, SocketAddress socketAddress)
   at System.Net.Sockets.Socket.Bind(EndPoint localEP)
   at DotNetty.Transport.Channels.Sockets.TcpServerSocketChannel.DoBind(EndPoint localAddress)
   at DotNetty.Transport.Channels.AbstractChannel.AbstractUnsafe.BindAsync(EndPoint localAddress)
--- End of stack trace from previous location where exception was thrown ---
   at System.Runtime.CompilerServices.TaskAwaiter.ThrowForNonSuccess(Task task)
   at System.Runtime.CompilerServices.TaskAwaiter.HandleNonSuccessAndDebuggerNotification(Task task)
   at DotNetty.Transport.Bootstrapping.AbstractBootstrap`2.<DoBindAsync>d__26.MoveNext()
--- End of stack trace from previous location where exception was thrown ---
   at System.Runtime.CompilerServices.TaskAwaiter.ThrowForNonSuccess(Task task)
   at System.Runtime.CompilerServices.TaskAwaiter.HandleNonSuccessAndDebuggerNotification(Task task)
   at Akka.Remote.Transport.DotNetty.DotNettyTransport.<NewServer>d__20.MoveNext()
--- End of stack trace from previous location where exception was thrown ---
   at System.Runtime.CompilerServices.TaskAwaiter.ThrowForNonSuccess(Task task)
   at System.Runtime.CompilerServices.TaskAwaiter.HandleNonSuccessAndDebuggerNotification(Task task)
   at Akka.Remote.Transport.DotNetty.DotNettyTransport.<Listen>d__21.MoveNext()
--- End of stack trace from previous location where exception was thrown ---
   at System.Runtime.ExceptionServices.ExceptionDispatchInfo.Throw()
   at Akka.Remote.Transport.DotNetty.DotNettyTransport.<Listen>d__21.MoveNext()
[2025-06-19 18:36:39.2585] [ERROR] [remoting (akka://godgaming)] Remoting error: [Startup failed] [] 
[2025-06-19 18:36:41.1236] [INFO] [remoting-terminator] Shutting down remote daemon. 
[2025-06-19 21:17:44.2782] [INFO] [PromoNode.PromoNodeService] Starting PromoNode Service... 
[2025-06-19 21:17:44.6687] [INFO] [remoting (akka://godgaming)] Starting remoting 
[2025-06-19 21:17:44.8387] [ERROR] [Akka.Remote.Transport.DotNetty.TcpTransport] Failed to bind to 127.0.0.1:8093; shutting down DotNetty transport. System.Net.Sockets.SocketException (0x80004005): Only one usage of each socket address (protocol/network address/port) is normally permitted
   at System.Net.Sockets.Socket.DoBind(EndPoint endPointSnapshot, SocketAddress socketAddress)
   at System.Net.Sockets.Socket.Bind(EndPoint localEP)
   at DotNetty.Transport.Channels.Sockets.TcpServerSocketChannel.DoBind(EndPoint localAddress)
   at DotNetty.Transport.Channels.AbstractChannel.AbstractUnsafe.BindAsync(EndPoint localAddress)
--- End of stack trace from previous location where exception was thrown ---
   at System.Runtime.CompilerServices.TaskAwaiter.ThrowForNonSuccess(Task task)
   at System.Runtime.CompilerServices.TaskAwaiter.HandleNonSuccessAndDebuggerNotification(Task task)
   at DotNetty.Transport.Bootstrapping.AbstractBootstrap`2.<DoBindAsync>d__26.MoveNext()
--- End of stack trace from previous location where exception was thrown ---
   at System.Runtime.CompilerServices.TaskAwaiter.ThrowForNonSuccess(Task task)
   at System.Runtime.CompilerServices.TaskAwaiter.HandleNonSuccessAndDebuggerNotification(Task task)
   at Akka.Remote.Transport.DotNetty.DotNettyTransport.<NewServer>d__20.MoveNext()
--- End of stack trace from previous location where exception was thrown ---
   at System.Runtime.CompilerServices.TaskAwaiter.ThrowForNonSuccess(Task task)
   at System.Runtime.CompilerServices.TaskAwaiter.HandleNonSuccessAndDebuggerNotification(Task task)
   at Akka.Remote.Transport.DotNetty.DotNettyTransport.<Listen>d__21.MoveNext()
--- End of stack trace from previous location where exception was thrown ---
   at System.Runtime.ExceptionServices.ExceptionDispatchInfo.Throw()
   at Akka.Remote.Transport.DotNetty.DotNettyTransport.<Listen>d__21.MoveNext()
[2025-06-19 21:17:44.8387] [ERROR] [remoting (akka://godgaming)] Remoting error: [Startup failed] [] 
[2025-06-19 21:17:47.6143] [INFO] [remoting-terminator] Shutting down remote daemon. 
[2025-06-19 21:54:59.4034] [INFO] [PromoNode.PromoNodeService] Starting PromoNode Service... 
[2025-06-19 21:55:00.8324] [INFO] [remoting (akka://godgaming)] Starting remoting 
[2025-06-19 21:55:01.3514] [ERROR] [Akka.Remote.Transport.DotNetty.TcpTransport] Failed to bind to 127.0.0.1:8093; shutting down DotNetty transport. System.Net.Sockets.SocketException (0x80004005): Only one usage of each socket address (protocol/network address/port) is normally permitted
   at System.Net.Sockets.Socket.DoBind(EndPoint endPointSnapshot, SocketAddress socketAddress)
   at System.Net.Sockets.Socket.Bind(EndPoint localEP)
   at DotNetty.Transport.Channels.Sockets.TcpServerSocketChannel.DoBind(EndPoint localAddress)
   at DotNetty.Transport.Channels.AbstractChannel.AbstractUnsafe.BindAsync(EndPoint localAddress)
--- End of stack trace from previous location where exception was thrown ---
   at System.Runtime.CompilerServices.TaskAwaiter.ThrowForNonSuccess(Task task)
   at System.Runtime.CompilerServices.TaskAwaiter.HandleNonSuccessAndDebuggerNotification(Task task)
   at DotNetty.Transport.Bootstrapping.AbstractBootstrap`2.<DoBindAsync>d__26.MoveNext()
--- End of stack trace from previous location where exception was thrown ---
   at System.Runtime.CompilerServices.TaskAwaiter.ThrowForNonSuccess(Task task)
   at System.Runtime.CompilerServices.TaskAwaiter.HandleNonSuccessAndDebuggerNotification(Task task)
   at Akka.Remote.Transport.DotNetty.DotNettyTransport.<NewServer>d__20.MoveNext()
--- End of stack trace from previous location where exception was thrown ---
   at System.Runtime.CompilerServices.TaskAwaiter.ThrowForNonSuccess(Task task)
   at System.Runtime.CompilerServices.TaskAwaiter.HandleNonSuccessAndDebuggerNotification(Task task)
   at Akka.Remote.Transport.DotNetty.DotNettyTransport.<Listen>d__21.MoveNext()
--- End of stack trace from previous location where exception was thrown ---
   at System.Runtime.ExceptionServices.ExceptionDispatchInfo.Throw()
   at Akka.Remote.Transport.DotNetty.DotNettyTransport.<Listen>d__21.MoveNext()
[2025-06-19 21:55:01.3784] [ERROR] [remoting (akka://godgaming)] Remoting error: [Startup failed] [] 
[2025-06-19 21:55:03.8376] [INFO] [remoting-terminator] Shutting down remote daemon. 
[2025-06-19 22:53:18.9902] [INFO] [PromoNode.PromoNodeService] Starting PromoNode Service... 
[2025-06-19 22:53:19.6443] [INFO] [remoting (akka://godgaming)] Starting remoting 
[2025-06-19 22:53:19.8493] [ERROR] [Akka.Remote.Transport.DotNetty.TcpTransport] Failed to bind to 127.0.0.1:8093; shutting down DotNetty transport. System.Net.Sockets.SocketException (0x80004005): Only one usage of each socket address (protocol/network address/port) is normally permitted
   at System.Net.Sockets.Socket.DoBind(EndPoint endPointSnapshot, SocketAddress socketAddress)
   at System.Net.Sockets.Socket.Bind(EndPoint localEP)
   at DotNetty.Transport.Channels.Sockets.TcpServerSocketChannel.DoBind(EndPoint localAddress)
   at DotNetty.Transport.Channels.AbstractChannel.AbstractUnsafe.BindAsync(EndPoint localAddress)
--- End of stack trace from previous location where exception was thrown ---
   at System.Runtime.CompilerServices.TaskAwaiter.ThrowForNonSuccess(Task task)
   at System.Runtime.CompilerServices.TaskAwaiter.HandleNonSuccessAndDebuggerNotification(Task task)
   at DotNetty.Transport.Bootstrapping.AbstractBootstrap`2.<DoBindAsync>d__26.MoveNext()
--- End of stack trace from previous location where exception was thrown ---
   at System.Runtime.CompilerServices.TaskAwaiter.ThrowForNonSuccess(Task task)
   at System.Runtime.CompilerServices.TaskAwaiter.HandleNonSuccessAndDebuggerNotification(Task task)
   at Akka.Remote.Transport.DotNetty.DotNettyTransport.<NewServer>d__20.MoveNext()
--- End of stack trace from previous location where exception was thrown ---
   at System.Runtime.CompilerServices.TaskAwaiter.ThrowForNonSuccess(Task task)
   at System.Runtime.CompilerServices.TaskAwaiter.HandleNonSuccessAndDebuggerNotification(Task task)
   at Akka.Remote.Transport.DotNetty.DotNettyTransport.<Listen>d__21.MoveNext()
--- End of stack trace from previous location where exception was thrown ---
   at System.Runtime.ExceptionServices.ExceptionDispatchInfo.Throw()
   at Akka.Remote.Transport.DotNetty.DotNettyTransport.<Listen>d__21.MoveNext()
[2025-06-19 22:53:19.8603] [ERROR] [remoting (akka://godgaming)] Remoting error: [Startup failed] [] 
[2025-06-19 22:53:22.4341] [INFO] [remoting-terminator] Shutting down remote daemon. 
[2025-06-19 23:10:55.0515] [INFO] [PromoNode.PromoNodeService] Starting PromoNode Service... 
[2025-06-19 23:10:55.5507] [INFO] [remoting (akka://godgaming)] Starting remoting 
[2025-06-19 23:10:55.7357] [ERROR] [Akka.Remote.Transport.DotNetty.TcpTransport] Failed to bind to 127.0.0.1:8093; shutting down DotNetty transport. System.Net.Sockets.SocketException (0x80004005): Only one usage of each socket address (protocol/network address/port) is normally permitted
   at System.Net.Sockets.Socket.DoBind(EndPoint endPointSnapshot, SocketAddress socketAddress)
   at System.Net.Sockets.Socket.Bind(EndPoint localEP)
   at DotNetty.Transport.Channels.Sockets.TcpServerSocketChannel.DoBind(EndPoint localAddress)
   at DotNetty.Transport.Channels.AbstractChannel.AbstractUnsafe.BindAsync(EndPoint localAddress)
--- End of stack trace from previous location where exception was thrown ---
   at System.Runtime.CompilerServices.TaskAwaiter.ThrowForNonSuccess(Task task)
   at System.Runtime.CompilerServices.TaskAwaiter.HandleNonSuccessAndDebuggerNotification(Task task)
   at DotNetty.Transport.Bootstrapping.AbstractBootstrap`2.<DoBindAsync>d__26.MoveNext()
--- End of stack trace from previous location where exception was thrown ---
   at System.Runtime.CompilerServices.TaskAwaiter.ThrowForNonSuccess(Task task)
   at System.Runtime.CompilerServices.TaskAwaiter.HandleNonSuccessAndDebuggerNotification(Task task)
   at Akka.Remote.Transport.DotNetty.DotNettyTransport.<NewServer>d__20.MoveNext()
--- End of stack trace from previous location where exception was thrown ---
   at System.Runtime.CompilerServices.TaskAwaiter.ThrowForNonSuccess(Task task)
   at System.Runtime.CompilerServices.TaskAwaiter.HandleNonSuccessAndDebuggerNotification(Task task)
   at Akka.Remote.Transport.DotNetty.DotNettyTransport.<Listen>d__21.MoveNext()
--- End of stack trace from previous location where exception was thrown ---
   at System.Runtime.ExceptionServices.ExceptionDispatchInfo.Throw()
   at Akka.Remote.Transport.DotNetty.DotNettyTransport.<Listen>d__21.MoveNext()
[2025-06-19 23:10:55.7488] [ERROR] [remoting (akka://godgaming)] Remoting error: [Startup failed] [] 
[2025-06-19 23:10:57.9452] [INFO] [remoting-terminator] Shutting down remote daemon. 
[2025-06-19 23:12:21.3595] [INFO] [PromoNode.PromoNodeService] Starting PromoNode Service... 
[2025-06-19 23:12:21.9235] [INFO] [remoting (akka://godgaming)] Starting remoting 
[2025-06-19 23:12:22.1206] [ERROR] [Akka.Remote.Transport.DotNetty.TcpTransport] Failed to bind to 127.0.0.1:8093; shutting down DotNetty transport. System.Net.Sockets.SocketException (0x80004005): Only one usage of each socket address (protocol/network address/port) is normally permitted
   at System.Net.Sockets.Socket.DoBind(EndPoint endPointSnapshot, SocketAddress socketAddress)
   at System.Net.Sockets.Socket.Bind(EndPoint localEP)
   at DotNetty.Transport.Channels.Sockets.TcpServerSocketChannel.DoBind(EndPoint localAddress)
   at DotNetty.Transport.Channels.AbstractChannel.AbstractUnsafe.BindAsync(EndPoint localAddress)
--- End of stack trace from previous location where exception was thrown ---
   at System.Runtime.CompilerServices.TaskAwaiter.ThrowForNonSuccess(Task task)
   at System.Runtime.CompilerServices.TaskAwaiter.HandleNonSuccessAndDebuggerNotification(Task task)
   at DotNetty.Transport.Bootstrapping.AbstractBootstrap`2.<DoBindAsync>d__26.MoveNext()
--- End of stack trace from previous location where exception was thrown ---
   at System.Runtime.CompilerServices.TaskAwaiter.ThrowForNonSuccess(Task task)
   at System.Runtime.CompilerServices.TaskAwaiter.HandleNonSuccessAndDebuggerNotification(Task task)
   at Akka.Remote.Transport.DotNetty.DotNettyTransport.<NewServer>d__20.MoveNext()
--- End of stack trace from previous location where exception was thrown ---
   at System.Runtime.CompilerServices.TaskAwaiter.ThrowForNonSuccess(Task task)
   at System.Runtime.CompilerServices.TaskAwaiter.HandleNonSuccessAndDebuggerNotification(Task task)
   at Akka.Remote.Transport.DotNetty.DotNettyTransport.<Listen>d__21.MoveNext()
--- End of stack trace from previous location where exception was thrown ---
   at System.Runtime.ExceptionServices.ExceptionDispatchInfo.Throw()
   at Akka.Remote.Transport.DotNetty.DotNettyTransport.<Listen>d__21.MoveNext()
[2025-06-19 23:12:22.1206] [ERROR] [remoting (akka://godgaming)] Remoting error: [Startup failed] [] 
[2025-06-19 23:12:24.3710] [INFO] [remoting-terminator] Shutting down remote daemon. 
[2025-06-19 23:44:05.0298] [INFO] [PromoNode.PromoNodeService] Starting PromoNode Service... 
[2025-06-19 23:44:05.6155] [INFO] [remoting (akka://godgaming)] Starting remoting 
[2025-06-19 23:44:05.8235] [ERROR] [Akka.Remote.Transport.DotNetty.TcpTransport] Failed to bind to 127.0.0.1:8093; shutting down DotNetty transport. System.Net.Sockets.SocketException (0x80004005): Only one usage of each socket address (protocol/network address/port) is normally permitted
   at System.Net.Sockets.Socket.DoBind(EndPoint endPointSnapshot, SocketAddress socketAddress)
   at System.Net.Sockets.Socket.Bind(EndPoint localEP)
   at DotNetty.Transport.Channels.Sockets.TcpServerSocketChannel.DoBind(EndPoint localAddress)
   at DotNetty.Transport.Channels.AbstractChannel.AbstractUnsafe.BindAsync(EndPoint localAddress)
--- End of stack trace from previous location where exception was thrown ---
   at System.Runtime.CompilerServices.TaskAwaiter.ThrowForNonSuccess(Task task)
   at System.Runtime.CompilerServices.TaskAwaiter.HandleNonSuccessAndDebuggerNotification(Task task)
   at DotNetty.Transport.Bootstrapping.AbstractBootstrap`2.<DoBindAsync>d__26.MoveNext()
--- End of stack trace from previous location where exception was thrown ---
   at System.Runtime.CompilerServices.TaskAwaiter.ThrowForNonSuccess(Task task)
   at System.Runtime.CompilerServices.TaskAwaiter.HandleNonSuccessAndDebuggerNotification(Task task)
   at Akka.Remote.Transport.DotNetty.DotNettyTransport.<NewServer>d__20.MoveNext()
--- End of stack trace from previous location where exception was thrown ---
   at System.Runtime.CompilerServices.TaskAwaiter.ThrowForNonSuccess(Task task)
   at System.Runtime.CompilerServices.TaskAwaiter.HandleNonSuccessAndDebuggerNotification(Task task)
   at Akka.Remote.Transport.DotNetty.DotNettyTransport.<Listen>d__21.MoveNext()
--- End of stack trace from previous location where exception was thrown ---
   at System.Runtime.ExceptionServices.ExceptionDispatchInfo.Throw()
   at Akka.Remote.Transport.DotNetty.DotNettyTransport.<Listen>d__21.MoveNext()
[2025-06-19 23:44:05.8385] [ERROR] [remoting (akka://godgaming)] Remoting error: [Startup failed] [] 
[2025-06-19 23:44:07.9745] [INFO] [remoting-terminator] Shutting down remote daemon. 
[2025-06-19 23:56:17.0381] [INFO] [PromoNode.PromoNodeService] Starting PromoNode Service... 
[2025-06-19 23:56:17.4484] [INFO] [remoting (akka://godgaming)] Starting remoting 
[2025-06-19 23:56:17.7584] [ERROR] [Akka.Remote.Transport.DotNetty.TcpTransport] Failed to bind to 127.0.0.1:8093; shutting down DotNetty transport. System.Net.Sockets.SocketException (0x80004005): Only one usage of each socket address (protocol/network address/port) is normally permitted
   at System.Net.Sockets.Socket.DoBind(EndPoint endPointSnapshot, SocketAddress socketAddress)
   at System.Net.Sockets.Socket.Bind(EndPoint localEP)
   at DotNetty.Transport.Channels.Sockets.TcpServerSocketChannel.DoBind(EndPoint localAddress)
   at DotNetty.Transport.Channels.AbstractChannel.AbstractUnsafe.BindAsync(EndPoint localAddress)
--- End of stack trace from previous location where exception was thrown ---
   at System.Runtime.CompilerServices.TaskAwaiter.ThrowForNonSuccess(Task task)
   at System.Runtime.CompilerServices.TaskAwaiter.HandleNonSuccessAndDebuggerNotification(Task task)
   at DotNetty.Transport.Bootstrapping.AbstractBootstrap`2.<DoBindAsync>d__26.MoveNext()
--- End of stack trace from previous location where exception was thrown ---
   at System.Runtime.CompilerServices.TaskAwaiter.ThrowForNonSuccess(Task task)
   at System.Runtime.CompilerServices.TaskAwaiter.HandleNonSuccessAndDebuggerNotification(Task task)
   at Akka.Remote.Transport.DotNetty.DotNettyTransport.<NewServer>d__20.MoveNext()
--- End of stack trace from previous location where exception was thrown ---
   at System.Runtime.CompilerServices.TaskAwaiter.ThrowForNonSuccess(Task task)
   at System.Runtime.CompilerServices.TaskAwaiter.HandleNonSuccessAndDebuggerNotification(Task task)
   at Akka.Remote.Transport.DotNetty.DotNettyTransport.<Listen>d__21.MoveNext()
--- End of stack trace from previous location where exception was thrown ---
   at System.Runtime.ExceptionServices.ExceptionDispatchInfo.Throw()
   at Akka.Remote.Transport.DotNetty.DotNettyTransport.<Listen>d__21.MoveNext()
[2025-06-19 23:56:17.7584] [ERROR] [remoting (akka://godgaming)] Remoting error: [Startup failed] [] 
[2025-06-19 23:56:20.5337] [INFO] [remoting-terminator] Shutting down remote daemon. 
