[2025-01-03 13:32:24.6624] [INFO] [PromoNode.PromoNodeService] Starting PromoNode Service... 
[2025-01-03 13:32:25.4554] [INFO] [remoting (akka://godgaming)] Starting remoting 
[2025-01-03 13:32:25.8324] [INFO] [remoting (akka://godgaming)] Remoting started; listening on addresses : [akka.tcp://godgaming@127.0.0.1:8093] 
[2025-01-03 13:32:25.8324] [INFO] [remoting (akka://godgaming)] Remoting now listens on addresses: [akka.tcp://godgaming@127.0.0.1:8093] 
[2025-01-03 13:32:25.8554] [INFO] [Cluster (akka://godgaming)] Cluster Node [akka.tcp://godgaming@127.0.0.1:8093] - Starting up... 
[2025-01-03 13:32:25.8704] [INFO] [Cluster (akka://godgaming)] Cluster Node [akka.tcp://godgaming@127.0.0.1:8093] - Started up successfully 
[2025-01-03 13:32:25.9354] [INFO] [PromoNode.BootstrapActor] Start Single Game Server(id:)... 
[2025-01-03 13:32:25.9354] [INFO] [PromoNode.BootstrapActor] Initializing database proxy... 
[2025-01-03 13:32:26.1114] [INFO] [PromoNode.BootstrapActor] Database Proxy has been successfully initialized. 
[2025-01-03 13:32:26.1964] [INFO] [PromoNode.PromoFetchActor] Freespin Received 
[2025-01-03 13:32:26.2124] [INFO] [PromoNode.PromoFetchActor] Tour Received 
[2025-01-03 13:32:26.2124] [INFO] [PromoNode.PromoFetchActor] Race Received 
[2025-01-03 13:32:26.2124] [INFO] [PromoNode.PromoFetchActor] Cashback Received 
[2025-01-03 13:32:26.3424] [INFO] [Cluster (akka://godgaming)] Cluster Node [akka.tcp://godgaming@127.0.0.1:8093] - Welcome from [akka.tcp://godgaming@127.0.0.1:4055] 
[2025-01-03 13:32:35.7815] [INFO] [Cluster (akka://godgaming)] Cluster Node [akka.tcp://godgaming@127.0.0.1:8093] - Cluster Node [akka.tcp://godgaming@127.0.0.1:8093] - Ignoring received gossip from unknown [UniqueAddress: (akka.tcp://godgaming@127.0.0.1:8091, 518480429)] 
[2025-01-03 13:32:36.2161] [INFO] [PromoNode.PromoFetchActor] Freespin Received 
[2025-01-03 13:32:36.2325] [INFO] [PromoNode.PromoFetchActor] Cashback Received 
[2025-01-03 13:32:36.2325] [INFO] [PromoNode.PromoFetchActor] Race Received 
[2025-01-03 13:32:46.2255] [INFO] [PromoNode.PromoFetchActor] Freespin Received 
[2025-01-03 13:32:46.2425] [INFO] [PromoNode.PromoFetchActor] Cashback Received 
[2025-01-03 13:32:46.2584] [INFO] [PromoNode.PromoFetchActor] Race Received 
[2025-01-03 13:32:56.2341] [INFO] [PromoNode.PromoFetchActor] Freespin Received 
[2025-01-03 13:32:56.2571] [INFO] [PromoNode.PromoFetchActor] Cashback Received 
[2025-01-03 13:32:56.2661] [INFO] [PromoNode.PromoFetchActor] Race Received 
[2025-01-03 13:33:06.2562] [INFO] [PromoNode.PromoFetchActor] Freespin Received 
[2025-01-03 13:33:06.2722] [INFO] [PromoNode.PromoFetchActor] Cashback Received 
[2025-01-03 13:33:06.2878] [INFO] [PromoNode.PromoFetchActor] Race Received 
[2025-01-03 13:33:16.2655] [INFO] [PromoNode.PromoFetchActor] Freespin Received 
[2025-01-03 13:33:16.2815] [INFO] [PromoNode.PromoFetchActor] Cashback Received 
[2025-01-03 13:33:16.2970] [INFO] [PromoNode.PromoFetchActor] Race Received 
[2025-01-03 13:33:26.2268] [INFO] [PromoNode.PromoFetchActor] Tour Received 
[2025-01-03 13:33:26.2851] [INFO] [PromoNode.PromoFetchActor] Freespin Received 
[2025-01-03 13:33:26.2911] [INFO] [PromoNode.PromoFetchActor] Cashback Received 
[2025-01-03 13:33:26.3151] [INFO] [PromoNode.PromoFetchActor] Race Received 
[2025-01-03 13:33:36.3000] [INFO] [PromoNode.PromoFetchActor] Freespin Received 
[2025-01-03 13:33:36.3000] [INFO] [PromoNode.PromoFetchActor] Cashback Received 
[2025-01-03 13:33:36.3340] [INFO] [PromoNode.PromoFetchActor] Race Received 
[2025-01-03 13:33:46.3139] [INFO] [PromoNode.PromoFetchActor] Freespin Received 
[2025-01-03 13:33:46.3139] [INFO] [PromoNode.PromoFetchActor] Cashback Received 
[2025-01-03 13:33:46.3593] [INFO] [PromoNode.PromoFetchActor] Race Received 
[2025-01-03 13:33:56.3301] [INFO] [PromoNode.PromoFetchActor] Freespin Received 
[2025-01-03 13:33:56.3301] [INFO] [PromoNode.PromoFetchActor] Cashback Received 
[2025-01-03 13:33:56.3757] [INFO] [PromoNode.PromoFetchActor] Race Received 
[2025-01-03 13:34:06.3475] [INFO] [PromoNode.PromoFetchActor] Freespin Received 
[2025-01-03 13:34:06.3475] [INFO] [PromoNode.PromoFetchActor] Cashback Received 
[2025-01-03 13:34:06.4022] [INFO] [PromoNode.PromoFetchActor] Race Received 
[2025-01-03 13:34:16.3655] [INFO] [PromoNode.PromoFetchActor] Freespin Received 
[2025-01-03 13:34:16.3695] [INFO] [PromoNode.PromoFetchActor] Cashback Received 
[2025-01-03 13:34:16.4095] [INFO] [PromoNode.PromoFetchActor] Race Received 
[2025-01-03 13:34:26.2553] [INFO] [PromoNode.PromoFetchActor] Tour Received 
[2025-01-03 13:34:26.3860] [INFO] [PromoNode.PromoFetchActor] Freespin Received 
[2025-01-03 13:34:26.3860] [INFO] [PromoNode.PromoFetchActor] Cashback Received 
[2025-01-03 13:34:26.4170] [INFO] [PromoNode.PromoFetchActor] Race Received 
[2025-01-03 13:34:36.4079] [INFO] [PromoNode.PromoFetchActor] Freespin Received 
[2025-01-03 13:34:36.4079] [INFO] [PromoNode.PromoFetchActor] Cashback Received 
[2025-01-03 13:34:36.4398] [INFO] [PromoNode.PromoFetchActor] Race Received 
[2025-01-03 13:34:46.4193] [INFO] [PromoNode.PromoFetchActor] Freespin Received 
[2025-01-03 13:34:46.4193] [INFO] [PromoNode.PromoFetchActor] Cashback Received 
[2025-01-03 13:34:46.4487] [INFO] [PromoNode.PromoFetchActor] Race Received 
[2025-01-03 13:34:56.4297] [INFO] [PromoNode.PromoFetchActor] Freespin Received 
[2025-01-03 13:34:56.4317] [INFO] [PromoNode.PromoFetchActor] Cashback Received 
[2025-01-03 13:34:56.4627] [INFO] [PromoNode.PromoFetchActor] Race Received 
[2025-01-03 13:35:06.4349] [INFO] [PromoNode.PromoFetchActor] Freespin Received 
[2025-01-03 13:35:06.4349] [INFO] [PromoNode.PromoFetchActor] Cashback Received 
[2025-01-03 13:35:06.4668] [INFO] [PromoNode.PromoFetchActor] Race Received 
[2025-01-03 13:35:16.4523] [INFO] [PromoNode.PromoFetchActor] Freespin Received 
[2025-01-03 13:35:16.4523] [INFO] [PromoNode.PromoFetchActor] Cashback Received 
[2025-01-03 13:35:16.4831] [INFO] [PromoNode.PromoFetchActor] Race Received 
[2025-01-03 13:35:26.2780] [INFO] [PromoNode.PromoFetchActor] Tour Received 
[2025-01-03 13:35:26.4629] [INFO] [PromoNode.PromoFetchActor] Freespin Received 
[2025-01-03 13:35:26.4785] [INFO] [PromoNode.PromoFetchActor] Cashback Received 
[2025-01-03 13:35:26.4952] [INFO] [PromoNode.PromoFetchActor] Race Received 
[2025-01-03 13:35:36.4788] [INFO] [PromoNode.PromoFetchActor] Freespin Received 
[2025-01-03 13:35:36.4938] [INFO] [PromoNode.PromoFetchActor] Cashback Received 
[2025-01-03 13:35:36.5088] [INFO] [PromoNode.PromoFetchActor] Race Received 
[2025-01-03 13:35:46.4927] [INFO] [PromoNode.PromoFetchActor] Freespin Received 
[2025-01-03 13:35:46.4927] [INFO] [PromoNode.PromoFetchActor] Cashback Received 
[2025-01-03 13:35:46.5232] [INFO] [PromoNode.PromoFetchActor] Race Received 
[2025-01-03 13:35:56.5031] [INFO] [PromoNode.PromoFetchActor] Freespin Received 
[2025-01-03 13:35:56.5181] [INFO] [PromoNode.PromoFetchActor] Cashback Received 
[2025-01-03 13:35:56.5511] [INFO] [PromoNode.PromoFetchActor] Race Received 
[2025-01-03 13:36:06.5154] [INFO] [PromoNode.PromoFetchActor] Freespin Received 
[2025-01-03 13:36:06.5324] [INFO] [PromoNode.PromoFetchActor] Cashback Received 
[2025-01-03 13:36:06.5639] [INFO] [PromoNode.PromoFetchActor] Race Received 
[2025-01-03 13:36:16.5392] [INFO] [PromoNode.PromoFetchActor] Freespin Received 
[2025-01-03 13:36:16.5412] [INFO] [PromoNode.PromoFetchActor] Cashback Received 
[2025-01-03 13:36:16.5866] [INFO] [PromoNode.PromoFetchActor] Race Received 
[2025-01-03 13:36:26.2922] [INFO] [PromoNode.PromoFetchActor] Tour Received 
[2025-01-03 13:36:26.5518] [INFO] [PromoNode.PromoFetchActor] Freespin Received 
[2025-01-03 13:36:26.5518] [INFO] [PromoNode.PromoFetchActor] Cashback Received 
[2025-01-03 13:36:26.5970] [INFO] [PromoNode.PromoFetchActor] Race Received 
[2025-01-03 13:36:36.5546] [INFO] [PromoNode.PromoFetchActor] Freespin Received 
[2025-01-03 13:36:36.5566] [INFO] [PromoNode.PromoFetchActor] Cashback Received 
[2025-01-03 13:36:36.6164] [INFO] [PromoNode.PromoFetchActor] Race Received 
[2025-01-03 13:36:46.5761] [INFO] [PromoNode.PromoFetchActor] Freespin Received 
[2025-01-03 13:36:46.5761] [INFO] [PromoNode.PromoFetchActor] Cashback Received 
[2025-01-03 13:36:46.6376] [INFO] [PromoNode.PromoFetchActor] Race Received 
[2025-01-03 13:36:56.5944] [INFO] [PromoNode.PromoFetchActor] Freespin Received 
[2025-01-03 13:36:56.5944] [INFO] [PromoNode.PromoFetchActor] Cashback Received 
[2025-01-03 13:36:56.6589] [INFO] [PromoNode.PromoFetchActor] Race Received 
[2025-01-03 13:37:06.6085] [INFO] [PromoNode.PromoFetchActor] Freespin Received 
[2025-01-03 13:37:06.6085] [INFO] [PromoNode.PromoFetchActor] Cashback Received 
[2025-01-03 13:37:06.6706] [INFO] [PromoNode.PromoFetchActor] Race Received 
[2025-01-03 13:37:16.6287] [INFO] [PromoNode.PromoFetchActor] Freespin Received 
[2025-01-03 13:37:16.6287] [INFO] [PromoNode.PromoFetchActor] Cashback Received 
[2025-01-03 13:37:16.6754] [INFO] [PromoNode.PromoFetchActor] Race Received 
[2025-01-03 13:37:26.3097] [INFO] [PromoNode.PromoFetchActor] Tour Received 
[2025-01-03 13:37:26.6450] [INFO] [PromoNode.PromoFetchActor] Freespin Received 
[2025-01-03 13:37:26.6450] [INFO] [PromoNode.PromoFetchActor] Cashback Received 
[2025-01-03 13:37:26.6912] [INFO] [PromoNode.PromoFetchActor] Race Received 
[2025-01-03 13:37:36.6663] [INFO] [PromoNode.PromoFetchActor] Freespin Received 
[2025-01-03 13:37:36.6663] [INFO] [PromoNode.PromoFetchActor] Cashback Received 
[2025-01-03 13:37:36.6972] [INFO] [PromoNode.PromoFetchActor] Race Received 
[2025-01-03 13:37:46.6797] [INFO] [PromoNode.PromoFetchActor] Freespin Received 
[2025-01-03 13:37:46.6827] [INFO] [PromoNode.PromoFetchActor] Cashback Received 
[2025-01-03 13:37:46.7077] [INFO] [PromoNode.PromoFetchActor] Race Received 
[2025-01-03 13:37:56.6923] [INFO] [PromoNode.PromoFetchActor] Freespin Received 
[2025-01-03 13:37:56.6973] [INFO] [PromoNode.PromoFetchActor] Cashback Received 
[2025-01-03 13:37:56.7244] [INFO] [PromoNode.PromoFetchActor] Race Received 
[2025-01-03 13:38:06.7008] [INFO] [PromoNode.PromoFetchActor] Freespin Received 
[2025-01-03 13:38:06.7166] [INFO] [PromoNode.PromoFetchActor] Cashback Received 
[2025-01-03 13:38:06.7486] [INFO] [PromoNode.PromoFetchActor] Race Received 
[2025-01-03 13:38:16.7063] [INFO] [PromoNode.PromoFetchActor] Freespin Received 
[2025-01-03 13:38:16.7387] [INFO] [PromoNode.PromoFetchActor] Cashback Received 
[2025-01-03 13:38:16.7702] [INFO] [PromoNode.PromoFetchActor] Race Received 
[2025-01-03 13:38:26.3198] [INFO] [PromoNode.PromoFetchActor] Tour Received 
[2025-01-03 13:38:26.7215] [INFO] [PromoNode.PromoFetchActor] Freespin Received 
[2025-01-03 13:38:26.7518] [INFO] [PromoNode.PromoFetchActor] Cashback Received 
[2025-01-03 13:38:26.7825] [INFO] [PromoNode.PromoFetchActor] Race Received 
[2025-01-03 13:38:36.7305] [INFO] [PromoNode.PromoFetchActor] Freespin Received 
[2025-01-03 13:38:36.7599] [INFO] [PromoNode.PromoFetchActor] Cashback Received 
[2025-01-03 13:38:36.7903] [INFO] [PromoNode.PromoFetchActor] Race Received 
[2025-01-03 13:38:46.7438] [INFO] [PromoNode.PromoFetchActor] Freespin Received 
[2025-01-03 13:38:46.7723] [INFO] [PromoNode.PromoFetchActor] Cashback Received 
[2025-01-03 13:38:46.8027] [INFO] [PromoNode.PromoFetchActor] Race Received 
[2025-01-03 13:38:56.7654] [INFO] [PromoNode.PromoFetchActor] Freespin Received 
[2025-01-03 13:38:56.7795] [INFO] [PromoNode.PromoFetchActor] Cashback Received 
[2025-01-03 13:38:56.8100] [INFO] [PromoNode.PromoFetchActor] Race Received 
[2025-01-03 13:39:06.7880] [INFO] [PromoNode.PromoFetchActor] Freespin Received 
[2025-01-03 13:39:06.7940] [INFO] [PromoNode.PromoFetchActor] Cashback Received 
[2025-01-03 13:39:06.8164] [INFO] [PromoNode.PromoFetchActor] Race Received 
[2025-01-03 13:39:16.8044] [INFO] [PromoNode.PromoFetchActor] Freespin Received 
[2025-01-03 13:39:16.8084] [INFO] [PromoNode.PromoFetchActor] Cashback Received 
[2025-01-03 13:39:16.8357] [INFO] [PromoNode.PromoFetchActor] Race Received 
[2025-01-03 13:39:26.3440] [INFO] [PromoNode.PromoFetchActor] Tour Received 
[2025-01-03 13:39:26.8197] [INFO] [PromoNode.PromoFetchActor] Freespin Received 
[2025-01-03 13:39:26.8217] [INFO] [PromoNode.PromoFetchActor] Cashback Received 
[2025-01-03 13:39:26.8517] [INFO] [PromoNode.PromoFetchActor] Race Received 
[2025-01-03 13:39:36.8301] [INFO] [PromoNode.PromoFetchActor] Freespin Received 
[2025-01-03 13:39:36.8301] [INFO] [PromoNode.PromoFetchActor] Cashback Received 
[2025-01-03 13:39:36.8624] [INFO] [PromoNode.PromoFetchActor] Race Received 
[2025-01-03 13:39:46.8458] [INFO] [PromoNode.PromoFetchActor] Freespin Received 
[2025-01-03 13:39:46.8458] [INFO] [PromoNode.PromoFetchActor] Cashback Received 
[2025-01-03 13:39:46.8759] [INFO] [PromoNode.PromoFetchActor] Race Received 
[2025-01-03 13:39:56.8546] [INFO] [PromoNode.PromoFetchActor] Freespin Received 
[2025-01-03 13:39:56.8546] [INFO] [PromoNode.PromoFetchActor] Cashback Received 
[2025-01-03 13:39:56.8860] [INFO] [PromoNode.PromoFetchActor] Race Received 
[2025-01-03 13:40:06.8696] [INFO] [PromoNode.PromoFetchActor] Freespin Received 
[2025-01-03 13:40:06.8696] [INFO] [PromoNode.PromoFetchActor] Cashback Received 
[2025-01-03 13:40:06.9026] [INFO] [PromoNode.PromoFetchActor] Race Received 
[2025-01-03 13:40:16.8840] [INFO] [PromoNode.PromoFetchActor] Freespin Received 
[2025-01-03 13:40:16.8840] [INFO] [PromoNode.PromoFetchActor] Cashback Received 
[2025-01-03 13:40:16.9230] [INFO] [PromoNode.PromoFetchActor] Race Received 
[2025-01-03 13:40:26.3643] [INFO] [PromoNode.PromoFetchActor] Tour Received 
[2025-01-03 13:40:26.9006] [INFO] [PromoNode.PromoFetchActor] Freespin Received 
[2025-01-03 13:40:26.9006] [INFO] [PromoNode.PromoFetchActor] Cashback Received 
[2025-01-03 13:40:26.9283] [INFO] [PromoNode.PromoFetchActor] Race Received 
[2025-01-03 13:40:36.9143] [INFO] [PromoNode.PromoFetchActor] Freespin Received 
[2025-01-03 13:40:36.9143] [INFO] [PromoNode.PromoFetchActor] Cashback Received 
[2025-01-03 13:40:36.9464] [INFO] [PromoNode.PromoFetchActor] Race Received 
[2025-01-03 13:40:46.9304] [INFO] [PromoNode.PromoFetchActor] Freespin Received 
[2025-01-03 13:40:46.9304] [INFO] [PromoNode.PromoFetchActor] Cashback Received 
[2025-01-03 13:40:46.9621] [INFO] [PromoNode.PromoFetchActor] Race Received 
[2025-01-03 13:40:56.9433] [INFO] [PromoNode.PromoFetchActor] Freespin Received 
[2025-01-03 13:40:56.9433] [INFO] [PromoNode.PromoFetchActor] Cashback Received 
[2025-01-03 13:40:56.9743] [INFO] [PromoNode.PromoFetchActor] Race Received 
[2025-01-03 13:41:06.9565] [INFO] [PromoNode.PromoFetchActor] Freespin Received 
[2025-01-03 13:41:06.9565] [INFO] [PromoNode.PromoFetchActor] Cashback Received 
[2025-01-03 13:41:06.9881] [INFO] [PromoNode.PromoFetchActor] Race Received 
[2025-01-03 13:41:16.9676] [INFO] [PromoNode.PromoFetchActor] Freespin Received 
[2025-01-03 13:41:16.9676] [INFO] [PromoNode.PromoFetchActor] Cashback Received 
[2025-01-03 13:41:16.9966] [INFO] [PromoNode.PromoFetchActor] Race Received 
[2025-01-03 13:41:26.3856] [INFO] [PromoNode.PromoFetchActor] Tour Received 
[2025-01-03 13:41:26.9865] [INFO] [PromoNode.PromoFetchActor] Freespin Received 
[2025-01-03 13:41:26.9938] [INFO] [PromoNode.PromoFetchActor] Cashback Received 
[2025-01-03 13:41:27.0182] [INFO] [PromoNode.PromoFetchActor] Race Received 
[2025-01-03 13:41:37.0038] [INFO] [PromoNode.PromoFetchActor] Freespin Received 
[2025-01-03 13:41:37.0191] [INFO] [PromoNode.PromoFetchActor] Cashback Received 
[2025-01-03 13:41:37.0529] [INFO] [PromoNode.PromoFetchActor] Race Received 
[2025-01-03 13:41:47.0291] [INFO] [PromoNode.PromoFetchActor] Freespin Received 
[2025-01-03 13:41:47.0291] [INFO] [PromoNode.PromoFetchActor] Cashback Received 
[2025-01-03 13:41:47.0726] [INFO] [PromoNode.PromoFetchActor] Race Received 
[2025-01-03 13:41:57.0434] [INFO] [PromoNode.PromoFetchActor] Freespin Received 
[2025-01-03 13:41:57.0434] [INFO] [PromoNode.PromoFetchActor] Cashback Received 
[2025-01-03 13:41:57.0751] [INFO] [PromoNode.PromoFetchActor] Race Received 
[2025-01-03 13:42:07.0496] [INFO] [PromoNode.PromoFetchActor] Freespin Received 
[2025-01-03 13:42:07.0637] [INFO] [PromoNode.PromoFetchActor] Cashback Received 
[2025-01-03 13:42:07.0944] [INFO] [PromoNode.PromoFetchActor] Race Received 
[2025-01-03 13:42:17.0636] [INFO] [PromoNode.PromoFetchActor] Freespin Received 
[2025-01-03 13:42:17.0776] [INFO] [PromoNode.PromoFetchActor] Cashback Received 
[2025-01-03 13:42:17.1091] [INFO] [PromoNode.PromoFetchActor] Race Received 
[2025-01-03 13:42:26.3955] [INFO] [PromoNode.PromoFetchActor] Tour Received 
[2025-01-03 13:42:27.0759] [INFO] [PromoNode.PromoFetchActor] Freespin Received 
[2025-01-03 13:42:27.0926] [INFO] [PromoNode.PromoFetchActor] Cashback Received 
[2025-01-03 13:42:27.1280] [INFO] [PromoNode.PromoFetchActor] Race Received 
[2025-01-03 13:42:37.0941] [INFO] [PromoNode.PromoFetchActor] Freespin Received 
[2025-01-03 13:42:37.1071] [INFO] [PromoNode.PromoFetchActor] Cashback Received 
[2025-01-03 13:42:37.1408] [INFO] [PromoNode.PromoFetchActor] Race Received 
[2025-01-03 13:42:47.1147] [INFO] [PromoNode.PromoFetchActor] Freespin Received 
[2025-01-03 13:42:47.1187] [INFO] [PromoNode.PromoFetchActor] Cashback Received 
[2025-01-03 13:42:47.1457] [INFO] [PromoNode.PromoFetchActor] Race Received 
[2025-01-03 13:42:57.1317] [INFO] [PromoNode.PromoFetchActor] Freespin Received 
[2025-01-03 13:42:57.1357] [INFO] [PromoNode.PromoFetchActor] Cashback Received 
[2025-01-03 13:42:57.1637] [INFO] [PromoNode.PromoFetchActor] Race Received 
[2025-01-03 13:43:07.1347] [INFO] [PromoNode.PromoFetchActor] Freespin Received 
[2025-01-03 13:43:07.1497] [INFO] [PromoNode.PromoFetchActor] Cashback Received 
[2025-01-03 13:43:07.1800] [INFO] [PromoNode.PromoFetchActor] Race Received 
[2025-01-03 13:43:17.1466] [INFO] [PromoNode.PromoFetchActor] Freespin Received 
[2025-01-03 13:43:17.1626] [INFO] [PromoNode.PromoFetchActor] Cashback Received 
[2025-01-03 13:43:17.1935] [INFO] [PromoNode.PromoFetchActor] Race Received 
[2025-01-03 13:43:26.4185] [INFO] [PromoNode.PromoFetchActor] Tour Received 
[2025-01-03 13:43:27.1601] [INFO] [PromoNode.PromoFetchActor] Freespin Received 
[2025-01-03 13:43:27.1726] [INFO] [PromoNode.PromoFetchActor] Cashback Received 
[2025-01-03 13:43:27.2213] [INFO] [PromoNode.PromoFetchActor] Race Received 
[2025-01-03 13:43:37.1675] [INFO] [PromoNode.PromoFetchActor] Freespin Received 
[2025-01-03 13:43:37.1854] [INFO] [PromoNode.PromoFetchActor] Cashback Received 
[2025-01-03 13:43:37.2336] [INFO] [PromoNode.PromoFetchActor] Race Received 
[2025-01-03 13:43:47.1834] [INFO] [PromoNode.PromoFetchActor] Freespin Received 
[2025-01-03 13:43:47.2008] [INFO] [PromoNode.PromoFetchActor] Cashback Received 
[2025-01-03 13:43:47.2659] [INFO] [PromoNode.PromoFetchActor] Race Received 
[2025-01-03 13:43:57.2051] [INFO] [PromoNode.PromoFetchActor] Freespin Received 
[2025-01-03 13:43:57.2211] [INFO] [PromoNode.PromoFetchActor] Cashback Received 
[2025-01-03 13:43:57.2861] [INFO] [PromoNode.PromoFetchActor] Race Received 
[2025-01-03 13:44:07.2279] [INFO] [PromoNode.PromoFetchActor] Freespin Received 
[2025-01-03 13:44:07.2279] [INFO] [PromoNode.PromoFetchActor] Cashback Received 
[2025-01-03 13:44:07.3044] [INFO] [PromoNode.PromoFetchActor] Race Received 
[2025-01-03 13:44:17.2375] [INFO] [PromoNode.PromoFetchActor] Freespin Received 
[2025-01-03 13:44:17.2515] [INFO] [PromoNode.PromoFetchActor] Cashback Received 
[2025-01-03 13:44:17.3145] [INFO] [PromoNode.PromoFetchActor] Race Received 
[2025-01-03 13:44:26.4428] [INFO] [PromoNode.PromoFetchActor] Tour Received 
[2025-01-03 13:44:27.2590] [INFO] [PromoNode.PromoFetchActor] Freespin Received 
[2025-01-03 13:44:27.2590] [INFO] [PromoNode.PromoFetchActor] Cashback Received 
[2025-01-03 13:44:27.3345] [INFO] [PromoNode.PromoFetchActor] Race Received 
[2025-01-03 13:44:37.2645] [INFO] [PromoNode.PromoFetchActor] Freespin Received 
[2025-01-03 13:44:37.2645] [INFO] [PromoNode.PromoFetchActor] Cashback Received 
[2025-01-03 13:44:37.3593] [INFO] [PromoNode.PromoFetchActor] Race Received 
[2025-01-03 13:44:47.2885] [INFO] [PromoNode.PromoFetchActor] Freespin Received 
[2025-01-03 13:44:47.2966] [INFO] [PromoNode.PromoFetchActor] Cashback Received 
[2025-01-03 13:44:47.3819] [INFO] [PromoNode.PromoFetchActor] Race Received 
[2025-01-03 13:44:57.3064] [INFO] [PromoNode.PromoFetchActor] Freespin Received 
[2025-01-03 13:44:57.3064] [INFO] [PromoNode.PromoFetchActor] Cashback Received 
[2025-01-03 13:44:57.3970] [INFO] [PromoNode.PromoFetchActor] Race Received 
[2025-01-03 13:45:07.3275] [INFO] [PromoNode.PromoFetchActor] Freespin Received 
[2025-01-03 13:45:07.3275] [INFO] [PromoNode.PromoFetchActor] Cashback Received 
[2025-01-03 13:45:07.4198] [INFO] [PromoNode.PromoFetchActor] Race Received 
[2025-01-03 13:45:17.3475] [INFO] [PromoNode.PromoFetchActor] Freespin Received 
[2025-01-03 13:45:17.3475] [INFO] [PromoNode.PromoFetchActor] Cashback Received 
[2025-01-03 13:45:17.4284] [INFO] [PromoNode.PromoFetchActor] Race Received 
[2025-01-03 13:45:26.4608] [INFO] [PromoNode.PromoFetchActor] Tour Received 
[2025-01-03 13:45:27.3677] [INFO] [PromoNode.PromoFetchActor] Freespin Received 
[2025-01-03 13:45:27.3677] [INFO] [PromoNode.PromoFetchActor] Cashback Received 
[2025-01-03 13:45:27.4451] [INFO] [PromoNode.PromoFetchActor] Race Received 
[2025-01-03 13:45:37.3868] [INFO] [PromoNode.PromoFetchActor] Freespin Received 
[2025-01-03 13:45:37.3868] [INFO] [PromoNode.PromoFetchActor] Cashback Received 
[2025-01-03 13:45:37.4681] [INFO] [PromoNode.PromoFetchActor] Race Received 
[2025-01-03 13:45:47.3999] [INFO] [PromoNode.PromoFetchActor] Freespin Received 
[2025-01-03 13:45:47.3999] [INFO] [PromoNode.PromoFetchActor] Cashback Received 
[2025-01-03 13:45:47.4927] [INFO] [PromoNode.PromoFetchActor] Race Received 
[2025-01-03 13:45:57.4156] [INFO] [PromoNode.PromoFetchActor] Freespin Received 
[2025-01-03 13:45:57.4156] [INFO] [PromoNode.PromoFetchActor] Cashback Received 
[2025-01-03 13:45:57.5105] [INFO] [PromoNode.PromoFetchActor] Race Received 
[2025-01-03 13:46:07.4254] [INFO] [PromoNode.PromoFetchActor] Freespin Received 
[2025-01-03 13:46:07.4254] [INFO] [PromoNode.PromoFetchActor] Cashback Received 
[2025-01-03 13:46:07.5225] [INFO] [PromoNode.PromoFetchActor] Race Received 
[2025-01-03 13:46:17.4357] [INFO] [PromoNode.PromoFetchActor] Freespin Received 
[2025-01-03 13:46:17.4357] [INFO] [PromoNode.PromoFetchActor] Cashback Received 
[2025-01-03 13:46:17.5560] [INFO] [PromoNode.PromoFetchActor] Race Received 
[2025-01-03 13:46:26.4744] [INFO] [PromoNode.PromoFetchActor] Tour Received 
[2025-01-03 13:46:27.4464] [INFO] [PromoNode.PromoFetchActor] Freespin Received 
[2025-01-03 13:46:27.4464] [INFO] [PromoNode.PromoFetchActor] Cashback Received 
[2025-01-03 13:46:27.5710] [INFO] [PromoNode.PromoFetchActor] Race Received 
[2025-01-03 13:46:37.4645] [INFO] [PromoNode.PromoFetchActor] Freespin Received 
[2025-01-03 13:46:37.4645] [INFO] [PromoNode.PromoFetchActor] Cashback Received 
[2025-01-03 13:46:37.5888] [INFO] [PromoNode.PromoFetchActor] Race Received 
[2025-01-03 13:46:47.4884] [INFO] [PromoNode.PromoFetchActor] Freespin Received 
[2025-01-03 13:46:47.4884] [INFO] [PromoNode.PromoFetchActor] Cashback Received 
[2025-01-03 13:46:47.5955] [INFO] [PromoNode.PromoFetchActor] Race Received 
[2025-01-03 13:46:57.5031] [INFO] [PromoNode.PromoFetchActor] Freespin Received 
[2025-01-03 13:46:57.5031] [INFO] [PromoNode.PromoFetchActor] Cashback Received 
[2025-01-03 13:46:57.6162] [INFO] [PromoNode.PromoFetchActor] Race Received 
[2025-01-03 13:47:07.5180] [INFO] [PromoNode.PromoFetchActor] Freespin Received 
[2025-01-03 13:47:07.5180] [INFO] [PromoNode.PromoFetchActor] Cashback Received 
[2025-01-03 13:47:07.6398] [INFO] [PromoNode.PromoFetchActor] Race Received 
[2025-01-03 13:47:17.5301] [INFO] [PromoNode.PromoFetchActor] Freespin Received 
[2025-01-03 13:47:17.5301] [INFO] [PromoNode.PromoFetchActor] Cashback Received 
[2025-01-03 13:47:17.6543] [INFO] [PromoNode.PromoFetchActor] Race Received 
[2025-01-03 13:47:26.5049] [INFO] [PromoNode.PromoFetchActor] Tour Received 
[2025-01-03 13:47:27.5392] [INFO] [PromoNode.PromoFetchActor] Freespin Received 
[2025-01-03 13:47:27.5412] [INFO] [PromoNode.PromoFetchActor] Cashback Received 
[2025-01-03 13:47:27.6647] [INFO] [PromoNode.PromoFetchActor] Race Received 
[2025-01-03 13:47:37.5518] [INFO] [PromoNode.PromoFetchActor] Freespin Received 
[2025-01-03 13:47:37.5558] [INFO] [PromoNode.PromoFetchActor] Cashback Received 
[2025-01-03 13:47:37.6754] [INFO] [PromoNode.PromoFetchActor] Race Received 
[2025-01-03 13:47:47.5702] [INFO] [PromoNode.PromoFetchActor] Freespin Received 
[2025-01-03 13:47:47.5732] [INFO] [PromoNode.PromoFetchActor] Cashback Received 
[2025-01-03 13:47:47.6936] [INFO] [PromoNode.PromoFetchActor] Race Received 
[2025-01-03 13:47:57.5853] [INFO] [PromoNode.PromoFetchActor] Freespin Received 
[2025-01-03 13:47:57.5883] [INFO] [PromoNode.PromoFetchActor] Cashback Received 
[2025-01-03 13:47:57.7258] [INFO] [PromoNode.PromoFetchActor] Race Received 
[2025-01-03 13:48:07.6091] [INFO] [PromoNode.PromoFetchActor] Freespin Received 
[2025-01-03 13:48:07.6091] [INFO] [PromoNode.PromoFetchActor] Cashback Received 
[2025-01-03 13:48:07.7494] [INFO] [PromoNode.PromoFetchActor] Race Received 
[2025-01-03 13:48:17.6248] [INFO] [PromoNode.PromoFetchActor] Freespin Received 
[2025-01-03 13:48:17.6248] [INFO] [PromoNode.PromoFetchActor] Cashback Received 
[2025-01-03 13:48:17.7654] [INFO] [PromoNode.PromoFetchActor] Race Received 
[2025-01-03 13:48:26.5253] [INFO] [PromoNode.PromoFetchActor] Tour Received 
[2025-01-03 13:48:27.6453] [INFO] [PromoNode.PromoFetchActor] Freespin Received 
[2025-01-03 13:48:27.6453] [INFO] [PromoNode.PromoFetchActor] Cashback Received 
[2025-01-03 13:48:27.7884] [INFO] [PromoNode.PromoFetchActor] Race Received 
[2025-01-03 13:48:37.6687] [INFO] [PromoNode.PromoFetchActor] Freespin Received 
[2025-01-03 13:48:37.6687] [INFO] [PromoNode.PromoFetchActor] Cashback Received 
[2025-01-03 13:48:37.8097] [INFO] [PromoNode.PromoFetchActor] Race Received 
[2025-01-03 13:48:47.6874] [INFO] [PromoNode.PromoFetchActor] Freespin Received 
[2025-01-03 13:48:47.6874] [INFO] [PromoNode.PromoFetchActor] Cashback Received 
[2025-01-03 13:48:47.8281] [INFO] [PromoNode.PromoFetchActor] Race Received 
[2025-01-03 13:48:57.7031] [INFO] [PromoNode.PromoFetchActor] Freespin Received 
[2025-01-03 13:48:57.7031] [INFO] [PromoNode.PromoFetchActor] Cashback Received 
[2025-01-03 13:48:57.8460] [INFO] [PromoNode.PromoFetchActor] Race Received 
[2025-01-03 13:49:07.7117] [INFO] [PromoNode.PromoFetchActor] Freespin Received 
[2025-01-03 13:49:07.7285] [INFO] [PromoNode.PromoFetchActor] Cashback Received 
[2025-01-03 13:49:07.8705] [INFO] [PromoNode.PromoFetchActor] Race Received 
[2025-01-03 13:49:17.7273] [INFO] [PromoNode.PromoFetchActor] Freespin Received 
[2025-01-03 13:49:17.7273] [INFO] [PromoNode.PromoFetchActor] Cashback Received 
[2025-01-03 13:49:17.8790] [INFO] [PromoNode.PromoFetchActor] Race Received 
[2025-01-03 13:49:26.5521] [INFO] [PromoNode.PromoFetchActor] Tour Received 
[2025-01-03 13:49:27.7513] [INFO] [PromoNode.PromoFetchActor] Freespin Received 
[2025-01-03 13:49:27.7513] [INFO] [PromoNode.PromoFetchActor] Cashback Received 
[2025-01-03 13:49:27.8944] [INFO] [PromoNode.PromoFetchActor] Race Received 
[2025-01-03 13:49:37.7576] [INFO] [PromoNode.PromoFetchActor] Freespin Received 
[2025-01-03 13:49:37.7725] [INFO] [PromoNode.PromoFetchActor] Cashback Received 
[2025-01-03 13:49:37.9099] [INFO] [PromoNode.PromoFetchActor] Race Received 
[2025-01-03 13:49:47.7777] [INFO] [PromoNode.PromoFetchActor] Freespin Received 
[2025-01-03 13:49:47.7777] [INFO] [PromoNode.PromoFetchActor] Cashback Received 
[2025-01-03 13:49:47.9204] [INFO] [PromoNode.PromoFetchActor] Race Received 
[2025-01-03 13:49:57.7953] [INFO] [PromoNode.PromoFetchActor] Freespin Received 
[2025-01-03 13:49:57.7953] [INFO] [PromoNode.PromoFetchActor] Cashback Received 
[2025-01-03 13:49:57.9327] [INFO] [PromoNode.PromoFetchActor] Race Received 
[2025-01-03 13:50:07.8046] [INFO] [PromoNode.PromoFetchActor] Freespin Received 
[2025-01-03 13:50:07.8066] [INFO] [PromoNode.PromoFetchActor] Cashback Received 
[2025-01-03 13:50:07.9426] [INFO] [PromoNode.PromoFetchActor] Race Received 
[2025-01-03 13:50:17.8240] [INFO] [PromoNode.PromoFetchActor] Freespin Received 
[2025-01-03 13:50:17.8240] [INFO] [PromoNode.PromoFetchActor] Cashback Received 
[2025-01-03 13:50:17.9493] [INFO] [PromoNode.PromoFetchActor] Race Received 
[2025-01-03 13:50:26.5705] [INFO] [PromoNode.PromoFetchActor] Tour Received 
[2025-01-03 13:50:27.8442] [INFO] [PromoNode.PromoFetchActor] Freespin Received 
[2025-01-03 13:50:27.8442] [INFO] [PromoNode.PromoFetchActor] Cashback Received 
[2025-01-03 13:50:27.9571] [INFO] [PromoNode.PromoFetchActor] Race Received 
[2025-01-03 13:50:37.8612] [INFO] [PromoNode.PromoFetchActor] Freespin Received 
[2025-01-03 13:50:37.8612] [INFO] [PromoNode.PromoFetchActor] Cashback Received 
[2025-01-03 13:50:37.9687] [INFO] [PromoNode.PromoFetchActor] Race Received 
[2025-01-03 13:50:47.8717] [INFO] [PromoNode.PromoFetchActor] Freespin Received 
[2025-01-03 13:50:47.8717] [INFO] [PromoNode.PromoFetchActor] Cashback Received 
[2025-01-03 13:50:47.9811] [INFO] [PromoNode.PromoFetchActor] Race Received 
[2025-01-03 13:50:57.8833] [INFO] [PromoNode.PromoFetchActor] Freespin Received 
[2025-01-03 13:50:57.8833] [INFO] [PromoNode.PromoFetchActor] Cashback Received 
[2025-01-03 13:50:57.9940] [INFO] [PromoNode.PromoFetchActor] Race Received 
