[2025-04-17 23:48:22.7581] [INFO] [PromoNode.PromoNodeService] Starting PromoNode Service... 
[2025-04-17 23:48:22.9691] [INFO] [remoting (akka://godgaming)] Starting remoting 
[2025-04-17 23:48:23.1166] [INFO] [remoting (akka://godgaming)] Remoting started; listening on addresses : [akka.tcp://godgaming@127.0.0.1:8093] 
[2025-04-17 23:48:23.1166] [INFO] [remoting (akka://godgaming)] Remoting now listens on addresses: [akka.tcp://godgaming@127.0.0.1:8093] 
[2025-04-17 23:48:23.1346] [INFO] [Cluster (akka://godgaming)] Cluster Node [akka.tcp://godgaming@127.0.0.1:8093] - Starting up... 
[2025-04-17 23:48:23.1456] [INFO] [Cluster (akka://godgaming)] Cluster Node [akka.tcp://godgaming@127.0.0.1:8093] - Started up successfully 
[2025-04-17 23:48:23.1456] [INFO] [PromoNode.BootstrapActor] Start Single Game Server(id:)... 
[2025-04-17 23:48:23.1456] [INFO] [PromoNode.BootstrapActor] Initializing database proxy... 
[2025-04-17 23:48:23.2903] [INFO] [PromoNode.BootstrapActor] Database Proxy has been successfully initialized. 
[2025-04-17 23:48:23.3433] [INFO] [PromoNode.PromoFetchActor] Freespin Received 
[2025-04-17 23:48:23.3493] [INFO] [PromoNode.PromoFetchActor] Race Received 
[2025-04-17 23:48:23.3493] [INFO] [PromoNode.PromoFetchActor] Cashback Received 
[2025-04-17 23:48:23.4833] [INFO] [PromoNode.PromoFetchActor] Tour Received 
[2025-04-17 23:48:23.4923] [INFO] [Cluster (akka://godgaming)] Cluster Node [akka.tcp://godgaming@127.0.0.1:8093] - Welcome from [akka.tcp://godgaming@127.0.0.1:4055] 
[2025-04-17 23:48:33.3536] [INFO] [PromoNode.PromoFetchActor] Freespin Received 
[2025-04-17 23:48:33.3706] [INFO] [PromoNode.PromoFetchActor] Race Received 
[2025-04-17 23:48:33.3706] [INFO] [PromoNode.PromoFetchActor] Cashback Received 
[2025-04-17 23:48:43.3654] [INFO] [PromoNode.PromoFetchActor] Freespin Received 
[2025-04-17 23:48:43.3804] [INFO] [PromoNode.PromoFetchActor] Cashback Received 
[2025-04-17 23:48:43.3804] [INFO] [PromoNode.PromoFetchActor] Race Received 
[2025-04-17 23:48:53.3769] [INFO] [PromoNode.PromoFetchActor] Freespin Received 
[2025-04-17 23:48:53.3938] [INFO] [PromoNode.PromoFetchActor] Race Received 
[2025-04-17 23:48:53.3938] [INFO] [PromoNode.PromoFetchActor] Cashback Received 
[2025-04-17 23:49:03.3897] [INFO] [PromoNode.PromoFetchActor] Freespin Received 
[2025-04-17 23:49:03.4057] [INFO] [PromoNode.PromoFetchActor] Race Received 
[2025-04-17 23:49:03.4067] [INFO] [PromoNode.PromoFetchActor] Cashback Received 
[2025-04-17 23:49:13.4119] [INFO] [PromoNode.PromoFetchActor] Freespin Received 
[2025-04-17 23:49:13.4119] [INFO] [PromoNode.PromoFetchActor] Cashback Received 
[2025-04-17 23:49:13.4119] [INFO] [PromoNode.PromoFetchActor] Race Received 
[2025-04-17 23:49:23.4305] [INFO] [PromoNode.PromoFetchActor] Freespin Received 
[2025-04-17 23:49:23.4305] [INFO] [PromoNode.PromoFetchActor] Cashback Received 
[2025-04-17 23:49:23.4305] [INFO] [PromoNode.PromoFetchActor] Race Received 
[2025-04-17 23:49:23.4981] [INFO] [PromoNode.PromoFetchActor] Tour Received 
[2025-04-17 23:49:33.4417] [INFO] [PromoNode.PromoFetchActor] Freespin Received 
[2025-04-17 23:49:33.4417] [INFO] [PromoNode.PromoFetchActor] Cashback Received 
[2025-04-17 23:49:33.4577] [INFO] [PromoNode.PromoFetchActor] Race Received 
[2025-04-17 23:49:43.4571] [INFO] [PromoNode.PromoFetchActor] Freespin Received 
[2025-04-17 23:49:43.4571] [INFO] [PromoNode.PromoFetchActor] Cashback Received 
[2025-04-17 23:49:43.4725] [INFO] [PromoNode.PromoFetchActor] Race Received 
[2025-04-17 23:49:53.4798] [INFO] [PromoNode.PromoFetchActor] Freespin Received 
[2025-04-17 23:49:53.4798] [INFO] [PromoNode.PromoFetchActor] Race Received 
[2025-04-17 23:49:53.4798] [INFO] [PromoNode.PromoFetchActor] Cashback Received 
[2025-04-17 23:50:03.5013] [INFO] [PromoNode.PromoFetchActor] Freespin Received 
[2025-04-17 23:50:03.5013] [INFO] [PromoNode.PromoFetchActor] Cashback Received 
[2025-04-17 23:50:03.5013] [INFO] [PromoNode.PromoFetchActor] Race Received 
[2025-04-17 23:50:13.5203] [INFO] [PromoNode.PromoFetchActor] Freespin Received 
[2025-04-17 23:50:13.5203] [INFO] [PromoNode.PromoFetchActor] Race Received 
[2025-04-17 23:50:13.5203] [INFO] [PromoNode.PromoFetchActor] Cashback Received 
[2025-04-17 23:50:23.5151] [INFO] [PromoNode.PromoFetchActor] Tour Received 
[2025-04-17 23:50:23.5411] [INFO] [PromoNode.PromoFetchActor] Freespin Received 
[2025-04-17 23:50:23.5411] [INFO] [PromoNode.PromoFetchActor] Cashback Received 
[2025-04-17 23:50:23.5481] [INFO] [PromoNode.PromoFetchActor] Race Received 
[2025-04-17 23:50:33.5520] [INFO] [PromoNode.PromoFetchActor] Freespin Received 
[2025-04-17 23:50:33.5520] [INFO] [PromoNode.PromoFetchActor] Cashback Received 
[2025-04-17 23:50:33.5692] [INFO] [PromoNode.PromoFetchActor] Race Received 
[2025-04-17 23:50:43.5589] [INFO] [PromoNode.PromoFetchActor] Freespin Received 
[2025-04-17 23:50:43.5679] [INFO] [PromoNode.PromoFetchActor] Cashback Received 
[2025-04-17 23:50:43.5931] [INFO] [PromoNode.PromoFetchActor] Race Received 
[2025-04-17 23:50:53.5750] [INFO] [PromoNode.PromoFetchActor] Freespin Received 
[2025-04-17 23:50:53.5800] [INFO] [PromoNode.PromoFetchActor] Cashback Received 
[2025-04-17 23:50:53.6070] [INFO] [PromoNode.PromoFetchActor] Race Received 
[2025-04-17 23:51:03.5926] [INFO] [PromoNode.PromoFetchActor] Freespin Received 
[2025-04-17 23:51:03.5966] [INFO] [PromoNode.PromoFetchActor] Cashback Received 
[2025-04-17 23:51:03.6247] [INFO] [PromoNode.PromoFetchActor] Race Received 
[2025-04-17 23:51:13.5987] [INFO] [PromoNode.PromoFetchActor] Freespin Received 
[2025-04-17 23:51:13.5987] [INFO] [PromoNode.PromoFetchActor] Cashback Received 
[2025-04-17 23:51:13.6291] [INFO] [PromoNode.PromoFetchActor] Race Received 
[2025-04-17 23:51:23.5340] [INFO] [PromoNode.PromoFetchActor] Tour Received 
[2025-04-17 23:51:23.6255] [INFO] [PromoNode.PromoFetchActor] Freespin Received 
[2025-04-17 23:51:23.6255] [INFO] [PromoNode.PromoFetchActor] Cashback Received 
[2025-04-17 23:51:23.6255] [INFO] [PromoNode.PromoFetchActor] Race Received 
[2025-04-17 23:51:33.6425] [INFO] [PromoNode.PromoFetchActor] Freespin Received 
[2025-04-17 23:51:33.6425] [INFO] [PromoNode.PromoFetchActor] Cashback Received 
[2025-04-17 23:51:33.6425] [INFO] [PromoNode.PromoFetchActor] Race Received 
[2025-04-17 23:51:43.6609] [INFO] [PromoNode.PromoFetchActor] Freespin Received 
[2025-04-17 23:51:43.6609] [INFO] [PromoNode.PromoFetchActor] Cashback Received 
[2025-04-17 23:51:43.6770] [INFO] [PromoNode.PromoFetchActor] Race Received 
[2025-04-17 23:51:53.6794] [INFO] [PromoNode.PromoFetchActor] Freespin Received 
[2025-04-17 23:51:53.6794] [INFO] [PromoNode.PromoFetchActor] Cashback Received 
[2025-04-17 23:51:53.6943] [INFO] [PromoNode.PromoFetchActor] Race Received 
[2025-04-17 23:52:03.6950] [INFO] [PromoNode.PromoFetchActor] Freespin Received 
[2025-04-17 23:52:03.6950] [INFO] [PromoNode.PromoFetchActor] Cashback Received 
[2025-04-17 23:52:03.7100] [INFO] [PromoNode.PromoFetchActor] Race Received 
[2025-04-17 23:52:13.6972] [INFO] [PromoNode.PromoFetchActor] Freespin Received 
[2025-04-17 23:52:13.6972] [INFO] [PromoNode.PromoFetchActor] Cashback Received 
[2025-04-17 23:52:13.7286] [INFO] [PromoNode.PromoFetchActor] Race Received 
[2025-04-17 23:52:23.5423] [INFO] [PromoNode.PromoFetchActor] Tour Received 
[2025-04-17 23:52:23.7214] [INFO] [PromoNode.PromoFetchActor] Freespin Received 
[2025-04-17 23:52:23.7214] [INFO] [PromoNode.PromoFetchActor] Cashback Received 
[2025-04-17 23:52:23.7537] [INFO] [PromoNode.PromoFetchActor] Race Received 
[2025-04-17 23:52:33.7342] [INFO] [PromoNode.PromoFetchActor] Freespin Received 
[2025-04-17 23:52:33.7382] [INFO] [PromoNode.PromoFetchActor] Cashback Received 
[2025-04-17 23:52:33.7679] [INFO] [PromoNode.PromoFetchActor] Race Received 
[2025-04-17 23:52:43.7476] [INFO] [PromoNode.PromoFetchActor] Freespin Received 
[2025-04-17 23:52:43.7625] [INFO] [PromoNode.PromoFetchActor] Cashback Received 
[2025-04-17 23:52:43.7964] [INFO] [PromoNode.PromoFetchActor] Race Received 
[2025-04-17 23:52:53.7641] [INFO] [PromoNode.PromoFetchActor] Freespin Received 
[2025-04-17 23:52:53.7791] [INFO] [PromoNode.PromoFetchActor] Cashback Received 
[2025-04-17 23:52:53.8099] [INFO] [PromoNode.PromoFetchActor] Race Received 
[2025-04-17 23:53:03.7711] [INFO] [PromoNode.PromoFetchActor] Freespin Received 
[2025-04-17 23:53:03.7951] [INFO] [PromoNode.PromoFetchActor] Cashback Received 
[2025-04-17 23:53:03.8206] [INFO] [PromoNode.PromoFetchActor] Race Received 
[2025-04-17 23:53:13.7787] [INFO] [PromoNode.PromoFetchActor] Freespin Received 
[2025-04-17 23:53:13.8117] [INFO] [PromoNode.PromoFetchActor] Cashback Received 
[2025-04-17 23:53:13.8276] [INFO] [PromoNode.PromoFetchActor] Race Received 
[2025-04-17 23:53:23.5720] [INFO] [PromoNode.PromoFetchActor] Tour Received 
[2025-04-17 23:53:23.7880] [INFO] [PromoNode.PromoFetchActor] Freespin Received 
[2025-04-17 23:53:23.8212] [INFO] [PromoNode.PromoFetchActor] Cashback Received 
[2025-04-17 23:53:23.8499] [INFO] [PromoNode.PromoFetchActor] Race Received 
[2025-04-17 23:53:33.8027] [INFO] [PromoNode.PromoFetchActor] Freespin Received 
[2025-04-17 23:53:33.8337] [INFO] [PromoNode.PromoFetchActor] Cashback Received 
[2025-04-17 23:53:33.8648] [INFO] [PromoNode.PromoFetchActor] Race Received 
[2025-04-17 23:53:43.8193] [INFO] [PromoNode.PromoFetchActor] Freespin Received 
[2025-04-17 23:53:43.8526] [INFO] [PromoNode.PromoFetchActor] Cashback Received 
[2025-04-17 23:53:43.8846] [INFO] [PromoNode.PromoFetchActor] Race Received 
[2025-04-17 23:53:53.8335] [INFO] [PromoNode.PromoFetchActor] Freespin Received 
[2025-04-17 23:53:53.8645] [INFO] [PromoNode.PromoFetchActor] Cashback Received 
[2025-04-17 23:53:53.8955] [INFO] [PromoNode.PromoFetchActor] Race Received 
[2025-04-17 23:54:03.8506] [INFO] [PromoNode.PromoFetchActor] Freespin Received 
[2025-04-17 23:54:03.8823] [INFO] [PromoNode.PromoFetchActor] Cashback Received 
[2025-04-17 23:54:03.9133] [INFO] [PromoNode.PromoFetchActor] Race Received 
[2025-04-17 23:54:13.8646] [INFO] [PromoNode.PromoFetchActor] Freespin Received 
[2025-04-17 23:54:13.8953] [INFO] [PromoNode.PromoFetchActor] Cashback Received 
[2025-04-17 23:54:13.9262] [INFO] [PromoNode.PromoFetchActor] Race Received 
[2025-04-17 23:54:23.5965] [INFO] [PromoNode.PromoFetchActor] Tour Received 
[2025-04-17 23:54:23.8721] [INFO] [PromoNode.PromoFetchActor] Freespin Received 
[2025-04-17 23:54:23.9036] [INFO] [PromoNode.PromoFetchActor] Cashback Received 
[2025-04-17 23:54:23.9505] [INFO] [PromoNode.PromoFetchActor] Race Received 
[2025-04-17 23:54:33.8894] [INFO] [PromoNode.PromoFetchActor] Freespin Received 
[2025-04-17 23:54:33.9206] [INFO] [PromoNode.PromoFetchActor] Cashback Received 
[2025-04-17 23:54:33.9666] [INFO] [PromoNode.PromoFetchActor] Race Received 
[2025-04-17 23:54:43.9149] [INFO] [PromoNode.PromoFetchActor] Freespin Received 
[2025-04-17 23:54:43.9429] [INFO] [PromoNode.PromoFetchActor] Cashback Received 
[2025-04-17 23:54:43.9901] [INFO] [PromoNode.PromoFetchActor] Race Received 
[2025-04-17 23:54:53.9201] [INFO] [PromoNode.PromoFetchActor] Freespin Received 
[2025-04-17 23:54:53.9541] [INFO] [PromoNode.PromoFetchActor] Cashback Received 
[2025-04-17 23:54:54.0151] [INFO] [PromoNode.PromoFetchActor] Race Received 
[2025-04-17 23:55:03.9378] [INFO] [PromoNode.PromoFetchActor] Freespin Received 
[2025-04-17 23:55:03.9677] [INFO] [PromoNode.PromoFetchActor] Cashback Received 
[2025-04-17 23:55:04.0322] [INFO] [PromoNode.PromoFetchActor] Race Received 
[2025-04-17 23:55:13.9561] [INFO] [PromoNode.PromoFetchActor] Freespin Received 
[2025-04-17 23:55:13.9877] [INFO] [PromoNode.PromoFetchActor] Cashback Received 
[2025-04-17 23:55:14.0499] [INFO] [PromoNode.PromoFetchActor] Race Received 
[2025-04-17 23:55:23.6149] [INFO] [PromoNode.PromoFetchActor] Tour Received 
[2025-04-17 23:55:23.9671] [INFO] [PromoNode.PromoFetchActor] Freespin Received 
[2025-04-17 23:55:24.0051] [INFO] [PromoNode.PromoFetchActor] Cashback Received 
[2025-04-17 23:55:24.0611] [INFO] [PromoNode.PromoFetchActor] Race Received 
[2025-04-17 23:55:33.9837] [INFO] [PromoNode.PromoFetchActor] Freespin Received 
[2025-04-17 23:55:34.0192] [INFO] [PromoNode.PromoFetchActor] Cashback Received 
[2025-04-17 23:55:34.0814] [INFO] [PromoNode.PromoFetchActor] Race Received 
[2025-04-17 23:55:43.9866] [INFO] [PromoNode.PromoFetchActor] Freespin Received 
[2025-04-17 23:55:44.0351] [INFO] [PromoNode.PromoFetchActor] Cashback Received 
[2025-04-17 23:55:44.0959] [INFO] [PromoNode.PromoFetchActor] Race Received 
[2025-04-17 23:55:54.0034] [INFO] [PromoNode.PromoFetchActor] Freespin Received 
[2025-04-17 23:55:54.0482] [INFO] [PromoNode.PromoFetchActor] Cashback Received 
[2025-04-17 23:55:54.1141] [INFO] [PromoNode.PromoFetchActor] Race Received 
[2025-04-17 23:56:04.0139] [INFO] [PromoNode.PromoFetchActor] Freespin Received 
[2025-04-17 23:56:04.0597] [INFO] [PromoNode.PromoFetchActor] Cashback Received 
[2025-04-17 23:56:04.1216] [INFO] [PromoNode.PromoFetchActor] Race Received 
[2025-04-17 23:56:14.0272] [INFO] [PromoNode.PromoFetchActor] Freespin Received 
[2025-04-17 23:56:14.0719] [INFO] [PromoNode.PromoFetchActor] Cashback Received 
[2025-04-17 23:56:14.1354] [INFO] [PromoNode.PromoFetchActor] Race Received 
[2025-04-17 23:56:23.6268] [INFO] [PromoNode.PromoFetchActor] Tour Received 
[2025-04-17 23:56:24.0384] [INFO] [PromoNode.PromoFetchActor] Freespin Received 
[2025-04-17 23:56:24.0864] [INFO] [PromoNode.PromoFetchActor] Cashback Received 
[2025-04-17 23:56:24.1456] [INFO] [PromoNode.PromoFetchActor] Race Received 
[2025-04-17 23:56:34.0564] [INFO] [PromoNode.PromoFetchActor] Freespin Received 
[2025-04-17 23:56:34.1034] [INFO] [PromoNode.PromoFetchActor] Cashback Received 
[2025-04-17 23:56:34.1490] [INFO] [PromoNode.PromoFetchActor] Race Received 
[2025-04-17 23:56:44.0695] [INFO] [PromoNode.PromoFetchActor] Freespin Received 
[2025-04-17 23:56:44.1177] [INFO] [PromoNode.PromoFetchActor] Cashback Received 
[2025-04-17 23:56:44.1616] [INFO] [PromoNode.PromoFetchActor] Race Received 
[2025-04-17 23:56:54.0810] [INFO] [PromoNode.PromoFetchActor] Freespin Received 
[2025-04-17 23:56:54.1445] [INFO] [PromoNode.PromoFetchActor] Cashback Received 
[2025-04-17 23:56:54.1744] [INFO] [PromoNode.PromoFetchActor] Race Received 
[2025-04-17 23:57:04.0965] [INFO] [PromoNode.PromoFetchActor] Freespin Received 
[2025-04-17 23:57:04.1554] [INFO] [PromoNode.PromoFetchActor] Cashback Received 
[2025-04-17 23:57:04.1865] [INFO] [PromoNode.PromoFetchActor] Race Received 
[2025-04-17 23:57:14.1127] [INFO] [PromoNode.PromoFetchActor] Freespin Received 
[2025-04-17 23:57:14.1591] [INFO] [PromoNode.PromoFetchActor] Cashback Received 
[2025-04-17 23:57:14.2057] [INFO] [PromoNode.PromoFetchActor] Race Received 
[2025-04-17 23:57:23.6494] [INFO] [PromoNode.PromoFetchActor] Tour Received 
[2025-04-17 23:57:24.1278] [INFO] [PromoNode.PromoFetchActor] Freespin Received 
[2025-04-17 23:57:24.1791] [INFO] [PromoNode.PromoFetchActor] Cashback Received 
[2025-04-17 23:57:24.2214] [INFO] [PromoNode.PromoFetchActor] Race Received 
[2025-04-17 23:57:34.1479] [INFO] [PromoNode.PromoFetchActor] Freespin Received 
[2025-04-17 23:57:34.1938] [INFO] [PromoNode.PromoFetchActor] Cashback Received 
[2025-04-17 23:57:34.2424] [INFO] [PromoNode.PromoFetchActor] Race Received 
[2025-04-17 23:57:44.1611] [INFO] [PromoNode.PromoFetchActor] Freespin Received 
[2025-04-17 23:57:44.2085] [INFO] [PromoNode.PromoFetchActor] Cashback Received 
[2025-04-17 23:57:44.2554] [INFO] [PromoNode.PromoFetchActor] Race Received 
[2025-04-17 23:57:54.1690] [INFO] [PromoNode.PromoFetchActor] Freespin Received 
[2025-04-17 23:57:54.2330] [INFO] [PromoNode.PromoFetchActor] Cashback Received 
[2025-04-17 23:57:54.2653] [INFO] [PromoNode.PromoFetchActor] Race Received 
[2025-04-17 23:58:04.1775] [INFO] [PromoNode.PromoFetchActor] Freespin Received 
[2025-04-17 23:58:04.2434] [INFO] [PromoNode.PromoFetchActor] Cashback Received 
[2025-04-17 23:58:04.2754] [INFO] [PromoNode.PromoFetchActor] Race Received 
[2025-04-17 23:58:14.1960] [INFO] [PromoNode.PromoFetchActor] Freespin Received 
[2025-04-17 23:58:14.2606] [INFO] [PromoNode.PromoFetchActor] Cashback Received 
[2025-04-17 23:58:14.2879] [INFO] [PromoNode.PromoFetchActor] Race Received 
[2025-04-17 23:58:23.6707] [INFO] [PromoNode.PromoFetchActor] Tour Received 
[2025-04-17 23:58:24.2123] [INFO] [PromoNode.PromoFetchActor] Freespin Received 
[2025-04-17 23:58:24.2890] [INFO] [PromoNode.PromoFetchActor] Cashback Received 
[2025-04-17 23:58:24.3028] [INFO] [PromoNode.PromoFetchActor] Race Received 
[2025-04-17 23:58:34.2198] [INFO] [PromoNode.PromoFetchActor] Freespin Received 
[2025-04-17 23:58:34.2980] [INFO] [PromoNode.PromoFetchActor] Cashback Received 
[2025-04-17 23:58:34.3144] [INFO] [PromoNode.PromoFetchActor] Race Received 
[2025-04-17 23:58:44.2377] [INFO] [PromoNode.PromoFetchActor] Freespin Received 
[2025-04-17 23:58:44.3183] [INFO] [PromoNode.PromoFetchActor] Cashback Received 
[2025-04-17 23:58:44.3345] [INFO] [PromoNode.PromoFetchActor] Race Received 
[2025-04-17 23:58:54.2524] [INFO] [PromoNode.PromoFetchActor] Freespin Received 
[2025-04-17 23:58:54.3303] [INFO] [PromoNode.PromoFetchActor] Cashback Received 
[2025-04-17 23:58:54.3483] [INFO] [PromoNode.PromoFetchActor] Race Received 
[2025-04-17 23:59:04.2868] [INFO] [PromoNode.PromoFetchActor] Freespin Received 
[2025-04-17 23:59:04.3519] [INFO] [PromoNode.PromoFetchActor] Cashback Received 
[2025-04-17 23:59:04.3669] [INFO] [PromoNode.PromoFetchActor] Race Received 
[2025-04-17 23:59:14.3077] [INFO] [PromoNode.PromoFetchActor] Freespin Received 
[2025-04-17 23:59:14.3720] [INFO] [PromoNode.PromoFetchActor] Cashback Received 
[2025-04-17 23:59:14.3881] [INFO] [PromoNode.PromoFetchActor] Race Received 
[2025-04-17 23:59:23.6958] [INFO] [PromoNode.PromoFetchActor] Tour Received 
[2025-04-17 23:59:24.3200] [INFO] [PromoNode.PromoFetchActor] Freespin Received 
[2025-04-17 23:59:24.3805] [INFO] [PromoNode.PromoFetchActor] Cashback Received 
[2025-04-17 23:59:24.3975] [INFO] [PromoNode.PromoFetchActor] Race Received 
[2025-04-17 23:59:34.3396] [INFO] [PromoNode.PromoFetchActor] Freespin Received 
[2025-04-17 23:59:34.4008] [INFO] [PromoNode.PromoFetchActor] Cashback Received 
[2025-04-17 23:59:34.4168] [INFO] [PromoNode.PromoFetchActor] Race Received 
[2025-04-17 23:59:44.3494] [INFO] [PromoNode.PromoFetchActor] Freespin Received 
[2025-04-17 23:59:44.4088] [INFO] [PromoNode.PromoFetchActor] Cashback Received 
[2025-04-17 23:59:44.4418] [INFO] [PromoNode.PromoFetchActor] Race Received 
[2025-04-17 23:59:54.3714] [INFO] [PromoNode.PromoFetchActor] Freespin Received 
[2025-04-17 23:59:54.4185] [INFO] [PromoNode.PromoFetchActor] Cashback Received 
[2025-04-17 23:59:54.4505] [INFO] [PromoNode.PromoFetchActor] Race Received 
