[2025-04-09 22:57:58.0223] [INFO] [PromoNode.PromoNodeService] Starting PromoNode Service... 
[2025-04-09 22:57:58.5893] [INFO] [remoting (akka://godgaming)] Starting remoting 
[2025-04-09 22:57:59.0854] [INFO] [remoting (akka://godgaming)] Remoting started; listening on addresses : [akka.tcp://godgaming@127.0.0.1:8093] 
[2025-04-09 22:57:59.0854] [INFO] [remoting (akka://godgaming)] Remoting now listens on addresses: [akka.tcp://godgaming@127.0.0.1:8093] 
[2025-04-09 22:57:59.1024] [INFO] [Cluster (akka://godgaming)] Cluster Node [akka.tcp://godgaming@127.0.0.1:8093] - Starting up... 
[2025-04-09 22:57:59.1474] [INFO] [Cluster (akka://godgaming)] Cluster Node [akka.tcp://godgaming@127.0.0.1:8093] - Started up successfully 
[2025-04-09 22:57:59.1764] [INFO] [PromoNode.BootstrapActor] Start Single Game Server(id:)... 
[2025-04-09 22:57:59.1764] [INFO] [PromoNode.BootstrapActor] Initializing database proxy... 
[2025-04-09 22:57:59.4504] [INFO] [PromoNode.BootstrapActor] Database Proxy has been successfully initialized. 
[2025-04-09 22:57:59.5524] [INFO] [PromoNode.PromoFetchActor] Freespin Received 
[2025-04-09 22:57:59.5524] [INFO] [PromoNode.PromoFetchActor] Tour Received 
[2025-04-09 22:57:59.5524] [INFO] [PromoNode.PromoFetchActor] Cashback Received 
[2025-04-09 22:57:59.5524] [INFO] [PromoNode.PromoFetchActor] Race Received 
[2025-04-09 22:57:59.5664] [INFO] [Cluster (akka://godgaming)] Cluster Node [akka.tcp://godgaming@127.0.0.1:8093] - Welcome from [akka.tcp://godgaming@127.0.0.1:4055] 
[2025-04-09 22:58:09.5644] [INFO] [PromoNode.PromoFetchActor] Freespin Received 
[2025-04-09 22:58:09.5836] [INFO] [PromoNode.PromoFetchActor] Cashback Received 
[2025-04-09 22:58:09.5836] [INFO] [PromoNode.PromoFetchActor] Race Received 
[2025-04-09 22:58:19.5688] [INFO] [PromoNode.PromoFetchActor] Freespin Received 
[2025-04-09 22:58:19.6038] [INFO] [PromoNode.PromoFetchActor] Cashback Received 
[2025-04-09 22:58:19.6038] [INFO] [PromoNode.PromoFetchActor] Race Received 
[2025-04-09 22:58:29.5800] [INFO] [PromoNode.PromoFetchActor] Freespin Received 
[2025-04-09 22:58:29.6120] [INFO] [PromoNode.PromoFetchActor] Cashback Received 
[2025-04-09 22:58:29.6120] [INFO] [PromoNode.PromoFetchActor] Race Received 
[2025-04-09 22:58:39.5890] [INFO] [PromoNode.PromoFetchActor] Freespin Received 
[2025-04-09 22:58:39.6220] [INFO] [PromoNode.PromoFetchActor] Race Received 
[2025-04-09 22:58:39.6220] [INFO] [PromoNode.PromoFetchActor] Cashback Received 
[2025-04-09 22:58:49.6035] [INFO] [PromoNode.PromoFetchActor] Freespin Received 
[2025-04-09 22:58:49.6365] [INFO] [PromoNode.PromoFetchActor] Cashback Received 
[2025-04-09 22:58:49.6365] [INFO] [PromoNode.PromoFetchActor] Race Received 
[2025-04-09 22:58:59.5960] [INFO] [PromoNode.PromoFetchActor] Tour Received 
[2025-04-09 22:58:59.5960] [INFO] [PromoNode.PromoFetchActor] Freespin Received 
[2025-04-09 22:58:59.6620] [INFO] [PromoNode.PromoFetchActor] Race Received 
[2025-04-09 22:58:59.6620] [INFO] [PromoNode.PromoFetchActor] Cashback Received 
[2025-04-09 22:59:09.6314] [INFO] [PromoNode.PromoFetchActor] Freespin Received 
[2025-04-09 22:59:09.6786] [INFO] [PromoNode.PromoFetchActor] Race Received 
[2025-04-09 22:59:09.6786] [INFO] [PromoNode.PromoFetchActor] Cashback Received 
[2025-04-09 22:59:19.6459] [INFO] [PromoNode.PromoFetchActor] Freespin Received 
[2025-04-09 22:59:19.7099] [INFO] [PromoNode.PromoFetchActor] Race Received 
[2025-04-09 22:59:19.7099] [INFO] [PromoNode.PromoFetchActor] Cashback Received 
[2025-04-09 22:59:29.6677] [INFO] [PromoNode.PromoFetchActor] Freespin Received 
[2025-04-09 22:59:29.7297] [INFO] [PromoNode.PromoFetchActor] Cashback Received 
[2025-04-09 22:59:29.7297] [INFO] [PromoNode.PromoFetchActor] Race Received 
[2025-04-09 22:59:39.6777] [INFO] [PromoNode.PromoFetchActor] Freespin Received 
[2025-04-09 22:59:39.7409] [INFO] [PromoNode.PromoFetchActor] Cashback Received 
[2025-04-09 22:59:39.7409] [INFO] [PromoNode.PromoFetchActor] Race Received 
[2025-04-09 22:59:49.6907] [INFO] [PromoNode.PromoFetchActor] Freespin Received 
[2025-04-09 22:59:49.7569] [INFO] [PromoNode.PromoFetchActor] Race Received 
[2025-04-09 22:59:49.7569] [INFO] [PromoNode.PromoFetchActor] Cashback Received 
[2025-04-09 22:59:59.6173] [INFO] [PromoNode.PromoFetchActor] Tour Received 
[2025-04-09 22:59:59.7063] [INFO] [PromoNode.PromoFetchActor] Freespin Received 
[2025-04-09 22:59:59.7733] [INFO] [PromoNode.PromoFetchActor] Race Received 
[2025-04-09 22:59:59.7733] [INFO] [PromoNode.PromoFetchActor] Cashback Received 
[2025-04-09 23:00:09.7212] [INFO] [PromoNode.PromoFetchActor] Freespin Received 
[2025-04-09 23:00:09.7843] [INFO] [PromoNode.PromoFetchActor] Cashback Received 
[2025-04-09 23:00:09.7843] [INFO] [PromoNode.PromoFetchActor] Race Received 
[2025-04-09 23:00:19.7383] [INFO] [PromoNode.PromoFetchActor] Freespin Received 
[2025-04-09 23:00:19.8052] [INFO] [PromoNode.PromoFetchActor] Race Received 
[2025-04-09 23:00:19.8052] [INFO] [PromoNode.PromoFetchActor] Cashback Received 
[2025-04-09 23:00:29.7506] [INFO] [PromoNode.PromoFetchActor] Freespin Received 
[2025-04-09 23:00:29.8211] [INFO] [PromoNode.PromoFetchActor] Race Received 
[2025-04-09 23:00:29.8211] [INFO] [PromoNode.PromoFetchActor] Cashback Received 
[2025-04-09 23:00:39.7603] [INFO] [PromoNode.PromoFetchActor] Freespin Received 
[2025-04-09 23:00:39.8473] [INFO] [PromoNode.PromoFetchActor] Cashback Received 
[2025-04-09 23:00:39.8614] [INFO] [PromoNode.PromoFetchActor] Race Received 
[2025-04-09 23:00:49.7799] [INFO] [PromoNode.PromoFetchActor] Freespin Received 
[2025-04-09 23:00:49.8641] [INFO] [PromoNode.PromoFetchActor] Cashback Received 
[2025-04-09 23:00:49.8641] [INFO] [PromoNode.PromoFetchActor] Race Received 
[2025-04-09 23:00:59.6373] [INFO] [PromoNode.PromoFetchActor] Tour Received 
[2025-04-09 23:00:59.7889] [INFO] [PromoNode.PromoFetchActor] Freespin Received 
[2025-04-09 23:00:59.8835] [INFO] [PromoNode.PromoFetchActor] Cashback Received 
[2025-04-09 23:00:59.8835] [INFO] [PromoNode.PromoFetchActor] Race Received 
[2025-04-09 23:01:09.8078] [INFO] [PromoNode.PromoFetchActor] Freespin Received 
[2025-04-09 23:01:09.9034] [INFO] [PromoNode.PromoFetchActor] Race Received 
[2025-04-09 23:01:09.9034] [INFO] [PromoNode.PromoFetchActor] Cashback Received 
[2025-04-09 23:01:19.8253] [INFO] [PromoNode.PromoFetchActor] Freespin Received 
[2025-04-09 23:01:19.9161] [INFO] [PromoNode.PromoFetchActor] Race Received 
[2025-04-09 23:01:19.9161] [INFO] [PromoNode.PromoFetchActor] Cashback Received 
[2025-04-09 23:01:29.8372] [INFO] [PromoNode.PromoFetchActor] Freespin Received 
[2025-04-09 23:01:29.9350] [INFO] [PromoNode.PromoFetchActor] Race Received 
[2025-04-09 23:01:29.9350] [INFO] [PromoNode.PromoFetchActor] Cashback Received 
[2025-04-09 23:01:39.8627] [INFO] [PromoNode.PromoFetchActor] Freespin Received 
[2025-04-09 23:01:39.9517] [INFO] [PromoNode.PromoFetchActor] Cashback Received 
[2025-04-09 23:01:39.9547] [INFO] [PromoNode.PromoFetchActor] Race Received 
[2025-04-09 23:01:49.8699] [INFO] [PromoNode.PromoFetchActor] Freespin Received 
[2025-04-09 23:01:49.9666] [INFO] [PromoNode.PromoFetchActor] Cashback Received 
[2025-04-09 23:01:49.9706] [INFO] [PromoNode.PromoFetchActor] Race Received 
[2025-04-09 23:01:59.6575] [INFO] [PromoNode.PromoFetchActor] Tour Received 
[2025-04-09 23:01:59.8875] [INFO] [PromoNode.PromoFetchActor] Freespin Received 
[2025-04-09 23:01:59.9884] [INFO] [PromoNode.PromoFetchActor] Cashback Received 
[2025-04-09 23:01:59.9884] [INFO] [PromoNode.PromoFetchActor] Race Received 
[2025-04-09 23:02:09.9025] [INFO] [PromoNode.PromoFetchActor] Freespin Received 
[2025-04-09 23:02:09.9987] [INFO] [PromoNode.PromoFetchActor] Race Received 
[2025-04-09 23:02:09.9987] [INFO] [PromoNode.PromoFetchActor] Cashback Received 
[2025-04-09 23:02:19.9183] [INFO] [PromoNode.PromoFetchActor] Freespin Received 
[2025-04-09 23:02:20.0112] [INFO] [PromoNode.PromoFetchActor] Race Received 
[2025-04-09 23:02:20.0112] [INFO] [PromoNode.PromoFetchActor] Cashback Received 
[2025-04-09 23:02:29.9410] [INFO] [PromoNode.PromoFetchActor] Freespin Received 
[2025-04-09 23:02:30.0322] [INFO] [PromoNode.PromoFetchActor] Race Received 
[2025-04-09 23:02:30.0332] [INFO] [PromoNode.PromoFetchActor] Cashback Received 
[2025-04-09 23:02:39.9519] [INFO] [PromoNode.PromoFetchActor] Freespin Received 
[2025-04-09 23:02:40.0792] [INFO] [PromoNode.PromoFetchActor] Cashback Received 
[2025-04-09 23:02:40.0822] [INFO] [PromoNode.PromoFetchActor] Race Received 
[2025-04-09 23:02:49.9756] [INFO] [PromoNode.PromoFetchActor] Freespin Received 
[2025-04-09 23:02:50.0919] [INFO] [PromoNode.PromoFetchActor] Race Received 
[2025-04-09 23:02:50.0919] [INFO] [PromoNode.PromoFetchActor] Cashback Received 
[2025-04-09 23:02:59.6752] [INFO] [PromoNode.PromoFetchActor] Tour Received 
[2025-04-09 23:02:59.9993] [INFO] [PromoNode.PromoFetchActor] Freespin Received 
[2025-04-09 23:03:00.1123] [INFO] [PromoNode.PromoFetchActor] Race Received 
[2025-04-09 23:03:00.1123] [INFO] [PromoNode.PromoFetchActor] Cashback Received 
[2025-04-09 23:03:10.0175] [INFO] [PromoNode.PromoFetchActor] Freespin Received 
[2025-04-09 23:03:10.1344] [INFO] [PromoNode.PromoFetchActor] Race Received 
[2025-04-09 23:03:10.1344] [INFO] [PromoNode.PromoFetchActor] Cashback Received 
[2025-04-09 23:03:20.0410] [INFO] [PromoNode.PromoFetchActor] Freespin Received 
[2025-04-09 23:03:20.1484] [INFO] [PromoNode.PromoFetchActor] Cashback Received 
[2025-04-09 23:03:20.1484] [INFO] [PromoNode.PromoFetchActor] Race Received 
[2025-04-09 23:03:30.0626] [INFO] [PromoNode.PromoFetchActor] Freespin Received 
[2025-04-09 23:03:30.1730] [INFO] [PromoNode.PromoFetchActor] Race Received 
[2025-04-09 23:03:30.1760] [INFO] [PromoNode.PromoFetchActor] Cashback Received 
[2025-04-09 23:03:40.0723] [INFO] [PromoNode.PromoFetchActor] Freespin Received 
[2025-04-09 23:03:40.1958] [INFO] [PromoNode.PromoFetchActor] Cashback Received 
[2025-04-09 23:03:40.1958] [INFO] [PromoNode.PromoFetchActor] Race Received 
[2025-04-09 23:03:50.0798] [INFO] [PromoNode.PromoFetchActor] Freespin Received 
[2025-04-09 23:03:50.2104] [INFO] [PromoNode.PromoFetchActor] Cashback Received 
[2025-04-09 23:03:50.2104] [INFO] [PromoNode.PromoFetchActor] Race Received 
[2025-04-09 23:03:59.6879] [INFO] [PromoNode.PromoFetchActor] Tour Received 
[2025-04-09 23:04:00.1003] [INFO] [PromoNode.PromoFetchActor] Freespin Received 
[2025-04-09 23:04:00.2264] [INFO] [PromoNode.PromoFetchActor] Cashback Received 
[2025-04-09 23:04:00.2424] [INFO] [PromoNode.PromoFetchActor] Race Received 
[2025-04-09 23:04:10.1092] [INFO] [PromoNode.PromoFetchActor] Freespin Received 
[2025-04-09 23:04:10.2497] [INFO] [PromoNode.PromoFetchActor] Cashback Received 
[2025-04-09 23:04:10.2517] [INFO] [PromoNode.PromoFetchActor] Race Received 
[2025-04-09 23:04:20.1214] [INFO] [PromoNode.PromoFetchActor] Freespin Received 
[2025-04-09 23:04:20.2617] [INFO] [PromoNode.PromoFetchActor] Race Received 
[2025-04-09 23:04:20.2617] [INFO] [PromoNode.PromoFetchActor] Cashback Received 
[2025-04-09 23:04:30.1271] [INFO] [PromoNode.PromoFetchActor] Freespin Received 
[2025-04-09 23:04:30.2697] [INFO] [PromoNode.PromoFetchActor] Cashback Received 
[2025-04-09 23:04:30.2697] [INFO] [PromoNode.PromoFetchActor] Race Received 
[2025-04-09 23:04:40.1496] [INFO] [PromoNode.PromoFetchActor] Freespin Received 
[2025-04-09 23:04:40.2936] [INFO] [PromoNode.PromoFetchActor] Race Received 
[2025-04-09 23:04:40.2936] [INFO] [PromoNode.PromoFetchActor] Cashback Received 
[2025-04-09 23:04:50.1586] [INFO] [PromoNode.PromoFetchActor] Freespin Received 
[2025-04-09 23:04:50.3040] [INFO] [PromoNode.PromoFetchActor] Cashback Received 
[2025-04-09 23:04:50.3040] [INFO] [PromoNode.PromoFetchActor] Race Received 
[2025-04-09 23:04:59.7071] [INFO] [PromoNode.PromoFetchActor] Tour Received 
[2025-04-09 23:05:00.1691] [INFO] [PromoNode.PromoFetchActor] Freespin Received 
[2025-04-09 23:05:00.3255] [INFO] [PromoNode.PromoFetchActor] Cashback Received 
[2025-04-09 23:05:00.3255] [INFO] [PromoNode.PromoFetchActor] Race Received 
[2025-04-09 23:05:10.1814] [INFO] [PromoNode.PromoFetchActor] Freespin Received 
[2025-04-09 23:05:10.3376] [INFO] [PromoNode.PromoFetchActor] Race Received 
[2025-04-09 23:05:10.3376] [INFO] [PromoNode.PromoFetchActor] Cashback Received 
[2025-04-09 23:05:20.1901] [INFO] [PromoNode.PromoFetchActor] Freespin Received 
[2025-04-09 23:05:20.3623] [INFO] [PromoNode.PromoFetchActor] Cashback Received 
[2025-04-09 23:05:20.3623] [INFO] [PromoNode.PromoFetchActor] Race Received 
[2025-04-09 23:05:30.2125] [INFO] [PromoNode.PromoFetchActor] Freespin Received 
[2025-04-09 23:05:30.3911] [INFO] [PromoNode.PromoFetchActor] Race Received 
[2025-04-09 23:05:30.4001] [INFO] [PromoNode.PromoFetchActor] Cashback Received 
[2025-04-09 23:05:40.2282] [INFO] [PromoNode.PromoFetchActor] Freespin Received 
[2025-04-09 23:05:40.4021] [INFO] [PromoNode.PromoFetchActor] Cashback Received 
[2025-04-09 23:05:40.4021] [INFO] [PromoNode.PromoFetchActor] Race Received 
[2025-04-09 23:05:50.2523] [INFO] [PromoNode.PromoFetchActor] Freespin Received 
[2025-04-09 23:05:50.4238] [INFO] [PromoNode.PromoFetchActor] Race Received 
[2025-04-09 23:05:50.4238] [INFO] [PromoNode.PromoFetchActor] Cashback Received 
[2025-04-09 23:05:59.7351] [INFO] [PromoNode.PromoFetchActor] Tour Received 
[2025-04-09 23:06:00.2701] [INFO] [PromoNode.PromoFetchActor] Freespin Received 
[2025-04-09 23:06:00.4492] [INFO] [PromoNode.PromoFetchActor] Race Received 
[2025-04-09 23:06:00.4492] [INFO] [PromoNode.PromoFetchActor] Cashback Received 
[2025-04-09 23:06:10.2901] [INFO] [PromoNode.PromoFetchActor] Freespin Received 
[2025-04-09 23:06:10.4594] [INFO] [PromoNode.PromoFetchActor] Race Received 
[2025-04-09 23:06:10.4594] [INFO] [PromoNode.PromoFetchActor] Cashback Received 
[2025-04-09 23:06:20.3094] [INFO] [PromoNode.PromoFetchActor] Freespin Received 
[2025-04-09 23:06:20.4927] [INFO] [PromoNode.PromoFetchActor] Race Received 
[2025-04-09 23:06:20.4927] [INFO] [PromoNode.PromoFetchActor] Cashback Received 
[2025-04-09 23:06:30.3279] [INFO] [PromoNode.PromoFetchActor] Freespin Received 
[2025-04-09 23:06:30.5168] [INFO] [PromoNode.PromoFetchActor] Race Received 
[2025-04-09 23:06:30.5228] [INFO] [PromoNode.PromoFetchActor] Cashback Received 
[2025-04-09 23:06:40.3437] [INFO] [PromoNode.PromoFetchActor] Freespin Received 
[2025-04-09 23:06:40.5420] [INFO] [PromoNode.PromoFetchActor] Cashback Received 
[2025-04-09 23:06:40.5420] [INFO] [PromoNode.PromoFetchActor] Race Received 
[2025-04-09 23:06:50.3580] [INFO] [PromoNode.PromoFetchActor] Freespin Received 
[2025-04-09 23:06:50.5647] [INFO] [PromoNode.PromoFetchActor] Race Received 
[2025-04-09 23:06:50.5647] [INFO] [PromoNode.PromoFetchActor] Cashback Received 
[2025-04-09 23:06:59.7508] [INFO] [PromoNode.PromoFetchActor] Tour Received 
[2025-04-09 23:07:00.3824] [INFO] [PromoNode.PromoFetchActor] Freespin Received 
[2025-04-09 23:07:00.5842] [INFO] [PromoNode.PromoFetchActor] Cashback Received 
[2025-04-09 23:07:00.5842] [INFO] [PromoNode.PromoFetchActor] Race Received 
[2025-04-09 23:07:10.3871] [INFO] [PromoNode.PromoFetchActor] Freespin Received 
[2025-04-09 23:07:10.5912] [INFO] [PromoNode.PromoFetchActor] Race Received 
[2025-04-09 23:07:10.5912] [INFO] [PromoNode.PromoFetchActor] Cashback Received 
[2025-04-09 23:07:20.3970] [INFO] [PromoNode.PromoFetchActor] Freespin Received 
[2025-04-09 23:07:20.5982] [INFO] [PromoNode.PromoFetchActor] Race Received 
[2025-04-09 23:07:20.5982] [INFO] [PromoNode.PromoFetchActor] Cashback Received 
[2025-04-09 23:07:30.4218] [INFO] [PromoNode.PromoFetchActor] Freespin Received 
[2025-04-09 23:07:30.6100] [INFO] [PromoNode.PromoFetchActor] Cashback Received 
[2025-04-09 23:07:30.6120] [INFO] [PromoNode.PromoFetchActor] Race Received 
[2025-04-09 23:07:40.4310] [INFO] [PromoNode.PromoFetchActor] Freespin Received 
[2025-04-09 23:07:40.6194] [INFO] [PromoNode.PromoFetchActor] Cashback Received 
[2025-04-09 23:07:40.6194] [INFO] [PromoNode.PromoFetchActor] Race Received 
[2025-04-09 23:07:50.4395] [INFO] [PromoNode.PromoFetchActor] Freespin Received 
[2025-04-09 23:07:50.6415] [INFO] [PromoNode.PromoFetchActor] Cashback Received 
[2025-04-09 23:07:50.6445] [INFO] [PromoNode.PromoFetchActor] Race Received 
[2025-04-09 23:07:59.7659] [INFO] [PromoNode.PromoFetchActor] Tour Received 
[2025-04-09 23:08:00.4502] [INFO] [PromoNode.PromoFetchActor] Freespin Received 
[2025-04-09 23:08:00.6522] [INFO] [PromoNode.PromoFetchActor] Cashback Received 
[2025-04-09 23:08:00.6522] [INFO] [PromoNode.PromoFetchActor] Race Received 
[2025-04-09 23:08:10.4626] [INFO] [PromoNode.PromoFetchActor] Freespin Received 
[2025-04-09 23:08:10.6714] [INFO] [PromoNode.PromoFetchActor] Cashback Received 
[2025-04-09 23:08:10.6744] [INFO] [PromoNode.PromoFetchActor] Race Received 
[2025-04-09 23:08:20.4882] [INFO] [PromoNode.PromoFetchActor] Freespin Received 
[2025-04-09 23:08:20.6802] [INFO] [PromoNode.PromoFetchActor] Race Received 
[2025-04-09 23:08:20.6802] [INFO] [PromoNode.PromoFetchActor] Cashback Received 
[2025-04-09 23:08:30.5109] [INFO] [PromoNode.PromoFetchActor] Freespin Received 
[2025-04-09 23:08:30.6990] [INFO] [PromoNode.PromoFetchActor] Cashback Received 
[2025-04-09 23:08:30.6990] [INFO] [PromoNode.PromoFetchActor] Race Received 
[2025-04-09 23:08:40.5193] [INFO] [PromoNode.PromoFetchActor] Freespin Received 
[2025-04-09 23:08:40.7201] [INFO] [PromoNode.PromoFetchActor] Race Received 
[2025-04-09 23:08:40.7201] [INFO] [PromoNode.PromoFetchActor] Cashback Received 
[2025-04-09 23:08:50.5289] [INFO] [PromoNode.PromoFetchActor] Freespin Received 
[2025-04-09 23:08:50.7311] [INFO] [PromoNode.PromoFetchActor] Cashback Received 
[2025-04-09 23:08:50.7311] [INFO] [PromoNode.PromoFetchActor] Race Received 
[2025-04-09 23:08:59.7935] [INFO] [PromoNode.PromoFetchActor] Tour Received 
[2025-04-09 23:09:00.5362] [INFO] [PromoNode.PromoFetchActor] Freespin Received 
[2025-04-09 23:09:00.7402] [INFO] [PromoNode.PromoFetchActor] Cashback Received 
[2025-04-09 23:09:00.7402] [INFO] [PromoNode.PromoFetchActor] Race Received 
[2025-04-09 23:09:10.5537] [INFO] [PromoNode.PromoFetchActor] Freespin Received 
[2025-04-09 23:09:10.7635] [INFO] [PromoNode.PromoFetchActor] Cashback Received 
[2025-04-09 23:09:10.7635] [INFO] [PromoNode.PromoFetchActor] Race Received 
[2025-04-09 23:09:20.5729] [INFO] [PromoNode.PromoFetchActor] Freespin Received 
[2025-04-09 23:09:20.7762] [INFO] [PromoNode.PromoFetchActor] Cashback Received 
[2025-04-09 23:09:20.7762] [INFO] [PromoNode.PromoFetchActor] Race Received 
[2025-04-09 23:09:30.5864] [INFO] [PromoNode.PromoFetchActor] Freespin Received 
[2025-04-09 23:09:30.8031] [INFO] [PromoNode.PromoFetchActor] Cashback Received 
[2025-04-09 23:09:30.8031] [INFO] [PromoNode.PromoFetchActor] Race Received 
[2025-04-09 23:09:40.6079] [INFO] [PromoNode.PromoFetchActor] Freespin Received 
[2025-04-09 23:09:40.8231] [INFO] [PromoNode.PromoFetchActor] Race Received 
[2025-04-09 23:09:40.8311] [INFO] [PromoNode.PromoFetchActor] Cashback Received 
[2025-04-09 23:09:50.6208] [INFO] [PromoNode.PromoFetchActor] Freespin Received 
[2025-04-09 23:09:50.8426] [INFO] [PromoNode.PromoFetchActor] Race Received 
[2025-04-09 23:09:50.8456] [INFO] [PromoNode.PromoFetchActor] Cashback Received 
[2025-04-09 23:09:59.8086] [INFO] [PromoNode.PromoFetchActor] Tour Received 
[2025-04-09 23:10:00.6310] [INFO] [PromoNode.PromoFetchActor] Freespin Received 
[2025-04-09 23:10:00.8644] [INFO] [PromoNode.PromoFetchActor] Race Received 
[2025-04-09 23:10:00.8644] [INFO] [PromoNode.PromoFetchActor] Cashback Received 
[2025-04-09 23:10:10.6382] [INFO] [PromoNode.PromoFetchActor] Freespin Received 
[2025-04-09 23:10:10.8702] [INFO] [PromoNode.PromoFetchActor] Cashback Received 
[2025-04-09 23:10:10.8702] [INFO] [PromoNode.PromoFetchActor] Race Received 
[2025-04-09 23:10:20.6533] [INFO] [PromoNode.PromoFetchActor] Freespin Received 
[2025-04-09 23:10:20.8954] [INFO] [PromoNode.PromoFetchActor] Race Received 
[2025-04-09 23:10:20.8954] [INFO] [PromoNode.PromoFetchActor] Cashback Received 
[2025-04-09 23:10:30.6703] [INFO] [PromoNode.PromoFetchActor] Freespin Received 
[2025-04-09 23:10:30.9046] [INFO] [PromoNode.PromoFetchActor] Race Received 
[2025-04-09 23:10:30.9222] [INFO] [PromoNode.PromoFetchActor] Cashback Received 
[2025-04-09 23:10:40.6884] [INFO] [PromoNode.PromoFetchActor] Freespin Received 
[2025-04-09 23:10:40.9221] [INFO] [PromoNode.PromoFetchActor] Race Received 
[2025-04-09 23:10:40.9348] [INFO] [PromoNode.PromoFetchActor] Cashback Received 
[2025-04-09 23:10:50.7010] [INFO] [PromoNode.PromoFetchActor] Freespin Received 
[2025-04-09 23:10:50.9331] [INFO] [PromoNode.PromoFetchActor] Race Received 
[2025-04-09 23:10:50.9481] [INFO] [PromoNode.PromoFetchActor] Cashback Received 
[2025-04-09 23:10:59.8319] [INFO] [PromoNode.PromoFetchActor] Tour Received 
[2025-04-09 23:11:00.7196] [INFO] [PromoNode.PromoFetchActor] Freespin Received 
[2025-04-09 23:11:00.9401] [INFO] [PromoNode.PromoFetchActor] Race Received 
[2025-04-09 23:11:00.9706] [INFO] [PromoNode.PromoFetchActor] Cashback Received 
[2025-04-09 23:11:10.7407] [INFO] [PromoNode.PromoFetchActor] Freespin Received 
[2025-04-09 23:11:10.9582] [INFO] [PromoNode.PromoFetchActor] Race Received 
[2025-04-09 23:11:10.9885] [INFO] [PromoNode.PromoFetchActor] Cashback Received 
[2025-04-09 23:11:20.7636] [INFO] [PromoNode.PromoFetchActor] Freespin Received 
[2025-04-09 23:11:20.9835] [INFO] [PromoNode.PromoFetchActor] Race Received 
[2025-04-09 23:11:21.0125] [INFO] [PromoNode.PromoFetchActor] Cashback Received 
[2025-04-09 23:11:30.7684] [INFO] [PromoNode.PromoFetchActor] Freespin Received 
[2025-04-09 23:11:31.0006] [INFO] [PromoNode.PromoFetchActor] Race Received 
[2025-04-09 23:11:31.0316] [INFO] [PromoNode.PromoFetchActor] Cashback Received 
[2025-04-09 23:11:40.7948] [INFO] [PromoNode.PromoFetchActor] Freespin Received 
[2025-04-09 23:11:41.0134] [INFO] [PromoNode.PromoFetchActor] Race Received 
[2025-04-09 23:11:41.0426] [INFO] [PromoNode.PromoFetchActor] Cashback Received 
[2025-04-09 23:11:50.8071] [INFO] [PromoNode.PromoFetchActor] Freespin Received 
[2025-04-09 23:11:51.0283] [INFO] [PromoNode.PromoFetchActor] Race Received 
[2025-04-09 23:11:51.0597] [INFO] [PromoNode.PromoFetchActor] Cashback Received 
[2025-04-09 23:11:59.8448] [INFO] [PromoNode.PromoFetchActor] Tour Received 
[2025-04-09 23:12:00.8298] [INFO] [PromoNode.PromoFetchActor] Freespin Received 
[2025-04-09 23:12:01.0490] [INFO] [PromoNode.PromoFetchActor] Race Received 
[2025-04-09 23:12:01.0790] [INFO] [PromoNode.PromoFetchActor] Cashback Received 
[2025-04-09 23:12:10.8470] [INFO] [PromoNode.PromoFetchActor] Freespin Received 
[2025-04-09 23:12:11.0649] [INFO] [PromoNode.PromoFetchActor] Race Received 
[2025-04-09 23:12:11.0939] [INFO] [PromoNode.PromoFetchActor] Cashback Received 
[2025-04-09 23:12:20.8701] [INFO] [PromoNode.PromoFetchActor] Freespin Received 
[2025-04-09 23:12:21.0759] [INFO] [PromoNode.PromoFetchActor] Race Received 
[2025-04-09 23:12:21.1067] [INFO] [PromoNode.PromoFetchActor] Cashback Received 
[2025-04-09 23:12:30.8798] [INFO] [PromoNode.PromoFetchActor] Freespin Received 
[2025-04-09 23:12:31.0835] [INFO] [PromoNode.PromoFetchActor] Race Received 
[2025-04-09 23:12:31.1271] [INFO] [PromoNode.PromoFetchActor] Cashback Received 
[2025-04-09 23:12:40.8954] [INFO] [PromoNode.PromoFetchActor] Freespin Received 
[2025-04-09 23:12:41.0925] [INFO] [PromoNode.PromoFetchActor] Race Received 
[2025-04-09 23:12:41.1519] [INFO] [PromoNode.PromoFetchActor] Cashback Received 
[2025-04-09 23:12:50.9102] [INFO] [PromoNode.PromoFetchActor] Freespin Received 
[2025-04-09 23:12:51.1143] [INFO] [PromoNode.PromoFetchActor] Race Received 
[2025-04-09 23:12:51.1584] [INFO] [PromoNode.PromoFetchActor] Cashback Received 
[2025-04-09 23:12:59.8614] [INFO] [PromoNode.PromoFetchActor] Tour Received 
[2025-04-09 23:13:00.9294] [INFO] [PromoNode.PromoFetchActor] Freespin Received 
[2025-04-09 23:13:01.1192] [INFO] [PromoNode.PromoFetchActor] Race Received 
[2025-04-09 23:13:01.1822] [INFO] [PromoNode.PromoFetchActor] Cashback Received 
[2025-04-09 23:13:10.9394] [INFO] [PromoNode.PromoFetchActor] Freespin Received 
[2025-04-09 23:13:11.1412] [INFO] [PromoNode.PromoFetchActor] Race Received 
[2025-04-09 23:13:11.1889] [INFO] [PromoNode.PromoFetchActor] Cashback Received 
[2025-04-09 23:13:20.9521] [INFO] [PromoNode.PromoFetchActor] Freespin Received 
[2025-04-09 23:13:21.1547] [INFO] [PromoNode.PromoFetchActor] Race Received 
[2025-04-09 23:13:21.2126] [INFO] [PromoNode.PromoFetchActor] Cashback Received 
[2025-04-09 23:13:30.9586] [INFO] [PromoNode.PromoFetchActor] Freespin Received 
[2025-04-09 23:13:31.1601] [INFO] [PromoNode.PromoFetchActor] Race Received 
[2025-04-09 23:13:31.2227] [INFO] [PromoNode.PromoFetchActor] Cashback Received 
[2025-04-09 23:13:40.9894] [INFO] [PromoNode.PromoFetchActor] Freespin Received 
[2025-04-09 23:13:41.1920] [INFO] [PromoNode.PromoFetchActor] Race Received 
[2025-04-09 23:13:41.2442] [INFO] [PromoNode.PromoFetchActor] Cashback Received 
[2025-04-09 23:13:51.0088] [INFO] [PromoNode.PromoFetchActor] Freespin Received 
[2025-04-09 23:13:51.2166] [INFO] [PromoNode.PromoFetchActor] Race Received 
[2025-04-09 23:13:51.2573] [INFO] [PromoNode.PromoFetchActor] Cashback Received 
[2025-04-09 23:13:59.8879] [INFO] [PromoNode.PromoFetchActor] Tour Received 
[2025-04-09 23:14:01.0226] [INFO] [PromoNode.PromoFetchActor] Freespin Received 
[2025-04-09 23:14:01.2474] [INFO] [PromoNode.PromoFetchActor] Race Received 
[2025-04-09 23:14:01.2717] [INFO] [PromoNode.PromoFetchActor] Cashback Received 
[2025-04-09 23:14:11.0324] [INFO] [PromoNode.PromoFetchActor] Freespin Received 
[2025-04-09 23:14:11.2659] [INFO] [PromoNode.PromoFetchActor] Race Received 
[2025-04-09 23:14:11.2812] [INFO] [PromoNode.PromoFetchActor] Cashback Received 
[2025-04-09 23:14:21.0501] [INFO] [PromoNode.PromoFetchActor] Freespin Received 
[2025-04-09 23:14:21.2838] [INFO] [PromoNode.PromoFetchActor] Race Received 
[2025-04-09 23:14:21.3028] [INFO] [PromoNode.PromoFetchActor] Cashback Received 
[2025-04-09 23:14:31.0634] [INFO] [PromoNode.PromoFetchActor] Freespin Received 
[2025-04-09 23:14:31.3047] [INFO] [PromoNode.PromoFetchActor] Race Received 
[2025-04-09 23:14:31.3157] [INFO] [PromoNode.PromoFetchActor] Cashback Received 
[2025-04-09 23:14:41.0805] [INFO] [PromoNode.PromoFetchActor] Freespin Received 
[2025-04-09 23:14:41.3126] [INFO] [PromoNode.PromoFetchActor] Race Received 
[2025-04-09 23:14:41.3416] [INFO] [PromoNode.PromoFetchActor] Cashback Received 
[2025-04-09 23:14:51.1008] [INFO] [PromoNode.PromoFetchActor] Freespin Received 
[2025-04-09 23:14:51.3369] [INFO] [PromoNode.PromoFetchActor] Race Received 
[2025-04-09 23:14:51.3618] [INFO] [PromoNode.PromoFetchActor] Cashback Received 
[2025-04-09 23:14:59.9027] [INFO] [PromoNode.PromoFetchActor] Tour Received 
[2025-04-09 23:15:01.1089] [INFO] [PromoNode.PromoFetchActor] Freespin Received 
[2025-04-09 23:15:01.3661] [INFO] [PromoNode.PromoFetchActor] Race Received 
[2025-04-09 23:15:01.3793] [INFO] [PromoNode.PromoFetchActor] Cashback Received 
[2025-04-09 23:15:11.1167] [INFO] [PromoNode.PromoFetchActor] Freespin Received 
[2025-04-09 23:15:11.3814] [INFO] [PromoNode.PromoFetchActor] Race Received 
[2025-04-09 23:15:11.3944] [INFO] [PromoNode.PromoFetchActor] Cashback Received 
[2025-04-09 23:15:21.1337] [INFO] [PromoNode.PromoFetchActor] Freespin Received 
[2025-04-09 23:15:21.4064] [INFO] [PromoNode.PromoFetchActor] Race Received 
[2025-04-09 23:15:21.4144] [INFO] [PromoNode.PromoFetchActor] Cashback Received 
[2025-04-09 23:15:31.1501] [INFO] [PromoNode.PromoFetchActor] Freespin Received 
[2025-04-09 23:15:31.4332] [INFO] [PromoNode.PromoFetchActor] Race Received 
[2025-04-09 23:15:31.4332] [INFO] [PromoNode.PromoFetchActor] Cashback Received 
[2025-04-09 23:15:41.1595] [INFO] [PromoNode.PromoFetchActor] Freespin Received 
[2025-04-09 23:15:41.4445] [INFO] [PromoNode.PromoFetchActor] Cashback Received 
[2025-04-09 23:15:41.4445] [INFO] [PromoNode.PromoFetchActor] Race Received 
[2025-04-09 23:15:51.1812] [INFO] [PromoNode.PromoFetchActor] Freespin Received 
[2025-04-09 23:15:51.4596] [INFO] [PromoNode.PromoFetchActor] Cashback Received 
[2025-04-09 23:15:51.4596] [INFO] [PromoNode.PromoFetchActor] Race Received 
[2025-04-09 23:15:59.9158] [INFO] [PromoNode.PromoFetchActor] Tour Received 
[2025-04-09 23:16:01.1962] [INFO] [PromoNode.PromoFetchActor] Freespin Received 
[2025-04-09 23:16:01.4785] [INFO] [PromoNode.PromoFetchActor] Race Received 
[2025-04-09 23:16:01.4785] [INFO] [PromoNode.PromoFetchActor] Cashback Received 
[2025-04-09 23:16:11.2396] [INFO] [PromoNode.PromoFetchActor] Freespin Received 
[2025-04-09 23:16:11.4970] [INFO] [PromoNode.PromoFetchActor] Race Received 
[2025-04-09 23:16:11.4970] [INFO] [PromoNode.PromoFetchActor] Cashback Received 
[2025-04-09 23:16:21.2470] [INFO] [PromoNode.PromoFetchActor] Freespin Received 
[2025-04-09 23:16:21.5145] [INFO] [PromoNode.PromoFetchActor] Race Received 
[2025-04-09 23:16:21.5175] [INFO] [PromoNode.PromoFetchActor] Cashback Received 
[2025-04-09 23:16:31.2615] [INFO] [PromoNode.PromoFetchActor] Freespin Received 
[2025-04-09 23:16:31.5303] [INFO] [PromoNode.PromoFetchActor] Cashback Received 
[2025-04-09 23:16:31.5303] [INFO] [PromoNode.PromoFetchActor] Race Received 
[2025-04-09 23:16:41.2755] [INFO] [PromoNode.PromoFetchActor] Freespin Received 
[2025-04-09 23:16:41.5525] [INFO] [PromoNode.PromoFetchActor] Race Received 
[2025-04-09 23:16:41.5525] [INFO] [PromoNode.PromoFetchActor] Cashback Received 
[2025-04-09 23:16:51.2863] [INFO] [PromoNode.PromoFetchActor] Freespin Received 
[2025-04-09 23:16:51.5694] [INFO] [PromoNode.PromoFetchActor] Cashback Received 
[2025-04-09 23:16:51.5694] [INFO] [PromoNode.PromoFetchActor] Race Received 
[2025-04-09 23:16:59.9306] [INFO] [PromoNode.PromoFetchActor] Tour Received 
[2025-04-09 23:17:01.3120] [INFO] [PromoNode.PromoFetchActor] Freespin Received 
[2025-04-09 23:17:01.5938] [INFO] [PromoNode.PromoFetchActor] Race Received 
[2025-04-09 23:17:01.5958] [INFO] [PromoNode.PromoFetchActor] Cashback Received 
[2025-04-09 23:17:11.3314] [INFO] [PromoNode.PromoFetchActor] Freespin Received 
[2025-04-09 23:17:11.6128] [INFO] [PromoNode.PromoFetchActor] Cashback Received 
[2025-04-09 23:17:11.6128] [INFO] [PromoNode.PromoFetchActor] Race Received 
[2025-04-09 23:17:21.3410] [INFO] [PromoNode.PromoFetchActor] Freespin Received 
[2025-04-09 23:17:21.6370] [INFO] [PromoNode.PromoFetchActor] Race Received 
[2025-04-09 23:17:21.6370] [INFO] [PromoNode.PromoFetchActor] Cashback Received 
[2025-04-09 23:17:31.3640] [INFO] [PromoNode.PromoFetchActor] Freespin Received 
[2025-04-09 23:17:31.6609] [INFO] [PromoNode.PromoFetchActor] Cashback Received 
[2025-04-09 23:17:31.6609] [INFO] [PromoNode.PromoFetchActor] Race Received 
[2025-04-09 23:17:41.3789] [INFO] [PromoNode.PromoFetchActor] Freespin Received 
[2025-04-09 23:17:41.6762] [INFO] [PromoNode.PromoFetchActor] Race Received 
[2025-04-09 23:17:41.6762] [INFO] [PromoNode.PromoFetchActor] Cashback Received 
[2025-04-09 23:17:51.3975] [INFO] [PromoNode.PromoFetchActor] Freespin Received 
[2025-04-09 23:17:51.6919] [INFO] [PromoNode.PromoFetchActor] Cashback Received 
[2025-04-09 23:17:51.6919] [INFO] [PromoNode.PromoFetchActor] Race Received 
[2025-04-09 23:17:59.9472] [INFO] [PromoNode.PromoFetchActor] Tour Received 
[2025-04-09 23:18:01.4083] [INFO] [PromoNode.PromoFetchActor] Freespin Received 
[2025-04-09 23:18:01.7147] [INFO] [PromoNode.PromoFetchActor] Race Received 
[2025-04-09 23:18:01.7147] [INFO] [PromoNode.PromoFetchActor] Cashback Received 
[2025-04-09 23:18:11.4245] [INFO] [PromoNode.PromoFetchActor] Freespin Received 
[2025-04-09 23:18:11.7256] [INFO] [PromoNode.PromoFetchActor] Race Received 
[2025-04-09 23:18:11.7386] [INFO] [PromoNode.PromoFetchActor] Cashback Received 
[2025-04-09 23:18:21.4343] [INFO] [PromoNode.PromoFetchActor] Freespin Received 
[2025-04-09 23:18:21.7334] [INFO] [PromoNode.PromoFetchActor] Race Received 
[2025-04-09 23:18:21.7605] [INFO] [PromoNode.PromoFetchActor] Cashback Received 
[2025-04-09 23:18:31.4475] [INFO] [PromoNode.PromoFetchActor] Freespin Received 
[2025-04-09 23:18:31.7371] [INFO] [PromoNode.PromoFetchActor] Race Received 
[2025-04-09 23:18:31.7682] [INFO] [PromoNode.PromoFetchActor] Cashback Received 
[2025-04-09 23:18:41.4573] [INFO] [PromoNode.PromoFetchActor] Freespin Received 
[2025-04-09 23:18:41.7512] [INFO] [PromoNode.PromoFetchActor] Race Received 
[2025-04-09 23:18:41.7820] [INFO] [PromoNode.PromoFetchActor] Cashback Received 
[2025-04-09 23:18:51.4729] [INFO] [PromoNode.PromoFetchActor] Freespin Received 
[2025-04-09 23:18:51.7731] [INFO] [PromoNode.PromoFetchActor] Race Received 
[2025-04-09 23:18:51.8044] [INFO] [PromoNode.PromoFetchActor] Cashback Received 
[2025-04-09 23:18:59.9754] [INFO] [PromoNode.PromoFetchActor] Tour Received 
[2025-04-09 23:19:01.4870] [INFO] [PromoNode.PromoFetchActor] Freespin Received 
[2025-04-09 23:19:01.7829] [INFO] [PromoNode.PromoFetchActor] Race Received 
[2025-04-09 23:19:01.8199] [INFO] [PromoNode.PromoFetchActor] Cashback Received 
[2025-04-09 23:19:11.5076] [INFO] [PromoNode.PromoFetchActor] Freespin Received 
[2025-04-09 23:19:11.8075] [INFO] [PromoNode.PromoFetchActor] Race Received 
[2025-04-09 23:19:11.8365] [INFO] [PromoNode.PromoFetchActor] Cashback Received 
[2025-04-09 23:19:21.5184] [INFO] [PromoNode.PromoFetchActor] Freespin Received 
[2025-04-09 23:19:21.8293] [INFO] [PromoNode.PromoFetchActor] Race Received 
[2025-04-09 23:19:21.8613] [INFO] [PromoNode.PromoFetchActor] Cashback Received 
[2025-04-09 23:19:31.5278] [INFO] [PromoNode.PromoFetchActor] Freespin Received 
[2025-04-09 23:19:31.8563] [INFO] [PromoNode.PromoFetchActor] Race Received 
[2025-04-09 23:19:31.8723] [INFO] [PromoNode.PromoFetchActor] Cashback Received 
[2025-04-09 23:19:41.5462] [INFO] [PromoNode.PromoFetchActor] Freespin Received 
[2025-04-09 23:19:41.8749] [INFO] [PromoNode.PromoFetchActor] Race Received 
[2025-04-09 23:19:41.8879] [INFO] [PromoNode.PromoFetchActor] Cashback Received 
[2025-04-09 23:19:51.5711] [INFO] [PromoNode.PromoFetchActor] Freespin Received 
[2025-04-09 23:19:51.8809] [INFO] [PromoNode.PromoFetchActor] Race Received 
[2025-04-09 23:19:51.9135] [INFO] [PromoNode.PromoFetchActor] Cashback Received 
[2025-04-09 23:19:59.9843] [INFO] [PromoNode.PromoFetchActor] Tour Received 
[2025-04-09 23:20:01.5801] [INFO] [PromoNode.PromoFetchActor] Freespin Received 
[2025-04-09 23:20:01.8891] [INFO] [PromoNode.PromoFetchActor] Race Received 
[2025-04-09 23:20:01.9239] [INFO] [PromoNode.PromoFetchActor] Cashback Received 
[2025-04-09 23:20:11.6010] [INFO] [PromoNode.PromoFetchActor] Freespin Received 
[2025-04-09 23:20:11.9161] [INFO] [PromoNode.PromoFetchActor] Race Received 
[2025-04-09 23:20:11.9398] [INFO] [PromoNode.PromoFetchActor] Cashback Received 
[2025-04-09 23:20:21.6261] [INFO] [PromoNode.PromoFetchActor] Freespin Received 
[2025-04-09 23:20:21.9370] [INFO] [PromoNode.PromoFetchActor] Race Received 
[2025-04-09 23:20:21.9510] [INFO] [PromoNode.PromoFetchActor] Cashback Received 
[2025-04-09 23:20:31.6516] [INFO] [PromoNode.PromoFetchActor] Freespin Received 
[2025-04-09 23:20:31.9624] [INFO] [PromoNode.PromoFetchActor] Race Received 
[2025-04-09 23:20:31.9624] [INFO] [PromoNode.PromoFetchActor] Cashback Received 
[2025-04-09 23:20:41.6641] [INFO] [PromoNode.PromoFetchActor] Freespin Received 
[2025-04-09 23:20:41.9764] [INFO] [PromoNode.PromoFetchActor] Race Received 
[2025-04-09 23:20:41.9764] [INFO] [PromoNode.PromoFetchActor] Cashback Received 
[2025-04-09 23:20:51.6760] [INFO] [PromoNode.PromoFetchActor] Freespin Received 
[2025-04-09 23:20:51.9894] [INFO] [PromoNode.PromoFetchActor] Race Received 
[2025-04-09 23:20:51.9894] [INFO] [PromoNode.PromoFetchActor] Cashback Received 
[2025-04-09 23:21:00.0078] [INFO] [PromoNode.PromoFetchActor] Tour Received 
[2025-04-09 23:21:01.7011] [INFO] [PromoNode.PromoFetchActor] Freespin Received 
[2025-04-09 23:21:02.0084] [INFO] [PromoNode.PromoFetchActor] Race Received 
[2025-04-09 23:21:02.0084] [INFO] [PromoNode.PromoFetchActor] Cashback Received 
[2025-04-09 23:21:11.7321] [INFO] [PromoNode.PromoFetchActor] Freespin Received 
[2025-04-09 23:21:12.0284] [INFO] [PromoNode.PromoFetchActor] Cashback Received 
[2025-04-09 23:21:12.0335] [INFO] [PromoNode.PromoFetchActor] Race Received 
[2025-04-09 23:21:21.7406] [INFO] [PromoNode.PromoFetchActor] Freespin Received 
[2025-04-09 23:21:22.0564] [INFO] [PromoNode.PromoFetchActor] Race Received 
[2025-04-09 23:21:22.0564] [INFO] [PromoNode.PromoFetchActor] Cashback Received 
[2025-04-09 23:21:31.7548] [INFO] [PromoNode.PromoFetchActor] Freespin Received 
[2025-04-09 23:21:32.0742] [INFO] [PromoNode.PromoFetchActor] Cashback Received 
[2025-04-09 23:21:32.0742] [INFO] [PromoNode.PromoFetchActor] Race Received 
[2025-04-09 23:21:41.7694] [INFO] [PromoNode.PromoFetchActor] Freespin Received 
[2025-04-09 23:21:42.0801] [INFO] [PromoNode.PromoFetchActor] Cashback Received 
[2025-04-09 23:21:42.0801] [INFO] [PromoNode.PromoFetchActor] Race Received 
[2025-04-09 23:21:51.7934] [INFO] [PromoNode.PromoFetchActor] Freespin Received 
[2025-04-09 23:21:52.1027] [INFO] [PromoNode.PromoFetchActor] Cashback Received 
[2025-04-09 23:21:52.1027] [INFO] [PromoNode.PromoFetchActor] Race Received 
[2025-04-09 23:22:00.0245] [INFO] [PromoNode.PromoFetchActor] Tour Received 
[2025-04-09 23:22:01.8049] [INFO] [PromoNode.PromoFetchActor] Freespin Received 
[2025-04-09 23:22:02.1182] [INFO] [PromoNode.PromoFetchActor] Cashback Received 
[2025-04-09 23:22:02.1182] [INFO] [PromoNode.PromoFetchActor] Race Received 
[2025-04-09 23:22:11.8495] [INFO] [PromoNode.PromoFetchActor] Freespin Received 
[2025-04-09 23:22:12.1278] [INFO] [PromoNode.PromoFetchActor] Cashback Received 
[2025-04-09 23:22:12.1278] [INFO] [PromoNode.PromoFetchActor] Race Received 
[2025-04-09 23:22:21.8601] [INFO] [PromoNode.PromoFetchActor] Freespin Received 
[2025-04-09 23:22:22.1496] [INFO] [PromoNode.PromoFetchActor] Cashback Received 
[2025-04-09 23:22:22.1496] [INFO] [PromoNode.PromoFetchActor] Race Received 
[2025-04-09 23:22:31.8686] [INFO] [PromoNode.PromoFetchActor] Freespin Received 
[2025-04-09 23:22:32.1646] [INFO] [PromoNode.PromoFetchActor] Cashback Received 
[2025-04-09 23:22:32.1646] [INFO] [PromoNode.PromoFetchActor] Race Received 
[2025-04-09 23:22:41.8816] [INFO] [PromoNode.PromoFetchActor] Freespin Received 
[2025-04-09 23:22:42.1802] [INFO] [PromoNode.PromoFetchActor] Cashback Received 
[2025-04-09 23:22:42.1892] [INFO] [PromoNode.PromoFetchActor] Race Received 
[2025-04-09 23:22:51.8930] [INFO] [PromoNode.PromoFetchActor] Freespin Received 
[2025-04-09 23:22:52.2273] [INFO] [PromoNode.PromoFetchActor] Race Received 
[2025-04-09 23:22:52.2273] [INFO] [PromoNode.PromoFetchActor] Cashback Received 
[2025-04-09 23:23:00.0363] [INFO] [PromoNode.PromoFetchActor] Tour Received 
[2025-04-09 23:23:01.9060] [INFO] [PromoNode.PromoFetchActor] Freespin Received 
[2025-04-09 23:23:02.2513] [INFO] [PromoNode.PromoFetchActor] Cashback Received 
[2025-04-09 23:23:02.2513] [INFO] [PromoNode.PromoFetchActor] Race Received 
[2025-04-09 23:23:11.9182] [INFO] [PromoNode.PromoFetchActor] Freespin Received 
[2025-04-09 23:23:12.2592] [INFO] [PromoNode.PromoFetchActor] Cashback Received 
[2025-04-09 23:23:12.2592] [INFO] [PromoNode.PromoFetchActor] Race Received 
[2025-04-09 23:23:21.9428] [INFO] [PromoNode.PromoFetchActor] Freespin Received 
[2025-04-09 23:23:22.2720] [INFO] [PromoNode.PromoFetchActor] Cashback Received 
[2025-04-09 23:23:22.2720] [INFO] [PromoNode.PromoFetchActor] Race Received 
[2025-04-09 23:23:31.9581] [INFO] [PromoNode.PromoFetchActor] Freespin Received 
[2025-04-09 23:23:32.2925] [INFO] [PromoNode.PromoFetchActor] Race Received 
[2025-04-09 23:23:32.2925] [INFO] [PromoNode.PromoFetchActor] Cashback Received 
[2025-04-09 23:23:41.9857] [INFO] [PromoNode.PromoFetchActor] Freespin Received 
[2025-04-09 23:23:42.3120] [INFO] [PromoNode.PromoFetchActor] Race Received 
[2025-04-09 23:23:42.3140] [INFO] [PromoNode.PromoFetchActor] Cashback Received 
[2025-04-09 23:23:51.9903] [INFO] [PromoNode.PromoFetchActor] Freespin Received 
[2025-04-09 23:23:52.3365] [INFO] [PromoNode.PromoFetchActor] Race Received 
[2025-04-09 23:23:52.3365] [INFO] [PromoNode.PromoFetchActor] Cashback Received 
[2025-04-09 23:24:00.0623] [INFO] [PromoNode.PromoFetchActor] Tour Received 
[2025-04-09 23:24:02.0074] [INFO] [PromoNode.PromoFetchActor] Freespin Received 
[2025-04-09 23:24:02.3493] [INFO] [PromoNode.PromoFetchActor] Race Received 
[2025-04-09 23:24:02.3493] [INFO] [PromoNode.PromoFetchActor] Cashback Received 
[2025-04-09 23:24:12.0254] [INFO] [PromoNode.PromoFetchActor] Freespin Received 
[2025-04-09 23:24:12.3703] [INFO] [PromoNode.PromoFetchActor] Race Received 
[2025-04-09 23:24:12.3703] [INFO] [PromoNode.PromoFetchActor] Cashback Received 
[2025-04-09 23:24:22.0307] [INFO] [PromoNode.PromoFetchActor] Freespin Received 
[2025-04-09 23:24:22.3942] [INFO] [PromoNode.PromoFetchActor] Race Received 
[2025-04-09 23:24:22.3942] [INFO] [PromoNode.PromoFetchActor] Cashback Received 
[2025-04-09 23:24:32.0412] [INFO] [PromoNode.PromoFetchActor] Freespin Received 
[2025-04-09 23:24:32.4093] [INFO] [PromoNode.PromoFetchActor] Race Received 
[2025-04-09 23:24:32.4093] [INFO] [PromoNode.PromoFetchActor] Cashback Received 
[2025-04-09 23:24:42.0504] [INFO] [PromoNode.PromoFetchActor] Freespin Received 
[2025-04-09 23:24:42.4276] [INFO] [PromoNode.PromoFetchActor] Race Received 
[2025-04-09 23:24:42.4276] [INFO] [PromoNode.PromoFetchActor] Cashback Received 
[2025-04-09 23:24:52.0723] [INFO] [PromoNode.PromoFetchActor] Freespin Received 
[2025-04-09 23:24:52.4411] [INFO] [PromoNode.PromoFetchActor] Cashback Received 
[2025-04-09 23:24:52.4411] [INFO] [PromoNode.PromoFetchActor] Race Received 
[2025-04-09 23:25:00.0718] [INFO] [PromoNode.PromoFetchActor] Tour Received 
[2025-04-09 23:25:02.0852] [INFO] [PromoNode.PromoFetchActor] Freespin Received 
[2025-04-09 23:25:02.4569] [INFO] [PromoNode.PromoFetchActor] Cashback Received 
[2025-04-09 23:25:02.4569] [INFO] [PromoNode.PromoFetchActor] Race Received 
[2025-04-09 23:25:12.0927] [INFO] [PromoNode.PromoFetchActor] Freespin Received 
[2025-04-09 23:25:12.4768] [INFO] [PromoNode.PromoFetchActor] Cashback Received 
[2025-04-09 23:25:12.4768] [INFO] [PromoNode.PromoFetchActor] Race Received 
[2025-04-09 23:25:22.1118] [INFO] [PromoNode.PromoFetchActor] Freespin Received 
[2025-04-09 23:25:22.4910] [INFO] [PromoNode.PromoFetchActor] Race Received 
[2025-04-09 23:25:22.4910] [INFO] [PromoNode.PromoFetchActor] Cashback Received 
[2025-04-09 23:25:32.1190] [INFO] [PromoNode.PromoFetchActor] Freespin Received 
[2025-04-09 23:25:32.5080] [INFO] [PromoNode.PromoFetchActor] Cashback Received 
[2025-04-09 23:25:32.5080] [INFO] [PromoNode.PromoFetchActor] Race Received 
[2025-04-09 23:25:42.1351] [INFO] [PromoNode.PromoFetchActor] Freespin Received 
[2025-04-09 23:25:42.5287] [INFO] [PromoNode.PromoFetchActor] Race Received 
[2025-04-09 23:25:42.5327] [INFO] [PromoNode.PromoFetchActor] Cashback Received 
[2025-04-09 23:25:52.1437] [INFO] [PromoNode.PromoFetchActor] Freespin Received 
[2025-04-09 23:25:52.5495] [INFO] [PromoNode.PromoFetchActor] Cashback Received 
[2025-04-09 23:25:52.5495] [INFO] [PromoNode.PromoFetchActor] Race Received 
[2025-04-09 23:26:00.0847] [INFO] [PromoNode.PromoFetchActor] Tour Received 
[2025-04-09 23:26:02.1560] [INFO] [PromoNode.PromoFetchActor] Freespin Received 
[2025-04-09 23:26:02.5774] [INFO] [PromoNode.PromoFetchActor] Cashback Received 
[2025-04-09 23:26:02.5804] [INFO] [PromoNode.PromoFetchActor] Race Received 
[2025-04-09 23:26:12.1774] [INFO] [PromoNode.PromoFetchActor] Freespin Received 
[2025-04-09 23:26:12.5995] [INFO] [PromoNode.PromoFetchActor] Cashback Received 
[2025-04-09 23:26:12.5995] [INFO] [PromoNode.PromoFetchActor] Race Received 
[2025-04-09 23:26:22.1879] [INFO] [PromoNode.PromoFetchActor] Freespin Received 
[2025-04-09 23:26:22.6142] [INFO] [PromoNode.PromoFetchActor] Cashback Received 
[2025-04-09 23:26:22.6142] [INFO] [PromoNode.PromoFetchActor] Race Received 
[2025-04-09 23:26:32.2085] [INFO] [PromoNode.PromoFetchActor] Freespin Received 
[2025-04-09 23:26:32.6281] [INFO] [PromoNode.PromoFetchActor] Cashback Received 
[2025-04-09 23:26:32.6281] [INFO] [PromoNode.PromoFetchActor] Race Received 
[2025-04-09 23:26:42.2169] [INFO] [PromoNode.PromoFetchActor] Freespin Received 
[2025-04-09 23:26:42.6512] [INFO] [PromoNode.PromoFetchActor] Race Received 
[2025-04-09 23:26:42.6512] [INFO] [PromoNode.PromoFetchActor] Cashback Received 
[2025-04-09 23:26:52.2349] [INFO] [PromoNode.PromoFetchActor] Freespin Received 
[2025-04-09 23:26:52.6699] [INFO] [PromoNode.PromoFetchActor] Cashback Received 
[2025-04-09 23:26:52.6699] [INFO] [PromoNode.PromoFetchActor] Race Received 
[2025-04-09 23:27:00.0946] [INFO] [PromoNode.PromoFetchActor] Tour Received 
[2025-04-09 23:27:02.2381] [INFO] [PromoNode.PromoFetchActor] Freespin Received 
[2025-04-09 23:27:02.6925] [INFO] [PromoNode.PromoFetchActor] Race Received 
[2025-04-09 23:27:02.6925] [INFO] [PromoNode.PromoFetchActor] Cashback Received 
[2025-04-09 23:27:12.2569] [INFO] [PromoNode.PromoFetchActor] Freespin Received 
[2025-04-09 23:27:12.7427] [INFO] [PromoNode.PromoFetchActor] Cashback Received 
[2025-04-09 23:27:12.7427] [INFO] [PromoNode.PromoFetchActor] Race Received 
[2025-04-09 23:27:22.2826] [INFO] [PromoNode.PromoFetchActor] Freespin Received 
[2025-04-09 23:27:22.7510] [INFO] [PromoNode.PromoFetchActor] Cashback Received 
[2025-04-09 23:27:22.7550] [INFO] [PromoNode.PromoFetchActor] Race Received 
[2025-04-09 23:27:32.2906] [INFO] [PromoNode.PromoFetchActor] Freespin Received 
[2025-04-09 23:27:32.7727] [INFO] [PromoNode.PromoFetchActor] Cashback Received 
[2025-04-09 23:27:32.7727] [INFO] [PromoNode.PromoFetchActor] Race Received 
[2025-04-09 23:27:42.3123] [INFO] [PromoNode.PromoFetchActor] Freespin Received 
[2025-04-09 23:27:42.7912] [INFO] [PromoNode.PromoFetchActor] Race Received 
[2025-04-09 23:27:42.7912] [INFO] [PromoNode.PromoFetchActor] Cashback Received 
[2025-04-09 23:27:52.3221] [INFO] [PromoNode.PromoFetchActor] Freespin Received 
[2025-04-09 23:27:52.8042] [INFO] [PromoNode.PromoFetchActor] Race Received 
[2025-04-09 23:27:52.8042] [INFO] [PromoNode.PromoFetchActor] Cashback Received 
[2025-04-09 23:28:00.1149] [INFO] [PromoNode.PromoFetchActor] Tour Received 
[2025-04-09 23:28:02.3381] [INFO] [PromoNode.PromoFetchActor] Freespin Received 
[2025-04-09 23:28:02.8260] [INFO] [PromoNode.PromoFetchActor] Race Received 
[2025-04-09 23:28:02.8330] [INFO] [PromoNode.PromoFetchActor] Cashback Received 
[2025-04-09 23:28:12.3549] [INFO] [PromoNode.PromoFetchActor] Freespin Received 
[2025-04-09 23:28:12.8367] [INFO] [PromoNode.PromoFetchActor] Race Received 
[2025-04-09 23:28:12.8467] [INFO] [PromoNode.PromoFetchActor] Cashback Received 
[2025-04-09 23:28:22.3634] [INFO] [PromoNode.PromoFetchActor] Freespin Received 
[2025-04-09 23:28:22.8611] [INFO] [PromoNode.PromoFetchActor] Cashback Received 
[2025-04-09 23:28:22.8611] [INFO] [PromoNode.PromoFetchActor] Race Received 
[2025-04-09 23:28:32.3690] [INFO] [PromoNode.PromoFetchActor] Freespin Received 
[2025-04-09 23:28:32.8723] [INFO] [PromoNode.PromoFetchActor] Cashback Received 
[2025-04-09 23:28:32.8723] [INFO] [PromoNode.PromoFetchActor] Race Received 
[2025-04-09 23:28:42.3853] [INFO] [PromoNode.PromoFetchActor] Freespin Received 
[2025-04-09 23:28:42.8981] [INFO] [PromoNode.PromoFetchActor] Race Received 
[2025-04-09 23:28:42.8981] [INFO] [PromoNode.PromoFetchActor] Cashback Received 
[2025-04-09 23:28:52.4075] [INFO] [PromoNode.PromoFetchActor] Freespin Received 
[2025-04-09 23:28:52.9206] [INFO] [PromoNode.PromoFetchActor] Cashback Received 
[2025-04-09 23:28:52.9206] [INFO] [PromoNode.PromoFetchActor] Race Received 
[2025-04-09 23:29:00.1221] [INFO] [PromoNode.PromoFetchActor] Tour Received 
[2025-04-09 23:29:02.4275] [INFO] [PromoNode.PromoFetchActor] Freespin Received 
[2025-04-09 23:29:02.9436] [INFO] [PromoNode.PromoFetchActor] Cashback Received 
[2025-04-09 23:29:02.9436] [INFO] [PromoNode.PromoFetchActor] Race Received 
[2025-04-09 23:29:12.4372] [INFO] [PromoNode.PromoFetchActor] Freespin Received 
[2025-04-09 23:29:12.9541] [INFO] [PromoNode.PromoFetchActor] Race Received 
[2025-04-09 23:29:12.9571] [INFO] [PromoNode.PromoFetchActor] Cashback Received 
[2025-04-09 23:29:22.4596] [INFO] [PromoNode.PromoFetchActor] Freespin Received 
[2025-04-09 23:29:22.9717] [INFO] [PromoNode.PromoFetchActor] Cashback Received 
[2025-04-09 23:29:22.9717] [INFO] [PromoNode.PromoFetchActor] Race Received 
[2025-04-09 23:29:32.4757] [INFO] [PromoNode.PromoFetchActor] Freespin Received 
[2025-04-09 23:29:32.9932] [INFO] [PromoNode.PromoFetchActor] Cashback Received 
[2025-04-09 23:29:32.9932] [INFO] [PromoNode.PromoFetchActor] Race Received 
[2025-04-09 23:29:42.5026] [INFO] [PromoNode.PromoFetchActor] Freespin Received 
[2025-04-09 23:29:43.0075] [INFO] [PromoNode.PromoFetchActor] Cashback Received 
[2025-04-09 23:29:43.0075] [INFO] [PromoNode.PromoFetchActor] Race Received 
[2025-04-09 23:29:52.5081] [INFO] [PromoNode.PromoFetchActor] Freespin Received 
[2025-04-09 23:29:53.0218] [INFO] [PromoNode.PromoFetchActor] Race Received 
[2025-04-09 23:29:53.0218] [INFO] [PromoNode.PromoFetchActor] Cashback Received 
[2025-04-09 23:30:00.1321] [INFO] [PromoNode.PromoFetchActor] Tour Received 
[2025-04-09 23:30:02.5320] [INFO] [PromoNode.PromoFetchActor] Freespin Received 
[2025-04-09 23:30:03.0445] [INFO] [PromoNode.PromoFetchActor] Cashback Received 
[2025-04-09 23:30:03.0485] [INFO] [PromoNode.PromoFetchActor] Race Received 
[2025-04-09 23:30:12.5522] [INFO] [PromoNode.PromoFetchActor] Freespin Received 
[2025-04-09 23:30:13.0543] [INFO] [PromoNode.PromoFetchActor] Cashback Received 
[2025-04-09 23:30:13.0686] [INFO] [PromoNode.PromoFetchActor] Race Received 
[2025-04-09 23:30:22.5708] [INFO] [PromoNode.PromoFetchActor] Freespin Received 
[2025-04-09 23:30:23.0687] [INFO] [PromoNode.PromoFetchActor] Cashback Received 
[2025-04-09 23:30:23.0851] [INFO] [PromoNode.PromoFetchActor] Race Received 
[2025-04-09 23:30:32.5829] [INFO] [PromoNode.PromoFetchActor] Freespin Received 
[2025-04-09 23:30:33.0934] [INFO] [PromoNode.PromoFetchActor] Cashback Received 
[2025-04-09 23:30:33.1024] [INFO] [PromoNode.PromoFetchActor] Race Received 
[2025-04-09 23:30:42.5894] [INFO] [PromoNode.PromoFetchActor] Freespin Received 
[2025-04-09 23:30:43.1048] [INFO] [PromoNode.PromoFetchActor] Cashback Received 
[2025-04-09 23:30:43.1048] [INFO] [PromoNode.PromoFetchActor] Race Received 
[2025-04-09 23:30:52.6070] [INFO] [PromoNode.PromoFetchActor] Freespin Received 
[2025-04-09 23:30:53.1235] [INFO] [PromoNode.PromoFetchActor] Race Received 
[2025-04-09 23:30:53.1295] [INFO] [PromoNode.PromoFetchActor] Cashback Received 
[2025-04-09 23:31:00.1510] [INFO] [PromoNode.PromoFetchActor] Tour Received 
[2025-04-09 23:31:02.6192] [INFO] [PromoNode.PromoFetchActor] Freespin Received 
[2025-04-09 23:31:03.1302] [INFO] [PromoNode.PromoFetchActor] Race Received 
[2025-04-09 23:31:03.1302] [INFO] [PromoNode.PromoFetchActor] Cashback Received 
[2025-04-09 23:31:12.6373] [INFO] [PromoNode.PromoFetchActor] Freespin Received 
[2025-04-09 23:31:13.1509] [INFO] [PromoNode.PromoFetchActor] Race Received 
[2025-04-09 23:31:13.1509] [INFO] [PromoNode.PromoFetchActor] Cashback Received 
[2025-04-09 23:31:22.6485] [INFO] [PromoNode.PromoFetchActor] Freespin Received 
[2025-04-09 23:31:23.1630] [INFO] [PromoNode.PromoFetchActor] Race Received 
[2025-04-09 23:31:23.1630] [INFO] [PromoNode.PromoFetchActor] Cashback Received 
[2025-04-09 23:31:32.6592] [INFO] [PromoNode.PromoFetchActor] Freespin Received 
[2025-04-09 23:31:33.1743] [INFO] [PromoNode.PromoFetchActor] Race Received 
[2025-04-09 23:31:33.1743] [INFO] [PromoNode.PromoFetchActor] Cashback Received 
[2025-04-09 23:31:42.6803] [INFO] [PromoNode.PromoFetchActor] Freespin Received 
[2025-04-09 23:31:43.1892] [INFO] [PromoNode.PromoFetchActor] Race Received 
[2025-04-09 23:31:43.1892] [INFO] [PromoNode.PromoFetchActor] Cashback Received 
[2025-04-09 23:31:52.6968] [INFO] [PromoNode.PromoFetchActor] Freespin Received 
[2025-04-09 23:31:53.2111] [INFO] [PromoNode.PromoFetchActor] Cashback Received 
[2025-04-09 23:31:53.2111] [INFO] [PromoNode.PromoFetchActor] Race Received 
[2025-04-09 23:32:00.1729] [INFO] [PromoNode.PromoFetchActor] Tour Received 
[2025-04-09 23:32:02.7148] [INFO] [PromoNode.PromoFetchActor] Freespin Received 
[2025-04-09 23:32:03.2305] [INFO] [PromoNode.PromoFetchActor] Race Received 
[2025-04-09 23:32:03.2305] [INFO] [PromoNode.PromoFetchActor] Cashback Received 
[2025-04-09 23:32:12.7236] [INFO] [PromoNode.PromoFetchActor] Freespin Received 
[2025-04-09 23:32:13.2534] [INFO] [PromoNode.PromoFetchActor] Race Received 
[2025-04-09 23:32:13.2534] [INFO] [PromoNode.PromoFetchActor] Cashback Received 
[2025-04-09 23:32:22.7406] [INFO] [PromoNode.PromoFetchActor] Freespin Received 
[2025-04-09 23:32:23.2730] [INFO] [PromoNode.PromoFetchActor] Race Received 
[2025-04-09 23:32:23.2730] [INFO] [PromoNode.PromoFetchActor] Cashback Received 
[2025-04-09 23:32:32.7604] [INFO] [PromoNode.PromoFetchActor] Freespin Received 
[2025-04-09 23:32:33.2896] [INFO] [PromoNode.PromoFetchActor] Cashback Received 
[2025-04-09 23:32:33.2896] [INFO] [PromoNode.PromoFetchActor] Race Received 
[2025-04-09 23:32:42.7839] [INFO] [PromoNode.PromoFetchActor] Freespin Received 
[2025-04-09 23:32:43.3145] [INFO] [PromoNode.PromoFetchActor] Cashback Received 
[2025-04-09 23:32:43.3145] [INFO] [PromoNode.PromoFetchActor] Race Received 
[2025-04-09 23:32:52.7978] [INFO] [PromoNode.PromoFetchActor] Freespin Received 
[2025-04-09 23:32:53.3266] [INFO] [PromoNode.PromoFetchActor] Cashback Received 
[2025-04-09 23:32:53.3296] [INFO] [PromoNode.PromoFetchActor] Race Received 
[2025-04-09 23:33:00.1793] [INFO] [PromoNode.PromoFetchActor] Tour Received 
[2025-04-09 23:33:02.8071] [INFO] [PromoNode.PromoFetchActor] Freespin Received 
[2025-04-09 23:33:03.3463] [INFO] [PromoNode.PromoFetchActor] Cashback Received 
[2025-04-09 23:33:03.3463] [INFO] [PromoNode.PromoFetchActor] Race Received 
[2025-04-09 23:33:12.8169] [INFO] [PromoNode.PromoFetchActor] Freespin Received 
[2025-04-09 23:33:13.3737] [INFO] [PromoNode.PromoFetchActor] Cashback Received 
[2025-04-09 23:33:13.3737] [INFO] [PromoNode.PromoFetchActor] Race Received 
[2025-04-09 23:33:22.8300] [INFO] [PromoNode.PromoFetchActor] Freespin Received 
[2025-04-09 23:33:23.3886] [INFO] [PromoNode.PromoFetchActor] Cashback Received 
[2025-04-09 23:33:23.3886] [INFO] [PromoNode.PromoFetchActor] Race Received 
[2025-04-09 23:33:32.8438] [INFO] [PromoNode.PromoFetchActor] Freespin Received 
[2025-04-09 23:33:33.4025] [INFO] [PromoNode.PromoFetchActor] Cashback Received 
[2025-04-09 23:33:33.4025] [INFO] [PromoNode.PromoFetchActor] Race Received 
[2025-04-09 23:33:42.8617] [INFO] [PromoNode.PromoFetchActor] Freespin Received 
[2025-04-09 23:33:43.4197] [INFO] [PromoNode.PromoFetchActor] Cashback Received 
[2025-04-09 23:33:43.4197] [INFO] [PromoNode.PromoFetchActor] Race Received 
[2025-04-09 23:33:52.8820] [INFO] [PromoNode.PromoFetchActor] Freespin Received 
[2025-04-09 23:33:53.4404] [INFO] [PromoNode.PromoFetchActor] Race Received 
[2025-04-09 23:33:53.4404] [INFO] [PromoNode.PromoFetchActor] Cashback Received 
[2025-04-09 23:34:00.1999] [INFO] [PromoNode.PromoFetchActor] Tour Received 
[2025-04-09 23:34:02.8924] [INFO] [PromoNode.PromoFetchActor] Freespin Received 
[2025-04-09 23:34:03.4517] [INFO] [PromoNode.PromoFetchActor] Cashback Received 
[2025-04-09 23:34:03.4517] [INFO] [PromoNode.PromoFetchActor] Race Received 
[2025-04-09 23:34:12.8975] [INFO] [PromoNode.PromoFetchActor] Freespin Received 
[2025-04-09 23:34:13.4595] [INFO] [PromoNode.PromoFetchActor] Cashback Received 
[2025-04-09 23:34:13.4595] [INFO] [PromoNode.PromoFetchActor] Race Received 
[2025-04-09 23:34:22.9135] [INFO] [PromoNode.PromoFetchActor] Freespin Received 
[2025-04-09 23:34:23.4737] [INFO] [PromoNode.PromoFetchActor] Cashback Received 
[2025-04-09 23:34:23.4737] [INFO] [PromoNode.PromoFetchActor] Race Received 
[2025-04-09 23:34:32.9311] [INFO] [PromoNode.PromoFetchActor] Freespin Received 
[2025-04-09 23:34:33.4894] [INFO] [PromoNode.PromoFetchActor] Race Received 
[2025-04-09 23:34:33.4894] [INFO] [PromoNode.PromoFetchActor] Cashback Received 
[2025-04-09 23:34:42.9390] [INFO] [PromoNode.PromoFetchActor] Freespin Received 
[2025-04-09 23:34:43.5106] [INFO] [PromoNode.PromoFetchActor] Race Received 
[2025-04-09 23:34:43.5106] [INFO] [PromoNode.PromoFetchActor] Cashback Received 
[2025-04-09 23:34:52.9583] [INFO] [PromoNode.PromoFetchActor] Freespin Received 
[2025-04-09 23:34:53.5210] [INFO] [PromoNode.PromoFetchActor] Cashback Received 
[2025-04-09 23:34:53.5210] [INFO] [PromoNode.PromoFetchActor] Race Received 
[2025-04-09 23:35:00.2231] [INFO] [PromoNode.PromoFetchActor] Tour Received 
[2025-04-09 23:35:02.9806] [INFO] [PromoNode.PromoFetchActor] Freespin Received 
[2025-04-09 23:35:03.5425] [INFO] [PromoNode.PromoFetchActor] Cashback Received 
[2025-04-09 23:35:03.5425] [INFO] [PromoNode.PromoFetchActor] Race Received 
[2025-04-09 23:35:12.9939] [INFO] [PromoNode.PromoFetchActor] Freespin Received 
[2025-04-09 23:35:13.5503] [INFO] [PromoNode.PromoFetchActor] Cashback Received 
[2025-04-09 23:35:13.5503] [INFO] [PromoNode.PromoFetchActor] Race Received 
[2025-04-09 23:35:23.0057] [INFO] [PromoNode.PromoFetchActor] Freespin Received 
[2025-04-09 23:35:23.5647] [INFO] [PromoNode.PromoFetchActor] Cashback Received 
[2025-04-09 23:35:23.5647] [INFO] [PromoNode.PromoFetchActor] Race Received 
[2025-04-09 23:35:33.0247] [INFO] [PromoNode.PromoFetchActor] Freespin Received 
[2025-04-09 23:35:33.5832] [INFO] [PromoNode.PromoFetchActor] Cashback Received 
[2025-04-09 23:35:33.5832] [INFO] [PromoNode.PromoFetchActor] Race Received 
[2025-04-09 23:35:43.0334] [INFO] [PromoNode.PromoFetchActor] Freespin Received 
[2025-04-09 23:35:43.6073] [INFO] [PromoNode.PromoFetchActor] Cashback Received 
[2025-04-09 23:35:43.6073] [INFO] [PromoNode.PromoFetchActor] Race Received 
[2025-04-09 23:35:53.0432] [INFO] [PromoNode.PromoFetchActor] Freespin Received 
[2025-04-09 23:35:53.6387] [INFO] [PromoNode.PromoFetchActor] Race Received 
[2025-04-09 23:35:53.6427] [INFO] [PromoNode.PromoFetchActor] Cashback Received 
[2025-04-09 23:36:00.2362] [INFO] [PromoNode.PromoFetchActor] Tour Received 
[2025-04-09 23:36:03.0546] [INFO] [PromoNode.PromoFetchActor] Freespin Received 
[2025-04-09 23:36:03.6645] [INFO] [PromoNode.PromoFetchActor] Cashback Received 
[2025-04-09 23:36:03.6645] [INFO] [PromoNode.PromoFetchActor] Race Received 
[2025-04-09 23:36:13.0677] [INFO] [PromoNode.PromoFetchActor] Freespin Received 
[2025-04-09 23:36:13.6712] [INFO] [PromoNode.PromoFetchActor] Race Received 
[2025-04-09 23:36:13.6752] [INFO] [PromoNode.PromoFetchActor] Cashback Received 
[2025-04-09 23:36:23.0803] [INFO] [PromoNode.PromoFetchActor] Freespin Received 
[2025-04-09 23:36:23.6867] [INFO] [PromoNode.PromoFetchActor] Cashback Received 
[2025-04-09 23:36:23.6917] [INFO] [PromoNode.PromoFetchActor] Race Received 
[2025-04-09 23:36:33.1007] [INFO] [PromoNode.PromoFetchActor] Freespin Received 
[2025-04-09 23:36:33.7177] [INFO] [PromoNode.PromoFetchActor] Cashback Received 
[2025-04-09 23:36:33.7247] [INFO] [PromoNode.PromoFetchActor] Race Received 
[2025-04-09 23:36:43.1127] [INFO] [PromoNode.PromoFetchActor] Freespin Received 
[2025-04-09 23:36:43.7461] [INFO] [PromoNode.PromoFetchActor] Race Received 
[2025-04-09 23:36:43.7461] [INFO] [PromoNode.PromoFetchActor] Cashback Received 
[2025-04-09 23:36:53.1317] [INFO] [PromoNode.PromoFetchActor] Freespin Received 
[2025-04-09 23:36:53.7730] [INFO] [PromoNode.PromoFetchActor] Cashback Received 
[2025-04-09 23:36:53.7730] [INFO] [PromoNode.PromoFetchActor] Race Received 
[2025-04-09 23:37:00.2545] [INFO] [PromoNode.PromoFetchActor] Tour Received 
[2025-04-09 23:37:03.1370] [INFO] [PromoNode.PromoFetchActor] Freespin Received 
[2025-04-09 23:37:03.7900] [INFO] [PromoNode.PromoFetchActor] Cashback Received 
[2025-04-09 23:37:03.7900] [INFO] [PromoNode.PromoFetchActor] Race Received 
[2025-04-09 23:37:13.1469] [INFO] [PromoNode.PromoFetchActor] Freespin Received 
[2025-04-09 23:37:13.8090] [INFO] [PromoNode.PromoFetchActor] Race Received 
[2025-04-09 23:37:13.8090] [INFO] [PromoNode.PromoFetchActor] Cashback Received 
[2025-04-09 23:37:23.1575] [INFO] [PromoNode.PromoFetchActor] Freespin Received 
[2025-04-09 23:37:23.8281] [INFO] [PromoNode.PromoFetchActor] Race Received 
[2025-04-09 23:37:23.8311] [INFO] [PromoNode.PromoFetchActor] Cashback Received 
[2025-04-09 23:37:33.1786] [INFO] [PromoNode.PromoFetchActor] Freespin Received 
[2025-04-09 23:37:33.8534] [INFO] [PromoNode.PromoFetchActor] Cashback Received 
[2025-04-09 23:37:33.8534] [INFO] [PromoNode.PromoFetchActor] Race Received 
[2025-04-09 23:37:43.1900] [INFO] [PromoNode.PromoFetchActor] Freespin Received 
[2025-04-09 23:37:43.8628] [INFO] [PromoNode.PromoFetchActor] Cashback Received 
[2025-04-09 23:37:43.8628] [INFO] [PromoNode.PromoFetchActor] Race Received 
[2025-04-09 23:37:53.2056] [INFO] [PromoNode.PromoFetchActor] Freespin Received 
[2025-04-09 23:37:53.8767] [INFO] [PromoNode.PromoFetchActor] Cashback Received 
[2025-04-09 23:37:53.8767] [INFO] [PromoNode.PromoFetchActor] Race Received 
[2025-04-09 23:38:00.2647] [INFO] [PromoNode.PromoFetchActor] Tour Received 
[2025-04-09 23:38:03.2191] [INFO] [PromoNode.PromoFetchActor] Freespin Received 
[2025-04-09 23:38:03.8997] [INFO] [PromoNode.PromoFetchActor] Race Received 
[2025-04-09 23:38:03.8997] [INFO] [PromoNode.PromoFetchActor] Cashback Received 
[2025-04-09 23:38:13.2425] [INFO] [PromoNode.PromoFetchActor] Freespin Received 
[2025-04-09 23:38:13.9126] [INFO] [PromoNode.PromoFetchActor] Race Received 
[2025-04-09 23:38:13.9126] [INFO] [PromoNode.PromoFetchActor] Cashback Received 
[2025-04-09 23:38:23.2562] [INFO] [PromoNode.PromoFetchActor] Freespin Received 
[2025-04-09 23:38:23.9238] [INFO] [PromoNode.PromoFetchActor] Race Received 
[2025-04-09 23:38:23.9238] [INFO] [PromoNode.PromoFetchActor] Cashback Received 
[2025-04-09 23:38:33.2710] [INFO] [PromoNode.PromoFetchActor] Freespin Received 
[2025-04-09 23:38:33.9392] [INFO] [PromoNode.PromoFetchActor] Cashback Received 
[2025-04-09 23:38:33.9392] [INFO] [PromoNode.PromoFetchActor] Race Received 
[2025-04-09 23:38:43.2846] [INFO] [PromoNode.PromoFetchActor] Freespin Received 
[2025-04-09 23:38:43.9528] [INFO] [PromoNode.PromoFetchActor] Cashback Received 
[2025-04-09 23:38:43.9548] [INFO] [PromoNode.PromoFetchActor] Race Received 
[2025-04-09 23:38:53.2893] [INFO] [PromoNode.PromoFetchActor] Freespin Received 
[2025-04-09 23:38:53.9839] [INFO] [PromoNode.PromoFetchActor] Race Received 
[2025-04-09 23:38:53.9951] [INFO] [PromoNode.PromoFetchActor] Cashback Received 
[2025-04-09 23:39:00.2776] [INFO] [PromoNode.PromoFetchActor] Tour Received 
[2025-04-09 23:39:03.3040] [INFO] [PromoNode.PromoFetchActor] Freespin Received 
[2025-04-09 23:39:03.9906] [INFO] [PromoNode.PromoFetchActor] Race Received 
[2025-04-09 23:39:04.0046] [INFO] [PromoNode.PromoFetchActor] Cashback Received 
[2025-04-09 23:39:13.3222] [INFO] [PromoNode.PromoFetchActor] Freespin Received 
[2025-04-09 23:39:14.0051] [INFO] [PromoNode.PromoFetchActor] Race Received 
[2025-04-09 23:39:14.0216] [INFO] [PromoNode.PromoFetchActor] Cashback Received 
[2025-04-09 23:39:23.3296] [INFO] [PromoNode.PromoFetchActor] Freespin Received 
[2025-04-09 23:39:24.0161] [INFO] [PromoNode.PromoFetchActor] Race Received 
[2025-04-09 23:39:24.0339] [INFO] [PromoNode.PromoFetchActor] Cashback Received 
[2025-04-09 23:39:33.3409] [INFO] [PromoNode.PromoFetchActor] Freespin Received 
[2025-04-09 23:39:34.0315] [INFO] [PromoNode.PromoFetchActor] Race Received 
[2025-04-09 23:39:34.0465] [INFO] [PromoNode.PromoFetchActor] Cashback Received 
[2025-04-09 23:39:43.3533] [INFO] [PromoNode.PromoFetchActor] Freespin Received 
[2025-04-09 23:39:44.0686] [INFO] [PromoNode.PromoFetchActor] Race Received 
[2025-04-09 23:39:44.0686] [INFO] [PromoNode.PromoFetchActor] Cashback Received 
[2025-04-09 23:39:53.3628] [INFO] [PromoNode.PromoFetchActor] Freespin Received 
[2025-04-09 23:39:54.0944] [INFO] [PromoNode.PromoFetchActor] Race Received 
[2025-04-09 23:39:54.0974] [INFO] [PromoNode.PromoFetchActor] Cashback Received 
[2025-04-09 23:40:00.3002] [INFO] [PromoNode.PromoFetchActor] Tour Received 
[2025-04-09 23:40:03.3768] [INFO] [PromoNode.PromoFetchActor] Freespin Received 
[2025-04-09 23:40:04.1034] [INFO] [PromoNode.PromoFetchActor] Race Received 
[2025-04-09 23:40:04.1228] [INFO] [PromoNode.PromoFetchActor] Cashback Received 
[2025-04-09 23:40:13.4048] [INFO] [PromoNode.PromoFetchActor] Freespin Received 
[2025-04-09 23:40:14.1190] [INFO] [PromoNode.PromoFetchActor] Race Received 
[2025-04-09 23:40:14.1331] [INFO] [PromoNode.PromoFetchActor] Cashback Received 
[2025-04-09 23:40:23.4143] [INFO] [PromoNode.PromoFetchActor] Freespin Received 
[2025-04-09 23:40:24.1419] [INFO] [PromoNode.PromoFetchActor] Race Received 
[2025-04-09 23:40:24.1419] [INFO] [PromoNode.PromoFetchActor] Cashback Received 
[2025-04-09 23:40:33.4250] [INFO] [PromoNode.PromoFetchActor] Freespin Received 
[2025-04-09 23:40:34.1567] [INFO] [PromoNode.PromoFetchActor] Cashback Received 
[2025-04-09 23:40:34.1577] [INFO] [PromoNode.PromoFetchActor] Race Received 
[2025-04-09 23:40:43.4393] [INFO] [PromoNode.PromoFetchActor] Freespin Received 
[2025-04-09 23:40:44.1826] [INFO] [PromoNode.PromoFetchActor] Race Received 
[2025-04-09 23:40:44.1826] [INFO] [PromoNode.PromoFetchActor] Cashback Received 
[2025-04-09 23:40:53.4521] [INFO] [PromoNode.PromoFetchActor] Freespin Received 
[2025-04-09 23:40:54.2094] [INFO] [PromoNode.PromoFetchActor] Cashback Received 
[2025-04-09 23:40:54.2094] [INFO] [PromoNode.PromoFetchActor] Race Received 
[2025-04-09 23:41:00.3221] [INFO] [PromoNode.PromoFetchActor] Tour Received 
[2025-04-09 23:41:03.4636] [INFO] [PromoNode.PromoFetchActor] Freespin Received 
[2025-04-09 23:41:04.2292] [INFO] [PromoNode.PromoFetchActor] Cashback Received 
[2025-04-09 23:41:04.2292] [INFO] [PromoNode.PromoFetchActor] Race Received 
[2025-04-09 23:41:13.4816] [INFO] [PromoNode.PromoFetchActor] Freespin Received 
[2025-04-09 23:41:14.2431] [INFO] [PromoNode.PromoFetchActor] Race Received 
[2025-04-09 23:41:14.2431] [INFO] [PromoNode.PromoFetchActor] Cashback Received 
[2025-04-09 23:41:23.4954] [INFO] [PromoNode.PromoFetchActor] Freespin Received 
[2025-04-09 23:41:24.2518] [INFO] [PromoNode.PromoFetchActor] Cashback Received 
[2025-04-09 23:41:24.2518] [INFO] [PromoNode.PromoFetchActor] Race Received 
[2025-04-09 23:41:33.4986] [INFO] [PromoNode.PromoFetchActor] Freespin Received 
[2025-04-09 23:41:34.2733] [INFO] [PromoNode.PromoFetchActor] Race Received 
[2025-04-09 23:41:34.2733] [INFO] [PromoNode.PromoFetchActor] Cashback Received 
[2025-04-09 23:41:43.5149] [INFO] [PromoNode.PromoFetchActor] Freespin Received 
[2025-04-09 23:41:44.2878] [INFO] [PromoNode.PromoFetchActor] Race Received 
[2025-04-09 23:41:44.2878] [INFO] [PromoNode.PromoFetchActor] Cashback Received 
[2025-04-09 23:41:53.5346] [INFO] [PromoNode.PromoFetchActor] Freespin Received 
[2025-04-09 23:41:54.3166] [INFO] [PromoNode.PromoFetchActor] Race Received 
[2025-04-09 23:41:54.3166] [INFO] [PromoNode.PromoFetchActor] Cashback Received 
[2025-04-09 23:42:00.3428] [INFO] [PromoNode.PromoFetchActor] Tour Received 
[2025-04-09 23:42:03.5414] [INFO] [PromoNode.PromoFetchActor] Freespin Received 
[2025-04-09 23:42:04.3321] [INFO] [PromoNode.PromoFetchActor] Race Received 
[2025-04-09 23:42:04.3321] [INFO] [PromoNode.PromoFetchActor] Cashback Received 
[2025-04-09 23:42:13.5602] [INFO] [PromoNode.PromoFetchActor] Freespin Received 
[2025-04-09 23:42:14.3584] [INFO] [PromoNode.PromoFetchActor] Race Received 
[2025-04-09 23:42:14.3614] [INFO] [PromoNode.PromoFetchActor] Cashback Received 
[2025-04-09 23:42:23.5714] [INFO] [PromoNode.PromoFetchActor] Freespin Received 
[2025-04-09 23:42:24.3744] [INFO] [PromoNode.PromoFetchActor] Cashback Received 
[2025-04-09 23:42:24.3744] [INFO] [PromoNode.PromoFetchActor] Race Received 
[2025-04-09 23:42:33.5768] [INFO] [PromoNode.PromoFetchActor] Freespin Received 
[2025-04-09 23:42:34.3841] [INFO] [PromoNode.PromoFetchActor] Cashback Received 
[2025-04-09 23:42:34.3841] [INFO] [PromoNode.PromoFetchActor] Race Received 
[2025-04-09 23:42:43.5949] [INFO] [PromoNode.PromoFetchActor] Freespin Received 
[2025-04-09 23:42:44.3969] [INFO] [PromoNode.PromoFetchActor] Race Received 
[2025-04-09 23:42:44.3969] [INFO] [PromoNode.PromoFetchActor] Cashback Received 
[2025-04-09 23:42:53.6070] [INFO] [PromoNode.PromoFetchActor] Freespin Received 
[2025-04-09 23:42:54.4099] [INFO] [PromoNode.PromoFetchActor] Cashback Received 
[2025-04-09 23:42:54.4099] [INFO] [PromoNode.PromoFetchActor] Race Received 
[2025-04-09 23:43:00.3564] [INFO] [PromoNode.PromoFetchActor] Tour Received 
[2025-04-09 23:43:03.6292] [INFO] [PromoNode.PromoFetchActor] Freespin Received 
[2025-04-09 23:43:04.4266] [INFO] [PromoNode.PromoFetchActor] Cashback Received 
[2025-04-09 23:43:04.4266] [INFO] [PromoNode.PromoFetchActor] Race Received 
[2025-04-09 23:43:13.6453] [INFO] [PromoNode.PromoFetchActor] Freespin Received 
[2025-04-09 23:43:14.4575] [INFO] [PromoNode.PromoFetchActor] Cashback Received 
[2025-04-09 23:43:14.4575] [INFO] [PromoNode.PromoFetchActor] Race Received 
[2025-04-09 23:43:23.6507] [INFO] [PromoNode.PromoFetchActor] Freespin Received 
[2025-04-09 23:43:24.4764] [INFO] [PromoNode.PromoFetchActor] Race Received 
[2025-04-09 23:43:24.4764] [INFO] [PromoNode.PromoFetchActor] Cashback Received 
[2025-04-09 23:43:33.6670] [INFO] [PromoNode.PromoFetchActor] Freespin Received 
[2025-04-09 23:43:34.4902] [INFO] [PromoNode.PromoFetchActor] Race Received 
[2025-04-09 23:43:34.4902] [INFO] [PromoNode.PromoFetchActor] Cashback Received 
[2025-04-09 23:43:43.6944] [INFO] [PromoNode.PromoFetchActor] Freespin Received 
[2025-04-09 23:43:44.5112] [INFO] [PromoNode.PromoFetchActor] Cashback Received 
[2025-04-09 23:43:44.5112] [INFO] [PromoNode.PromoFetchActor] Race Received 
[2025-04-09 23:43:53.7083] [INFO] [PromoNode.PromoFetchActor] Freespin Received 
[2025-04-09 23:43:54.5321] [INFO] [PromoNode.PromoFetchActor] Cashback Received 
[2025-04-09 23:43:54.5352] [INFO] [PromoNode.PromoFetchActor] Race Received 
[2025-04-09 23:44:00.3773] [INFO] [PromoNode.PromoFetchActor] Tour Received 
[2025-04-09 23:44:03.7219] [INFO] [PromoNode.PromoFetchActor] Freespin Received 
[2025-04-09 23:44:04.5456] [INFO] [PromoNode.PromoFetchActor] Race Received 
[2025-04-09 23:44:04.5486] [INFO] [PromoNode.PromoFetchActor] Cashback Received 
[2025-04-09 23:44:13.7417] [INFO] [PromoNode.PromoFetchActor] Freespin Received 
[2025-04-09 23:44:14.5622] [INFO] [PromoNode.PromoFetchActor] Race Received 
[2025-04-09 23:44:14.5651] [INFO] [PromoNode.PromoFetchActor] Cashback Received 
[2025-04-09 23:44:23.7510] [INFO] [PromoNode.PromoFetchActor] Freespin Received 
[2025-04-09 23:44:24.5819] [INFO] [PromoNode.PromoFetchActor] Cashback Received 
[2025-04-09 23:44:24.5819] [INFO] [PromoNode.PromoFetchActor] Race Received 
[2025-04-09 23:44:33.7610] [INFO] [PromoNode.PromoFetchActor] Freespin Received 
[2025-04-09 23:44:34.5892] [INFO] [PromoNode.PromoFetchActor] Cashback Received 
[2025-04-09 23:44:34.5892] [INFO] [PromoNode.PromoFetchActor] Race Received 
[2025-04-09 23:44:43.7696] [INFO] [PromoNode.PromoFetchActor] Freespin Received 
[2025-04-09 23:44:44.6292] [INFO] [PromoNode.PromoFetchActor] Race Received 
[2025-04-09 23:44:44.6292] [INFO] [PromoNode.PromoFetchActor] Cashback Received 
[2025-04-09 23:44:53.7828] [INFO] [PromoNode.PromoFetchActor] Freespin Received 
[2025-04-09 23:44:54.6527] [INFO] [PromoNode.PromoFetchActor] Cashback Received 
[2025-04-09 23:44:54.6527] [INFO] [PromoNode.PromoFetchActor] Race Received 
[2025-04-09 23:45:00.3976] [INFO] [PromoNode.PromoFetchActor] Tour Received 
[2025-04-09 23:45:03.7917] [INFO] [PromoNode.PromoFetchActor] Freespin Received 
[2025-04-09 23:45:04.6737] [INFO] [PromoNode.PromoFetchActor] Race Received 
[2025-04-09 23:45:04.6737] [INFO] [PromoNode.PromoFetchActor] Cashback Received 
[2025-04-09 23:45:13.7988] [INFO] [PromoNode.PromoFetchActor] Freespin Received 
[2025-04-09 23:45:14.6828] [INFO] [PromoNode.PromoFetchActor] Cashback Received 
[2025-04-09 23:45:14.6828] [INFO] [PromoNode.PromoFetchActor] Race Received 
[2025-04-09 23:45:23.8128] [INFO] [PromoNode.PromoFetchActor] Freespin Received 
[2025-04-09 23:45:24.7005] [INFO] [PromoNode.PromoFetchActor] Cashback Received 
[2025-04-09 23:45:24.7005] [INFO] [PromoNode.PromoFetchActor] Race Received 
[2025-04-09 23:45:33.8238] [INFO] [PromoNode.PromoFetchActor] Freespin Received 
[2025-04-09 23:45:34.7243] [INFO] [PromoNode.PromoFetchActor] Cashback Received 
[2025-04-09 23:45:34.7243] [INFO] [PromoNode.PromoFetchActor] Race Received 
[2025-04-09 23:45:43.8373] [INFO] [PromoNode.PromoFetchActor] Freespin Received 
[2025-04-09 23:45:44.7405] [INFO] [PromoNode.PromoFetchActor] Race Received 
[2025-04-09 23:45:44.7405] [INFO] [PromoNode.PromoFetchActor] Cashback Received 
[2025-04-09 23:45:53.8588] [INFO] [PromoNode.PromoFetchActor] Freespin Received 
[2025-04-09 23:45:54.7527] [INFO] [PromoNode.PromoFetchActor] Cashback Received 
[2025-04-09 23:45:54.7527] [INFO] [PromoNode.PromoFetchActor] Race Received 
[2025-04-09 23:46:00.4156] [INFO] [PromoNode.PromoFetchActor] Tour Received 
[2025-04-09 23:46:03.8805] [INFO] [PromoNode.PromoFetchActor] Freespin Received 
[2025-04-09 23:46:04.7590] [INFO] [PromoNode.PromoFetchActor] Race Received 
[2025-04-09 23:46:04.7590] [INFO] [PromoNode.PromoFetchActor] Cashback Received 
[2025-04-09 23:46:13.8974] [INFO] [PromoNode.PromoFetchActor] Freespin Received 
[2025-04-09 23:46:14.7736] [INFO] [PromoNode.PromoFetchActor] Race Received 
[2025-04-09 23:46:14.7736] [INFO] [PromoNode.PromoFetchActor] Cashback Received 
[2025-04-09 23:46:23.9195] [INFO] [PromoNode.PromoFetchActor] Freespin Received 
[2025-04-09 23:46:24.7894] [INFO] [PromoNode.PromoFetchActor] Race Received 
[2025-04-09 23:46:24.8014] [INFO] [PromoNode.PromoFetchActor] Cashback Received 
[2025-04-09 23:46:33.9379] [INFO] [PromoNode.PromoFetchActor] Freespin Received 
[2025-04-09 23:46:34.8092] [INFO] [PromoNode.PromoFetchActor] Race Received 
[2025-04-09 23:46:34.8092] [INFO] [PromoNode.PromoFetchActor] Cashback Received 
[2025-04-09 23:46:43.9523] [INFO] [PromoNode.PromoFetchActor] Freespin Received 
[2025-04-09 23:46:44.8293] [INFO] [PromoNode.PromoFetchActor] Race Received 
[2025-04-09 23:46:44.8333] [INFO] [PromoNode.PromoFetchActor] Cashback Received 
[2025-04-09 23:46:53.9721] [INFO] [PromoNode.PromoFetchActor] Freespin Received 
[2025-04-09 23:46:54.8427] [INFO] [PromoNode.PromoFetchActor] Race Received 
[2025-04-09 23:46:54.8427] [INFO] [PromoNode.PromoFetchActor] Cashback Received 
[2025-04-09 23:47:00.4438] [INFO] [PromoNode.PromoFetchActor] Tour Received 
[2025-04-09 23:47:03.9839] [INFO] [PromoNode.PromoFetchActor] Freespin Received 
[2025-04-09 23:47:04.8592] [INFO] [PromoNode.PromoFetchActor] Race Received 
[2025-04-09 23:47:04.8632] [INFO] [PromoNode.PromoFetchActor] Cashback Received 
[2025-04-09 23:47:13.9955] [INFO] [PromoNode.PromoFetchActor] Freespin Received 
[2025-04-09 23:47:14.8776] [INFO] [PromoNode.PromoFetchActor] Race Received 
[2025-04-09 23:47:14.8776] [INFO] [PromoNode.PromoFetchActor] Cashback Received 
[2025-04-09 23:47:24.0037] [INFO] [PromoNode.PromoFetchActor] Freespin Received 
[2025-04-09 23:47:24.8944] [INFO] [PromoNode.PromoFetchActor] Race Received 
[2025-04-09 23:47:24.9124] [INFO] [PromoNode.PromoFetchActor] Cashback Received 
[2025-04-09 23:47:34.0082] [INFO] [PromoNode.PromoFetchActor] Freespin Received 
[2025-04-09 23:47:34.9135] [INFO] [PromoNode.PromoFetchActor] Cashback Received 
[2025-04-09 23:47:34.9135] [INFO] [PromoNode.PromoFetchActor] Race Received 
[2025-04-09 23:47:44.0271] [INFO] [PromoNode.PromoFetchActor] Freespin Received 
[2025-04-09 23:47:44.9337] [INFO] [PromoNode.PromoFetchActor] Cashback Received 
[2025-04-09 23:47:44.9337] [INFO] [PromoNode.PromoFetchActor] Race Received 
[2025-04-09 23:47:54.0405] [INFO] [PromoNode.PromoFetchActor] Freespin Received 
[2025-04-09 23:47:54.9445] [INFO] [PromoNode.PromoFetchActor] Cashback Received 
[2025-04-09 23:47:54.9445] [INFO] [PromoNode.PromoFetchActor] Race Received 
[2025-04-09 23:48:00.4611] [INFO] [PromoNode.PromoFetchActor] Tour Received 
[2025-04-09 23:48:04.0492] [INFO] [PromoNode.PromoFetchActor] Freespin Received 
[2025-04-09 23:48:04.9550] [INFO] [PromoNode.PromoFetchActor] Cashback Received 
[2025-04-09 23:48:04.9550] [INFO] [PromoNode.PromoFetchActor] Race Received 
[2025-04-09 23:48:14.0681] [INFO] [PromoNode.PromoFetchActor] Freespin Received 
[2025-04-09 23:48:14.9662] [INFO] [PromoNode.PromoFetchActor] Cashback Received 
[2025-04-09 23:48:14.9702] [INFO] [PromoNode.PromoFetchActor] Race Received 
[2025-04-09 23:48:24.0891] [INFO] [PromoNode.PromoFetchActor] Freespin Received 
[2025-04-09 23:48:24.9812] [INFO] [PromoNode.PromoFetchActor] Cashback Received 
[2025-04-09 23:48:24.9812] [INFO] [PromoNode.PromoFetchActor] Race Received 
[2025-04-09 23:48:34.1032] [INFO] [PromoNode.PromoFetchActor] Freespin Received 
[2025-04-09 23:48:34.9912] [INFO] [PromoNode.PromoFetchActor] Cashback Received 
[2025-04-09 23:48:34.9912] [INFO] [PromoNode.PromoFetchActor] Race Received 
[2025-04-09 23:48:44.1259] [INFO] [PromoNode.PromoFetchActor] Freespin Received 
[2025-04-09 23:48:45.0131] [INFO] [PromoNode.PromoFetchActor] Cashback Received 
[2025-04-09 23:48:45.0172] [INFO] [PromoNode.PromoFetchActor] Race Received 
[2025-04-09 23:48:54.1477] [INFO] [PromoNode.PromoFetchActor] Freespin Received 
[2025-04-09 23:48:55.0360] [INFO] [PromoNode.PromoFetchActor] Cashback Received 
[2025-04-09 23:48:55.0360] [INFO] [PromoNode.PromoFetchActor] Race Received 
[2025-04-09 23:49:00.4749] [INFO] [PromoNode.PromoFetchActor] Tour Received 
[2025-04-09 23:49:04.1584] [INFO] [PromoNode.PromoFetchActor] Freespin Received 
[2025-04-09 23:49:05.0612] [INFO] [PromoNode.PromoFetchActor] Race Received 
[2025-04-09 23:49:05.0612] [INFO] [PromoNode.PromoFetchActor] Cashback Received 
[2025-04-09 23:49:14.1789] [INFO] [PromoNode.PromoFetchActor] Freespin Received 
[2025-04-09 23:49:15.0746] [INFO] [PromoNode.PromoFetchActor] Race Received 
[2025-04-09 23:49:15.0746] [INFO] [PromoNode.PromoFetchActor] Cashback Received 
[2025-04-09 23:49:24.1911] [INFO] [PromoNode.PromoFetchActor] Freespin Received 
[2025-04-09 23:49:25.0796] [INFO] [PromoNode.PromoFetchActor] Race Received 
[2025-04-09 23:49:25.0796] [INFO] [PromoNode.PromoFetchActor] Cashback Received 
[2025-04-09 23:49:34.2055] [INFO] [PromoNode.PromoFetchActor] Freespin Received 
[2025-04-09 23:49:35.1018] [INFO] [PromoNode.PromoFetchActor] Race Received 
[2025-04-09 23:49:35.1018] [INFO] [PromoNode.PromoFetchActor] Cashback Received 
[2025-04-09 23:49:44.2184] [INFO] [PromoNode.PromoFetchActor] Freespin Received 
[2025-04-09 23:49:45.1223] [INFO] [PromoNode.PromoFetchActor] Race Received 
[2025-04-09 23:49:45.1263] [INFO] [PromoNode.PromoFetchActor] Cashback Received 
[2025-04-09 23:49:54.2344] [INFO] [PromoNode.PromoFetchActor] Freespin Received 
[2025-04-09 23:49:55.1346] [INFO] [PromoNode.PromoFetchActor] Race Received 
[2025-04-09 23:49:55.1346] [INFO] [PromoNode.PromoFetchActor] Cashback Received 
[2025-04-09 23:50:00.4912] [INFO] [PromoNode.PromoFetchActor] Tour Received 
[2025-04-09 23:50:04.2389] [INFO] [PromoNode.PromoFetchActor] Freespin Received 
[2025-04-09 23:50:05.1514] [INFO] [PromoNode.PromoFetchActor] Race Received 
[2025-04-09 23:50:05.1514] [INFO] [PromoNode.PromoFetchActor] Cashback Received 
[2025-04-09 23:50:14.2568] [INFO] [PromoNode.PromoFetchActor] Freespin Received 
[2025-04-09 23:50:15.1761] [INFO] [PromoNode.PromoFetchActor] Race Received 
[2025-04-09 23:50:15.1761] [INFO] [PromoNode.PromoFetchActor] Cashback Received 
[2025-04-09 23:50:24.2791] [INFO] [PromoNode.PromoFetchActor] Freespin Received 
[2025-04-09 23:50:25.1990] [INFO] [PromoNode.PromoFetchActor] Cashback Received 
[2025-04-09 23:50:25.1990] [INFO] [PromoNode.PromoFetchActor] Race Received 
[2025-04-09 23:50:34.2993] [INFO] [PromoNode.PromoFetchActor] Freespin Received 
[2025-04-09 23:50:35.2165] [INFO] [PromoNode.PromoFetchActor] Cashback Received 
[2025-04-09 23:50:35.2165] [INFO] [PromoNode.PromoFetchActor] Race Received 
[2025-04-09 23:50:44.3112] [INFO] [PromoNode.PromoFetchActor] Freespin Received 
[2025-04-09 23:50:45.2406] [INFO] [PromoNode.PromoFetchActor] Race Received 
[2025-04-09 23:50:45.2406] [INFO] [PromoNode.PromoFetchActor] Cashback Received 
[2025-04-09 23:50:54.3299] [INFO] [PromoNode.PromoFetchActor] Freespin Received 
[2025-04-09 23:50:55.2629] [INFO] [PromoNode.PromoFetchActor] Cashback Received 
[2025-04-09 23:50:55.2629] [INFO] [PromoNode.PromoFetchActor] Race Received 
[2025-04-09 23:51:00.5087] [INFO] [PromoNode.PromoFetchActor] Tour Received 
[2025-04-09 23:51:04.3440] [INFO] [PromoNode.PromoFetchActor] Freespin Received 
[2025-04-09 23:51:05.2826] [INFO] [PromoNode.PromoFetchActor] Race Received 
[2025-04-09 23:51:05.2826] [INFO] [PromoNode.PromoFetchActor] Cashback Received 
[2025-04-09 23:51:14.3580] [INFO] [PromoNode.PromoFetchActor] Freespin Received 
[2025-04-09 23:51:15.2879] [INFO] [PromoNode.PromoFetchActor] Race Received 
[2025-04-09 23:51:15.2879] [INFO] [PromoNode.PromoFetchActor] Cashback Received 
[2025-04-09 23:51:24.3753] [INFO] [PromoNode.PromoFetchActor] Freespin Received 
[2025-04-09 23:51:25.3080] [INFO] [PromoNode.PromoFetchActor] Cashback Received 
[2025-04-09 23:51:25.3080] [INFO] [PromoNode.PromoFetchActor] Race Received 
[2025-04-09 23:51:34.4039] [INFO] [PromoNode.PromoFetchActor] Freespin Received 
[2025-04-09 23:51:35.3299] [INFO] [PromoNode.PromoFetchActor] Race Received 
[2025-04-09 23:51:35.3299] [INFO] [PromoNode.PromoFetchActor] Cashback Received 
[2025-04-09 23:51:44.4129] [INFO] [PromoNode.PromoFetchActor] Freespin Received 
[2025-04-09 23:51:45.3816] [INFO] [PromoNode.PromoFetchActor] Cashback Received 
[2025-04-09 23:51:45.3816] [INFO] [PromoNode.PromoFetchActor] Race Received 
[2025-04-09 23:51:54.4210] [INFO] [PromoNode.PromoFetchActor] Freespin Received 
[2025-04-09 23:51:55.4030] [INFO] [PromoNode.PromoFetchActor] Cashback Received 
[2025-04-09 23:51:55.4030] [INFO] [PromoNode.PromoFetchActor] Race Received 
[2025-04-09 23:52:00.5215] [INFO] [PromoNode.PromoFetchActor] Tour Received 
[2025-04-09 23:52:04.4673] [INFO] [PromoNode.PromoFetchActor] Freespin Received 
[2025-04-09 23:52:05.4234] [INFO] [PromoNode.PromoFetchActor] Race Received 
[2025-04-09 23:52:05.4234] [INFO] [PromoNode.PromoFetchActor] Cashback Received 
[2025-04-09 23:52:14.4905] [INFO] [PromoNode.PromoFetchActor] Freespin Received 
[2025-04-09 23:52:15.4411] [INFO] [PromoNode.PromoFetchActor] Race Received 
[2025-04-09 23:52:15.4411] [INFO] [PromoNode.PromoFetchActor] Cashback Received 
[2025-04-09 23:52:24.5069] [INFO] [PromoNode.PromoFetchActor] Freespin Received 
[2025-04-09 23:52:25.4570] [INFO] [PromoNode.PromoFetchActor] Race Received 
[2025-04-09 23:52:25.4570] [INFO] [PromoNode.PromoFetchActor] Cashback Received 
[2025-04-09 23:52:34.5261] [INFO] [PromoNode.PromoFetchActor] Freespin Received 
[2025-04-09 23:52:35.4715] [INFO] [PromoNode.PromoFetchActor] Cashback Received 
[2025-04-09 23:52:35.4715] [INFO] [PromoNode.PromoFetchActor] Race Received 
[2025-04-09 23:52:44.5481] [INFO] [PromoNode.PromoFetchActor] Freespin Received 
[2025-04-09 23:52:45.4830] [INFO] [PromoNode.PromoFetchActor] Race Received 
[2025-04-09 23:52:45.4830] [INFO] [PromoNode.PromoFetchActor] Cashback Received 
[2025-04-09 23:52:54.5723] [INFO] [PromoNode.PromoFetchActor] Freespin Received 
[2025-04-09 23:52:55.4908] [INFO] [PromoNode.PromoFetchActor] Cashback Received 
[2025-04-09 23:52:55.4908] [INFO] [PromoNode.PromoFetchActor] Race Received 
[2025-04-09 23:53:00.5401] [INFO] [PromoNode.PromoFetchActor] Tour Received 
[2025-04-09 23:53:04.5909] [INFO] [PromoNode.PromoFetchActor] Freespin Received 
[2025-04-09 23:53:05.5068] [INFO] [PromoNode.PromoFetchActor] Cashback Received 
[2025-04-09 23:53:05.5068] [INFO] [PromoNode.PromoFetchActor] Race Received 
[2025-04-09 23:53:14.6075] [INFO] [PromoNode.PromoFetchActor] Freespin Received 
[2025-04-09 23:53:15.5380] [INFO] [PromoNode.PromoFetchActor] Cashback Received 
[2025-04-09 23:53:15.5380] [INFO] [PromoNode.PromoFetchActor] Race Received 
[2025-04-09 23:53:24.6284] [INFO] [PromoNode.PromoFetchActor] Freespin Received 
[2025-04-09 23:53:25.5609] [INFO] [PromoNode.PromoFetchActor] Race Received 
[2025-04-09 23:53:25.5659] [INFO] [PromoNode.PromoFetchActor] Cashback Received 
[2025-04-09 23:53:34.6449] [INFO] [PromoNode.PromoFetchActor] Freespin Received 
[2025-04-09 23:53:35.5753] [INFO] [PromoNode.PromoFetchActor] Cashback Received 
[2025-04-09 23:53:35.5753] [INFO] [PromoNode.PromoFetchActor] Race Received 
[2025-04-09 23:53:44.6584] [INFO] [PromoNode.PromoFetchActor] Freespin Received 
[2025-04-09 23:53:45.5853] [INFO] [PromoNode.PromoFetchActor] Cashback Received 
[2025-04-09 23:53:45.5853] [INFO] [PromoNode.PromoFetchActor] Race Received 
[2025-04-09 23:53:54.6696] [INFO] [PromoNode.PromoFetchActor] Freespin Received 
[2025-04-09 23:53:55.6059] [INFO] [PromoNode.PromoFetchActor] Race Received 
[2025-04-09 23:53:55.6119] [INFO] [PromoNode.PromoFetchActor] Cashback Received 
[2025-04-09 23:54:00.5575] [INFO] [PromoNode.PromoFetchActor] Tour Received 
[2025-04-09 23:54:04.6845] [INFO] [PromoNode.PromoFetchActor] Freespin Received 
[2025-04-09 23:54:05.6291] [INFO] [PromoNode.PromoFetchActor] Cashback Received 
[2025-04-09 23:54:05.6291] [INFO] [PromoNode.PromoFetchActor] Race Received 
[2025-04-09 23:54:14.6879] [INFO] [PromoNode.PromoFetchActor] Freespin Received 
[2025-04-09 23:54:15.6540] [INFO] [PromoNode.PromoFetchActor] Race Received 
[2025-04-09 23:54:15.6540] [INFO] [PromoNode.PromoFetchActor] Cashback Received 
[2025-04-09 23:54:24.6985] [INFO] [PromoNode.PromoFetchActor] Freespin Received 
[2025-04-09 23:54:25.6621] [INFO] [PromoNode.PromoFetchActor] Race Received 
[2025-04-09 23:54:25.6772] [INFO] [PromoNode.PromoFetchActor] Cashback Received 
[2025-04-09 23:54:34.7061] [INFO] [PromoNode.PromoFetchActor] Freespin Received 
[2025-04-09 23:54:35.6859] [INFO] [PromoNode.PromoFetchActor] Race Received 
[2025-04-09 23:54:35.6960] [INFO] [PromoNode.PromoFetchActor] Cashback Received 
[2025-04-09 23:54:44.7258] [INFO] [PromoNode.PromoFetchActor] Freespin Received 
[2025-04-09 23:54:45.7051] [INFO] [PromoNode.PromoFetchActor] Race Received 
[2025-04-09 23:54:45.7348] [INFO] [PromoNode.PromoFetchActor] Cashback Received 
[2025-04-09 23:54:54.7409] [INFO] [PromoNode.PromoFetchActor] Freespin Received 
[2025-04-09 23:54:55.7178] [INFO] [PromoNode.PromoFetchActor] Race Received 
[2025-04-09 23:54:55.7519] [INFO] [PromoNode.PromoFetchActor] Cashback Received 
[2025-04-09 23:55:00.5849] [INFO] [PromoNode.PromoFetchActor] Tour Received 
[2025-04-09 23:55:04.7606] [INFO] [PromoNode.PromoFetchActor] Freespin Received 
[2025-04-09 23:55:05.7399] [INFO] [PromoNode.PromoFetchActor] Race Received 
[2025-04-09 23:55:05.7746] [INFO] [PromoNode.PromoFetchActor] Cashback Received 
[2025-04-09 23:55:14.7804] [INFO] [PromoNode.PromoFetchActor] Freespin Received 
[2025-04-09 23:55:15.7537] [INFO] [PromoNode.PromoFetchActor] Race Received 
[2025-04-09 23:55:15.7857] [INFO] [PromoNode.PromoFetchActor] Cashback Received 
[2025-04-09 23:55:24.7946] [INFO] [PromoNode.PromoFetchActor] Freespin Received 
[2025-04-09 23:55:25.7713] [INFO] [PromoNode.PromoFetchActor] Race Received 
[2025-04-09 23:55:25.8050] [INFO] [PromoNode.PromoFetchActor] Cashback Received 
[2025-04-09 23:55:34.8002] [INFO] [PromoNode.PromoFetchActor] Freespin Received 
[2025-04-09 23:55:35.7929] [INFO] [PromoNode.PromoFetchActor] Race Received 
[2025-04-09 23:55:35.8090] [INFO] [PromoNode.PromoFetchActor] Cashback Received 
[2025-04-09 23:55:44.8189] [INFO] [PromoNode.PromoFetchActor] Freespin Received 
[2025-04-09 23:55:45.8037] [INFO] [PromoNode.PromoFetchActor] Race Received 
[2025-04-09 23:55:45.8298] [INFO] [PromoNode.PromoFetchActor] Cashback Received 
[2025-04-09 23:55:54.8403] [INFO] [PromoNode.PromoFetchActor] Freespin Received 
[2025-04-09 23:55:55.8159] [INFO] [PromoNode.PromoFetchActor] Race Received 
[2025-04-09 23:55:55.8479] [INFO] [PromoNode.PromoFetchActor] Cashback Received 
[2025-04-09 23:56:00.6024] [INFO] [PromoNode.PromoFetchActor] Tour Received 
[2025-04-09 23:56:04.8567] [INFO] [PromoNode.PromoFetchActor] Freespin Received 
[2025-04-09 23:56:05.8369] [INFO] [PromoNode.PromoFetchActor] Race Received 
[2025-04-09 23:56:05.8699] [INFO] [PromoNode.PromoFetchActor] Cashback Received 
[2025-04-09 23:56:14.8765] [INFO] [PromoNode.PromoFetchActor] Freespin Received 
[2025-04-09 23:56:15.8677] [INFO] [PromoNode.PromoFetchActor] Race Received 
[2025-04-09 23:56:15.8877] [INFO] [PromoNode.PromoFetchActor] Cashback Received 
[2025-04-09 23:56:24.9099] [INFO] [PromoNode.PromoFetchActor] Freespin Received 
[2025-04-09 23:56:25.8829] [INFO] [PromoNode.PromoFetchActor] Race Received 
[2025-04-09 23:56:25.9171] [INFO] [PromoNode.PromoFetchActor] Cashback Received 
[2025-04-09 23:56:34.9203] [INFO] [PromoNode.PromoFetchActor] Freespin Received 
[2025-04-09 23:56:35.8963] [INFO] [PromoNode.PromoFetchActor] Race Received 
[2025-04-09 23:56:35.9437] [INFO] [PromoNode.PromoFetchActor] Cashback Received 
[2025-04-09 23:56:44.9412] [INFO] [PromoNode.PromoFetchActor] Freespin Received 
[2025-04-09 23:56:45.9141] [INFO] [PromoNode.PromoFetchActor] Race Received 
[2025-04-09 23:56:45.9646] [INFO] [PromoNode.PromoFetchActor] Cashback Received 
[2025-04-09 23:56:54.9499] [INFO] [PromoNode.PromoFetchActor] Freespin Received 
[2025-04-09 23:56:55.9348] [INFO] [PromoNode.PromoFetchActor] Race Received 
[2025-04-09 23:56:55.9804] [INFO] [PromoNode.PromoFetchActor] Cashback Received 
[2025-04-09 23:57:00.6158] [INFO] [PromoNode.PromoFetchActor] Tour Received 
[2025-04-09 23:57:04.9581] [INFO] [PromoNode.PromoFetchActor] Freespin Received 
[2025-04-09 23:57:05.9534] [INFO] [PromoNode.PromoFetchActor] Race Received 
[2025-04-09 23:57:06.0014] [INFO] [PromoNode.PromoFetchActor] Cashback Received 
[2025-04-09 23:57:14.9688] [INFO] [PromoNode.PromoFetchActor] Freespin Received 
[2025-04-09 23:57:15.9616] [INFO] [PromoNode.PromoFetchActor] Race Received 
[2025-04-09 23:57:16.0223] [INFO] [PromoNode.PromoFetchActor] Cashback Received 
[2025-04-09 23:57:24.9874] [INFO] [PromoNode.PromoFetchActor] Freespin Received 
[2025-04-09 23:57:25.9755] [INFO] [PromoNode.PromoFetchActor] Race Received 
[2025-04-09 23:57:26.0386] [INFO] [PromoNode.PromoFetchActor] Cashback Received 
[2025-04-09 23:57:35.0063] [INFO] [PromoNode.PromoFetchActor] Freespin Received 
[2025-04-09 23:57:35.9985] [INFO] [PromoNode.PromoFetchActor] Race Received 
[2025-04-09 23:57:36.0666] [INFO] [PromoNode.PromoFetchActor] Cashback Received 
[2025-04-09 23:57:45.0309] [INFO] [PromoNode.PromoFetchActor] Freespin Received 
[2025-04-09 23:57:46.0209] [INFO] [PromoNode.PromoFetchActor] Race Received 
[2025-04-09 23:57:46.0999] [INFO] [PromoNode.PromoFetchActor] Cashback Received 
[2025-04-09 23:57:55.0446] [INFO] [PromoNode.PromoFetchActor] Freespin Received 
[2025-04-09 23:57:56.0391] [INFO] [PromoNode.PromoFetchActor] Race Received 
[2025-04-09 23:57:56.1193] [INFO] [PromoNode.PromoFetchActor] Cashback Received 
[2025-04-09 23:58:00.6352] [INFO] [PromoNode.PromoFetchActor] Tour Received 
[2025-04-09 23:58:05.0498] [INFO] [PromoNode.PromoFetchActor] Freespin Received 
[2025-04-09 23:58:06.0606] [INFO] [PromoNode.PromoFetchActor] Race Received 
[2025-04-09 23:58:06.1331] [INFO] [PromoNode.PromoFetchActor] Cashback Received 
[2025-04-09 23:58:15.0692] [INFO] [PromoNode.PromoFetchActor] Freespin Received 
[2025-04-09 23:58:16.0745] [INFO] [PromoNode.PromoFetchActor] Race Received 
[2025-04-09 23:58:16.1541] [INFO] [PromoNode.PromoFetchActor] Cashback Received 
[2025-04-09 23:58:25.0859] [INFO] [PromoNode.PromoFetchActor] Freespin Received 
[2025-04-09 23:58:26.0801] [INFO] [PromoNode.PromoFetchActor] Race Received 
[2025-04-09 23:58:26.1718] [INFO] [PromoNode.PromoFetchActor] Cashback Received 
[2025-04-09 23:58:35.1091] [INFO] [PromoNode.PromoFetchActor] Freespin Received 
[2025-04-09 23:58:36.1021] [INFO] [PromoNode.PromoFetchActor] Race Received 
[2025-04-09 23:58:36.1950] [INFO] [PromoNode.PromoFetchActor] Cashback Received 
[2025-04-09 23:58:45.1227] [INFO] [PromoNode.PromoFetchActor] Freespin Received 
[2025-04-09 23:58:46.1186] [INFO] [PromoNode.PromoFetchActor] Race Received 
[2025-04-09 23:58:46.2096] [INFO] [PromoNode.PromoFetchActor] Cashback Received 
[2025-04-09 23:58:55.1289] [INFO] [PromoNode.PromoFetchActor] Freespin Received 
[2025-04-09 23:58:56.1380] [INFO] [PromoNode.PromoFetchActor] Race Received 
[2025-04-09 23:58:56.2387] [INFO] [PromoNode.PromoFetchActor] Cashback Received 
[2025-04-09 23:59:00.6512] [INFO] [PromoNode.PromoFetchActor] Tour Received 
[2025-04-09 23:59:05.1409] [INFO] [PromoNode.PromoFetchActor] Freespin Received 
[2025-04-09 23:59:06.1633] [INFO] [PromoNode.PromoFetchActor] Race Received 
[2025-04-09 23:59:06.2595] [INFO] [PromoNode.PromoFetchActor] Cashback Received 
[2025-04-09 23:59:15.1643] [INFO] [PromoNode.PromoFetchActor] Freespin Received 
[2025-04-09 23:59:16.1696] [INFO] [PromoNode.PromoFetchActor] Race Received 
[2025-04-09 23:59:16.2922] [INFO] [PromoNode.PromoFetchActor] Cashback Received 
[2025-04-09 23:59:25.1683] [INFO] [PromoNode.PromoFetchActor] Freespin Received 
[2025-04-09 23:59:26.1790] [INFO] [PromoNode.PromoFetchActor] Race Received 
[2025-04-09 23:59:26.3005] [INFO] [PromoNode.PromoFetchActor] Cashback Received 
[2025-04-09 23:59:35.1809] [INFO] [PromoNode.PromoFetchActor] Freespin Received 
[2025-04-09 23:59:36.1947] [INFO] [PromoNode.PromoFetchActor] Race Received 
[2025-04-09 23:59:36.3159] [INFO] [PromoNode.PromoFetchActor] Cashback Received 
[2025-04-09 23:59:45.2012] [INFO] [PromoNode.PromoFetchActor] Freespin Received 
[2025-04-09 23:59:46.2130] [INFO] [PromoNode.PromoFetchActor] Race Received 
[2025-04-09 23:59:46.3350] [INFO] [PromoNode.PromoFetchActor] Cashback Received 
[2025-04-09 23:59:55.2130] [INFO] [PromoNode.PromoFetchActor] Freespin Received 
[2025-04-09 23:59:56.2285] [INFO] [PromoNode.PromoFetchActor] Race Received 
[2025-04-09 23:59:56.3522] [INFO] [PromoNode.PromoFetchActor] Cashback Received 
