[2024-10-17 20:25:30.3013] [INFO] [PromoNode.PromoNodeService] Starting PromoNode Service... 
[2024-10-17 20:25:31.4723] [INFO] [remoting (akka://godgaming)] Starting remoting 
[2024-10-17 20:25:31.9443] [INFO] [remoting (akka://godgaming)] Remoting started; listening on addresses : [akka.tcp://godgaming@127.0.0.1:8093] 
[2024-10-17 20:25:31.9443] [INFO] [remoting (akka://godgaming)] Remoting now listens on addresses: [akka.tcp://godgaming@127.0.0.1:8093] 
[2024-10-17 20:25:31.9673] [INFO] [Cluster (akka://godgaming)] Cluster Node [akka.tcp://godgaming@127.0.0.1:8093] - Starting up... 
[2024-10-17 20:25:31.9823] [INFO] [Cluster (akka://godgaming)] Cluster Node [akka.tcp://godgaming@127.0.0.1:8093] - Started up successfully 
[2024-10-17 20:25:32.0863] [INFO] [PromoNode.BootstrapActor] Start Single Game Server(id:)... 
[2024-10-17 20:25:32.0863] [INFO] [PromoNode.BootstrapActor] Initializing database proxy... 
[2024-10-17 20:25:32.5343] [INFO] [PromoNode.BootstrapActor] Database Proxy has been successfully initialized. 
[2024-10-17 20:25:32.6337] [INFO] [PromoNode.PromoFetchActor] Tour Received 
[2024-10-17 20:25:32.6337] [INFO] [PromoNode.PromoFetchActor] Race Received 
[2024-10-17 20:25:32.7457] [INFO] [PromoNode.PromoFetchActor] Freespin Received 
[2024-10-17 20:25:32.7457] [INFO] [Cluster (akka://godgaming)] Cluster Node [akka.tcp://godgaming@127.0.0.1:8093] - Welcome from [akka.tcp://godgaming@127.0.0.1:4055] 
[2024-10-17 20:25:42.6471] [INFO] [PromoNode.PromoFetchActor] Race Received 
[2024-10-17 20:25:42.7547] [INFO] [PromoNode.PromoFetchActor] Freespin Received 
[2024-10-17 20:25:52.6745] [INFO] [PromoNode.PromoFetchActor] Race Received 
[2024-10-17 20:25:52.7647] [INFO] [PromoNode.PromoFetchActor] Freespin Received 
[2024-10-17 20:26:02.6932] [INFO] [PromoNode.PromoFetchActor] Race Received 
[2024-10-17 20:26:02.7682] [INFO] [PromoNode.PromoFetchActor] Freespin Received 
[2024-10-17 20:26:12.7290] [INFO] [PromoNode.PromoFetchActor] Race Received 
[2024-10-17 20:26:12.7870] [INFO] [PromoNode.PromoFetchActor] Freespin Received 
[2024-10-17 20:26:22.7534] [INFO] [PromoNode.PromoFetchActor] Race Received 
[2024-10-17 20:26:22.7984] [INFO] [PromoNode.PromoFetchActor] Freespin Received 
[2024-10-17 20:26:32.6417] [INFO] [PromoNode.PromoFetchActor] Tour Received 
[2024-10-17 20:26:32.7634] [INFO] [PromoNode.PromoFetchActor] Race Received 
[2024-10-17 20:26:32.8078] [INFO] [PromoNode.PromoFetchActor] Freespin Received 
[2024-10-17 20:26:42.7765] [INFO] [PromoNode.PromoFetchActor] Race Received 
[2024-10-17 20:26:42.8232] [INFO] [PromoNode.PromoFetchActor] Freespin Received 
[2024-10-17 20:26:52.8010] [INFO] [PromoNode.PromoFetchActor] Race Received 
[2024-10-17 20:26:52.8300] [INFO] [PromoNode.PromoFetchActor] Freespin Received 
[2024-10-17 20:27:02.8131] [INFO] [PromoNode.PromoFetchActor] Race Received 
[2024-10-17 20:27:02.8431] [INFO] [PromoNode.PromoFetchActor] Freespin Received 
[2024-10-17 20:27:12.8295] [INFO] [PromoNode.PromoFetchActor] Race Received 
[2024-10-17 20:27:12.8605] [INFO] [PromoNode.PromoFetchActor] Freespin Received 
[2024-10-17 20:27:22.8457] [INFO] [PromoNode.PromoFetchActor] Race Received 
[2024-10-17 20:27:22.8730] [INFO] [PromoNode.PromoFetchActor] Freespin Received 
[2024-10-17 20:27:32.6542] [INFO] [PromoNode.PromoFetchActor] Tour Received 
[2024-10-17 20:27:32.8568] [INFO] [PromoNode.PromoFetchActor] Race Received 
[2024-10-17 20:27:32.8833] [INFO] [PromoNode.PromoFetchActor] Freespin Received 
[2024-10-17 20:27:42.8828] [INFO] [PromoNode.PromoFetchActor] Race Received 
[2024-10-17 20:27:42.8978] [INFO] [PromoNode.PromoFetchActor] Freespin Received 
[2024-10-17 20:27:52.8934] [INFO] [PromoNode.PromoFetchActor] Race Received 
[2024-10-17 20:27:52.9084] [INFO] [PromoNode.PromoFetchActor] Freespin Received 
[2024-10-17 20:28:02.9046] [INFO] [PromoNode.PromoFetchActor] Race Received 
[2024-10-17 20:28:02.9186] [INFO] [PromoNode.PromoFetchActor] Freespin Received 
[2024-10-17 20:28:12.9199] [INFO] [PromoNode.PromoFetchActor] Race Received 
[2024-10-17 20:28:12.9350] [INFO] [PromoNode.PromoFetchActor] Freespin Received 
[2024-10-17 20:28:22.9420] [INFO] [PromoNode.PromoFetchActor] Freespin Received 
[2024-10-17 20:28:22.9510] [INFO] [PromoNode.PromoFetchActor] Race Received 
[2024-10-17 20:28:32.6801] [INFO] [PromoNode.PromoFetchActor] Tour Received 
[2024-10-17 20:28:32.9523] [INFO] [PromoNode.PromoFetchActor] Freespin Received 
[2024-10-17 20:28:32.9593] [INFO] [PromoNode.PromoFetchActor] Race Received 
[2024-10-17 20:28:42.9709] [INFO] [PromoNode.PromoFetchActor] Freespin Received 
[2024-10-17 20:28:42.9709] [INFO] [PromoNode.PromoFetchActor] Race Received 
[2024-10-17 20:28:52.9813] [INFO] [PromoNode.PromoFetchActor] Freespin Received 
[2024-10-17 20:28:52.9813] [INFO] [PromoNode.PromoFetchActor] Race Received 
[2024-10-17 20:29:03.0005] [INFO] [PromoNode.PromoFetchActor] Freespin Received 
[2024-10-17 20:29:03.0005] [INFO] [PromoNode.PromoFetchActor] Race Received 
[2024-10-17 20:29:13.0095] [INFO] [PromoNode.PromoFetchActor] Freespin Received 
[2024-10-17 20:29:13.0095] [INFO] [PromoNode.PromoFetchActor] Race Received 
[2024-10-17 20:29:23.0190] [INFO] [PromoNode.PromoFetchActor] Freespin Received 
[2024-10-17 20:29:23.0190] [INFO] [PromoNode.PromoFetchActor] Race Received 
[2024-10-17 20:29:32.7051] [INFO] [PromoNode.PromoFetchActor] Tour Received 
[2024-10-17 20:29:33.0399] [INFO] [PromoNode.PromoFetchActor] Freespin Received 
[2024-10-17 20:29:33.0399] [INFO] [PromoNode.PromoFetchActor] Race Received 
[2024-10-17 20:29:43.0602] [INFO] [PromoNode.PromoFetchActor] Freespin Received 
[2024-10-17 20:29:43.0602] [INFO] [PromoNode.PromoFetchActor] Race Received 
[2024-10-17 20:29:53.0794] [INFO] [PromoNode.PromoFetchActor] Freespin Received 
[2024-10-17 20:29:53.0794] [INFO] [PromoNode.PromoFetchActor] Race Received 
[2024-10-17 20:30:03.0943] [INFO] [PromoNode.PromoFetchActor] Freespin Received 
[2024-10-17 20:30:03.0943] [INFO] [PromoNode.PromoFetchActor] Race Received 
[2024-10-17 20:30:13.1084] [INFO] [PromoNode.PromoFetchActor] Freespin Received 
[2024-10-17 20:30:13.1084] [INFO] [PromoNode.PromoFetchActor] Race Received 
[2024-10-17 20:30:23.1260] [INFO] [PromoNode.PromoFetchActor] Race Received 
[2024-10-17 20:30:23.1260] [INFO] [PromoNode.PromoFetchActor] Freespin Received 
[2024-10-17 20:30:32.7142] [INFO] [PromoNode.PromoFetchActor] Tour Received 
[2024-10-17 20:30:33.1429] [INFO] [PromoNode.PromoFetchActor] Freespin Received 
[2024-10-17 20:30:33.1429] [INFO] [PromoNode.PromoFetchActor] Race Received 
[2024-10-17 20:30:43.1617] [INFO] [PromoNode.PromoFetchActor] Freespin Received 
[2024-10-17 20:30:43.1647] [INFO] [PromoNode.PromoFetchActor] Race Received 
[2024-10-17 20:30:53.1714] [INFO] [PromoNode.PromoFetchActor] Freespin Received 
[2024-10-17 20:30:53.1714] [INFO] [PromoNode.PromoFetchActor] Race Received 
[2024-10-17 20:31:03.1921] [INFO] [PromoNode.PromoFetchActor] Freespin Received 
[2024-10-17 20:31:03.1951] [INFO] [PromoNode.PromoFetchActor] Race Received 
[2024-10-17 20:31:13.2108] [INFO] [PromoNode.PromoFetchActor] Freespin Received 
[2024-10-17 20:31:13.2108] [INFO] [PromoNode.PromoFetchActor] Race Received 
[2024-10-17 20:31:23.2209] [INFO] [PromoNode.PromoFetchActor] Freespin Received 
[2024-10-17 20:31:23.2209] [INFO] [PromoNode.PromoFetchActor] Race Received 
[2024-10-17 20:31:32.7234] [INFO] [PromoNode.PromoFetchActor] Tour Received 
[2024-10-17 20:31:33.2324] [INFO] [PromoNode.PromoFetchActor] Freespin Received 
[2024-10-17 20:31:33.2324] [INFO] [PromoNode.PromoFetchActor] Race Received 
[2024-10-17 20:31:43.2476] [INFO] [PromoNode.PromoFetchActor] Freespin Received 
[2024-10-17 20:31:43.2476] [INFO] [PromoNode.PromoFetchActor] Race Received 
[2024-10-17 20:31:53.2637] [INFO] [PromoNode.PromoFetchActor] Freespin Received 
[2024-10-17 20:31:53.2728] [INFO] [PromoNode.PromoFetchActor] Race Received 
[2024-10-17 20:32:03.2785] [INFO] [PromoNode.PromoFetchActor] Freespin Received 
[2024-10-17 20:32:03.2785] [INFO] [PromoNode.PromoFetchActor] Race Received 
[2024-10-17 20:32:13.2919] [INFO] [PromoNode.PromoFetchActor] Freespin Received 
[2024-10-17 20:32:13.2919] [INFO] [PromoNode.PromoFetchActor] Race Received 
[2024-10-17 20:32:23.2987] [INFO] [PromoNode.PromoFetchActor] Freespin Received 
[2024-10-17 20:32:23.2987] [INFO] [PromoNode.PromoFetchActor] Race Received 
[2024-10-17 20:32:32.7365] [INFO] [PromoNode.PromoFetchActor] Tour Received 
[2024-10-17 20:32:33.3258] [INFO] [PromoNode.PromoFetchActor] Freespin Received 
[2024-10-17 20:32:33.3258] [INFO] [PromoNode.PromoFetchActor] Race Received 
[2024-10-17 20:32:43.3276] [INFO] [PromoNode.PromoFetchActor] Freespin Received 
[2024-10-17 20:32:43.3433] [INFO] [PromoNode.PromoFetchActor] Race Received 
[2024-10-17 20:32:53.3490] [INFO] [PromoNode.PromoFetchActor] Freespin Received 
[2024-10-17 20:32:53.3530] [INFO] [PromoNode.PromoFetchActor] Race Received 
[2024-10-17 20:33:03.3679] [INFO] [PromoNode.PromoFetchActor] Freespin Received 
[2024-10-17 20:33:03.3679] [INFO] [PromoNode.PromoFetchActor] Race Received 
[2024-10-17 20:33:13.3927] [INFO] [PromoNode.PromoFetchActor] Freespin Received 
[2024-10-17 20:33:13.3987] [INFO] [PromoNode.PromoFetchActor] Race Received 
[2024-10-17 20:33:23.4098] [INFO] [PromoNode.PromoFetchActor] Freespin Received 
[2024-10-17 20:33:23.4148] [INFO] [PromoNode.PromoFetchActor] Race Received 
[2024-10-17 20:33:32.7634] [INFO] [PromoNode.PromoFetchActor] Tour Received 
[2024-10-17 20:33:33.4267] [INFO] [PromoNode.PromoFetchActor] Freespin Received 
[2024-10-17 20:33:33.4267] [INFO] [PromoNode.PromoFetchActor] Race Received 
[2024-10-17 20:33:43.4515] [INFO] [PromoNode.PromoFetchActor] Freespin Received 
[2024-10-17 20:33:43.4515] [INFO] [PromoNode.PromoFetchActor] Race Received 
[2024-10-17 20:33:53.4735] [INFO] [PromoNode.PromoFetchActor] Freespin Received 
[2024-10-17 20:33:53.4765] [INFO] [PromoNode.PromoFetchActor] Race Received 
[2024-10-17 20:34:03.4897] [INFO] [PromoNode.PromoFetchActor] Freespin Received 
[2024-10-17 20:34:03.4917] [INFO] [PromoNode.PromoFetchActor] Race Received 
[2024-10-17 20:34:13.4995] [INFO] [PromoNode.PromoFetchActor] Freespin Received 
[2024-10-17 20:34:13.4995] [INFO] [PromoNode.PromoFetchActor] Race Received 
[2024-10-17 20:34:23.5151] [INFO] [PromoNode.PromoFetchActor] Freespin Received 
[2024-10-17 20:34:23.5151] [INFO] [PromoNode.PromoFetchActor] Race Received 
[2024-10-17 20:34:32.7804] [INFO] [PromoNode.PromoFetchActor] Tour Received 
[2024-10-17 20:34:33.5241] [INFO] [PromoNode.PromoFetchActor] Freespin Received 
[2024-10-17 20:34:33.5241] [INFO] [PromoNode.PromoFetchActor] Race Received 
[2024-10-17 20:34:43.5348] [INFO] [PromoNode.PromoFetchActor] Freespin Received 
[2024-10-17 20:34:43.5348] [INFO] [PromoNode.PromoFetchActor] Race Received 
[2024-10-17 20:34:53.5539] [INFO] [PromoNode.PromoFetchActor] Freespin Received 
[2024-10-17 20:34:53.5539] [INFO] [PromoNode.PromoFetchActor] Race Received 
[2024-10-17 20:35:03.5690] [INFO] [PromoNode.PromoFetchActor] Freespin Received 
[2024-10-17 20:35:03.5690] [INFO] [PromoNode.PromoFetchActor] Race Received 
[2024-10-17 20:35:13.5805] [INFO] [PromoNode.PromoFetchActor] Freespin Received 
[2024-10-17 20:35:13.5956] [INFO] [PromoNode.PromoFetchActor] Race Received 
[2024-10-17 20:35:23.5924] [INFO] [PromoNode.PromoFetchActor] Freespin Received 
[2024-10-17 20:35:23.6074] [INFO] [PromoNode.PromoFetchActor] Race Received 
[2024-10-17 20:35:32.7911] [INFO] [PromoNode.PromoFetchActor] Tour Received 
[2024-10-17 20:35:33.6099] [INFO] [PromoNode.PromoFetchActor] Freespin Received 
[2024-10-17 20:35:33.6226] [INFO] [PromoNode.PromoFetchActor] Race Received 
[2024-10-17 20:35:43.6179] [INFO] [PromoNode.PromoFetchActor] Freespin Received 
[2024-10-17 20:35:43.6339] [INFO] [PromoNode.PromoFetchActor] Race Received 
[2024-10-17 20:35:53.6357] [INFO] [PromoNode.PromoFetchActor] Freespin Received 
[2024-10-17 20:35:53.6537] [INFO] [PromoNode.PromoFetchActor] Race Received 
[2024-10-17 20:36:03.6399] [INFO] [PromoNode.PromoFetchActor] Freespin Received 
[2024-10-17 20:36:03.6729] [INFO] [PromoNode.PromoFetchActor] Race Received 
[2024-10-17 20:36:13.6489] [INFO] [PromoNode.PromoFetchActor] Freespin Received 
[2024-10-17 20:36:13.6818] [INFO] [PromoNode.PromoFetchActor] Race Received 
[2024-10-17 20:36:23.6692] [INFO] [PromoNode.PromoFetchActor] Freespin Received 
[2024-10-17 20:36:23.7013] [INFO] [PromoNode.PromoFetchActor] Race Received 
[2024-10-17 20:36:32.8157] [INFO] [PromoNode.PromoFetchActor] Tour Received 
[2024-10-17 20:36:33.6787] [INFO] [PromoNode.PromoFetchActor] Freespin Received 
[2024-10-17 20:36:33.7097] [INFO] [PromoNode.PromoFetchActor] Race Received 
[2024-10-17 20:36:43.7029] [INFO] [PromoNode.PromoFetchActor] Freespin Received 
[2024-10-17 20:36:43.7189] [INFO] [PromoNode.PromoFetchActor] Race Received 
[2024-10-17 20:36:53.7218] [INFO] [PromoNode.PromoFetchActor] Freespin Received 
[2024-10-17 20:36:53.7358] [INFO] [PromoNode.PromoFetchActor] Race Received 
[2024-10-17 20:37:03.7369] [INFO] [PromoNode.PromoFetchActor] Freespin Received 
[2024-10-17 20:37:03.7529] [INFO] [PromoNode.PromoFetchActor] Race Received 
[2024-10-17 20:37:13.7517] [INFO] [PromoNode.PromoFetchActor] Freespin Received 
[2024-10-17 20:37:13.7687] [INFO] [PromoNode.PromoFetchActor] Race Received 
[2024-10-17 20:37:23.7649] [INFO] [PromoNode.PromoFetchActor] Freespin Received 
[2024-10-17 20:37:23.7809] [INFO] [PromoNode.PromoFetchActor] Race Received 
[2024-10-17 20:37:32.8206] [INFO] [PromoNode.PromoFetchActor] Tour Received 
[2024-10-17 20:37:33.7741] [INFO] [PromoNode.PromoFetchActor] Freespin Received 
[2024-10-17 20:37:33.7883] [INFO] [PromoNode.PromoFetchActor] Race Received 
[2024-10-17 20:37:43.7897] [INFO] [PromoNode.PromoFetchActor] Freespin Received 
[2024-10-17 20:37:43.8046] [INFO] [PromoNode.PromoFetchActor] Race Received 
[2024-10-17 20:37:53.8004] [INFO] [PromoNode.PromoFetchActor] Freespin Received 
[2024-10-17 20:37:53.8204] [INFO] [PromoNode.PromoFetchActor] Race Received 
[2024-10-17 20:38:03.8097] [INFO] [PromoNode.PromoFetchActor] Freespin Received 
[2024-10-17 20:38:03.8404] [INFO] [PromoNode.PromoFetchActor] Race Received 
[2024-10-17 20:38:13.8238] [INFO] [PromoNode.PromoFetchActor] Freespin Received 
[2024-10-17 20:38:13.8518] [INFO] [PromoNode.PromoFetchActor] Race Received 
[2024-10-17 20:38:23.8287] [INFO] [PromoNode.PromoFetchActor] Freespin Received 
[2024-10-17 20:38:23.8657] [INFO] [PromoNode.PromoFetchActor] Race Received 
[2024-10-17 20:38:32.8365] [INFO] [PromoNode.PromoFetchActor] Tour Received 
[2024-10-17 20:38:33.8392] [INFO] [PromoNode.PromoFetchActor] Freespin Received 
[2024-10-17 20:38:33.8718] [INFO] [PromoNode.PromoFetchActor] Race Received 
[2024-10-17 20:38:43.8553] [INFO] [PromoNode.PromoFetchActor] Freespin Received 
[2024-10-17 20:38:43.8859] [INFO] [PromoNode.PromoFetchActor] Race Received 
[2024-10-17 20:38:53.8618] [INFO] [PromoNode.PromoFetchActor] Freespin Received 
[2024-10-17 20:38:53.8878] [INFO] [PromoNode.PromoFetchActor] Race Received 
[2024-10-17 20:39:03.8731] [INFO] [PromoNode.PromoFetchActor] Freespin Received 
[2024-10-17 20:39:03.9051] [INFO] [PromoNode.PromoFetchActor] Race Received 
[2024-10-17 20:39:13.8776] [INFO] [PromoNode.PromoFetchActor] Freespin Received 
[2024-10-17 20:39:13.9110] [INFO] [PromoNode.PromoFetchActor] Race Received 
[2024-10-17 20:39:23.8888] [INFO] [PromoNode.PromoFetchActor] Freespin Received 
[2024-10-17 20:39:23.9207] [INFO] [PromoNode.PromoFetchActor] Race Received 
[2024-10-17 20:39:32.8666] [INFO] [PromoNode.PromoFetchActor] Tour Received 
[2024-10-17 20:39:33.8983] [INFO] [PromoNode.PromoFetchActor] Freespin Received 
[2024-10-17 20:39:33.9343] [INFO] [PromoNode.PromoFetchActor] Race Received 
[2024-10-17 20:39:43.9165] [INFO] [PromoNode.PromoFetchActor] Freespin Received 
[2024-10-17 20:39:43.9495] [INFO] [PromoNode.PromoFetchActor] Race Received 
[2024-10-17 20:39:53.9466] [INFO] [PromoNode.PromoFetchActor] Freespin Received 
[2024-10-17 20:39:53.9736] [INFO] [PromoNode.PromoFetchActor] Race Received 
[2024-10-17 20:40:03.9717] [INFO] [PromoNode.PromoFetchActor] Freespin Received 
[2024-10-17 20:40:03.9867] [INFO] [PromoNode.PromoFetchActor] Race Received 
[2024-10-17 20:40:13.9893] [INFO] [PromoNode.PromoFetchActor] Freespin Received 
[2024-10-17 20:40:14.0023] [INFO] [PromoNode.PromoFetchActor] Race Received 
[2024-10-17 20:40:24.0086] [INFO] [PromoNode.PromoFetchActor] Freespin Received 
[2024-10-17 20:40:24.0086] [INFO] [PromoNode.PromoFetchActor] Race Received 
[2024-10-17 20:40:32.8922] [INFO] [PromoNode.PromoFetchActor] Tour Received 
[2024-10-17 20:40:34.0207] [INFO] [PromoNode.PromoFetchActor] Freespin Received 
[2024-10-17 20:40:34.0237] [INFO] [PromoNode.PromoFetchActor] Race Received 
[2024-10-17 20:40:44.0285] [INFO] [PromoNode.PromoFetchActor] Freespin Received 
[2024-10-17 20:40:44.0285] [INFO] [PromoNode.PromoFetchActor] Race Received 
[2024-10-17 20:40:54.0425] [INFO] [PromoNode.PromoFetchActor] Freespin Received 
[2024-10-17 20:40:54.0425] [INFO] [PromoNode.PromoFetchActor] Race Received 
[2024-10-17 20:41:04.0516] [INFO] [PromoNode.PromoFetchActor] Freespin Received 
[2024-10-17 20:41:04.0516] [INFO] [PromoNode.PromoFetchActor] Race Received 
[2024-10-17 20:41:14.0585] [INFO] [PromoNode.PromoFetchActor] Freespin Received 
[2024-10-17 20:41:14.0585] [INFO] [PromoNode.PromoFetchActor] Race Received 
[2024-10-17 20:41:24.0823] [INFO] [PromoNode.PromoFetchActor] Freespin Received 
[2024-10-17 20:41:24.0843] [INFO] [PromoNode.PromoFetchActor] Race Received 
[2024-10-17 20:41:32.9027] [INFO] [PromoNode.PromoFetchActor] Tour Received 
[2024-10-17 20:41:34.1011] [INFO] [PromoNode.PromoFetchActor] Freespin Received 
[2024-10-17 20:41:34.1011] [INFO] [PromoNode.PromoFetchActor] Race Received 
[2024-10-17 20:41:44.1201] [INFO] [PromoNode.PromoFetchActor] Freespin Received 
[2024-10-17 20:41:44.1201] [INFO] [PromoNode.PromoFetchActor] Race Received 
[2024-10-17 20:41:54.1325] [INFO] [PromoNode.PromoFetchActor] Freespin Received 
[2024-10-17 20:41:54.1325] [INFO] [PromoNode.PromoFetchActor] Race Received 
[2024-10-17 20:42:04.1407] [INFO] [PromoNode.PromoFetchActor] Freespin Received 
[2024-10-17 20:42:04.1407] [INFO] [PromoNode.PromoFetchActor] Race Received 
[2024-10-17 20:42:14.1601] [INFO] [PromoNode.PromoFetchActor] Freespin Received 
[2024-10-17 20:42:14.1601] [INFO] [PromoNode.PromoFetchActor] Race Received 
[2024-10-17 20:42:24.1788] [INFO] [PromoNode.PromoFetchActor] Freespin Received 
[2024-10-17 20:42:24.1788] [INFO] [PromoNode.PromoFetchActor] Race Received 
[2024-10-17 20:42:32.9334] [INFO] [PromoNode.PromoFetchActor] Tour Received 
[2024-10-17 20:42:34.1978] [INFO] [PromoNode.PromoFetchActor] Freespin Received 
[2024-10-17 20:42:34.2208] [INFO] [PromoNode.PromoFetchActor] Race Received 
[2024-10-17 20:42:44.2206] [INFO] [PromoNode.PromoFetchActor] Freespin Received 
[2024-10-17 20:42:44.2416] [INFO] [PromoNode.PromoFetchActor] Race Received 
[2024-10-17 20:42:54.2406] [INFO] [PromoNode.PromoFetchActor] Freespin Received 
[2024-10-17 20:42:54.2566] [INFO] [PromoNode.PromoFetchActor] Race Received 
[2024-10-17 20:43:04.2645] [INFO] [PromoNode.PromoFetchActor] Freespin Received 
[2024-10-17 20:43:04.2785] [INFO] [PromoNode.PromoFetchActor] Race Received 
[2024-10-17 20:43:14.2823] [INFO] [PromoNode.PromoFetchActor] Freespin Received 
[2024-10-17 20:43:14.2973] [INFO] [PromoNode.PromoFetchActor] Race Received 
[2024-10-17 20:43:24.2974] [INFO] [PromoNode.PromoFetchActor] Freespin Received 
[2024-10-17 20:43:24.3124] [INFO] [PromoNode.PromoFetchActor] Race Received 
[2024-10-17 20:43:32.9457] [INFO] [PromoNode.PromoFetchActor] Tour Received 
[2024-10-17 20:43:34.3239] [INFO] [PromoNode.PromoFetchActor] Freespin Received 
[2024-10-17 20:43:34.3239] [INFO] [PromoNode.PromoFetchActor] Race Received 
[2024-10-17 20:43:44.3291] [INFO] [PromoNode.PromoFetchActor] Freespin Received 
[2024-10-17 20:43:44.3291] [INFO] [PromoNode.PromoFetchActor] Race Received 
[2024-10-17 20:43:54.3511] [INFO] [PromoNode.PromoFetchActor] Freespin Received 
[2024-10-17 20:43:54.3511] [INFO] [PromoNode.PromoFetchActor] Race Received 
[2024-10-17 20:44:04.3634] [INFO] [PromoNode.PromoFetchActor] Freespin Received 
[2024-10-17 20:44:04.3634] [INFO] [PromoNode.PromoFetchActor] Race Received 
[2024-10-17 20:44:14.3764] [INFO] [PromoNode.PromoFetchActor] Freespin Received 
[2024-10-17 20:44:14.3764] [INFO] [PromoNode.PromoFetchActor] Race Received 
[2024-10-17 20:44:24.3975] [INFO] [PromoNode.PromoFetchActor] Freespin Received 
[2024-10-17 20:44:24.3975] [INFO] [PromoNode.PromoFetchActor] Race Received 
[2024-10-17 20:44:32.9554] [INFO] [PromoNode.PromoFetchActor] Tour Received 
[2024-10-17 20:44:34.4085] [INFO] [PromoNode.PromoFetchActor] Race Received 
[2024-10-17 20:44:34.4085] [INFO] [PromoNode.PromoFetchActor] Freespin Received 
[2024-10-17 20:44:44.4243] [INFO] [PromoNode.PromoFetchActor] Freespin Received 
[2024-10-17 20:44:44.4293] [INFO] [PromoNode.PromoFetchActor] Race Received 
[2024-10-17 20:44:54.4318] [INFO] [PromoNode.PromoFetchActor] Freespin Received 
[2024-10-17 20:44:54.4318] [INFO] [PromoNode.PromoFetchActor] Race Received 
[2024-10-17 20:45:04.4544] [INFO] [PromoNode.PromoFetchActor] Freespin Received 
[2024-10-17 20:45:04.4594] [INFO] [PromoNode.PromoFetchActor] Race Received 
[2024-10-17 20:45:14.4583] [INFO] [PromoNode.PromoFetchActor] Freespin Received 
[2024-10-17 20:45:14.4753] [INFO] [PromoNode.PromoFetchActor] Race Received 
[2024-10-17 20:45:24.4823] [INFO] [PromoNode.PromoFetchActor] Freespin Received 
[2024-10-17 20:45:24.4823] [INFO] [PromoNode.PromoFetchActor] Race Received 
[2024-10-17 20:45:32.9720] [INFO] [PromoNode.PromoFetchActor] Tour Received 
[2024-10-17 20:45:34.4934] [INFO] [PromoNode.PromoFetchActor] Freespin Received 
[2024-10-17 20:45:34.4934] [INFO] [PromoNode.PromoFetchActor] Race Received 
[2024-10-17 20:45:44.5145] [INFO] [PromoNode.PromoFetchActor] Freespin Received 
[2024-10-17 20:45:44.5145] [INFO] [PromoNode.PromoFetchActor] Race Received 
[2024-10-17 20:45:54.5283] [INFO] [PromoNode.PromoFetchActor] Freespin Received 
[2024-10-17 20:45:54.5283] [INFO] [PromoNode.PromoFetchActor] Race Received 
[2024-10-17 20:46:04.5504] [INFO] [PromoNode.PromoFetchActor] Freespin Received 
[2024-10-17 20:46:04.5504] [INFO] [PromoNode.PromoFetchActor] Race Received 
[2024-10-17 20:46:14.5744] [INFO] [PromoNode.PromoFetchActor] Freespin Received 
[2024-10-17 20:46:14.5744] [INFO] [PromoNode.PromoFetchActor] Race Received 
[2024-10-17 20:46:24.5863] [INFO] [PromoNode.PromoFetchActor] Freespin Received 
[2024-10-17 20:46:24.6023] [INFO] [PromoNode.PromoFetchActor] Race Received 
[2024-10-17 20:46:32.9931] [INFO] [PromoNode.PromoFetchActor] Tour Received 
[2024-10-17 20:46:34.6117] [INFO] [PromoNode.PromoFetchActor] Freespin Received 
[2024-10-17 20:46:34.6117] [INFO] [PromoNode.PromoFetchActor] Race Received 
[2024-10-17 20:46:44.6215] [INFO] [PromoNode.PromoFetchActor] Freespin Received 
[2024-10-17 20:46:44.6215] [INFO] [PromoNode.PromoFetchActor] Race Received 
[2024-10-17 20:46:54.6334] [INFO] [PromoNode.PromoFetchActor] Freespin Received 
[2024-10-17 20:46:54.6334] [INFO] [PromoNode.PromoFetchActor] Race Received 
[2024-10-17 20:47:04.6437] [INFO] [PromoNode.PromoFetchActor] Freespin Received 
[2024-10-17 20:47:04.6437] [INFO] [PromoNode.PromoFetchActor] Race Received 
[2024-10-17 20:47:14.6633] [INFO] [PromoNode.PromoFetchActor] Freespin Received 
[2024-10-17 20:47:14.6633] [INFO] [PromoNode.PromoFetchActor] Race Received 
[2024-10-17 20:47:24.6759] [INFO] [PromoNode.PromoFetchActor] Freespin Received 
[2024-10-17 20:47:24.6939] [INFO] [PromoNode.PromoFetchActor] Race Received 
[2024-10-17 20:47:33.0138] [INFO] [PromoNode.PromoFetchActor] Tour Received 
[2024-10-17 20:47:34.6876] [INFO] [PromoNode.PromoFetchActor] Freespin Received 
[2024-10-17 20:47:34.7032] [INFO] [PromoNode.PromoFetchActor] Race Received 
[2024-10-17 20:47:44.7123] [INFO] [PromoNode.PromoFetchActor] Freespin Received 
[2024-10-17 20:47:44.7123] [INFO] [PromoNode.PromoFetchActor] Race Received 
[2024-10-17 20:47:54.7379] [INFO] [PromoNode.PromoFetchActor] Freespin Received 
[2024-10-17 20:47:54.7379] [INFO] [PromoNode.PromoFetchActor] Race Received 
[2024-10-17 20:48:04.7546] [INFO] [PromoNode.PromoFetchActor] Freespin Received 
[2024-10-17 20:48:04.7606] [INFO] [PromoNode.PromoFetchActor] Race Received 
[2024-10-17 20:48:14.7623] [INFO] [PromoNode.PromoFetchActor] Freespin Received 
[2024-10-17 20:48:14.7743] [INFO] [PromoNode.PromoFetchActor] Race Received 
[2024-10-17 20:48:24.7821] [INFO] [PromoNode.PromoFetchActor] Freespin Received 
[2024-10-17 20:48:24.7821] [INFO] [PromoNode.PromoFetchActor] Race Received 
[2024-10-17 20:48:33.0273] [INFO] [PromoNode.PromoFetchActor] Tour Received 
[2024-10-17 20:48:34.7982] [INFO] [PromoNode.PromoFetchActor] Freespin Received 
[2024-10-17 20:48:34.8068] [INFO] [PromoNode.PromoFetchActor] Race Received 
[2024-10-17 20:48:44.8084] [INFO] [PromoNode.PromoFetchActor] Freespin Received 
[2024-10-17 20:48:44.8084] [INFO] [PromoNode.PromoFetchActor] Race Received 
[2024-10-17 20:48:54.8199] [INFO] [PromoNode.PromoFetchActor] Freespin Received 
[2024-10-17 20:48:54.8199] [INFO] [PromoNode.PromoFetchActor] Race Received 
[2024-10-17 20:49:04.8437] [INFO] [PromoNode.PromoFetchActor] Freespin Received 
[2024-10-17 20:49:04.8437] [INFO] [PromoNode.PromoFetchActor] Race Received 
[2024-10-17 20:49:14.8602] [INFO] [PromoNode.PromoFetchActor] Freespin Received 
[2024-10-17 20:49:14.8602] [INFO] [PromoNode.PromoFetchActor] Race Received 
[2024-10-17 20:49:24.8802] [INFO] [PromoNode.PromoFetchActor] Freespin Received 
[2024-10-17 20:49:24.8842] [INFO] [PromoNode.PromoFetchActor] Race Received 
[2024-10-17 20:49:33.0441] [INFO] [PromoNode.PromoFetchActor] Tour Received 
[2024-10-17 20:49:34.8974] [INFO] [PromoNode.PromoFetchActor] Freespin Received 
[2024-10-17 20:49:34.8974] [INFO] [PromoNode.PromoFetchActor] Race Received 
[2024-10-17 20:49:44.9254] [INFO] [PromoNode.PromoFetchActor] Freespin Received 
[2024-10-17 20:49:44.9304] [INFO] [PromoNode.PromoFetchActor] Race Received 
[2024-10-17 20:49:54.9386] [INFO] [PromoNode.PromoFetchActor] Freespin Received 
[2024-10-17 20:49:54.9486] [INFO] [PromoNode.PromoFetchActor] Race Received 
[2024-10-17 20:50:04.9572] [INFO] [PromoNode.PromoFetchActor] Freespin Received 
[2024-10-17 20:50:04.9572] [INFO] [PromoNode.PromoFetchActor] Race Received 
[2024-10-17 20:50:14.9803] [INFO] [PromoNode.PromoFetchActor] Freespin Received 
[2024-10-17 20:50:14.9803] [INFO] [PromoNode.PromoFetchActor] Race Received 
[2024-10-17 20:50:24.9909] [INFO] [PromoNode.PromoFetchActor] Freespin Received 
[2024-10-17 20:50:24.9909] [INFO] [PromoNode.PromoFetchActor] Race Received 
[2024-10-17 20:50:33.0646] [INFO] [PromoNode.PromoFetchActor] Tour Received 
[2024-10-17 20:50:35.0081] [INFO] [PromoNode.PromoFetchActor] Freespin Received 
[2024-10-17 20:50:35.0081] [INFO] [PromoNode.PromoFetchActor] Race Received 
[2024-10-17 20:50:45.0304] [INFO] [PromoNode.PromoFetchActor] Freespin Received 
[2024-10-17 20:50:45.0304] [INFO] [PromoNode.PromoFetchActor] Race Received 
[2024-10-17 20:50:55.0476] [INFO] [PromoNode.PromoFetchActor] Freespin Received 
[2024-10-17 20:50:55.0476] [INFO] [PromoNode.PromoFetchActor] Race Received 
[2024-10-17 20:51:05.0639] [INFO] [PromoNode.PromoFetchActor] Freespin Received 
[2024-10-17 20:51:05.0639] [INFO] [PromoNode.PromoFetchActor] Race Received 
[2024-10-17 20:51:15.0682] [INFO] [PromoNode.PromoFetchActor] Freespin Received 
[2024-10-17 20:51:15.0702] [INFO] [PromoNode.PromoFetchActor] Race Received 
[2024-10-17 20:51:25.0869] [INFO] [PromoNode.PromoFetchActor] Freespin Received 
[2024-10-17 20:51:25.0869] [INFO] [PromoNode.PromoFetchActor] Race Received 
[2024-10-17 20:51:33.0884] [INFO] [PromoNode.PromoFetchActor] Tour Received 
[2024-10-17 20:51:35.1089] [INFO] [PromoNode.PromoFetchActor] Freespin Received 
[2024-10-17 20:51:35.1089] [INFO] [PromoNode.PromoFetchActor] Race Received 
[2024-10-17 20:51:45.1321] [INFO] [PromoNode.PromoFetchActor] Freespin Received 
[2024-10-17 20:51:45.1321] [INFO] [PromoNode.PromoFetchActor] Race Received 
[2024-10-17 20:51:55.1474] [INFO] [PromoNode.PromoFetchActor] Freespin Received 
[2024-10-17 20:51:55.1474] [INFO] [PromoNode.PromoFetchActor] Race Received 
[2024-10-17 20:52:05.1683] [INFO] [PromoNode.PromoFetchActor] Freespin Received 
[2024-10-17 20:52:05.1683] [INFO] [PromoNode.PromoFetchActor] Race Received 
[2024-10-17 20:52:15.1827] [INFO] [PromoNode.PromoFetchActor] Freespin Received 
[2024-10-17 20:52:15.1827] [INFO] [PromoNode.PromoFetchActor] Race Received 
[2024-10-17 20:52:25.1929] [INFO] [PromoNode.PromoFetchActor] Freespin Received 
[2024-10-17 20:52:25.2009] [INFO] [PromoNode.PromoFetchActor] Race Received 
[2024-10-17 20:52:33.1119] [INFO] [PromoNode.PromoFetchActor] Tour Received 
[2024-10-17 20:52:35.2091] [INFO] [PromoNode.PromoFetchActor] Freespin Received 
[2024-10-17 20:52:35.2121] [INFO] [PromoNode.PromoFetchActor] Race Received 
[2024-10-17 20:52:45.2191] [INFO] [PromoNode.PromoFetchActor] Freespin Received 
[2024-10-17 20:52:45.2191] [INFO] [PromoNode.PromoFetchActor] Race Received 
[2024-10-17 20:52:55.2344] [INFO] [PromoNode.PromoFetchActor] Freespin Received 
[2024-10-17 20:52:55.2344] [INFO] [PromoNode.PromoFetchActor] Race Received 
[2024-10-17 20:53:05.2492] [INFO] [PromoNode.PromoFetchActor] Freespin Received 
[2024-10-17 20:53:05.2492] [INFO] [PromoNode.PromoFetchActor] Race Received 
[2024-10-17 20:53:15.2661] [INFO] [PromoNode.PromoFetchActor] Freespin Received 
[2024-10-17 20:53:15.2661] [INFO] [PromoNode.PromoFetchActor] Race Received 
[2024-10-17 20:53:25.2696] [INFO] [PromoNode.PromoFetchActor] Freespin Received 
[2024-10-17 20:53:25.2696] [INFO] [PromoNode.PromoFetchActor] Race Received 
[2024-10-17 20:53:33.1304] [INFO] [PromoNode.PromoFetchActor] Tour Received 
[2024-10-17 20:53:35.2813] [INFO] [PromoNode.PromoFetchActor] Freespin Received 
[2024-10-17 20:53:35.2813] [INFO] [PromoNode.PromoFetchActor] Race Received 
[2024-10-17 20:53:45.2961] [INFO] [PromoNode.PromoFetchActor] Freespin Received 
[2024-10-17 20:53:45.3061] [INFO] [PromoNode.PromoFetchActor] Race Received 
[2024-10-17 20:53:55.3063] [INFO] [PromoNode.PromoFetchActor] Freespin Received 
[2024-10-17 20:53:55.3236] [INFO] [PromoNode.PromoFetchActor] Race Received 
[2024-10-17 20:54:05.3172] [INFO] [PromoNode.PromoFetchActor] Freespin Received 
[2024-10-17 20:54:05.3342] [INFO] [PromoNode.PromoFetchActor] Race Received 
[2024-10-17 20:54:15.3406] [INFO] [PromoNode.PromoFetchActor] Freespin Received 
[2024-10-17 20:54:15.3406] [INFO] [PromoNode.PromoFetchActor] Race Received 
[2024-10-17 20:54:25.3602] [INFO] [PromoNode.PromoFetchActor] Freespin Received 
[2024-10-17 20:54:25.3602] [INFO] [PromoNode.PromoFetchActor] Race Received 
[2024-10-17 20:54:33.1494] [INFO] [PromoNode.PromoFetchActor] Tour Received 
[2024-10-17 20:54:35.3793] [INFO] [PromoNode.PromoFetchActor] Freespin Received 
[2024-10-17 20:54:35.3793] [INFO] [PromoNode.PromoFetchActor] Race Received 
[2024-10-17 20:54:45.3969] [INFO] [PromoNode.PromoFetchActor] Freespin Received 
[2024-10-17 20:54:45.3969] [INFO] [PromoNode.PromoFetchActor] Race Received 
[2024-10-17 20:54:55.4170] [INFO] [PromoNode.PromoFetchActor] Freespin Received 
[2024-10-17 20:54:55.4170] [INFO] [PromoNode.PromoFetchActor] Race Received 
[2024-10-17 20:55:05.4310] [INFO] [PromoNode.PromoFetchActor] Freespin Received 
[2024-10-17 20:55:05.4310] [INFO] [PromoNode.PromoFetchActor] Race Received 
[2024-10-17 20:55:15.4400] [INFO] [PromoNode.PromoFetchActor] Freespin Received 
[2024-10-17 20:55:15.4470] [INFO] [PromoNode.PromoFetchActor] Race Received 
[2024-10-17 20:55:25.4612] [INFO] [PromoNode.PromoFetchActor] Freespin Received 
[2024-10-17 20:55:25.4802] [INFO] [PromoNode.PromoFetchActor] Race Received 
[2024-10-17 20:55:33.1655] [INFO] [PromoNode.PromoFetchActor] Tour Received 
[2024-10-17 20:55:35.4712] [INFO] [PromoNode.PromoFetchActor] Freespin Received 
[2024-10-17 20:55:35.4853] [INFO] [PromoNode.PromoFetchActor] Race Received 
[2024-10-17 20:55:45.4928] [INFO] [PromoNode.PromoFetchActor] Freespin Received 
[2024-10-17 20:55:45.5088] [INFO] [PromoNode.PromoFetchActor] Race Received 
[2024-10-17 20:55:55.5036] [INFO] [PromoNode.PromoFetchActor] Freespin Received 
[2024-10-17 20:55:55.5066] [INFO] [PromoNode.PromoFetchActor] Race Received 
[2024-10-17 20:56:05.5200] [INFO] [PromoNode.PromoFetchActor] Freespin Received 
[2024-10-17 20:56:05.5230] [INFO] [PromoNode.PromoFetchActor] Race Received 
[2024-10-17 20:56:15.5292] [INFO] [PromoNode.PromoFetchActor] Freespin Received 
[2024-10-17 20:56:15.5292] [INFO] [PromoNode.PromoFetchActor] Race Received 
[2024-10-17 20:56:25.5440] [INFO] [PromoNode.PromoFetchActor] Freespin Received 
[2024-10-17 20:56:25.5440] [INFO] [PromoNode.PromoFetchActor] Race Received 
[2024-10-17 20:56:33.1783] [INFO] [PromoNode.PromoFetchActor] Tour Received 
[2024-10-17 20:56:35.5622] [INFO] [PromoNode.PromoFetchActor] Freespin Received 
[2024-10-17 20:56:35.5622] [INFO] [PromoNode.PromoFetchActor] Race Received 
[2024-10-17 20:56:45.5695] [INFO] [PromoNode.PromoFetchActor] Freespin Received 
[2024-10-17 20:56:45.5695] [INFO] [PromoNode.PromoFetchActor] Race Received 
[2024-10-17 20:56:55.5917] [INFO] [PromoNode.PromoFetchActor] Freespin Received 
[2024-10-17 20:56:55.5917] [INFO] [PromoNode.PromoFetchActor] Race Received 
[2024-10-17 20:57:05.6010] [INFO] [PromoNode.PromoFetchActor] Freespin Received 
[2024-10-17 20:57:05.6010] [INFO] [PromoNode.PromoFetchActor] Race Received 
[2024-10-17 20:57:15.6182] [INFO] [PromoNode.PromoFetchActor] Freespin Received 
[2024-10-17 20:57:15.6182] [INFO] [PromoNode.PromoFetchActor] Race Received 
[2024-10-17 20:57:25.6383] [INFO] [PromoNode.PromoFetchActor] Freespin Received 
[2024-10-17 20:57:25.6383] [INFO] [PromoNode.PromoFetchActor] Race Received 
[2024-10-17 20:57:33.1907] [INFO] [PromoNode.PromoFetchActor] Tour Received 
[2024-10-17 20:57:35.6631] [INFO] [PromoNode.PromoFetchActor] Freespin Received 
[2024-10-17 20:57:35.6631] [INFO] [PromoNode.PromoFetchActor] Race Received 
[2024-10-17 20:57:45.6830] [INFO] [PromoNode.PromoFetchActor] Freespin Received 
[2024-10-17 20:57:45.6830] [INFO] [PromoNode.PromoFetchActor] Race Received 
[2024-10-17 20:57:55.7029] [INFO] [PromoNode.PromoFetchActor] Freespin Received 
[2024-10-17 20:57:55.7029] [INFO] [PromoNode.PromoFetchActor] Race Received 
[2024-10-17 20:58:05.7100] [INFO] [PromoNode.PromoFetchActor] Freespin Received 
[2024-10-17 20:58:05.7100] [INFO] [PromoNode.PromoFetchActor] Race Received 
[2024-10-17 20:58:15.7263] [INFO] [PromoNode.PromoFetchActor] Freespin Received 
[2024-10-17 20:58:15.7263] [INFO] [PromoNode.PromoFetchActor] Race Received 
[2024-10-17 20:58:25.7501] [INFO] [PromoNode.PromoFetchActor] Freespin Received 
[2024-10-17 20:58:25.7501] [INFO] [PromoNode.PromoFetchActor] Race Received 
[2024-10-17 20:58:33.2114] [INFO] [PromoNode.PromoFetchActor] Tour Received 
[2024-10-17 20:58:35.7709] [INFO] [PromoNode.PromoFetchActor] Freespin Received 
[2024-10-17 20:58:35.7749] [INFO] [PromoNode.PromoFetchActor] Race Received 
[2024-10-17 20:58:45.7874] [INFO] [PromoNode.PromoFetchActor] Freespin Received 
[2024-10-17 20:58:45.7874] [INFO] [PromoNode.PromoFetchActor] Race Received 
[2024-10-17 20:58:55.7985] [INFO] [PromoNode.PromoFetchActor] Freespin Received 
[2024-10-17 20:58:55.7985] [INFO] [PromoNode.PromoFetchActor] Race Received 
[2024-10-17 20:59:05.8072] [INFO] [PromoNode.PromoFetchActor] Freespin Received 
[2024-10-17 20:59:05.8072] [INFO] [PromoNode.PromoFetchActor] Race Received 
[2024-10-17 20:59:15.8311] [INFO] [PromoNode.PromoFetchActor] Freespin Received 
[2024-10-17 20:59:15.8391] [INFO] [PromoNode.PromoFetchActor] Race Received 
[2024-10-17 20:59:25.8570] [INFO] [PromoNode.PromoFetchActor] Freespin Received 
[2024-10-17 20:59:25.8570] [INFO] [PromoNode.PromoFetchActor] Race Received 
[2024-10-17 20:59:33.2369] [INFO] [PromoNode.PromoFetchActor] Tour Received 
[2024-10-17 20:59:35.8767] [INFO] [PromoNode.PromoFetchActor] Freespin Received 
[2024-10-17 20:59:35.8767] [INFO] [PromoNode.PromoFetchActor] Race Received 
[2024-10-17 20:59:45.9011] [INFO] [PromoNode.PromoFetchActor] Freespin Received 
[2024-10-17 20:59:45.9011] [INFO] [PromoNode.PromoFetchActor] Race Received 
[2024-10-17 20:59:55.9221] [INFO] [PromoNode.PromoFetchActor] Freespin Received 
[2024-10-17 20:59:55.9290] [INFO] [PromoNode.PromoFetchActor] Race Received 
[2024-10-17 21:00:05.9326] [INFO] [PromoNode.PromoFetchActor] Freespin Received 
[2024-10-17 21:00:05.9326] [INFO] [PromoNode.PromoFetchActor] Race Received 
[2024-10-17 21:00:15.9549] [INFO] [PromoNode.PromoFetchActor] Freespin Received 
[2024-10-17 21:00:15.9609] [INFO] [PromoNode.PromoFetchActor] Race Received 
[2024-10-17 21:00:25.9744] [INFO] [PromoNode.PromoFetchActor] Freespin Received 
[2024-10-17 21:00:25.9764] [INFO] [PromoNode.PromoFetchActor] Race Received 
[2024-10-17 21:00:33.2601] [INFO] [PromoNode.PromoFetchActor] Tour Received 
[2024-10-17 21:00:35.9809] [INFO] [PromoNode.PromoFetchActor] Freespin Received 
[2024-10-17 21:00:35.9979] [INFO] [PromoNode.PromoFetchActor] Race Received 
[2024-10-17 21:00:45.9949] [INFO] [PromoNode.PromoFetchActor] Freespin Received 
[2024-10-17 21:00:46.0109] [INFO] [PromoNode.PromoFetchActor] Race Received 
[2024-10-17 21:00:56.0076] [INFO] [PromoNode.PromoFetchActor] Freespin Received 
[2024-10-17 21:00:56.0226] [INFO] [PromoNode.PromoFetchActor] Race Received 
[2024-10-17 21:01:06.0293] [INFO] [PromoNode.PromoFetchActor] Freespin Received 
[2024-10-17 21:01:06.0293] [INFO] [PromoNode.PromoFetchActor] Race Received 
[2024-10-17 21:01:16.0387] [INFO] [PromoNode.PromoFetchActor] Freespin Received 
[2024-10-17 21:01:16.0387] [INFO] [PromoNode.PromoFetchActor] Race Received 
[2024-10-17 21:01:26.0498] [INFO] [PromoNode.PromoFetchActor] Freespin Received 
[2024-10-17 21:01:26.0498] [INFO] [PromoNode.PromoFetchActor] Race Received 
[2024-10-17 21:01:33.2787] [INFO] [PromoNode.PromoFetchActor] Tour Received 
[2024-10-17 21:01:36.0649] [INFO] [PromoNode.PromoFetchActor] Freespin Received 
[2024-10-17 21:01:36.0689] [INFO] [PromoNode.PromoFetchActor] Race Received 
[2024-10-17 21:01:46.0798] [INFO] [PromoNode.PromoFetchActor] Freespin Received 
[2024-10-17 21:01:46.0878] [INFO] [PromoNode.PromoFetchActor] Race Received 
[2024-10-17 21:01:56.1014] [INFO] [PromoNode.PromoFetchActor] Freespin Received 
[2024-10-17 21:01:56.1014] [INFO] [PromoNode.PromoFetchActor] Race Received 
[2024-10-17 21:02:06.1148] [INFO] [PromoNode.PromoFetchActor] Freespin Received 
[2024-10-17 21:02:06.1163] [INFO] [PromoNode.PromoFetchActor] Race Received 
[2024-10-17 21:02:16.1289] [INFO] [PromoNode.PromoFetchActor] Freespin Received 
[2024-10-17 21:02:16.1289] [INFO] [PromoNode.PromoFetchActor] Race Received 
[2024-10-17 21:02:26.1377] [INFO] [PromoNode.PromoFetchActor] Freespin Received 
[2024-10-17 21:02:26.1377] [INFO] [PromoNode.PromoFetchActor] Race Received 
[2024-10-17 21:02:33.3012] [INFO] [PromoNode.PromoFetchActor] Tour Received 
[2024-10-17 21:02:36.1630] [INFO] [PromoNode.PromoFetchActor] Freespin Received 
[2024-10-17 21:02:36.1630] [INFO] [PromoNode.PromoFetchActor] Race Received 
[2024-10-17 21:02:46.1728] [INFO] [PromoNode.PromoFetchActor] Freespin Received 
[2024-10-17 21:02:46.1888] [INFO] [PromoNode.PromoFetchActor] Race Received 
[2024-10-17 21:02:56.1898] [INFO] [PromoNode.PromoFetchActor] Freespin Received 
[2024-10-17 21:02:56.2048] [INFO] [PromoNode.PromoFetchActor] Race Received 
[2024-10-17 21:03:06.2171] [INFO] [PromoNode.PromoFetchActor] Freespin Received 
[2024-10-17 21:03:06.2281] [INFO] [PromoNode.PromoFetchActor] Race Received 
[2024-10-17 21:03:16.2331] [INFO] [PromoNode.PromoFetchActor] Freespin Received 
[2024-10-17 21:03:16.2411] [INFO] [PromoNode.PromoFetchActor] Race Received 
[2024-10-17 21:03:26.2488] [INFO] [PromoNode.PromoFetchActor] Freespin Received 
[2024-10-17 21:03:26.2488] [INFO] [PromoNode.PromoFetchActor] Race Received 
[2024-10-17 21:03:33.3278] [INFO] [PromoNode.PromoFetchActor] Tour Received 
[2024-10-17 21:03:36.2678] [INFO] [PromoNode.PromoFetchActor] Freespin Received 
[2024-10-17 21:03:36.2758] [INFO] [PromoNode.PromoFetchActor] Race Received 
[2024-10-17 21:03:46.2834] [INFO] [PromoNode.PromoFetchActor] Freespin Received 
[2024-10-17 21:03:46.2834] [INFO] [PromoNode.PromoFetchActor] Race Received 
[2024-10-17 21:03:59.3200] [INFO] [PromoNode.PromoNodeService] Starting PromoNode Service... 
[2024-10-17 21:03:59.9560] [INFO] [remoting (akka://godgaming)] Starting remoting 
[2024-10-17 21:04:00.4027] [INFO] [remoting (akka://godgaming)] Remoting started; listening on addresses : [akka.tcp://godgaming@127.0.0.1:8093] 
[2024-10-17 21:04:00.4027] [INFO] [remoting (akka://godgaming)] Remoting now listens on addresses: [akka.tcp://godgaming@127.0.0.1:8093] 
[2024-10-17 21:04:00.4247] [INFO] [Cluster (akka://godgaming)] Cluster Node [akka.tcp://godgaming@127.0.0.1:8093] - Starting up... 
[2024-10-17 21:04:00.4417] [INFO] [Cluster (akka://godgaming)] Cluster Node [akka.tcp://godgaming@127.0.0.1:8093] - Started up successfully 
[2024-10-17 21:04:00.4567] [INFO] [PromoNode.BootstrapActor] Start Single Game Server(id:)... 
[2024-10-17 21:04:00.4567] [INFO] [PromoNode.BootstrapActor] Initializing database proxy... 
[2024-10-17 21:04:00.7267] [INFO] [PromoNode.BootstrapActor] Database Proxy has been successfully initialized. 
[2024-10-17 21:04:00.7927] [INFO] [PromoNode.PromoFetchActor] Race Received 
[2024-10-17 21:04:00.7927] [INFO] [PromoNode.PromoFetchActor] Tour Received 
[2024-10-17 21:04:00.9007] [INFO] [PromoNode.PromoFetchActor] Freespin Received 
[2024-10-17 21:04:10.8039] [INFO] [PromoNode.PromoFetchActor] Race Received 
[2024-10-17 21:04:10.9212] [INFO] [PromoNode.PromoFetchActor] Freespin Received 
[2024-10-17 21:04:11.6836] [INFO] [Cluster (akka://godgaming)] Cluster Node [akka.tcp://godgaming@127.0.0.1:8093] - Welcome from [akka.tcp://godgaming@127.0.0.1:4055] 
[2024-10-17 21:04:20.8142] [INFO] [PromoNode.PromoFetchActor] Race Received 
[2024-10-17 21:04:20.9378] [INFO] [PromoNode.PromoFetchActor] Freespin Received 
[2024-10-17 21:04:30.8265] [INFO] [PromoNode.PromoFetchActor] Race Received 
[2024-10-17 21:04:30.9501] [INFO] [PromoNode.PromoFetchActor] Freespin Received 
[2024-10-17 21:04:40.8340] [INFO] [PromoNode.PromoFetchActor] Race Received 
[2024-10-17 21:04:40.9714] [INFO] [PromoNode.PromoFetchActor] Freespin Received 
[2024-10-17 21:04:50.8488] [INFO] [PromoNode.PromoFetchActor] Race Received 
[2024-10-17 21:04:50.9883] [INFO] [PromoNode.PromoFetchActor] Freespin Received 
[2024-10-17 21:05:00.8146] [INFO] [PromoNode.PromoFetchActor] Tour Received 
[2024-10-17 21:05:00.8717] [INFO] [PromoNode.PromoFetchActor] Race Received 
[2024-10-17 21:05:01.0111] [INFO] [PromoNode.PromoFetchActor] Freespin Received 
[2024-10-17 21:05:10.8857] [INFO] [PromoNode.PromoFetchActor] Race Received 
[2024-10-17 21:05:11.0307] [INFO] [PromoNode.PromoFetchActor] Freespin Received 
[2024-10-17 21:05:20.8942] [INFO] [PromoNode.PromoFetchActor] Race Received 
[2024-10-17 21:05:21.0502] [INFO] [PromoNode.PromoFetchActor] Freespin Received 
[2024-10-17 21:05:30.9009] [INFO] [PromoNode.PromoFetchActor] Race Received 
[2024-10-17 21:05:31.0709] [INFO] [PromoNode.PromoFetchActor] Freespin Received 
[2024-10-17 21:05:40.9259] [INFO] [PromoNode.PromoFetchActor] Race Received 
[2024-10-17 21:05:41.0920] [INFO] [PromoNode.PromoFetchActor] Freespin Received 
[2024-10-17 21:05:50.9399] [INFO] [PromoNode.PromoFetchActor] Race Received 
[2024-10-17 21:05:51.1081] [INFO] [PromoNode.PromoFetchActor] Freespin Received 
[2024-10-17 21:06:00.8339] [INFO] [PromoNode.PromoFetchActor] Tour Received 
[2024-10-17 21:06:00.9552] [INFO] [PromoNode.PromoFetchActor] Race Received 
[2024-10-17 21:06:01.1229] [INFO] [PromoNode.PromoFetchActor] Freespin Received 
[2024-10-17 21:06:10.9707] [INFO] [PromoNode.PromoFetchActor] Race Received 
[2024-10-17 21:06:11.1371] [INFO] [PromoNode.PromoFetchActor] Freespin Received 
[2024-10-17 21:06:20.9882] [INFO] [PromoNode.PromoFetchActor] Race Received 
[2024-10-17 21:06:21.1581] [INFO] [PromoNode.PromoFetchActor] Freespin Received 
[2024-10-17 21:06:31.0101] [INFO] [PromoNode.PromoFetchActor] Race Received 
[2024-10-17 21:06:31.1791] [INFO] [PromoNode.PromoFetchActor] Freespin Received 
[2024-10-17 21:06:41.0309] [INFO] [PromoNode.PromoFetchActor] Race Received 
[2024-10-17 21:06:41.2041] [INFO] [PromoNode.PromoFetchActor] Freespin Received 
[2024-10-17 21:06:51.0454] [INFO] [PromoNode.PromoFetchActor] Race Received 
[2024-10-17 21:06:51.2170] [INFO] [PromoNode.PromoFetchActor] Freespin Received 
[2024-10-17 21:07:00.8490] [INFO] [PromoNode.PromoFetchActor] Tour Received 
[2024-10-17 21:07:01.0644] [INFO] [PromoNode.PromoFetchActor] Race Received 
[2024-10-17 21:07:01.2364] [INFO] [PromoNode.PromoFetchActor] Freespin Received 
[2024-10-17 21:07:11.0711] [INFO] [PromoNode.PromoFetchActor] Race Received 
[2024-10-17 21:07:11.2427] [INFO] [PromoNode.PromoFetchActor] Freespin Received 
[2024-10-17 21:07:21.0819] [INFO] [PromoNode.PromoFetchActor] Race Received 
[2024-10-17 21:07:21.2508] [INFO] [PromoNode.PromoFetchActor] Freespin Received 
[2024-10-17 21:07:31.0906] [INFO] [PromoNode.PromoFetchActor] Race Received 
[2024-10-17 21:07:31.2591] [INFO] [PromoNode.PromoFetchActor] Freespin Received 
[2024-10-17 21:07:41.0980] [INFO] [PromoNode.PromoFetchActor] Race Received 
[2024-10-17 21:07:41.2680] [INFO] [PromoNode.PromoFetchActor] Freespin Received 
[2024-10-17 21:07:51.1167] [INFO] [PromoNode.PromoFetchActor] Race Received 
[2024-10-17 21:07:51.2807] [INFO] [PromoNode.PromoFetchActor] Freespin Received 
[2024-10-17 21:08:00.8616] [INFO] [PromoNode.PromoFetchActor] Tour Received 
[2024-10-17 21:08:01.1216] [INFO] [PromoNode.PromoFetchActor] Race Received 
[2024-10-17 21:08:01.2886] [INFO] [PromoNode.PromoFetchActor] Freespin Received 
[2024-10-17 21:08:11.1456] [INFO] [PromoNode.PromoFetchActor] Race Received 
[2024-10-17 21:08:11.3141] [INFO] [PromoNode.PromoFetchActor] Freespin Received 
[2024-10-17 21:08:21.1578] [INFO] [PromoNode.PromoFetchActor] Race Received 
[2024-10-17 21:08:21.3281] [INFO] [PromoNode.PromoFetchActor] Freespin Received 
[2024-10-17 21:08:31.1764] [INFO] [PromoNode.PromoFetchActor] Race Received 
[2024-10-17 21:08:31.3449] [INFO] [PromoNode.PromoFetchActor] Freespin Received 
[2024-10-17 21:08:41.1821] [INFO] [PromoNode.PromoFetchActor] Race Received 
[2024-10-17 21:08:41.3484] [INFO] [PromoNode.PromoFetchActor] Freespin Received 
[2024-10-17 21:08:51.1948] [INFO] [PromoNode.PromoFetchActor] Race Received 
[2024-10-17 21:08:51.3622] [INFO] [PromoNode.PromoFetchActor] Freespin Received 
[2024-10-17 21:09:00.8772] [INFO] [PromoNode.PromoFetchActor] Tour Received 
[2024-10-17 21:09:01.1989] [INFO] [PromoNode.PromoFetchActor] Race Received 
[2024-10-17 21:09:01.3685] [INFO] [PromoNode.PromoFetchActor] Freespin Received 
[2024-10-17 21:09:11.2216] [INFO] [PromoNode.PromoFetchActor] Race Received 
[2024-10-17 21:09:11.3835] [INFO] [PromoNode.PromoFetchActor] Freespin Received 
[2024-10-17 21:09:21.2344] [INFO] [PromoNode.PromoFetchActor] Race Received 
[2024-10-17 21:09:21.4001] [INFO] [PromoNode.PromoFetchActor] Freespin Received 
[2024-10-17 21:09:31.2390] [INFO] [PromoNode.PromoFetchActor] Race Received 
[2024-10-17 21:09:31.4230] [INFO] [PromoNode.PromoFetchActor] Freespin Received 
[2024-10-17 21:09:41.2655] [INFO] [PromoNode.PromoFetchActor] Race Received 
[2024-10-17 21:09:41.4420] [INFO] [PromoNode.PromoFetchActor] Freespin Received 
[2024-10-17 21:09:51.2831] [INFO] [PromoNode.PromoFetchActor] Race Received 
[2024-10-17 21:09:51.4516] [INFO] [PromoNode.PromoFetchActor] Freespin Received 
[2024-10-17 21:10:00.9031] [INFO] [PromoNode.PromoFetchActor] Tour Received 
[2024-10-17 21:10:01.3029] [INFO] [PromoNode.PromoFetchActor] Race Received 
[2024-10-17 21:10:01.4728] [INFO] [PromoNode.PromoFetchActor] Freespin Received 
[2024-10-17 21:10:11.3131] [INFO] [PromoNode.PromoFetchActor] Race Received 
[2024-10-17 21:10:11.4833] [INFO] [PromoNode.PromoFetchActor] Freespin Received 
[2024-10-17 21:10:21.3240] [INFO] [PromoNode.PromoFetchActor] Race Received 
[2024-10-17 21:10:21.4914] [INFO] [PromoNode.PromoFetchActor] Freespin Received 
[2024-10-17 21:10:31.3329] [INFO] [PromoNode.PromoFetchActor] Race Received 
[2024-10-17 21:10:31.5007] [INFO] [PromoNode.PromoFetchActor] Freespin Received 
[2024-10-17 21:10:41.3510] [INFO] [PromoNode.PromoFetchActor] Race Received 
[2024-10-17 21:10:41.5200] [INFO] [PromoNode.PromoFetchActor] Freespin Received 
[2024-10-17 21:10:51.3635] [INFO] [PromoNode.PromoFetchActor] Race Received 
[2024-10-17 21:10:51.5304] [INFO] [PromoNode.PromoFetchActor] Freespin Received 
[2024-10-17 21:11:00.9140] [INFO] [PromoNode.PromoFetchActor] Tour Received 
[2024-10-17 21:11:01.3728] [INFO] [PromoNode.PromoFetchActor] Race Received 
[2024-10-17 21:11:01.5436] [INFO] [PromoNode.PromoFetchActor] Freespin Received 
[2024-10-17 21:11:11.3910] [INFO] [PromoNode.PromoFetchActor] Race Received 
[2024-10-17 21:11:11.5557] [INFO] [PromoNode.PromoFetchActor] Freespin Received 
[2024-10-17 21:11:21.4083] [INFO] [PromoNode.PromoFetchActor] Race Received 
[2024-10-17 21:11:21.5599] [INFO] [PromoNode.PromoFetchActor] Freespin Received 
[2024-10-17 21:11:31.4224] [INFO] [PromoNode.PromoFetchActor] Race Received 
[2024-10-17 21:11:31.5808] [INFO] [PromoNode.PromoFetchActor] Freespin Received 
[2024-10-17 21:11:41.4398] [INFO] [PromoNode.PromoFetchActor] Race Received 
[2024-10-17 21:11:41.5950] [INFO] [PromoNode.PromoFetchActor] Freespin Received 
[2024-10-17 21:11:51.4627] [INFO] [PromoNode.PromoFetchActor] Race Received 
[2024-10-17 21:11:51.6018] [INFO] [PromoNode.PromoFetchActor] Freespin Received 
[2024-10-17 21:12:00.9309] [INFO] [PromoNode.PromoFetchActor] Tour Received 
[2024-10-17 21:12:01.4812] [INFO] [PromoNode.PromoFetchActor] Race Received 
[2024-10-17 21:12:01.6180] [INFO] [PromoNode.PromoFetchActor] Freespin Received 
[2024-10-17 21:12:11.4916] [INFO] [PromoNode.PromoFetchActor] Race Received 
[2024-10-17 21:12:11.6289] [INFO] [PromoNode.PromoFetchActor] Freespin Received 
[2024-10-17 21:12:21.5028] [INFO] [PromoNode.PromoFetchActor] Race Received 
[2024-10-17 21:12:21.6538] [INFO] [PromoNode.PromoFetchActor] Freespin Received 
[2024-10-17 21:12:31.5210] [INFO] [PromoNode.PromoFetchActor] Race Received 
[2024-10-17 21:12:31.6590] [INFO] [PromoNode.PromoFetchActor] Freespin Received 
[2024-10-17 21:12:41.5379] [INFO] [PromoNode.PromoFetchActor] Race Received 
[2024-10-17 21:12:41.6787] [INFO] [PromoNode.PromoFetchActor] Freespin Received 
[2024-10-17 21:12:51.5579] [INFO] [PromoNode.PromoFetchActor] Race Received 
[2024-10-17 21:12:51.6969] [INFO] [PromoNode.PromoFetchActor] Freespin Received 
[2024-10-17 21:13:00.9509] [INFO] [PromoNode.PromoFetchActor] Tour Received 
[2024-10-17 21:13:01.5929] [INFO] [PromoNode.PromoFetchActor] Race Received 
[2024-10-17 21:13:01.7219] [INFO] [PromoNode.PromoFetchActor] Freespin Received 
[2024-10-17 21:13:11.6023] [INFO] [PromoNode.PromoFetchActor] Race Received 
[2024-10-17 21:13:11.7464] [INFO] [PromoNode.PromoFetchActor] Freespin Received 
[2024-10-17 21:13:21.6195] [INFO] [PromoNode.PromoFetchActor] Race Received 
[2024-10-17 21:13:21.7593] [INFO] [PromoNode.PromoFetchActor] Freespin Received 
[2024-10-17 21:13:31.6429] [INFO] [PromoNode.PromoFetchActor] Race Received 
[2024-10-17 21:13:31.7798] [INFO] [PromoNode.PromoFetchActor] Freespin Received 
[2024-10-17 21:13:41.6597] [INFO] [PromoNode.PromoFetchActor] Race Received 
[2024-10-17 21:13:41.7883] [INFO] [PromoNode.PromoFetchActor] Freespin Received 
[2024-10-17 21:13:51.6780] [INFO] [PromoNode.PromoFetchActor] Race Received 
[2024-10-17 21:13:51.8013] [INFO] [PromoNode.PromoFetchActor] Freespin Received 
[2024-10-17 21:14:00.9824] [INFO] [PromoNode.PromoFetchActor] Tour Received 
[2024-10-17 21:14:01.6942] [INFO] [PromoNode.PromoFetchActor] Race Received 
[2024-10-17 21:14:01.8166] [INFO] [PromoNode.PromoFetchActor] Freespin Received 
[2024-10-17 21:14:11.7092] [INFO] [PromoNode.PromoFetchActor] Race Received 
[2024-10-17 21:14:11.8291] [INFO] [PromoNode.PromoFetchActor] Freespin Received 
[2024-10-17 21:14:21.7319] [INFO] [PromoNode.PromoFetchActor] Race Received 
[2024-10-17 21:14:21.8410] [INFO] [PromoNode.PromoFetchActor] Freespin Received 
[2024-10-17 21:14:31.7428] [INFO] [PromoNode.PromoFetchActor] Race Received 
[2024-10-17 21:14:31.8509] [INFO] [PromoNode.PromoFetchActor] Freespin Received 
[2024-10-17 21:14:41.7559] [INFO] [PromoNode.PromoFetchActor] Race Received 
[2024-10-17 21:14:41.8614] [INFO] [PromoNode.PromoFetchActor] Freespin Received 
[2024-10-17 21:14:51.7725] [INFO] [PromoNode.PromoFetchActor] Race Received 
[2024-10-17 21:14:51.8756] [INFO] [PromoNode.PromoFetchActor] Freespin Received 
[2024-10-17 21:15:00.9921] [INFO] [PromoNode.PromoFetchActor] Tour Received 
[2024-10-17 21:15:01.7825] [INFO] [PromoNode.PromoFetchActor] Race Received 
[2024-10-17 21:15:01.8905] [INFO] [PromoNode.PromoFetchActor] Freespin Received 
[2024-10-17 21:15:11.7965] [INFO] [PromoNode.PromoFetchActor] Race Received 
[2024-10-17 21:15:11.9035] [INFO] [PromoNode.PromoFetchActor] Freespin Received 
[2024-10-17 21:15:21.8232] [INFO] [PromoNode.PromoFetchActor] Race Received 
[2024-10-17 21:15:21.9144] [INFO] [PromoNode.PromoFetchActor] Freespin Received 
[2024-10-17 21:15:31.8351] [INFO] [PromoNode.PromoFetchActor] Race Received 
[2024-10-17 21:15:31.9308] [INFO] [PromoNode.PromoFetchActor] Freespin Received 
[2024-10-17 21:15:41.8571] [INFO] [PromoNode.PromoFetchActor] Race Received 
[2024-10-17 21:15:41.9452] [INFO] [PromoNode.PromoFetchActor] Freespin Received 
[2024-10-17 21:15:51.8699] [INFO] [PromoNode.PromoFetchActor] Race Received 
[2024-10-17 21:15:51.9578] [INFO] [PromoNode.PromoFetchActor] Freespin Received 
[2024-10-17 21:16:01.0094] [INFO] [PromoNode.PromoFetchActor] Tour Received 
[2024-10-17 21:16:01.8890] [INFO] [PromoNode.PromoFetchActor] Race Received 
[2024-10-17 21:16:01.9852] [INFO] [PromoNode.PromoFetchActor] Freespin Received 
[2024-10-17 21:16:11.9113] [INFO] [PromoNode.PromoFetchActor] Race Received 
[2024-10-17 21:16:12.0050] [INFO] [PromoNode.PromoFetchActor] Freespin Received 
[2024-10-17 21:16:21.9271] [INFO] [PromoNode.PromoFetchActor] Race Received 
[2024-10-17 21:16:22.0146] [INFO] [PromoNode.PromoFetchActor] Freespin Received 
[2024-10-17 21:16:31.9517] [INFO] [PromoNode.PromoFetchActor] Race Received 
[2024-10-17 21:16:32.0238] [INFO] [PromoNode.PromoFetchActor] Freespin Received 
[2024-10-17 21:16:41.9683] [INFO] [PromoNode.PromoFetchActor] Race Received 
[2024-10-17 21:16:42.0314] [INFO] [PromoNode.PromoFetchActor] Freespin Received 
[2024-10-17 21:16:51.9817] [INFO] [PromoNode.PromoFetchActor] Race Received 
[2024-10-17 21:16:52.0428] [INFO] [PromoNode.PromoFetchActor] Freespin Received 
[2024-10-17 21:17:01.0295] [INFO] [PromoNode.PromoFetchActor] Tour Received 
[2024-10-17 21:17:01.9938] [INFO] [PromoNode.PromoFetchActor] Race Received 
[2024-10-17 21:17:02.0530] [INFO] [PromoNode.PromoFetchActor] Freespin Received 
[2024-10-17 21:17:12.0039] [INFO] [PromoNode.PromoFetchActor] Race Received 
[2024-10-17 21:17:12.0600] [INFO] [PromoNode.PromoFetchActor] Freespin Received 
[2024-10-17 21:17:22.0153] [INFO] [PromoNode.PromoFetchActor] Race Received 
[2024-10-17 21:17:22.0784] [INFO] [PromoNode.PromoFetchActor] Freespin Received 
[2024-10-17 21:17:32.0258] [INFO] [PromoNode.PromoFetchActor] Race Received 
[2024-10-17 21:17:32.0998] [INFO] [PromoNode.PromoFetchActor] Freespin Received 
[2024-10-17 21:17:42.0430] [INFO] [PromoNode.PromoFetchActor] Race Received 
[2024-10-17 21:17:42.1203] [INFO] [PromoNode.PromoFetchActor] Freespin Received 
[2024-10-17 21:17:52.0566] [INFO] [PromoNode.PromoFetchActor] Race Received 
[2024-10-17 21:17:52.1416] [INFO] [PromoNode.PromoFetchActor] Freespin Received 
[2024-10-17 21:18:01.0403] [INFO] [PromoNode.PromoFetchActor] Tour Received 
[2024-10-17 21:18:02.0627] [INFO] [PromoNode.PromoFetchActor] Race Received 
[2024-10-17 21:18:02.1548] [INFO] [PromoNode.PromoFetchActor] Freespin Received 
[2024-10-17 21:18:12.0736] [INFO] [PromoNode.PromoFetchActor] Race Received 
[2024-10-17 21:18:12.1679] [INFO] [PromoNode.PromoFetchActor] Freespin Received 
[2024-10-17 21:18:22.0796] [INFO] [PromoNode.PromoFetchActor] Race Received 
[2024-10-17 21:18:22.1873] [INFO] [PromoNode.PromoFetchActor] Freespin Received 
[2024-10-17 21:18:32.1038] [INFO] [PromoNode.PromoFetchActor] Race Received 
[2024-10-17 21:18:32.2106] [INFO] [PromoNode.PromoFetchActor] Freespin Received 
[2024-10-17 21:18:42.1202] [INFO] [PromoNode.PromoFetchActor] Race Received 
[2024-10-17 21:18:42.2273] [INFO] [PromoNode.PromoFetchActor] Freespin Received 
[2024-10-17 21:18:52.1431] [INFO] [PromoNode.PromoFetchActor] Race Received 
[2024-10-17 21:18:52.2514] [INFO] [PromoNode.PromoFetchActor] Freespin Received 
[2024-10-17 21:19:01.0548] [INFO] [PromoNode.PromoFetchActor] Tour Received 
[2024-10-17 21:19:02.1503] [INFO] [PromoNode.PromoFetchActor] Race Received 
[2024-10-17 21:19:02.2722] [INFO] [PromoNode.PromoFetchActor] Freespin Received 
[2024-10-17 21:19:12.1610] [INFO] [PromoNode.PromoFetchActor] Race Received 
[2024-10-17 21:19:12.2885] [INFO] [PromoNode.PromoFetchActor] Freespin Received 
[2024-10-17 21:19:22.1817] [INFO] [PromoNode.PromoFetchActor] Race Received 
[2024-10-17 21:19:22.3007] [INFO] [PromoNode.PromoFetchActor] Freespin Received 
[2024-10-17 21:19:32.1947] [INFO] [PromoNode.PromoFetchActor] Race Received 
[2024-10-17 21:19:32.3179] [INFO] [PromoNode.PromoFetchActor] Freespin Received 
[2024-10-17 21:19:42.2007] [INFO] [PromoNode.PromoFetchActor] Race Received 
[2024-10-17 21:19:42.3421] [INFO] [PromoNode.PromoFetchActor] Freespin Received 
[2024-10-17 21:19:52.2153] [INFO] [PromoNode.PromoFetchActor] Race Received 
[2024-10-17 21:19:52.3535] [INFO] [PromoNode.PromoFetchActor] Freespin Received 
[2024-10-17 21:20:01.0659] [INFO] [PromoNode.PromoFetchActor] Tour Received 
[2024-10-17 21:20:02.3064] [INFO] [PromoNode.PromoFetchActor] Race Received 
[2024-10-17 21:20:02.3694] [INFO] [PromoNode.PromoFetchActor] Freespin Received 
[2024-10-17 21:20:12.3180] [INFO] [PromoNode.PromoFetchActor] Race Received 
[2024-10-17 21:20:12.3883] [INFO] [PromoNode.PromoFetchActor] Freespin Received 
[2024-10-17 21:20:22.3387] [INFO] [PromoNode.PromoFetchActor] Race Received 
[2024-10-17 21:20:22.4057] [INFO] [PromoNode.PromoFetchActor] Freespin Received 
[2024-10-17 21:20:32.3593] [INFO] [PromoNode.PromoFetchActor] Race Received 
[2024-10-17 21:20:32.4137] [INFO] [PromoNode.PromoFetchActor] Freespin Received 
[2024-10-17 21:20:42.3731] [INFO] [PromoNode.PromoFetchActor] Race Received 
[2024-10-17 21:20:42.4297] [INFO] [PromoNode.PromoFetchActor] Freespin Received 
[2024-10-17 21:20:52.3936] [INFO] [PromoNode.PromoFetchActor] Race Received 
[2024-10-17 21:20:52.4404] [INFO] [PromoNode.PromoFetchActor] Freespin Received 
[2024-10-17 21:21:01.0857] [INFO] [PromoNode.PromoFetchActor] Tour Received 
[2024-10-17 21:21:02.4167] [INFO] [PromoNode.PromoFetchActor] Race Received 
[2024-10-17 21:21:02.4617] [INFO] [PromoNode.PromoFetchActor] Freespin Received 
[2024-10-17 21:21:12.4327] [INFO] [PromoNode.PromoFetchActor] Race Received 
[2024-10-17 21:21:12.4729] [INFO] [PromoNode.PromoFetchActor] Freespin Received 
[2024-10-17 21:21:22.4590] [INFO] [PromoNode.PromoFetchActor] Race Received 
[2024-10-17 21:21:22.4780] [INFO] [PromoNode.PromoFetchActor] Freespin Received 
[2024-10-17 21:21:32.4736] [INFO] [PromoNode.PromoFetchActor] Race Received 
[2024-10-17 21:21:32.5037] [INFO] [PromoNode.PromoFetchActor] Freespin Received 
[2024-10-17 21:21:42.4876] [INFO] [PromoNode.PromoFetchActor] Race Received 
[2024-10-17 21:21:42.5182] [INFO] [PromoNode.PromoFetchActor] Freespin Received 
[2024-10-17 21:21:52.5065] [INFO] [PromoNode.PromoFetchActor] Race Received 
[2024-10-17 21:21:52.5376] [INFO] [PromoNode.PromoFetchActor] Freespin Received 
[2024-10-17 21:22:01.1033] [INFO] [PromoNode.PromoFetchActor] Tour Received 
[2024-10-17 21:22:02.5241] [INFO] [PromoNode.PromoFetchActor] Race Received 
[2024-10-17 21:22:02.5541] [INFO] [PromoNode.PromoFetchActor] Freespin Received 
[2024-10-17 21:22:12.5386] [INFO] [PromoNode.PromoFetchActor] Race Received 
[2024-10-17 21:22:12.5666] [INFO] [PromoNode.PromoFetchActor] Freespin Received 
[2024-10-17 21:22:22.5646] [INFO] [PromoNode.PromoFetchActor] Race Received 
[2024-10-17 21:22:22.5886] [INFO] [PromoNode.PromoFetchActor] Freespin Received 
[2024-10-17 21:22:32.5719] [INFO] [PromoNode.PromoFetchActor] Race Received 
[2024-10-17 21:22:32.6069] [INFO] [PromoNode.PromoFetchActor] Freespin Received 
[2024-10-17 21:22:42.5865] [INFO] [PromoNode.PromoFetchActor] Race Received 
[2024-10-17 21:22:42.6276] [INFO] [PromoNode.PromoFetchActor] Freespin Received 
[2024-10-17 21:22:52.6080] [INFO] [PromoNode.PromoFetchActor] Race Received 
[2024-10-17 21:22:52.6386] [INFO] [PromoNode.PromoFetchActor] Freespin Received 
[2024-10-17 21:23:01.1186] [INFO] [PromoNode.PromoFetchActor] Tour Received 
[2024-10-17 21:23:02.6272] [INFO] [PromoNode.PromoFetchActor] Race Received 
[2024-10-17 21:23:02.6593] [INFO] [PromoNode.PromoFetchActor] Freespin Received 
[2024-10-17 21:23:12.6445] [INFO] [PromoNode.PromoFetchActor] Race Received 
[2024-10-17 21:23:12.6766] [INFO] [PromoNode.PromoFetchActor] Freespin Received 
[2024-10-17 21:23:22.6647] [INFO] [PromoNode.PromoFetchActor] Race Received 
[2024-10-17 21:23:22.6896] [INFO] [PromoNode.PromoFetchActor] Freespin Received 
[2024-10-17 21:23:32.6794] [INFO] [PromoNode.PromoFetchActor] Race Received 
[2024-10-17 21:23:32.7084] [INFO] [PromoNode.PromoFetchActor] Freespin Received 
[2024-10-17 21:23:42.6926] [INFO] [PromoNode.PromoFetchActor] Race Received 
[2024-10-17 21:23:42.7227] [INFO] [PromoNode.PromoFetchActor] Freespin Received 
[2024-10-17 21:23:52.7000] [INFO] [PromoNode.PromoFetchActor] Race Received 
[2024-10-17 21:23:52.7306] [INFO] [PromoNode.PromoFetchActor] Freespin Received 
[2024-10-17 21:24:01.1307] [INFO] [PromoNode.PromoFetchActor] Tour Received 
[2024-10-17 21:24:02.7180] [INFO] [PromoNode.PromoFetchActor] Race Received 
[2024-10-17 21:24:02.7427] [INFO] [PromoNode.PromoFetchActor] Freespin Received 
[2024-10-17 21:24:12.7326] [INFO] [PromoNode.PromoFetchActor] Race Received 
[2024-10-17 21:24:12.7626] [INFO] [PromoNode.PromoFetchActor] Freespin Received 
[2024-10-17 21:24:22.7398] [INFO] [PromoNode.PromoFetchActor] Race Received 
[2024-10-17 21:24:22.7688] [INFO] [PromoNode.PromoFetchActor] Freespin Received 
[2024-10-17 21:24:32.7596] [INFO] [PromoNode.PromoFetchActor] Race Received 
[2024-10-17 21:24:32.7876] [INFO] [PromoNode.PromoFetchActor] Freespin Received 
[2024-10-17 21:24:42.7812] [INFO] [PromoNode.PromoFetchActor] Race Received 
[2024-10-17 21:24:42.8112] [INFO] [PromoNode.PromoFetchActor] Freespin Received 
[2024-10-17 21:24:52.7960] [INFO] [PromoNode.PromoFetchActor] Race Received 
[2024-10-17 21:24:52.8251] [INFO] [PromoNode.PromoFetchActor] Freespin Received 
[2024-10-17 21:25:01.1471] [INFO] [PromoNode.PromoFetchActor] Tour Received 
[2024-10-17 21:25:02.8066] [INFO] [PromoNode.PromoFetchActor] Race Received 
[2024-10-17 21:25:02.8366] [INFO] [PromoNode.PromoFetchActor] Freespin Received 
[2024-10-17 21:25:12.8135] [INFO] [PromoNode.PromoFetchActor] Race Received 
[2024-10-17 21:25:12.8605] [INFO] [PromoNode.PromoFetchActor] Freespin Received 
[2024-10-17 21:25:22.8294] [INFO] [PromoNode.PromoFetchActor] Race Received 
[2024-10-17 21:25:22.8710] [INFO] [PromoNode.PromoFetchActor] Freespin Received 
[2024-10-17 21:25:32.8464] [INFO] [PromoNode.PromoFetchActor] Race Received 
[2024-10-17 21:25:32.8924] [INFO] [PromoNode.PromoFetchActor] Freespin Received 
[2024-10-17 21:25:42.8673] [INFO] [PromoNode.PromoFetchActor] Race Received 
[2024-10-17 21:25:42.9099] [INFO] [PromoNode.PromoFetchActor] Freespin Received 
[2024-10-17 21:25:52.8863] [INFO] [PromoNode.PromoFetchActor] Race Received 
[2024-10-17 21:25:52.9350] [INFO] [PromoNode.PromoFetchActor] Freespin Received 
[2024-10-17 21:26:01.1635] [INFO] [PromoNode.PromoFetchActor] Tour Received 
[2024-10-17 21:26:02.9115] [INFO] [PromoNode.PromoFetchActor] Race Received 
[2024-10-17 21:26:02.9416] [INFO] [PromoNode.PromoFetchActor] Freespin Received 
[2024-10-17 21:26:12.9245] [INFO] [PromoNode.PromoFetchActor] Race Received 
[2024-10-17 21:26:12.9565] [INFO] [PromoNode.PromoFetchActor] Freespin Received 
[2024-10-17 21:26:22.9473] [INFO] [PromoNode.PromoFetchActor] Race Received 
[2024-10-17 21:26:22.9734] [INFO] [PromoNode.PromoFetchActor] Freespin Received 
[2024-10-17 21:26:32.9705] [INFO] [PromoNode.PromoFetchActor] Race Received 
[2024-10-17 21:26:32.9842] [INFO] [PromoNode.PromoFetchActor] Freespin Received 
[2024-10-17 21:26:43.0058] [INFO] [PromoNode.PromoFetchActor] Race Received 
[2024-10-17 21:26:43.0118] [INFO] [PromoNode.PromoFetchActor] Freespin Received 
[2024-10-17 21:26:53.0225] [INFO] [PromoNode.PromoFetchActor] Freespin Received 
[2024-10-17 21:26:53.0225] [INFO] [PromoNode.PromoFetchActor] Race Received 
[2024-10-17 21:27:01.1816] [INFO] [PromoNode.PromoFetchActor] Tour Received 
[2024-10-17 21:27:03.0293] [INFO] [PromoNode.PromoFetchActor] Freespin Received 
[2024-10-17 21:27:03.0293] [INFO] [PromoNode.PromoFetchActor] Race Received 
[2024-10-17 21:27:13.0525] [INFO] [PromoNode.PromoFetchActor] Freespin Received 
[2024-10-17 21:27:13.0535] [INFO] [PromoNode.PromoFetchActor] Race Received 
[2024-10-17 21:27:23.0723] [INFO] [PromoNode.PromoFetchActor] Freespin Received 
[2024-10-17 21:27:23.0723] [INFO] [PromoNode.PromoFetchActor] Race Received 
[2024-10-17 21:27:33.0811] [INFO] [PromoNode.PromoFetchActor] Freespin Received 
[2024-10-17 21:27:33.0811] [INFO] [PromoNode.PromoFetchActor] Race Received 
[2024-10-17 21:27:43.0925] [INFO] [PromoNode.PromoFetchActor] Freespin Received 
[2024-10-17 21:27:43.0925] [INFO] [PromoNode.PromoFetchActor] Race Received 
[2024-10-17 21:27:53.1130] [INFO] [PromoNode.PromoFetchActor] Freespin Received 
[2024-10-17 21:27:53.1160] [INFO] [PromoNode.PromoFetchActor] Race Received 
[2024-10-17 21:28:01.1981] [INFO] [PromoNode.PromoFetchActor] Tour Received 
[2024-10-17 21:28:03.1304] [INFO] [PromoNode.PromoFetchActor] Freespin Received 
[2024-10-17 21:28:03.1314] [INFO] [PromoNode.PromoFetchActor] Race Received 
[2024-10-17 21:28:13.1494] [INFO] [PromoNode.PromoFetchActor] Freespin Received 
[2024-10-17 21:28:13.1494] [INFO] [PromoNode.PromoFetchActor] Race Received 
[2024-10-17 21:28:23.1605] [INFO] [PromoNode.PromoFetchActor] Freespin Received 
[2024-10-17 21:28:23.1625] [INFO] [PromoNode.PromoFetchActor] Race Received 
[2024-10-17 21:28:33.1804] [INFO] [PromoNode.PromoFetchActor] Freespin Received 
[2024-10-17 21:28:33.1804] [INFO] [PromoNode.PromoFetchActor] Race Received 
[2024-10-17 21:28:43.1939] [INFO] [PromoNode.PromoFetchActor] Freespin Received 
[2024-10-17 21:28:43.1939] [INFO] [PromoNode.PromoFetchActor] Race Received 
[2024-10-17 21:28:53.2137] [INFO] [PromoNode.PromoFetchActor] Freespin Received 
[2024-10-17 21:28:53.2137] [INFO] [PromoNode.PromoFetchActor] Race Received 
[2024-10-17 21:29:01.2210] [INFO] [PromoNode.PromoFetchActor] Tour Received 
[2024-10-17 21:29:03.2200] [INFO] [PromoNode.PromoFetchActor] Freespin Received 
[2024-10-17 21:29:03.2353] [INFO] [PromoNode.PromoFetchActor] Race Received 
[2024-10-17 21:29:13.2349] [INFO] [PromoNode.PromoFetchActor] Freespin Received 
[2024-10-17 21:29:13.2499] [INFO] [PromoNode.PromoFetchActor] Race Received 
[2024-10-17 21:29:23.2445] [INFO] [PromoNode.PromoFetchActor] Freespin Received 
[2024-10-17 21:29:23.2605] [INFO] [PromoNode.PromoFetchActor] Race Received 
[2024-10-17 21:29:33.2505] [INFO] [PromoNode.PromoFetchActor] Freespin Received 
[2024-10-17 21:29:33.2815] [INFO] [PromoNode.PromoFetchActor] Race Received 
[2024-10-17 21:29:43.2772] [INFO] [PromoNode.PromoFetchActor] Freespin Received 
[2024-10-17 21:29:43.3033] [INFO] [PromoNode.PromoFetchActor] Race Received 
[2024-10-17 21:29:53.3029] [INFO] [PromoNode.PromoFetchActor] Freespin Received 
[2024-10-17 21:29:53.3161] [INFO] [PromoNode.PromoFetchActor] Race Received 
[2024-10-17 21:30:01.2357] [INFO] [PromoNode.PromoFetchActor] Tour Received 
[2024-10-17 21:30:03.3176] [INFO] [PromoNode.PromoFetchActor] Freespin Received 
[2024-10-17 21:30:03.3357] [INFO] [PromoNode.PromoFetchActor] Race Received 
[2024-10-17 21:30:13.3380] [INFO] [PromoNode.PromoFetchActor] Freespin Received 
[2024-10-17 21:30:13.3380] [INFO] [PromoNode.PromoFetchActor] Race Received 
[2024-10-17 21:30:23.3494] [INFO] [PromoNode.PromoFetchActor] Freespin Received 
[2024-10-17 21:30:23.3514] [INFO] [PromoNode.PromoFetchActor] Race Received 
[2024-10-17 21:30:33.3625] [INFO] [PromoNode.PromoFetchActor] Freespin Received 
[2024-10-17 21:30:33.3625] [INFO] [PromoNode.PromoFetchActor] Race Received 
[2024-10-17 21:30:43.3740] [INFO] [PromoNode.PromoFetchActor] Freespin Received 
[2024-10-17 21:30:43.3740] [INFO] [PromoNode.PromoFetchActor] Race Received 
[2024-10-17 21:30:53.3909] [INFO] [PromoNode.PromoFetchActor] Freespin Received 
[2024-10-17 21:30:53.3909] [INFO] [PromoNode.PromoFetchActor] Race Received 
[2024-10-17 21:31:01.2553] [INFO] [PromoNode.PromoFetchActor] Tour Received 
[2024-10-17 21:31:03.4073] [INFO] [PromoNode.PromoFetchActor] Freespin Received 
[2024-10-17 21:31:03.4073] [INFO] [PromoNode.PromoFetchActor] Race Received 
[2024-10-17 21:31:13.4290] [INFO] [PromoNode.PromoFetchActor] Freespin Received 
[2024-10-17 21:31:13.4290] [INFO] [PromoNode.PromoFetchActor] Race Received 
[2024-10-17 21:31:23.4422] [INFO] [PromoNode.PromoFetchActor] Freespin Received 
[2024-10-17 21:31:23.4442] [INFO] [PromoNode.PromoFetchActor] Race Received 
[2024-10-17 21:31:33.4708] [INFO] [PromoNode.PromoFetchActor] Freespin Received 
[2024-10-17 21:31:33.4788] [INFO] [PromoNode.PromoFetchActor] Race Received 
[2024-10-17 21:31:43.4919] [INFO] [PromoNode.PromoFetchActor] Freespin Received 
[2024-10-17 21:31:43.4919] [INFO] [PromoNode.PromoFetchActor] Race Received 
[2024-10-17 21:31:53.5122] [INFO] [PromoNode.PromoFetchActor] Freespin Received 
[2024-10-17 21:31:53.5122] [INFO] [PromoNode.PromoFetchActor] Race Received 
[2024-10-17 21:32:01.2639] [INFO] [PromoNode.PromoFetchActor] Tour Received 
[2024-10-17 21:32:03.5272] [INFO] [PromoNode.PromoFetchActor] Freespin Received 
[2024-10-17 21:32:03.5272] [INFO] [PromoNode.PromoFetchActor] Race Received 
[2024-10-17 21:32:13.5414] [INFO] [PromoNode.PromoFetchActor] Freespin Received 
[2024-10-17 21:32:13.5414] [INFO] [PromoNode.PromoFetchActor] Race Received 
[2024-10-17 21:32:23.5514] [INFO] [PromoNode.PromoFetchActor] Freespin Received 
[2024-10-17 21:32:23.5544] [INFO] [PromoNode.PromoFetchActor] Race Received 
[2024-10-17 21:32:33.5695] [INFO] [PromoNode.PromoFetchActor] Freespin Received 
[2024-10-17 21:32:33.5695] [INFO] [PromoNode.PromoFetchActor] Race Received 
[2024-10-17 21:32:43.5874] [INFO] [PromoNode.PromoFetchActor] Freespin Received 
[2024-10-17 21:32:43.5874] [INFO] [PromoNode.PromoFetchActor] Race Received 
[2024-10-17 21:32:53.6038] [INFO] [PromoNode.PromoFetchActor] Freespin Received 
[2024-10-17 21:32:53.6038] [INFO] [PromoNode.PromoFetchActor] Race Received 
[2024-10-17 21:33:01.2846] [INFO] [PromoNode.PromoFetchActor] Tour Received 
[2024-10-17 21:33:03.6178] [INFO] [PromoNode.PromoFetchActor] Freespin Received 
[2024-10-17 21:33:03.6178] [INFO] [PromoNode.PromoFetchActor] Race Received 
[2024-10-17 21:33:13.6329] [INFO] [PromoNode.PromoFetchActor] Freespin Received 
[2024-10-17 21:33:13.6329] [INFO] [PromoNode.PromoFetchActor] Race Received 
[2024-10-17 21:33:23.6507] [INFO] [PromoNode.PromoFetchActor] Freespin Received 
[2024-10-17 21:33:23.6507] [INFO] [PromoNode.PromoFetchActor] Race Received 
[2024-10-17 21:33:33.6628] [INFO] [PromoNode.PromoFetchActor] Freespin Received 
[2024-10-17 21:33:33.6783] [INFO] [PromoNode.PromoFetchActor] Race Received 
[2024-10-17 21:33:43.6790] [INFO] [PromoNode.PromoFetchActor] Freespin Received 
[2024-10-17 21:33:43.6946] [INFO] [PromoNode.PromoFetchActor] Race Received 
[2024-10-17 21:33:53.6892] [INFO] [PromoNode.PromoFetchActor] Freespin Received 
[2024-10-17 21:33:53.7047] [INFO] [PromoNode.PromoFetchActor] Race Received 
[2024-10-17 21:34:01.2901] [INFO] [PromoNode.PromoFetchActor] Tour Received 
[2024-10-17 21:34:03.6989] [INFO] [PromoNode.PromoFetchActor] Freespin Received 
[2024-10-17 21:34:03.7139] [INFO] [PromoNode.PromoFetchActor] Race Received 
[2024-10-17 21:34:13.7240] [INFO] [PromoNode.PromoFetchActor] Freespin Received 
[2024-10-17 21:34:13.7270] [INFO] [PromoNode.PromoFetchActor] Race Received 
[2024-10-17 21:34:23.7393] [INFO] [PromoNode.PromoFetchActor] Freespin Received 
[2024-10-17 21:34:23.7413] [INFO] [PromoNode.PromoFetchActor] Race Received 
[2024-10-17 21:34:33.7588] [INFO] [PromoNode.PromoFetchActor] Freespin Received 
[2024-10-17 21:34:33.7588] [INFO] [PromoNode.PromoFetchActor] Race Received 
[2024-10-17 21:34:43.7712] [INFO] [PromoNode.PromoFetchActor] Freespin Received 
[2024-10-17 21:34:43.7732] [INFO] [PromoNode.PromoFetchActor] Race Received 
[2024-10-17 21:34:53.7797] [INFO] [PromoNode.PromoFetchActor] Freespin Received 
[2024-10-17 21:34:53.7797] [INFO] [PromoNode.PromoFetchActor] Race Received 
[2024-10-17 21:35:01.3115] [INFO] [PromoNode.PromoFetchActor] Tour Received 
[2024-10-17 21:35:03.7899] [INFO] [PromoNode.PromoFetchActor] Freespin Received 
[2024-10-17 21:35:03.7899] [INFO] [PromoNode.PromoFetchActor] Race Received 
[2024-10-17 21:35:13.8083] [INFO] [PromoNode.PromoFetchActor] Freespin Received 
[2024-10-17 21:35:13.8083] [INFO] [PromoNode.PromoFetchActor] Race Received 
[2024-10-17 21:35:23.8289] [INFO] [PromoNode.PromoFetchActor] Freespin Received 
[2024-10-17 21:35:23.8289] [INFO] [PromoNode.PromoFetchActor] Race Received 
[2024-10-17 21:35:33.8531] [INFO] [PromoNode.PromoFetchActor] Freespin Received 
[2024-10-17 21:35:33.8531] [INFO] [PromoNode.PromoFetchActor] Race Received 
[2024-10-17 21:35:43.8713] [INFO] [PromoNode.PromoFetchActor] Freespin Received 
[2024-10-17 21:35:43.8713] [INFO] [PromoNode.PromoFetchActor] Race Received 
[2024-10-17 21:35:53.8813] [INFO] [PromoNode.PromoFetchActor] Freespin Received 
[2024-10-17 21:35:53.8813] [INFO] [PromoNode.PromoFetchActor] Race Received 
[2024-10-17 21:36:01.3307] [INFO] [PromoNode.PromoFetchActor] Tour Received 
[2024-10-17 21:36:03.8999] [INFO] [PromoNode.PromoFetchActor] Freespin Received 
[2024-10-17 21:36:03.8999] [INFO] [PromoNode.PromoFetchActor] Race Received 
[2024-10-17 21:36:13.9208] [INFO] [PromoNode.PromoFetchActor] Freespin Received 
[2024-10-17 21:36:13.9208] [INFO] [PromoNode.PromoFetchActor] Race Received 
[2024-10-17 21:36:23.9459] [INFO] [PromoNode.PromoFetchActor] Freespin Received 
[2024-10-17 21:36:23.9459] [INFO] [PromoNode.PromoFetchActor] Race Received 
[2024-10-17 21:36:33.9693] [INFO] [PromoNode.PromoFetchActor] Freespin Received 
[2024-10-17 21:36:33.9693] [INFO] [PromoNode.PromoFetchActor] Race Received 
[2024-10-17 21:36:43.9823] [INFO] [PromoNode.PromoFetchActor] Freespin Received 
[2024-10-17 21:36:43.9823] [INFO] [PromoNode.PromoFetchActor] Race Received 
[2024-10-17 21:36:54.0019] [INFO] [PromoNode.PromoFetchActor] Freespin Received 
[2024-10-17 21:36:54.0019] [INFO] [PromoNode.PromoFetchActor] Race Received 
[2024-10-17 21:37:01.3535] [INFO] [PromoNode.PromoFetchActor] Tour Received 
[2024-10-17 21:37:04.0151] [INFO] [PromoNode.PromoFetchActor] Freespin Received 
[2024-10-17 21:37:04.0151] [INFO] [PromoNode.PromoFetchActor] Race Received 
[2024-10-17 21:37:14.0178] [INFO] [PromoNode.PromoFetchActor] Freespin Received 
[2024-10-17 21:37:14.0328] [INFO] [PromoNode.PromoFetchActor] Race Received 
[2024-10-17 21:37:24.0423] [INFO] [PromoNode.PromoFetchActor] Freespin Received 
[2024-10-17 21:37:24.0423] [INFO] [PromoNode.PromoFetchActor] Race Received 
[2024-10-17 21:37:34.0633] [INFO] [PromoNode.PromoFetchActor] Freespin Received 
[2024-10-17 21:37:34.0633] [INFO] [PromoNode.PromoFetchActor] Race Received 
[2024-10-17 21:37:44.0819] [INFO] [PromoNode.PromoFetchActor] Freespin Received 
[2024-10-17 21:37:44.0819] [INFO] [PromoNode.PromoFetchActor] Race Received 
[2024-10-17 21:37:54.0955] [INFO] [PromoNode.PromoFetchActor] Freespin Received 
[2024-10-17 21:37:54.0955] [INFO] [PromoNode.PromoFetchActor] Race Received 
[2024-10-17 21:38:01.3659] [INFO] [PromoNode.PromoFetchActor] Tour Received 
[2024-10-17 21:38:04.1068] [INFO] [PromoNode.PromoFetchActor] Freespin Received 
[2024-10-17 21:38:04.1068] [INFO] [PromoNode.PromoFetchActor] Race Received 
[2024-10-17 21:38:14.1201] [INFO] [PromoNode.PromoFetchActor] Freespin Received 
[2024-10-17 21:38:14.1201] [INFO] [PromoNode.PromoFetchActor] Race Received 
[2024-10-17 21:38:24.1415] [INFO] [PromoNode.PromoFetchActor] Freespin Received 
[2024-10-17 21:38:24.1415] [INFO] [PromoNode.PromoFetchActor] Race Received 
[2024-10-17 21:38:34.1588] [INFO] [PromoNode.PromoFetchActor] Freespin Received 
[2024-10-17 21:38:34.1588] [INFO] [PromoNode.PromoFetchActor] Race Received 
[2024-10-17 21:38:44.1777] [INFO] [PromoNode.PromoFetchActor] Freespin Received 
[2024-10-17 21:38:44.1827] [INFO] [PromoNode.PromoFetchActor] Race Received 
[2024-10-17 21:38:54.1963] [INFO] [PromoNode.PromoFetchActor] Freespin Received 
[2024-10-17 21:38:54.1963] [INFO] [PromoNode.PromoFetchActor] Race Received 
[2024-10-17 21:39:01.3737] [INFO] [PromoNode.PromoFetchActor] Tour Received 
[2024-10-17 21:39:04.2205] [INFO] [PromoNode.PromoFetchActor] Freespin Received 
[2024-10-17 21:39:04.2205] [INFO] [PromoNode.PromoFetchActor] Race Received 
[2024-10-17 21:39:14.2412] [INFO] [PromoNode.PromoFetchActor] Freespin Received 
[2024-10-17 21:39:14.2412] [INFO] [PromoNode.PromoFetchActor] Race Received 
[2024-10-17 21:39:24.2609] [INFO] [PromoNode.PromoFetchActor] Freespin Received 
[2024-10-17 21:39:24.2609] [INFO] [PromoNode.PromoFetchActor] Race Received 
[2024-10-17 21:39:34.2824] [INFO] [PromoNode.PromoFetchActor] Freespin Received 
[2024-10-17 21:39:34.2824] [INFO] [PromoNode.PromoFetchActor] Race Received 
[2024-10-17 21:39:44.2932] [INFO] [PromoNode.PromoFetchActor] Freespin Received 
[2024-10-17 21:39:44.2932] [INFO] [PromoNode.PromoFetchActor] Race Received 
[2024-10-17 21:39:54.2999] [INFO] [PromoNode.PromoFetchActor] Freespin Received 
[2024-10-17 21:39:54.3079] [INFO] [PromoNode.PromoFetchActor] Race Received 
[2024-10-17 21:40:01.3885] [INFO] [PromoNode.PromoFetchActor] Tour Received 
[2024-10-17 21:40:04.3165] [INFO] [PromoNode.PromoFetchActor] Freespin Received 
[2024-10-17 21:40:04.3305] [INFO] [PromoNode.PromoFetchActor] Race Received 
[2024-10-17 21:40:14.3207] [INFO] [PromoNode.PromoFetchActor] Freespin Received 
[2024-10-17 21:40:14.3571] [INFO] [PromoNode.PromoFetchActor] Race Received 
[2024-10-17 21:40:24.3356] [INFO] [PromoNode.PromoFetchActor] Freespin Received 
[2024-10-17 21:40:24.3816] [INFO] [PromoNode.PromoFetchActor] Race Received 
[2024-10-17 21:40:34.3406] [INFO] [PromoNode.PromoFetchActor] Freespin Received 
[2024-10-17 21:40:34.3878] [INFO] [PromoNode.PromoFetchActor] Race Received 
[2024-10-17 21:40:44.3540] [INFO] [PromoNode.PromoFetchActor] Freespin Received 
[2024-10-17 21:40:44.4003] [INFO] [PromoNode.PromoFetchActor] Race Received 
[2024-10-17 21:40:54.3690] [INFO] [PromoNode.PromoFetchActor] Freespin Received 
[2024-10-17 21:40:54.4160] [INFO] [PromoNode.PromoFetchActor] Race Received 
[2024-10-17 21:41:01.4107] [INFO] [PromoNode.PromoFetchActor] Tour Received 
[2024-10-17 21:41:04.3883] [INFO] [PromoNode.PromoFetchActor] Freespin Received 
[2024-10-17 21:41:04.4215] [INFO] [PromoNode.PromoFetchActor] Race Received 
[2024-10-17 21:41:14.4126] [INFO] [PromoNode.PromoFetchActor] Freespin Received 
[2024-10-17 21:41:14.4386] [INFO] [PromoNode.PromoFetchActor] Race Received 
[2024-10-17 21:41:24.4297] [INFO] [PromoNode.PromoFetchActor] Freespin Received 
[2024-10-17 21:41:24.4605] [INFO] [PromoNode.PromoFetchActor] Race Received 
[2024-10-17 21:41:34.4522] [INFO] [PromoNode.PromoFetchActor] Freespin Received 
[2024-10-17 21:41:34.4814] [INFO] [PromoNode.PromoFetchActor] Race Received 
[2024-10-17 21:41:44.4618] [INFO] [PromoNode.PromoFetchActor] Freespin Received 
[2024-10-17 21:41:44.4912] [INFO] [PromoNode.PromoFetchActor] Race Received 
[2024-10-17 21:41:54.4707] [INFO] [PromoNode.PromoFetchActor] Freespin Received 
[2024-10-17 21:41:54.5027] [INFO] [PromoNode.PromoFetchActor] Race Received 
[2024-10-17 21:42:01.4262] [INFO] [PromoNode.PromoFetchActor] Tour Received 
[2024-10-17 21:42:04.4809] [INFO] [PromoNode.PromoFetchActor] Freespin Received 
[2024-10-17 21:42:04.5145] [INFO] [PromoNode.PromoFetchActor] Race Received 
[2024-10-17 21:42:14.4976] [INFO] [PromoNode.PromoFetchActor] Freespin Received 
[2024-10-17 21:42:14.5295] [INFO] [PromoNode.PromoFetchActor] Race Received 
[2024-10-17 21:42:24.5091] [INFO] [PromoNode.PromoFetchActor] Freespin Received 
[2024-10-17 21:42:24.5411] [INFO] [PromoNode.PromoFetchActor] Race Received 
[2024-10-17 21:42:34.5322] [INFO] [PromoNode.PromoFetchActor] Freespin Received 
[2024-10-17 21:42:34.5482] [INFO] [PromoNode.PromoFetchActor] Race Received 
[2024-10-17 21:42:44.5445] [INFO] [PromoNode.PromoFetchActor] Freespin Received 
[2024-10-17 21:42:44.5609] [INFO] [PromoNode.PromoFetchActor] Race Received 
[2024-10-17 21:42:54.5619] [INFO] [PromoNode.PromoFetchActor] Freespin Received 
[2024-10-17 21:42:54.5785] [INFO] [PromoNode.PromoFetchActor] Race Received 
[2024-10-17 21:43:01.4395] [INFO] [PromoNode.PromoFetchActor] Tour Received 
