[2024-12-07 07:50:57.0333] [WARN] [Akka.Cluster.ClusterHeartbeatSender] Cluster Node [akka.tcp://godgaming@127.0.0.1:8093] - Scheduled sending of heartbeat was delayed. Previous heartbeat was sent [66473437.0632] ms ago, expected interval is [1000] ms. This may cause failure detection to mark members as unreachable. The reason can be thread starvation, e.g. by running blocking tasks on the default dispatcher, CPU overload, or GC. 
[2024-12-07 00:00:00.4181] [INFO] [PromoNode.PromoFetchActor] Freespin Received 
[2024-12-07 00:00:00.4501] [INFO] [PromoNode.PromoFetchActor] Race Received 
[2024-12-07 00:00:00.5882] [INFO] [PromoNode.PromoFetchActor] Cashback Received 
[2024-12-07 00:00:10.4338] [INFO] [PromoNode.PromoFetchActor] Freespin Received 
[2024-12-07 00:00:10.4656] [INFO] [PromoNode.PromoFetchActor] Race Received 
[2024-12-07 00:00:10.6057] [INFO] [PromoNode.PromoFetchActor] Cashback Received 
[2024-12-07 00:00:20.4455] [INFO] [PromoNode.PromoFetchActor] Freespin Received 
[2024-12-07 00:00:20.4781] [INFO] [PromoNode.PromoFetchActor] Race Received 
[2024-12-07 00:00:20.6176] [INFO] [PromoNode.PromoFetchActor] Cashback Received 
[2024-12-07 00:00:30.4577] [INFO] [PromoNode.PromoFetchActor] Freespin Received 
[2024-12-07 00:00:30.5047] [INFO] [PromoNode.PromoFetchActor] Race Received 
[2024-12-07 00:00:30.6487] [INFO] [PromoNode.PromoFetchActor] Cashback Received 
[2024-12-07 00:00:40.4692] [INFO] [PromoNode.PromoFetchActor] Freespin Received 
[2024-12-07 00:00:40.5188] [INFO] [PromoNode.PromoFetchActor] Race Received 
[2024-12-07 00:00:40.6711] [INFO] [PromoNode.PromoFetchActor] Cashback Received 
[2024-12-07 00:00:50.4837] [INFO] [PromoNode.PromoFetchActor] Freespin Received 
[2024-12-07 00:00:50.5319] [INFO] [PromoNode.PromoFetchActor] Race Received 
[2024-12-07 00:00:50.6853] [INFO] [PromoNode.PromoFetchActor] Cashback Received 
[2024-12-07 00:00:59.2865] [INFO] [PromoNode.PromoFetchActor] Tour Received 
[2024-12-07 00:01:00.4983] [INFO] [PromoNode.PromoFetchActor] Freespin Received 
[2024-12-07 00:01:00.5433] [INFO] [PromoNode.PromoFetchActor] Race Received 
[2024-12-07 00:01:00.6984] [INFO] [PromoNode.PromoFetchActor] Cashback Received 
[2024-12-07 00:01:10.5089] [INFO] [PromoNode.PromoFetchActor] Freespin Received 
[2024-12-07 00:01:10.5549] [INFO] [PromoNode.PromoFetchActor] Race Received 
[2024-12-07 00:01:10.7109] [INFO] [PromoNode.PromoFetchActor] Cashback Received 
[2024-12-07 00:01:20.5231] [INFO] [PromoNode.PromoFetchActor] Freespin Received 
[2024-12-07 00:01:20.5686] [INFO] [PromoNode.PromoFetchActor] Race Received 
[2024-12-07 00:01:20.7227] [INFO] [PromoNode.PromoFetchActor] Cashback Received 
[2024-12-07 00:01:30.5321] [INFO] [PromoNode.PromoFetchActor] Freespin Received 
[2024-12-07 00:01:30.5792] [INFO] [PromoNode.PromoFetchActor] Race Received 
[2024-12-07 00:01:30.7322] [INFO] [PromoNode.PromoFetchActor] Cashback Received 
[2024-12-07 00:01:40.5381] [INFO] [PromoNode.PromoFetchActor] Freespin Received 
[2024-12-07 00:01:40.6022] [INFO] [PromoNode.PromoFetchActor] Race Received 
[2024-12-07 00:01:40.7418] [INFO] [PromoNode.PromoFetchActor] Cashback Received 
[2024-12-07 00:01:50.5603] [INFO] [PromoNode.PromoFetchActor] Freespin Received 
[2024-12-07 00:01:50.6233] [INFO] [PromoNode.PromoFetchActor] Race Received 
[2024-12-07 00:01:50.7636] [INFO] [PromoNode.PromoFetchActor] Cashback Received 
[2024-12-07 00:01:59.3146] [INFO] [PromoNode.PromoFetchActor] Tour Received 
[2024-12-07 00:02:00.5674] [INFO] [PromoNode.PromoFetchActor] Freespin Received 
[2024-12-07 00:02:00.6304] [INFO] [PromoNode.PromoFetchActor] Race Received 
[2024-12-07 00:02:00.7684] [INFO] [PromoNode.PromoFetchActor] Cashback Received 
[2024-12-07 00:02:10.5887] [INFO] [PromoNode.PromoFetchActor] Freespin Received 
[2024-12-07 00:02:10.6507] [INFO] [PromoNode.PromoFetchActor] Race Received 
[2024-12-07 00:02:10.7905] [INFO] [PromoNode.PromoFetchActor] Cashback Received 
[2024-12-07 00:02:20.6086] [INFO] [PromoNode.PromoFetchActor] Freespin Received 
[2024-12-07 00:02:20.6703] [INFO] [PromoNode.PromoFetchActor] Race Received 
[2024-12-07 00:02:20.8098] [INFO] [PromoNode.PromoFetchActor] Cashback Received 
[2024-12-07 00:02:30.6182] [INFO] [PromoNode.PromoFetchActor] Freespin Received 
[2024-12-07 00:02:30.6805] [INFO] [PromoNode.PromoFetchActor] Race Received 
[2024-12-07 00:02:30.8195] [INFO] [PromoNode.PromoFetchActor] Cashback Received 
[2024-12-07 00:02:40.6291] [INFO] [PromoNode.PromoFetchActor] Freespin Received 
[2024-12-07 00:02:40.6949] [INFO] [PromoNode.PromoFetchActor] Race Received 
[2024-12-07 00:02:40.8332] [INFO] [PromoNode.PromoFetchActor] Cashback Received 
[2024-12-07 00:02:50.6452] [INFO] [PromoNode.PromoFetchActor] Freespin Received 
[2024-12-07 00:02:50.7112] [INFO] [PromoNode.PromoFetchActor] Race Received 
[2024-12-07 00:02:50.8522] [INFO] [PromoNode.PromoFetchActor] Cashback Received 
[2024-12-07 00:02:59.3325] [INFO] [PromoNode.PromoFetchActor] Tour Received 
[2024-12-07 00:03:00.6577] [INFO] [PromoNode.PromoFetchActor] Freespin Received 
[2024-12-07 00:03:00.7221] [INFO] [PromoNode.PromoFetchActor] Race Received 
[2024-12-07 00:03:00.8601] [INFO] [PromoNode.PromoFetchActor] Cashback Received 
[2024-12-07 00:03:10.6720] [INFO] [PromoNode.PromoFetchActor] Freespin Received 
[2024-12-07 00:03:10.7341] [INFO] [PromoNode.PromoFetchActor] Race Received 
[2024-12-07 00:03:10.8742] [INFO] [PromoNode.PromoFetchActor] Cashback Received 
[2024-12-07 00:03:20.6902] [INFO] [PromoNode.PromoFetchActor] Freespin Received 
[2024-12-07 00:03:20.7515] [INFO] [PromoNode.PromoFetchActor] Race Received 
[2024-12-07 00:03:20.8888] [INFO] [PromoNode.PromoFetchActor] Cashback Received 
[2024-12-07 00:03:30.7047] [INFO] [PromoNode.PromoFetchActor] Freespin Received 
[2024-12-07 00:03:30.7661] [INFO] [PromoNode.PromoFetchActor] Race Received 
[2024-12-07 00:03:30.9048] [INFO] [PromoNode.PromoFetchActor] Cashback Received 
[2024-12-07 00:03:40.7165] [INFO] [PromoNode.PromoFetchActor] Freespin Received 
[2024-12-07 00:03:40.7777] [INFO] [PromoNode.PromoFetchActor] Race Received 
[2024-12-07 00:03:40.9177] [INFO] [PromoNode.PromoFetchActor] Cashback Received 
[2024-12-07 00:03:50.7291] [INFO] [PromoNode.PromoFetchActor] Freespin Received 
[2024-12-07 00:03:50.7931] [INFO] [PromoNode.PromoFetchActor] Race Received 
[2024-12-07 00:03:50.9302] [INFO] [PromoNode.PromoFetchActor] Cashback Received 
[2024-12-07 00:03:59.3462] [INFO] [PromoNode.PromoFetchActor] Tour Received 
[2024-12-07 00:04:00.7394] [INFO] [PromoNode.PromoFetchActor] Freespin Received 
[2024-12-07 00:04:00.8017] [INFO] [PromoNode.PromoFetchActor] Race Received 
[2024-12-07 00:04:00.9404] [INFO] [PromoNode.PromoFetchActor] Cashback Received 
[2024-12-07 00:04:10.7593] [INFO] [PromoNode.PromoFetchActor] Freespin Received 
[2024-12-07 00:04:10.8209] [INFO] [PromoNode.PromoFetchActor] Race Received 
[2024-12-07 00:04:10.9608] [INFO] [PromoNode.PromoFetchActor] Cashback Received 
[2024-12-07 00:04:20.7713] [INFO] [PromoNode.PromoFetchActor] Freespin Received 
[2024-12-07 00:04:20.8332] [INFO] [PromoNode.PromoFetchActor] Race Received 
[2024-12-07 00:04:20.9712] [INFO] [PromoNode.PromoFetchActor] Cashback Received 
[2024-12-07 00:04:30.7874] [INFO] [PromoNode.PromoFetchActor] Freespin Received 
[2024-12-07 00:04:30.8504] [INFO] [PromoNode.PromoFetchActor] Race Received 
[2024-12-07 00:04:30.9864] [INFO] [PromoNode.PromoFetchActor] Cashback Received 
[2024-12-07 00:04:40.7979] [INFO] [PromoNode.PromoFetchActor] Freespin Received 
[2024-12-07 00:04:40.8596] [INFO] [PromoNode.PromoFetchActor] Race Received 
[2024-12-07 00:04:40.9986] [INFO] [PromoNode.PromoFetchActor] Cashback Received 
[2024-12-07 00:04:50.8080] [INFO] [PromoNode.PromoFetchActor] Freespin Received 
[2024-12-07 00:04:50.8704] [INFO] [PromoNode.PromoFetchActor] Race Received 
[2024-12-07 00:04:51.0101] [INFO] [PromoNode.PromoFetchActor] Cashback Received 
[2024-12-07 00:04:59.3501] [INFO] [PromoNode.PromoFetchActor] Tour Received 
[2024-12-07 00:05:00.8193] [INFO] [PromoNode.PromoFetchActor] Freespin Received 
[2024-12-07 00:05:00.8828] [INFO] [PromoNode.PromoFetchActor] Race Received 
[2024-12-07 00:05:01.0218] [INFO] [PromoNode.PromoFetchActor] Cashback Received 
[2024-12-07 00:05:10.8379] [INFO] [PromoNode.PromoFetchActor] Freespin Received 
[2024-12-07 00:05:10.8999] [INFO] [PromoNode.PromoFetchActor] Race Received 
[2024-12-07 00:05:11.0376] [INFO] [PromoNode.PromoFetchActor] Cashback Received 
[2024-12-07 00:05:20.8591] [INFO] [PromoNode.PromoFetchActor] Freespin Received 
[2024-12-07 00:05:20.9221] [INFO] [PromoNode.PromoFetchActor] Race Received 
[2024-12-07 00:05:21.0601] [INFO] [PromoNode.PromoFetchActor] Cashback Received 
[2024-12-07 00:05:30.8705] [INFO] [PromoNode.PromoFetchActor] Freespin Received 
[2024-12-07 00:05:30.9340] [INFO] [PromoNode.PromoFetchActor] Race Received 
[2024-12-07 00:05:31.0739] [INFO] [PromoNode.PromoFetchActor] Cashback Received 
[2024-12-07 00:05:40.8791] [INFO] [PromoNode.PromoFetchActor] Freespin Received 
[2024-12-07 00:05:40.9431] [INFO] [PromoNode.PromoFetchActor] Race Received 
[2024-12-07 00:05:41.0805] [INFO] [PromoNode.PromoFetchActor] Cashback Received 
[2024-12-07 00:05:50.8921] [INFO] [PromoNode.PromoFetchActor] Freespin Received 
[2024-12-07 00:05:50.9533] [INFO] [PromoNode.PromoFetchActor] Race Received 
[2024-12-07 00:05:51.0931] [INFO] [PromoNode.PromoFetchActor] Cashback Received 
[2024-12-07 00:05:59.3644] [INFO] [PromoNode.PromoFetchActor] Tour Received 
[2024-12-07 00:06:00.9027] [INFO] [PromoNode.PromoFetchActor] Freespin Received 
[2024-12-07 00:06:00.9678] [INFO] [PromoNode.PromoFetchActor] Race Received 
[2024-12-07 00:06:01.1114] [INFO] [PromoNode.PromoFetchActor] Cashback Received 
[2024-12-07 00:06:10.9210] [INFO] [PromoNode.PromoFetchActor] Freespin Received 
[2024-12-07 00:06:10.9818] [INFO] [PromoNode.PromoFetchActor] Race Received 
[2024-12-07 00:06:11.1223] [INFO] [PromoNode.PromoFetchActor] Cashback Received 
[2024-12-07 00:06:20.9382] [INFO] [PromoNode.PromoFetchActor] Freespin Received 
[2024-12-07 00:06:21.0022] [INFO] [PromoNode.PromoFetchActor] Race Received 
[2024-12-07 00:06:21.1381] [INFO] [PromoNode.PromoFetchActor] Cashback Received 
[2024-12-07 00:06:30.9561] [INFO] [PromoNode.PromoFetchActor] Freespin Received 
[2024-12-07 00:06:31.0184] [INFO] [PromoNode.PromoFetchActor] Race Received 
[2024-12-07 00:06:31.1579] [INFO] [PromoNode.PromoFetchActor] Cashback Received 
[2024-12-07 00:06:40.9687] [INFO] [PromoNode.PromoFetchActor] Freespin Received 
[2024-12-07 00:06:41.0321] [INFO] [PromoNode.PromoFetchActor] Race Received 
[2024-12-07 00:06:41.1691] [INFO] [PromoNode.PromoFetchActor] Cashback Received 
[2024-12-07 00:06:50.9910] [INFO] [PromoNode.PromoFetchActor] Freespin Received 
[2024-12-07 00:06:51.0520] [INFO] [PromoNode.PromoFetchActor] Race Received 
[2024-12-07 00:06:51.1911] [INFO] [PromoNode.PromoFetchActor] Cashback Received 
[2024-12-07 00:06:59.3736] [INFO] [PromoNode.PromoFetchActor] Tour Received 
[2024-12-07 00:07:01.0109] [INFO] [PromoNode.PromoFetchActor] Freespin Received 
[2024-12-07 00:07:01.0779] [INFO] [PromoNode.PromoFetchActor] Race Received 
[2024-12-07 00:07:01.2140] [INFO] [PromoNode.PromoFetchActor] Cashback Received 
[2024-12-07 00:07:11.0298] [INFO] [PromoNode.PromoFetchActor] Freespin Received 
[2024-12-07 00:07:11.0968] [INFO] [PromoNode.PromoFetchActor] Race Received 
[2024-12-07 00:07:11.2343] [INFO] [PromoNode.PromoFetchActor] Cashback Received 
[2024-12-07 00:07:21.0363] [INFO] [PromoNode.PromoFetchActor] Freespin Received 
[2024-12-07 00:07:21.1139] [INFO] [PromoNode.PromoFetchActor] Race Received 
[2024-12-07 00:07:21.2513] [INFO] [PromoNode.PromoFetchActor] Cashback Received 
[2024-12-07 00:07:31.0551] [INFO] [PromoNode.PromoFetchActor] Freespin Received 
[2024-12-07 00:07:31.1331] [INFO] [PromoNode.PromoFetchActor] Race Received 
[2024-12-07 00:07:31.2729] [INFO] [PromoNode.PromoFetchActor] Cashback Received 
[2024-12-07 00:07:41.0600] [INFO] [PromoNode.PromoFetchActor] Freespin Received 
[2024-12-07 00:07:41.1379] [INFO] [PromoNode.PromoFetchActor] Race Received 
[2024-12-07 00:07:41.2791] [INFO] [PromoNode.PromoFetchActor] Cashback Received 
[2024-12-07 00:07:51.0683] [INFO] [PromoNode.PromoFetchActor] Freespin Received 
[2024-12-07 00:07:51.1614] [INFO] [PromoNode.PromoFetchActor] Race Received 
[2024-12-07 00:07:51.3008] [INFO] [PromoNode.PromoFetchActor] Cashback Received 
[2024-12-07 00:07:59.3919] [INFO] [PromoNode.PromoFetchActor] Tour Received 
[2024-12-07 00:08:01.0790] [INFO] [PromoNode.PromoFetchActor] Freespin Received 
[2024-12-07 00:08:01.1716] [INFO] [PromoNode.PromoFetchActor] Race Received 
[2024-12-07 00:08:01.3107] [INFO] [PromoNode.PromoFetchActor] Cashback Received 
[2024-12-07 00:08:11.0999] [INFO] [PromoNode.PromoFetchActor] Freespin Received 
[2024-12-07 00:08:11.1803] [INFO] [PromoNode.PromoFetchActor] Race Received 
[2024-12-07 00:08:11.3363] [INFO] [PromoNode.PromoFetchActor] Cashback Received 
[2024-12-07 00:08:21.1212] [INFO] [PromoNode.PromoFetchActor] Freespin Received 
[2024-12-07 00:08:21.1992] [INFO] [PromoNode.PromoFetchActor] Race Received 
[2024-12-07 00:08:21.3413] [INFO] [PromoNode.PromoFetchActor] Cashback Received 
[2024-12-07 00:08:31.1369] [INFO] [PromoNode.PromoFetchActor] Freespin Received 
[2024-12-07 00:08:31.2141] [INFO] [PromoNode.PromoFetchActor] Race Received 
[2024-12-07 00:08:31.3523] [INFO] [PromoNode.PromoFetchActor] Cashback Received 
[2024-12-07 00:08:41.1515] [INFO] [PromoNode.PromoFetchActor] Freespin Received 
[2024-12-07 00:08:41.2291] [INFO] [PromoNode.PromoFetchActor] Race Received 
[2024-12-07 00:08:41.3694] [INFO] [PromoNode.PromoFetchActor] Cashback Received 
[2024-12-07 00:08:51.1579] [INFO] [PromoNode.PromoFetchActor] Freespin Received 
[2024-12-07 00:08:51.2499] [INFO] [PromoNode.PromoFetchActor] Race Received 
[2024-12-07 00:08:51.3879] [INFO] [PromoNode.PromoFetchActor] Cashback Received 
[2024-12-07 00:08:59.4129] [INFO] [PromoNode.PromoFetchActor] Tour Received 
[2024-12-07 00:09:01.1721] [INFO] [PromoNode.PromoFetchActor] Freespin Received 
[2024-12-07 00:09:01.2651] [INFO] [PromoNode.PromoFetchActor] Race Received 
[2024-12-07 00:09:01.4033] [INFO] [PromoNode.PromoFetchActor] Cashback Received 
[2024-12-07 00:09:11.1787] [INFO] [PromoNode.PromoFetchActor] Freespin Received 
[2024-12-07 00:09:11.2734] [INFO] [PromoNode.PromoFetchActor] Race Received 
[2024-12-07 00:09:11.4130] [INFO] [PromoNode.PromoFetchActor] Cashback Received 
[2024-12-07 00:09:21.1988] [INFO] [PromoNode.PromoFetchActor] Freespin Received 
[2024-12-07 00:09:21.2928] [INFO] [PromoNode.PromoFetchActor] Race Received 
[2024-12-07 00:09:21.4319] [INFO] [PromoNode.PromoFetchActor] Cashback Received 
[2024-12-07 00:09:31.2231] [INFO] [PromoNode.PromoFetchActor] Freespin Received 
[2024-12-07 00:09:31.3002] [INFO] [PromoNode.PromoFetchActor] Race Received 
[2024-12-07 00:09:31.4512] [INFO] [PromoNode.PromoFetchActor] Cashback Received 
[2024-12-07 00:09:41.2429] [INFO] [PromoNode.PromoFetchActor] Freespin Received 
[2024-12-07 00:09:41.3199] [INFO] [PromoNode.PromoFetchActor] Race Received 
[2024-12-07 00:09:41.4609] [INFO] [PromoNode.PromoFetchActor] Cashback Received 
[2024-12-07 00:09:51.2624] [INFO] [PromoNode.PromoFetchActor] Freespin Received 
[2024-12-07 00:09:51.3394] [INFO] [PromoNode.PromoFetchActor] Race Received 
[2024-12-07 00:09:51.4769] [INFO] [PromoNode.PromoFetchActor] Cashback Received 
[2024-12-07 00:09:59.4217] [INFO] [PromoNode.PromoFetchActor] Tour Received 
[2024-12-07 00:10:01.2710] [INFO] [PromoNode.PromoFetchActor] Freespin Received 
[2024-12-07 00:10:01.3625] [INFO] [PromoNode.PromoFetchActor] Race Received 
[2024-12-07 00:10:01.5031] [INFO] [PromoNode.PromoFetchActor] Cashback Received 
[2024-12-07 00:10:11.2795] [INFO] [PromoNode.PromoFetchActor] Freespin Received 
[2024-12-07 00:10:11.3732] [INFO] [PromoNode.PromoFetchActor] Race Received 
[2024-12-07 00:10:11.5123] [INFO] [PromoNode.PromoFetchActor] Cashback Received 
[2024-12-07 00:10:21.2909] [INFO] [PromoNode.PromoFetchActor] Freespin Received 
[2024-12-07 00:10:21.3879] [INFO] [PromoNode.PromoFetchActor] Race Received 
[2024-12-07 00:10:21.5259] [INFO] [PromoNode.PromoFetchActor] Cashback Received 
[2024-12-07 00:10:31.3125] [INFO] [PromoNode.PromoFetchActor] Freespin Received 
[2024-12-07 00:10:31.4055] [INFO] [PromoNode.PromoFetchActor] Race Received 
[2024-12-07 00:10:31.5418] [INFO] [PromoNode.PromoFetchActor] Cashback Received 
[2024-12-07 00:10:41.3180] [INFO] [PromoNode.PromoFetchActor] Freespin Received 
[2024-12-07 00:10:41.4123] [INFO] [PromoNode.PromoFetchActor] Race Received 
[2024-12-07 00:10:41.5506] [INFO] [PromoNode.PromoFetchActor] Cashback Received 
[2024-12-07 00:10:51.3366] [INFO] [PromoNode.PromoFetchActor] Freespin Received 
[2024-12-07 00:10:51.4296] [INFO] [PromoNode.PromoFetchActor] Race Received 
[2024-12-07 00:10:51.5666] [INFO] [PromoNode.PromoFetchActor] Cashback Received 
[2024-12-07 00:10:59.4375] [INFO] [PromoNode.PromoFetchActor] Tour Received 
[2024-12-07 00:11:01.3570] [INFO] [PromoNode.PromoFetchActor] Freespin Received 
[2024-12-07 00:11:01.4520] [INFO] [PromoNode.PromoFetchActor] Race Received 
[2024-12-07 00:11:01.5892] [INFO] [PromoNode.PromoFetchActor] Cashback Received 
[2024-12-07 00:11:11.3718] [INFO] [PromoNode.PromoFetchActor] Freespin Received 
[2024-12-07 00:11:11.4657] [INFO] [PromoNode.PromoFetchActor] Race Received 
[2024-12-07 00:11:11.6041] [INFO] [PromoNode.PromoFetchActor] Cashback Received 
[2024-12-07 00:11:21.3882] [INFO] [PromoNode.PromoFetchActor] Freespin Received 
[2024-12-07 00:11:21.4808] [INFO] [PromoNode.PromoFetchActor] Race Received 
[2024-12-07 00:11:21.6209] [INFO] [PromoNode.PromoFetchActor] Cashback Received 
[2024-12-07 00:11:31.4062] [INFO] [PromoNode.PromoFetchActor] Freespin Received 
[2024-12-07 00:11:31.5012] [INFO] [PromoNode.PromoFetchActor] Race Received 
[2024-12-07 00:11:31.6460] [INFO] [PromoNode.PromoFetchActor] Cashback Received 
[2024-12-07 00:11:41.4184] [INFO] [PromoNode.PromoFetchActor] Freespin Received 
[2024-12-07 00:11:41.5114] [INFO] [PromoNode.PromoFetchActor] Race Received 
[2024-12-07 00:11:41.6494] [INFO] [PromoNode.PromoFetchActor] Cashback Received 
[2024-12-07 00:11:51.4308] [INFO] [PromoNode.PromoFetchActor] Freespin Received 
[2024-12-07 00:11:51.5237] [INFO] [PromoNode.PromoFetchActor] Race Received 
[2024-12-07 00:11:51.6648] [INFO] [PromoNode.PromoFetchActor] Cashback Received 
[2024-12-07 00:11:59.4563] [INFO] [PromoNode.PromoFetchActor] Tour Received 
[2024-12-07 00:12:01.4383] [INFO] [PromoNode.PromoFetchActor] Freespin Received 
[2024-12-07 00:12:01.5303] [INFO] [PromoNode.PromoFetchActor] Race Received 
[2024-12-07 00:12:01.6696] [INFO] [PromoNode.PromoFetchActor] Cashback Received 
[2024-12-07 00:12:11.4579] [INFO] [PromoNode.PromoFetchActor] Freespin Received 
[2024-12-07 00:12:11.5384] [INFO] [PromoNode.PromoFetchActor] Race Received 
[2024-12-07 00:12:11.6918] [INFO] [PromoNode.PromoFetchActor] Cashback Received 
[2024-12-07 00:12:21.4800] [INFO] [PromoNode.PromoFetchActor] Freespin Received 
[2024-12-07 00:12:21.5578] [INFO] [PromoNode.PromoFetchActor] Race Received 
[2024-12-07 00:12:21.7101] [INFO] [PromoNode.PromoFetchActor] Cashback Received 
[2024-12-07 00:12:31.4899] [INFO] [PromoNode.PromoFetchActor] Freespin Received 
[2024-12-07 00:12:31.5811] [INFO] [PromoNode.PromoFetchActor] Race Received 
[2024-12-07 00:12:31.7210] [INFO] [PromoNode.PromoFetchActor] Cashback Received 
[2024-12-07 00:12:41.5069] [INFO] [PromoNode.PromoFetchActor] Freespin Received 
[2024-12-07 00:12:41.6024] [INFO] [PromoNode.PromoFetchActor] Race Received 
[2024-12-07 00:12:41.7439] [INFO] [PromoNode.PromoFetchActor] Cashback Received 
[2024-12-07 00:12:51.5276] [INFO] [PromoNode.PromoFetchActor] Freespin Received 
[2024-12-07 00:12:51.6218] [INFO] [PromoNode.PromoFetchActor] Race Received 
[2024-12-07 00:12:51.7632] [INFO] [PromoNode.PromoFetchActor] Cashback Received 
[2024-12-07 00:12:59.4822] [INFO] [PromoNode.PromoFetchActor] Tour Received 
[2024-12-07 00:13:01.5378] [INFO] [PromoNode.PromoFetchActor] Freespin Received 
[2024-12-07 00:13:01.6312] [INFO] [PromoNode.PromoFetchActor] Race Received 
[2024-12-07 00:13:01.7708] [INFO] [PromoNode.PromoFetchActor] Cashback Received 
[2024-12-07 00:13:11.5566] [INFO] [PromoNode.PromoFetchActor] Freespin Received 
[2024-12-07 00:13:11.6495] [INFO] [PromoNode.PromoFetchActor] Race Received 
[2024-12-07 00:13:11.7887] [INFO] [PromoNode.PromoFetchActor] Cashback Received 
[2024-12-07 00:13:21.5683] [INFO] [PromoNode.PromoFetchActor] Freespin Received 
[2024-12-07 00:13:21.6615] [INFO] [PromoNode.PromoFetchActor] Race Received 
[2024-12-07 00:13:21.8010] [INFO] [PromoNode.PromoFetchActor] Cashback Received 
[2024-12-07 00:13:31.5825] [INFO] [PromoNode.PromoFetchActor] Freespin Received 
[2024-12-07 00:13:31.6768] [INFO] [PromoNode.PromoFetchActor] Race Received 
[2024-12-07 00:13:31.8142] [INFO] [PromoNode.PromoFetchActor] Cashback Received 
[2024-12-07 00:13:41.5979] [INFO] [PromoNode.PromoFetchActor] Freespin Received 
[2024-12-07 00:13:41.6929] [INFO] [PromoNode.PromoFetchActor] Race Received 
[2024-12-07 00:13:41.8315] [INFO] [PromoNode.PromoFetchActor] Cashback Received 
[2024-12-07 00:13:51.6090] [INFO] [PromoNode.PromoFetchActor] Freespin Received 
[2024-12-07 00:13:51.7041] [INFO] [PromoNode.PromoFetchActor] Race Received 
[2024-12-07 00:13:51.8431] [INFO] [PromoNode.PromoFetchActor] Cashback Received 
[2024-12-07 00:13:59.4976] [INFO] [PromoNode.PromoFetchActor] Tour Received 
[2024-12-07 00:14:01.6271] [INFO] [PromoNode.PromoFetchActor] Freespin Received 
[2024-12-07 00:14:01.7197] [INFO] [PromoNode.PromoFetchActor] Race Received 
[2024-12-07 00:14:01.8584] [INFO] [PromoNode.PromoFetchActor] Cashback Received 
[2024-12-07 00:14:11.6499] [INFO] [PromoNode.PromoFetchActor] Freespin Received 
[2024-12-07 00:14:11.7440] [INFO] [PromoNode.PromoFetchActor] Race Received 
[2024-12-07 00:14:11.8691] [INFO] [PromoNode.PromoFetchActor] Cashback Received 
[2024-12-07 00:14:21.6606] [INFO] [PromoNode.PromoFetchActor] Freespin Received 
[2024-12-07 00:14:21.7559] [INFO] [PromoNode.PromoFetchActor] Race Received 
[2024-12-07 00:14:21.8798] [INFO] [PromoNode.PromoFetchActor] Cashback Received 
[2024-12-07 00:14:31.6735] [INFO] [PromoNode.PromoFetchActor] Freespin Received 
[2024-12-07 00:14:31.7705] [INFO] [PromoNode.PromoFetchActor] Race Received 
[2024-12-07 00:14:31.8927] [INFO] [PromoNode.PromoFetchActor] Cashback Received 
[2024-12-07 00:14:41.6803] [INFO] [PromoNode.PromoFetchActor] Freespin Received 
[2024-12-07 00:14:41.7878] [INFO] [PromoNode.PromoFetchActor] Race Received 
[2024-12-07 00:14:41.8993] [INFO] [PromoNode.PromoFetchActor] Cashback Received 
[2024-12-07 00:14:51.6915] [INFO] [PromoNode.PromoFetchActor] Freespin Received 
[2024-12-07 00:14:51.8027] [INFO] [PromoNode.PromoFetchActor] Race Received 
[2024-12-07 00:14:51.9114] [INFO] [PromoNode.PromoFetchActor] Cashback Received 
[2024-12-07 00:14:59.5111] [INFO] [PromoNode.PromoFetchActor] Tour Received 
[2024-12-07 00:15:01.7014] [INFO] [PromoNode.PromoFetchActor] Freespin Received 
[2024-12-07 00:15:01.8111] [INFO] [PromoNode.PromoFetchActor] Race Received 
[2024-12-07 00:15:01.9191] [INFO] [PromoNode.PromoFetchActor] Cashback Received 
[2024-12-07 00:15:11.7142] [INFO] [PromoNode.PromoFetchActor] Freespin Received 
[2024-12-07 00:15:11.8227] [INFO] [PromoNode.PromoFetchActor] Race Received 
[2024-12-07 00:15:11.9286] [INFO] [PromoNode.PromoFetchActor] Cashback Received 
[2024-12-07 00:15:21.7217] [INFO] [PromoNode.PromoFetchActor] Freespin Received 
[2024-12-07 00:15:21.8288] [INFO] [PromoNode.PromoFetchActor] Race Received 
[2024-12-07 00:15:21.9517] [INFO] [PromoNode.PromoFetchActor] Cashback Received 
[2024-12-07 00:15:31.7314] [INFO] [PromoNode.PromoFetchActor] Freespin Received 
[2024-12-07 00:15:31.8410] [INFO] [PromoNode.PromoFetchActor] Race Received 
[2024-12-07 00:15:31.9648] [INFO] [PromoNode.PromoFetchActor] Cashback Received 
[2024-12-07 00:15:41.7470] [INFO] [PromoNode.PromoFetchActor] Freespin Received 
[2024-12-07 00:15:41.8556] [INFO] [PromoNode.PromoFetchActor] Race Received 
[2024-12-07 00:15:41.9817] [INFO] [PromoNode.PromoFetchActor] Cashback Received 
[2024-12-07 00:15:51.7728] [INFO] [PromoNode.PromoFetchActor] Freespin Received 
[2024-12-07 00:15:51.8718] [INFO] [PromoNode.PromoFetchActor] Race Received 
[2024-12-07 00:15:51.9928] [INFO] [PromoNode.PromoFetchActor] Cashback Received 
[2024-12-07 00:15:59.5310] [INFO] [PromoNode.PromoFetchActor] Tour Received 
[2024-12-07 00:16:01.7876] [INFO] [PromoNode.PromoFetchActor] Freespin Received 
[2024-12-07 00:16:01.8814] [INFO] [PromoNode.PromoFetchActor] Race Received 
[2024-12-07 00:16:02.0053] [INFO] [PromoNode.PromoFetchActor] Cashback Received 
[2024-12-07 00:16:11.8123] [INFO] [PromoNode.PromoFetchActor] Freespin Received 
[2024-12-07 00:16:11.8904] [INFO] [PromoNode.PromoFetchActor] Race Received 
[2024-12-07 00:16:12.0135] [INFO] [PromoNode.PromoFetchActor] Cashback Received 
[2024-12-07 00:16:21.8305] [INFO] [PromoNode.PromoFetchActor] Freespin Received 
[2024-12-07 00:16:21.9100] [INFO] [PromoNode.PromoFetchActor] Race Received 
[2024-12-07 00:16:22.0179] [INFO] [PromoNode.PromoFetchActor] Cashback Received 
[2024-12-07 00:16:31.8448] [INFO] [PromoNode.PromoFetchActor] Freespin Received 
[2024-12-07 00:16:31.9240] [INFO] [PromoNode.PromoFetchActor] Race Received 
[2024-12-07 00:16:32.0317] [INFO] [PromoNode.PromoFetchActor] Cashback Received 
[2024-12-07 00:16:41.8480] [INFO] [PromoNode.PromoFetchActor] Freespin Received 
[2024-12-07 00:16:41.9417] [INFO] [PromoNode.PromoFetchActor] Race Received 
[2024-12-07 00:16:42.0501] [INFO] [PromoNode.PromoFetchActor] Cashback Received 
[2024-12-07 00:16:51.8638] [INFO] [PromoNode.PromoFetchActor] Freespin Received 
[2024-12-07 00:16:51.9569] [INFO] [PromoNode.PromoFetchActor] Race Received 
[2024-12-07 00:16:52.0640] [INFO] [PromoNode.PromoFetchActor] Cashback Received 
[2024-12-07 00:16:59.5465] [INFO] [PromoNode.PromoFetchActor] Tour Received 
[2024-12-07 00:17:01.8755] [INFO] [PromoNode.PromoFetchActor] Freespin Received 
[2024-12-07 00:17:01.9705] [INFO] [PromoNode.PromoFetchActor] Race Received 
[2024-12-07 00:17:02.0792] [INFO] [PromoNode.PromoFetchActor] Cashback Received 
[2024-12-07 00:17:11.8793] [INFO] [PromoNode.PromoFetchActor] Freespin Received 
[2024-12-07 00:17:11.9872] [INFO] [PromoNode.PromoFetchActor] Race Received 
[2024-12-07 00:17:12.0993] [INFO] [PromoNode.PromoFetchActor] Cashback Received 
[2024-12-07 00:17:21.8870] [INFO] [PromoNode.PromoFetchActor] Freespin Received 
[2024-12-07 00:17:22.0119] [INFO] [PromoNode.PromoFetchActor] Race Received 
[2024-12-07 00:17:22.1198] [INFO] [PromoNode.PromoFetchActor] Cashback Received 
[2024-12-07 00:17:31.9072] [INFO] [PromoNode.PromoFetchActor] Freespin Received 
[2024-12-07 00:17:32.0308] [INFO] [PromoNode.PromoFetchActor] Race Received 
[2024-12-07 00:17:32.1388] [INFO] [PromoNode.PromoFetchActor] Cashback Received 
[2024-12-07 00:17:41.9320] [INFO] [PromoNode.PromoFetchActor] Freespin Received 
[2024-12-07 00:17:42.0390] [INFO] [PromoNode.PromoFetchActor] Race Received 
[2024-12-07 00:17:42.1620] [INFO] [PromoNode.PromoFetchActor] Cashback Received 
[2024-12-07 00:17:51.9376] [INFO] [PromoNode.PromoFetchActor] Freespin Received 
[2024-12-07 00:17:52.0486] [INFO] [PromoNode.PromoFetchActor] Race Received 
[2024-12-07 00:17:52.1726] [INFO] [PromoNode.PromoFetchActor] Cashback Received 
[2024-12-07 00:17:59.5736] [INFO] [PromoNode.PromoFetchActor] Tour Received 
[2024-12-07 00:18:01.9546] [INFO] [PromoNode.PromoFetchActor] Freespin Received 
[2024-12-07 00:18:02.0666] [INFO] [PromoNode.PromoFetchActor] Race Received 
[2024-12-07 00:18:02.1896] [INFO] [PromoNode.PromoFetchActor] Cashback Received 
[2024-12-07 00:18:11.9694] [INFO] [PromoNode.PromoFetchActor] Freespin Received 
[2024-12-07 00:18:12.0955] [INFO] [PromoNode.PromoFetchActor] Race Received 
[2024-12-07 00:18:12.2025] [INFO] [PromoNode.PromoFetchActor] Cashback Received 
[2024-12-07 00:18:21.9889] [INFO] [PromoNode.PromoFetchActor] Freespin Received 
[2024-12-07 00:18:22.0980] [INFO] [PromoNode.PromoFetchActor] Race Received 
[2024-12-07 00:18:22.2190] [INFO] [PromoNode.PromoFetchActor] Cashback Received 
