[2024-11-15 23:27:58.5635] [INFO] [PromoNode.PromoNodeService] Starting PromoNode Service... 
[2024-11-15 23:27:59.6525] [INFO] [remoting (akka://godgaming)] Starting remoting 
[2024-11-15 23:28:00.2525] [INFO] [remoting (akka://godgaming)] Remoting started; listening on addresses : [akka.tcp://godgaming@127.0.0.1:8093] 
[2024-11-15 23:28:00.2525] [INFO] [remoting (akka://godgaming)] Remoting now listens on addresses: [akka.tcp://godgaming@127.0.0.1:8093] 
[2024-11-15 23:28:00.2785] [INFO] [Cluster (akka://godgaming)] Cluster Node [akka.tcp://godgaming@127.0.0.1:8093] - Starting up... 
[2024-11-15 23:28:00.2965] [INFO] [Cluster (akka://godgaming)] Cluster Node [akka.tcp://godgaming@127.0.0.1:8093] - Started up successfully 
[2024-11-15 23:28:00.3885] [INFO] [PromoNode.BootstrapActor] Start Single Game Server(id:)... 
[2024-11-15 23:28:00.3885] [INFO] [PromoNode.BootstrapActor] Initializing database proxy... 
[2024-11-15 23:28:00.8986] [INFO] [PromoNode.BootstrapActor] Database Proxy has been successfully initialized. 
[2024-11-15 23:28:00.9956] [INFO] [PromoNode.PromoFetchActor] Freespin Received 
[2024-11-15 23:28:01.0036] [INFO] [PromoNode.PromoFetchActor] Race Received 
[2024-11-15 23:28:01.0036] [INFO] [PromoNode.PromoFetchActor] Tour Received 
[2024-11-15 23:28:01.1246] [INFO] [Cluster (akka://godgaming)] Cluster Node [akka.tcp://godgaming@127.0.0.1:8093] - Welcome from [akka.tcp://godgaming@127.0.0.1:4055] 
[2024-11-15 23:28:01.1766] [INFO] [PromoNode.PromoFetchActor] Cashback Received 
[2024-11-15 23:28:11.0221] [INFO] [PromoNode.PromoFetchActor] Freespin Received 
[2024-11-15 23:28:11.0221] [INFO] [PromoNode.PromoFetchActor] Race Received 
[2024-11-15 23:28:11.1906] [INFO] [PromoNode.PromoFetchActor] Cashback Received 
[2024-11-15 23:28:21.0340] [INFO] [PromoNode.PromoFetchActor] Freespin Received 
[2024-11-15 23:28:21.0340] [INFO] [PromoNode.PromoFetchActor] Race Received 
[2024-11-15 23:28:21.2051] [INFO] [PromoNode.PromoFetchActor] Cashback Received 
[2024-11-15 23:28:31.0416] [INFO] [PromoNode.PromoFetchActor] Freespin Received 
[2024-11-15 23:28:31.0416] [INFO] [PromoNode.PromoFetchActor] Race Received 
[2024-11-15 23:28:31.2089] [INFO] [PromoNode.PromoFetchActor] Cashback Received 
[2024-11-15 23:28:41.0505] [INFO] [PromoNode.PromoFetchActor] Freespin Received 
[2024-11-15 23:28:41.0505] [INFO] [PromoNode.PromoFetchActor] Race Received 
[2024-11-15 23:28:41.2192] [INFO] [PromoNode.PromoFetchActor] Cashback Received 
[2024-11-15 23:28:51.0569] [INFO] [PromoNode.PromoFetchActor] Freespin Received 
[2024-11-15 23:28:51.0569] [INFO] [PromoNode.PromoFetchActor] Race Received 
[2024-11-15 23:28:51.2295] [INFO] [PromoNode.PromoFetchActor] Cashback Received 
[2024-11-15 23:29:01.0107] [INFO] [PromoNode.PromoFetchActor] Tour Received 
[2024-11-15 23:29:01.0703] [INFO] [PromoNode.PromoFetchActor] Freespin Received 
[2024-11-15 23:29:01.0703] [INFO] [PromoNode.PromoFetchActor] Race Received 
[2024-11-15 23:29:01.2400] [INFO] [PromoNode.PromoFetchActor] Cashback Received 
[2024-11-15 23:29:11.0778] [INFO] [PromoNode.PromoFetchActor] Freespin Received 
[2024-11-15 23:29:11.0778] [INFO] [PromoNode.PromoFetchActor] Race Received 
[2024-11-15 23:29:11.2585] [INFO] [PromoNode.PromoFetchActor] Cashback Received 
[2024-11-15 23:29:21.0955] [INFO] [PromoNode.PromoFetchActor] Freespin Received 
[2024-11-15 23:29:21.0955] [INFO] [PromoNode.PromoFetchActor] Race Received 
[2024-11-15 23:29:21.2814] [INFO] [PromoNode.PromoFetchActor] Cashback Received 
[2024-11-15 23:29:31.1093] [INFO] [PromoNode.PromoFetchActor] Freespin Received 
[2024-11-15 23:29:31.1123] [INFO] [PromoNode.PromoFetchActor] Race Received 
[2024-11-15 23:29:31.2955] [INFO] [PromoNode.PromoFetchActor] Cashback Received 
[2024-11-15 23:29:41.1250] [INFO] [PromoNode.PromoFetchActor] Freespin Received 
[2024-11-15 23:29:41.1280] [INFO] [PromoNode.PromoFetchActor] Race Received 
[2024-11-15 23:29:41.3102] [INFO] [PromoNode.PromoFetchActor] Cashback Received 
[2024-11-15 23:29:51.1284] [INFO] [PromoNode.PromoFetchActor] Freespin Received 
[2024-11-15 23:29:51.1446] [INFO] [PromoNode.PromoFetchActor] Race Received 
[2024-11-15 23:29:51.3301] [INFO] [PromoNode.PromoFetchActor] Cashback Received 
[2024-11-15 23:30:01.0265] [INFO] [PromoNode.PromoFetchActor] Tour Received 
[2024-11-15 23:30:01.1483] [INFO] [PromoNode.PromoFetchActor] Freespin Received 
[2024-11-15 23:30:01.1483] [INFO] [PromoNode.PromoFetchActor] Race Received 
[2024-11-15 23:30:01.3539] [INFO] [PromoNode.PromoFetchActor] Cashback Received 
[2024-11-15 23:30:11.1610] [INFO] [PromoNode.PromoFetchActor] Freespin Received 
[2024-11-15 23:30:11.1610] [INFO] [PromoNode.PromoFetchActor] Race Received 
[2024-11-15 23:30:11.3668] [INFO] [PromoNode.PromoFetchActor] Cashback Received 
[2024-11-15 23:30:21.1769] [INFO] [PromoNode.PromoFetchActor] Freespin Received 
[2024-11-15 23:30:21.1769] [INFO] [PromoNode.PromoFetchActor] Race Received 
[2024-11-15 23:30:21.3767] [INFO] [PromoNode.PromoFetchActor] Cashback Received 
[2024-11-15 23:30:31.1876] [INFO] [PromoNode.PromoFetchActor] Freespin Received 
[2024-11-15 23:30:31.1906] [INFO] [PromoNode.PromoFetchActor] Race Received 
[2024-11-15 23:30:31.3941] [INFO] [PromoNode.PromoFetchActor] Cashback Received 
[2024-11-15 23:30:41.2113] [INFO] [PromoNode.PromoFetchActor] Freespin Received 
[2024-11-15 23:30:41.2113] [INFO] [PromoNode.PromoFetchActor] Race Received 
[2024-11-15 23:30:41.3988] [INFO] [PromoNode.PromoFetchActor] Cashback Received 
[2024-11-15 23:30:51.2276] [INFO] [PromoNode.PromoFetchActor] Freespin Received 
[2024-11-15 23:30:51.2276] [INFO] [PromoNode.PromoFetchActor] Race Received 
[2024-11-15 23:30:51.4177] [INFO] [PromoNode.PromoFetchActor] Cashback Received 
[2024-11-15 23:31:01.0469] [INFO] [PromoNode.PromoFetchActor] Tour Received 
[2024-11-15 23:31:01.2505] [INFO] [PromoNode.PromoFetchActor] Freespin Received 
[2024-11-15 23:31:01.2535] [INFO] [PromoNode.PromoFetchActor] Race Received 
[2024-11-15 23:31:01.4364] [INFO] [PromoNode.PromoFetchActor] Cashback Received 
[2024-11-15 23:31:11.2594] [INFO] [PromoNode.PromoFetchActor] Freespin Received 
[2024-11-15 23:31:11.2594] [INFO] [PromoNode.PromoFetchActor] Race Received 
[2024-11-15 23:31:11.4657] [INFO] [PromoNode.PromoFetchActor] Cashback Received 
[2024-11-15 23:31:21.2716] [INFO] [PromoNode.PromoFetchActor] Freespin Received 
[2024-11-15 23:31:21.2716] [INFO] [PromoNode.PromoFetchActor] Race Received 
[2024-11-15 23:31:21.4905] [INFO] [PromoNode.PromoFetchActor] Cashback Received 
[2024-11-15 23:31:31.2909] [INFO] [PromoNode.PromoFetchActor] Freespin Received 
[2024-11-15 23:31:31.2909] [INFO] [PromoNode.PromoFetchActor] Race Received 
[2024-11-15 23:31:31.5080] [INFO] [PromoNode.PromoFetchActor] Cashback Received 
[2024-11-15 23:31:41.3076] [INFO] [PromoNode.PromoFetchActor] Freespin Received 
[2024-11-15 23:31:41.3076] [INFO] [PromoNode.PromoFetchActor] Race Received 
[2024-11-15 23:31:41.5275] [INFO] [PromoNode.PromoFetchActor] Cashback Received 
[2024-11-15 23:31:51.3303] [INFO] [PromoNode.PromoFetchActor] Freespin Received 
[2024-11-15 23:31:51.3303] [INFO] [PromoNode.PromoFetchActor] Race Received 
[2024-11-15 23:31:51.5484] [INFO] [PromoNode.PromoFetchActor] Cashback Received 
[2024-11-15 23:32:01.0679] [INFO] [PromoNode.PromoFetchActor] Tour Received 
[2024-11-15 23:32:01.3451] [INFO] [PromoNode.PromoFetchActor] Freespin Received 
[2024-11-15 23:32:01.3451] [INFO] [PromoNode.PromoFetchActor] Race Received 
[2024-11-15 23:32:01.5629] [INFO] [PromoNode.PromoFetchActor] Cashback Received 
[2024-11-15 23:32:11.3610] [INFO] [PromoNode.PromoFetchActor] Freespin Received 
[2024-11-15 23:32:11.3610] [INFO] [PromoNode.PromoFetchActor] Race Received 
[2024-11-15 23:32:11.5765] [INFO] [PromoNode.PromoFetchActor] Cashback Received 
[2024-11-15 23:32:21.3694] [INFO] [PromoNode.PromoFetchActor] Freespin Received 
[2024-11-15 23:32:21.3694] [INFO] [PromoNode.PromoFetchActor] Race Received 
[2024-11-15 23:32:21.6021] [INFO] [PromoNode.PromoFetchActor] Cashback Received 
[2024-11-15 23:32:31.3861] [INFO] [PromoNode.PromoFetchActor] Freespin Received 
[2024-11-15 23:32:31.3861] [INFO] [PromoNode.PromoFetchActor] Race Received 
[2024-11-15 23:32:31.6192] [INFO] [PromoNode.PromoFetchActor] Cashback Received 
[2024-11-15 23:32:41.3994] [INFO] [PromoNode.PromoFetchActor] Freespin Received 
[2024-11-15 23:32:41.3994] [INFO] [PromoNode.PromoFetchActor] Race Received 
[2024-11-15 23:32:41.6340] [INFO] [PromoNode.PromoFetchActor] Cashback Received 
[2024-11-15 23:32:51.4168] [INFO] [PromoNode.PromoFetchActor] Freespin Received 
[2024-11-15 23:32:51.4168] [INFO] [PromoNode.PromoFetchActor] Race Received 
[2024-11-15 23:32:51.6473] [INFO] [PromoNode.PromoFetchActor] Cashback Received 
[2024-11-15 23:33:01.0942] [INFO] [PromoNode.PromoFetchActor] Tour Received 
[2024-11-15 23:33:01.4362] [INFO] [PromoNode.PromoFetchActor] Freespin Received 
[2024-11-15 23:33:01.4362] [INFO] [PromoNode.PromoFetchActor] Race Received 
[2024-11-15 23:33:01.6653] [INFO] [PromoNode.PromoFetchActor] Cashback Received 
[2024-11-15 23:33:11.4479] [INFO] [PromoNode.PromoFetchActor] Freespin Received 
[2024-11-15 23:33:11.4479] [INFO] [PromoNode.PromoFetchActor] Race Received 
[2024-11-15 23:33:11.6772] [INFO] [PromoNode.PromoFetchActor] Cashback Received 
[2024-11-15 23:33:21.4618] [INFO] [PromoNode.PromoFetchActor] Freespin Received 
[2024-11-15 23:33:21.4618] [INFO] [PromoNode.PromoFetchActor] Race Received 
[2024-11-15 23:33:21.6977] [INFO] [PromoNode.PromoFetchActor] Cashback Received 
[2024-11-15 23:33:31.4723] [INFO] [PromoNode.PromoFetchActor] Freespin Received 
[2024-11-15 23:33:31.4723] [INFO] [PromoNode.PromoFetchActor] Race Received 
[2024-11-15 23:33:31.7221] [INFO] [PromoNode.PromoFetchActor] Cashback Received 
[2024-11-15 23:33:41.4801] [INFO] [PromoNode.PromoFetchActor] Freespin Received 
[2024-11-15 23:33:41.4861] [INFO] [PromoNode.PromoFetchActor] Race Received 
[2024-11-15 23:33:41.7459] [INFO] [PromoNode.PromoFetchActor] Cashback Received 
[2024-11-15 23:33:51.4995] [INFO] [PromoNode.PromoFetchActor] Freespin Received 
[2024-11-15 23:33:51.5035] [INFO] [PromoNode.PromoFetchActor] Race Received 
[2024-11-15 23:33:51.7728] [INFO] [PromoNode.PromoFetchActor] Cashback Received 
[2024-11-15 23:34:01.1122] [INFO] [PromoNode.PromoFetchActor] Tour Received 
[2024-11-15 23:34:01.5093] [INFO] [PromoNode.PromoFetchActor] Freespin Received 
[2024-11-15 23:34:01.5093] [INFO] [PromoNode.PromoFetchActor] Race Received 
[2024-11-15 23:34:01.7886] [INFO] [PromoNode.PromoFetchActor] Cashback Received 
[2024-11-15 23:34:11.5256] [INFO] [PromoNode.PromoFetchActor] Freespin Received 
[2024-11-15 23:34:11.5256] [INFO] [PromoNode.PromoFetchActor] Race Received 
[2024-11-15 23:34:11.8056] [INFO] [PromoNode.PromoFetchActor] Cashback Received 
[2024-11-15 23:34:21.5464] [INFO] [PromoNode.PromoFetchActor] Freespin Received 
[2024-11-15 23:34:21.5494] [INFO] [PromoNode.PromoFetchActor] Race Received 
[2024-11-15 23:34:21.8309] [INFO] [PromoNode.PromoFetchActor] Cashback Received 
[2024-11-15 23:34:31.5672] [INFO] [PromoNode.PromoFetchActor] Freespin Received 
[2024-11-15 23:34:31.5672] [INFO] [PromoNode.PromoFetchActor] Race Received 
[2024-11-15 23:34:31.8497] [INFO] [PromoNode.PromoFetchActor] Cashback Received 
[2024-11-15 23:34:41.5794] [INFO] [PromoNode.PromoFetchActor] Freespin Received 
[2024-11-15 23:34:41.5794] [INFO] [PromoNode.PromoFetchActor] Race Received 
[2024-11-15 23:34:41.8590] [INFO] [PromoNode.PromoFetchActor] Cashback Received 
[2024-11-15 23:34:51.5999] [INFO] [PromoNode.PromoFetchActor] Freespin Received 
[2024-11-15 23:34:51.5999] [INFO] [PromoNode.PromoFetchActor] Race Received 
[2024-11-15 23:34:51.8807] [INFO] [PromoNode.PromoFetchActor] Cashback Received 
[2024-11-15 23:35:01.1339] [INFO] [PromoNode.PromoFetchActor] Tour Received 
[2024-11-15 23:35:01.6086] [INFO] [PromoNode.PromoFetchActor] Freespin Received 
[2024-11-15 23:35:01.6106] [INFO] [PromoNode.PromoFetchActor] Race Received 
[2024-11-15 23:35:01.8906] [INFO] [PromoNode.PromoFetchActor] Cashback Received 
[2024-11-15 23:35:11.6276] [INFO] [PromoNode.PromoFetchActor] Freespin Received 
[2024-11-15 23:35:11.6276] [INFO] [PromoNode.PromoFetchActor] Race Received 
[2024-11-15 23:35:11.9071] [INFO] [PromoNode.PromoFetchActor] Cashback Received 
[2024-11-15 23:35:21.6409] [INFO] [PromoNode.PromoFetchActor] Freespin Received 
[2024-11-15 23:35:21.6449] [INFO] [PromoNode.PromoFetchActor] Race Received 
[2024-11-15 23:35:21.9217] [INFO] [PromoNode.PromoFetchActor] Cashback Received 
[2024-11-15 23:35:31.6549] [INFO] [PromoNode.PromoFetchActor] Freespin Received 
[2024-11-15 23:35:31.6579] [INFO] [PromoNode.PromoFetchActor] Race Received 
[2024-11-15 23:35:31.9328] [INFO] [PromoNode.PromoFetchActor] Cashback Received 
[2024-11-15 23:35:41.6651] [INFO] [PromoNode.PromoFetchActor] Freespin Received 
[2024-11-15 23:35:41.6812] [INFO] [PromoNode.PromoFetchActor] Race Received 
[2024-11-15 23:35:41.9470] [INFO] [PromoNode.PromoFetchActor] Cashback Received 
[2024-11-15 23:35:51.6918] [INFO] [PromoNode.PromoFetchActor] Freespin Received 
[2024-11-15 23:35:51.6918] [INFO] [PromoNode.PromoFetchActor] Race Received 
[2024-11-15 23:35:51.9728] [INFO] [PromoNode.PromoFetchActor] Cashback Received 
[2024-11-15 23:36:01.1525] [INFO] [PromoNode.PromoFetchActor] Tour Received 
[2024-11-15 23:36:01.7093] [INFO] [PromoNode.PromoFetchActor] Freespin Received 
[2024-11-15 23:36:01.7093] [INFO] [PromoNode.PromoFetchActor] Race Received 
[2024-11-15 23:36:01.9898] [INFO] [PromoNode.PromoFetchActor] Cashback Received 
[2024-11-15 23:36:11.7191] [INFO] [PromoNode.PromoFetchActor] Freespin Received 
[2024-11-15 23:36:11.7211] [INFO] [PromoNode.PromoFetchActor] Race Received 
[2024-11-15 23:36:12.0126] [INFO] [PromoNode.PromoFetchActor] Cashback Received 
[2024-11-15 23:36:21.7418] [INFO] [PromoNode.PromoFetchActor] Freespin Received 
[2024-11-15 23:36:21.7418] [INFO] [PromoNode.PromoFetchActor] Race Received 
[2024-11-15 23:36:22.0179] [INFO] [PromoNode.PromoFetchActor] Cashback Received 
[2024-11-15 23:36:31.7539] [INFO] [PromoNode.PromoFetchActor] Freespin Received 
[2024-11-15 23:36:31.7539] [INFO] [PromoNode.PromoFetchActor] Race Received 
[2024-11-15 23:36:32.0328] [INFO] [PromoNode.PromoFetchActor] Cashback Received 
[2024-11-15 23:36:41.7634] [INFO] [PromoNode.PromoFetchActor] Freespin Received 
[2024-11-15 23:36:41.7634] [INFO] [PromoNode.PromoFetchActor] Race Received 
[2024-11-15 23:36:42.0446] [INFO] [PromoNode.PromoFetchActor] Cashback Received 
[2024-11-15 23:36:51.7696] [INFO] [PromoNode.PromoFetchActor] Freespin Received 
[2024-11-15 23:36:51.7696] [INFO] [PromoNode.PromoFetchActor] Race Received 
[2024-11-15 23:36:52.0477] [INFO] [PromoNode.PromoFetchActor] Cashback Received 
[2024-11-15 23:37:01.1653] [INFO] [PromoNode.PromoFetchActor] Tour Received 
[2024-11-15 23:37:01.7761] [INFO] [PromoNode.PromoFetchActor] Freespin Received 
[2024-11-15 23:37:01.7761] [INFO] [PromoNode.PromoFetchActor] Race Received 
[2024-11-15 23:37:02.0722] [INFO] [PromoNode.PromoFetchActor] Cashback Received 
[2024-11-15 23:37:11.7933] [INFO] [PromoNode.PromoFetchActor] Freespin Received 
[2024-11-15 23:37:11.7933] [INFO] [PromoNode.PromoFetchActor] Race Received 
[2024-11-15 23:37:12.0922] [INFO] [PromoNode.PromoFetchActor] Cashback Received 
[2024-11-15 23:37:21.8028] [INFO] [PromoNode.PromoFetchActor] Freespin Received 
[2024-11-15 23:37:21.8028] [INFO] [PromoNode.PromoFetchActor] Race Received 
[2024-11-15 23:37:22.1165] [INFO] [PromoNode.PromoFetchActor] Cashback Received 
[2024-11-15 23:37:31.8159] [INFO] [PromoNode.PromoFetchActor] Freespin Received 
[2024-11-15 23:37:31.8159] [INFO] [PromoNode.PromoFetchActor] Race Received 
[2024-11-15 23:37:32.1304] [INFO] [PromoNode.PromoFetchActor] Cashback Received 
[2024-11-15 23:37:41.8391] [INFO] [PromoNode.PromoFetchActor] Freespin Received 
[2024-11-15 23:37:41.8391] [INFO] [PromoNode.PromoFetchActor] Race Received 
[2024-11-15 23:37:42.1489] [INFO] [PromoNode.PromoFetchActor] Cashback Received 
[2024-11-15 23:37:51.8544] [INFO] [PromoNode.PromoFetchActor] Freespin Received 
[2024-11-15 23:37:51.8544] [INFO] [PromoNode.PromoFetchActor] Race Received 
[2024-11-15 23:37:52.1645] [INFO] [PromoNode.PromoFetchActor] Cashback Received 
[2024-11-15 23:38:01.1895] [INFO] [PromoNode.PromoFetchActor] Tour Received 
[2024-11-15 23:38:01.8725] [INFO] [PromoNode.PromoFetchActor] Freespin Received 
[2024-11-15 23:38:01.8725] [INFO] [PromoNode.PromoFetchActor] Race Received 
[2024-11-15 23:38:02.1782] [INFO] [PromoNode.PromoFetchActor] Cashback Received 
[2024-11-15 23:38:11.8790] [INFO] [PromoNode.PromoFetchActor] Freespin Received 
[2024-11-15 23:38:11.8790] [INFO] [PromoNode.PromoFetchActor] Race Received 
[2024-11-15 23:38:12.1913] [INFO] [PromoNode.PromoFetchActor] Cashback Received 
[2024-11-15 23:38:21.8931] [INFO] [PromoNode.PromoFetchActor] Freespin Received 
[2024-11-15 23:38:21.8931] [INFO] [PromoNode.PromoFetchActor] Race Received 
[2024-11-15 23:38:22.1998] [INFO] [PromoNode.PromoFetchActor] Cashback Received 
[2024-11-15 23:38:31.9082] [INFO] [PromoNode.PromoFetchActor] Freespin Received 
[2024-11-15 23:38:31.9082] [INFO] [PromoNode.PromoFetchActor] Race Received 
[2024-11-15 23:38:32.2238] [INFO] [PromoNode.PromoFetchActor] Cashback Received 
[2024-11-15 23:38:41.9227] [INFO] [PromoNode.PromoFetchActor] Freespin Received 
[2024-11-15 23:38:41.9257] [INFO] [PromoNode.PromoFetchActor] Race Received 
[2024-11-15 23:38:42.2354] [INFO] [PromoNode.PromoFetchActor] Cashback Received 
[2024-11-15 23:38:51.9385] [INFO] [PromoNode.PromoFetchActor] Freespin Received 
[2024-11-15 23:38:51.9385] [INFO] [PromoNode.PromoFetchActor] Race Received 
[2024-11-15 23:38:52.2488] [INFO] [PromoNode.PromoFetchActor] Cashback Received 
[2024-11-15 23:39:01.2084] [INFO] [PromoNode.PromoFetchActor] Tour Received 
[2024-11-15 23:39:01.9525] [INFO] [PromoNode.PromoFetchActor] Freespin Received 
[2024-11-15 23:39:01.9565] [INFO] [PromoNode.PromoFetchActor] Race Received 
[2024-11-15 23:39:02.2605] [INFO] [PromoNode.PromoFetchActor] Cashback Received 
[2024-11-15 23:39:11.9632] [INFO] [PromoNode.PromoFetchActor] Freespin Received 
[2024-11-15 23:39:11.9632] [INFO] [PromoNode.PromoFetchActor] Race Received 
[2024-11-15 23:39:12.2756] [INFO] [PromoNode.PromoFetchActor] Cashback Received 
[2024-11-15 23:39:21.9670] [INFO] [PromoNode.PromoFetchActor] Freespin Received 
[2024-11-15 23:39:21.9828] [INFO] [PromoNode.PromoFetchActor] Race Received 
[2024-11-15 23:39:22.2919] [INFO] [PromoNode.PromoFetchActor] Cashback Received 
[2024-11-15 23:39:31.9909] [INFO] [PromoNode.PromoFetchActor] Freespin Received 
[2024-11-15 23:39:31.9909] [INFO] [PromoNode.PromoFetchActor] Race Received 
[2024-11-15 23:39:32.2982] [INFO] [PromoNode.PromoFetchActor] Cashback Received 
[2024-11-15 23:39:41.9998] [INFO] [PromoNode.PromoFetchActor] Freespin Received 
[2024-11-15 23:39:42.0018] [INFO] [PromoNode.PromoFetchActor] Race Received 
[2024-11-15 23:39:42.3156] [INFO] [PromoNode.PromoFetchActor] Cashback Received 
[2024-11-15 23:39:52.0191] [INFO] [PromoNode.PromoFetchActor] Freespin Received 
[2024-11-15 23:39:52.0191] [INFO] [PromoNode.PromoFetchActor] Race Received 
[2024-11-15 23:39:52.3414] [INFO] [PromoNode.PromoFetchActor] Cashback Received 
[2024-11-15 23:40:01.2255] [INFO] [PromoNode.PromoFetchActor] Tour Received 
[2024-11-15 23:40:02.0294] [INFO] [PromoNode.PromoFetchActor] Freespin Received 
[2024-11-15 23:40:02.0294] [INFO] [PromoNode.PromoFetchActor] Race Received 
[2024-11-15 23:40:02.3586] [INFO] [PromoNode.PromoFetchActor] Cashback Received 
[2024-11-15 23:40:12.0473] [INFO] [PromoNode.PromoFetchActor] Freespin Received 
[2024-11-15 23:40:12.0483] [INFO] [PromoNode.PromoFetchActor] Race Received 
[2024-11-15 23:40:12.3777] [INFO] [PromoNode.PromoFetchActor] Cashback Received 
[2024-11-15 23:40:22.0573] [INFO] [PromoNode.PromoFetchActor] Freespin Received 
[2024-11-15 23:40:22.0573] [INFO] [PromoNode.PromoFetchActor] Race Received 
[2024-11-15 23:40:22.4008] [INFO] [PromoNode.PromoFetchActor] Cashback Received 
[2024-11-15 23:40:32.0720] [INFO] [PromoNode.PromoFetchActor] Freespin Received 
[2024-11-15 23:40:32.0720] [INFO] [PromoNode.PromoFetchActor] Race Received 
[2024-11-15 23:40:32.4167] [INFO] [PromoNode.PromoFetchActor] Cashback Received 
[2024-11-15 23:40:42.0893] [INFO] [PromoNode.PromoFetchActor] Freespin Received 
[2024-11-15 23:40:42.0893] [INFO] [PromoNode.PromoFetchActor] Race Received 
[2024-11-15 23:40:42.4317] [INFO] [PromoNode.PromoFetchActor] Cashback Received 
[2024-11-15 23:40:52.1102] [INFO] [PromoNode.PromoFetchActor] Freespin Received 
[2024-11-15 23:40:52.1171] [INFO] [PromoNode.PromoFetchActor] Race Received 
[2024-11-15 23:40:52.4489] [INFO] [PromoNode.PromoFetchActor] Cashback Received 
[2024-11-15 23:41:01.2411] [INFO] [PromoNode.PromoFetchActor] Tour Received 
[2024-11-15 23:41:02.1235] [INFO] [PromoNode.PromoFetchActor] Freespin Received 
[2024-11-15 23:41:02.1394] [INFO] [PromoNode.PromoFetchActor] Race Received 
[2024-11-15 23:41:02.4631] [INFO] [PromoNode.PromoFetchActor] Cashback Received 
[2024-11-15 23:41:12.1330] [INFO] [PromoNode.PromoFetchActor] Freespin Received 
[2024-11-15 23:41:12.1485] [INFO] [PromoNode.PromoFetchActor] Race Received 
[2024-11-15 23:41:12.4745] [INFO] [PromoNode.PromoFetchActor] Cashback Received 
[2024-11-15 23:41:22.1463] [INFO] [PromoNode.PromoFetchActor] Freespin Received 
[2024-11-15 23:41:22.1610] [INFO] [PromoNode.PromoFetchActor] Race Received 
[2024-11-15 23:41:22.4874] [INFO] [PromoNode.PromoFetchActor] Cashback Received 
[2024-11-15 23:41:32.1746] [INFO] [PromoNode.PromoFetchActor] Freespin Received 
[2024-11-15 23:41:32.1746] [INFO] [PromoNode.PromoFetchActor] Race Received 
[2024-11-15 23:41:32.4996] [INFO] [PromoNode.PromoFetchActor] Cashback Received 
[2024-11-15 23:41:42.1849] [INFO] [PromoNode.PromoFetchActor] Freespin Received 
[2024-11-15 23:41:42.2013] [INFO] [PromoNode.PromoFetchActor] Race Received 
[2024-11-15 23:41:42.5105] [INFO] [PromoNode.PromoFetchActor] Cashback Received 
[2024-11-15 23:41:51.8484] [INFO] [PromoNode.PromoNodeService] Starting PromoNode Service... 
[2024-11-15 23:41:52.3902] [INFO] [remoting (akka://godgaming)] Starting remoting 
[2024-11-15 23:41:52.7882] [INFO] [remoting (akka://godgaming)] Remoting started; listening on addresses : [akka.tcp://godgaming@127.0.0.1:8093] 
[2024-11-15 23:41:52.7882] [INFO] [remoting (akka://godgaming)] Remoting now listens on addresses: [akka.tcp://godgaming@127.0.0.1:8093] 
[2024-11-15 23:41:52.8132] [INFO] [Cluster (akka://godgaming)] Cluster Node [akka.tcp://godgaming@127.0.0.1:8093] - Starting up... 
[2024-11-15 23:41:52.8342] [INFO] [Cluster (akka://godgaming)] Cluster Node [akka.tcp://godgaming@127.0.0.1:8093] - Started up successfully 
[2024-11-15 23:41:52.8782] [INFO] [PromoNode.BootstrapActor] Start Single Game Server(id:)... 
[2024-11-15 23:41:52.8782] [INFO] [PromoNode.BootstrapActor] Initializing database proxy... 
[2024-11-15 23:41:53.1362] [INFO] [PromoNode.BootstrapActor] Database Proxy has been successfully initialized. 
[2024-11-15 23:41:53.2052] [INFO] [PromoNode.PromoFetchActor] Freespin Received 
[2024-11-15 23:41:53.2052] [INFO] [PromoNode.PromoFetchActor] Race Received 
[2024-11-15 23:41:53.2052] [INFO] [PromoNode.PromoFetchActor] Tour Received 
[2024-11-15 23:41:53.3152] [INFO] [PromoNode.PromoFetchActor] Cashback Received 
[2024-11-15 23:42:03.2271] [INFO] [PromoNode.PromoFetchActor] Freespin Received 
[2024-11-15 23:42:03.2271] [INFO] [PromoNode.PromoFetchActor] Race Received 
[2024-11-15 23:42:03.3367] [INFO] [PromoNode.PromoFetchActor] Cashback Received 
[2024-11-15 23:42:23.3833] [INFO] [PromoNode.PromoNodeService] Starting PromoNode Service... 
[2024-11-15 23:42:23.7371] [INFO] [remoting (akka://godgaming)] Starting remoting 
[2024-11-15 23:42:24.0331] [INFO] [remoting (akka://godgaming)] Remoting started; listening on addresses : [akka.tcp://godgaming@127.0.0.1:8093] 
[2024-11-15 23:42:24.0331] [INFO] [remoting (akka://godgaming)] Remoting now listens on addresses: [akka.tcp://godgaming@127.0.0.1:8093] 
[2024-11-15 23:42:24.0561] [INFO] [Cluster (akka://godgaming)] Cluster Node [akka.tcp://godgaming@127.0.0.1:8093] - Starting up... 
[2024-11-15 23:42:24.1401] [INFO] [Cluster (akka://godgaming)] Cluster Node [akka.tcp://godgaming@127.0.0.1:8093] - Started up successfully 
[2024-11-15 23:42:24.2381] [INFO] [PromoNode.BootstrapActor] Start Single Game Server(id:)... 
[2024-11-15 23:42:24.2381] [INFO] [PromoNode.BootstrapActor] Initializing database proxy... 
[2024-11-15 23:42:24.5711] [INFO] [PromoNode.BootstrapActor] Database Proxy has been successfully initialized. 
[2024-11-15 23:42:24.6901] [INFO] [PromoNode.PromoFetchActor] Freespin Received 
[2024-11-15 23:42:24.6901] [INFO] [PromoNode.PromoFetchActor] Tour Received 
[2024-11-15 23:42:24.6901] [INFO] [PromoNode.PromoFetchActor] Race Received 
[2024-11-15 23:42:24.8251] [INFO] [PromoNode.PromoFetchActor] Cashback Received 
[2024-11-15 23:44:02.3823] [INFO] [PromoNode.PromoNodeService] Starting PromoNode Service... 
[2024-11-15 23:44:02.7900] [INFO] [remoting (akka://godgaming)] Starting remoting 
[2024-11-15 23:44:03.0810] [INFO] [remoting (akka://godgaming)] Remoting started; listening on addresses : [akka.tcp://godgaming@127.0.0.1:8093] 
[2024-11-15 23:44:03.1060] [INFO] [remoting (akka://godgaming)] Remoting now listens on addresses: [akka.tcp://godgaming@127.0.0.1:8093] 
[2024-11-15 23:44:03.1480] [INFO] [Cluster (akka://godgaming)] Cluster Node [akka.tcp://godgaming@127.0.0.1:8093] - Starting up... 
[2024-11-15 23:44:03.1880] [INFO] [Cluster (akka://godgaming)] Cluster Node [akka.tcp://godgaming@127.0.0.1:8093] - Started up successfully 
[2024-11-15 23:44:03.2250] [INFO] [PromoNode.BootstrapActor] Start Single Game Server(id:)... 
[2024-11-15 23:44:03.2250] [INFO] [PromoNode.BootstrapActor] Initializing database proxy... 
[2024-11-15 23:44:03.5940] [INFO] [PromoNode.BootstrapActor] Database Proxy has been successfully initialized. 
[2024-11-15 23:44:03.6880] [INFO] [PromoNode.PromoFetchActor] Freespin Received 
[2024-11-15 23:44:03.6890] [INFO] [PromoNode.PromoFetchActor] Tour Received 
[2024-11-15 23:44:03.6890] [INFO] [PromoNode.PromoFetchActor] Race Received 
[2024-11-15 23:44:15.3144] [INFO] [PromoNode.PromoFetchActor] Race Received 
[2024-11-15 23:44:15.3364] [INFO] [PromoNode.PromoFetchActor] Cashback Received 
[2024-11-15 23:44:15.3364] [INFO] [PromoNode.PromoFetchActor] Freespin Received 
[2024-11-15 23:44:31.7841] [INFO] [PromoNode.PromoNodeService] Starting PromoNode Service... 
[2024-11-15 23:44:44.0445] [INFO] [remoting (akka://godgaming)] Starting remoting 
[2024-11-15 23:44:44.2835] [INFO] [remoting (akka://godgaming)] Remoting started; listening on addresses : [akka.tcp://godgaming@127.0.0.1:8093] 
[2024-11-15 23:44:44.2835] [INFO] [remoting (akka://godgaming)] Remoting now listens on addresses: [akka.tcp://godgaming@127.0.0.1:8093] 
[2024-11-15 23:44:44.3075] [INFO] [Cluster (akka://godgaming)] Cluster Node [akka.tcp://godgaming@127.0.0.1:8093] - Starting up... 
[2024-11-15 23:44:44.3435] [INFO] [Cluster (akka://godgaming)] Cluster Node [akka.tcp://godgaming@127.0.0.1:8093] - Started up successfully 
[2024-11-15 23:44:44.3825] [INFO] [PromoNode.BootstrapActor] Start Single Game Server(id:)... 
[2024-11-15 23:44:44.3825] [INFO] [PromoNode.BootstrapActor] Initializing database proxy... 
[2024-11-15 23:47:13.4528] [INFO] [Akka.Actor.LocalActorRef] Message [HandleListenerRegistered] without sender to akka://godgaming/system/transports/akkaprotocolmanager.tcp.0/akkaProtocol-tcp%3A%2F%2Fgodgaming%40%5B%3A%3Affff%3A127.0.0.1%5D%3A2286-9 was not delivered. [1] dead letters encountered. If this is not an expected behavior then akka://godgaming/system/transports/akkaprotocolmanager.tcp.0/akkaProtocol-tcp%3A%2F%2Fgodgaming%40%5B%3A%3Affff%3A127.0.0.1%5D%3A2286-9 may have terminated unexpectedly. This logging can be turned off or adjusted with configuration settings 'akka.log-dead-letters' and 'akka.log-dead-letters-during-shutdown'. 
[2024-11-15 23:47:13.4958] [INFO] [PromoNode.BootstrapActor] Database Proxy has been successfully initialized. 
[2024-11-15 23:47:13.5788] [INFO] [PromoNode.PromoFetchActor] Freespin Received 
[2024-11-15 23:47:13.5798] [INFO] [PromoNode.PromoFetchActor] Race Received 
[2024-11-15 23:47:13.5798] [INFO] [PromoNode.PromoFetchActor] Tour Received 
[2024-11-15 23:47:20.1377] [WARN] [Akka.Cluster.JoinSeedNodeProcess] Couldn't join seed nodes after [2] attempts, will try again. seed-nodes=[akka.tcp://godgaming@127.0.0.1:4055] 
[2024-11-15 23:47:20.1777] [INFO] [PromoNode.PromoFetchActor] Cashback Received 
[2024-11-15 23:47:31.0049] [INFO] [PromoNode.PromoFetchActor] Freespin Received 
[2024-11-15 23:47:31.0049] [INFO] [PromoNode.PromoFetchActor] Race Received 
[2024-11-15 23:47:31.0049] [INFO] [PromoNode.PromoFetchActor] Cashback Received 
[2024-11-15 23:47:41.0204] [INFO] [PromoNode.PromoFetchActor] Freespin Received 
[2024-11-15 23:47:41.0204] [INFO] [PromoNode.PromoFetchActor] Race Received 
[2024-11-15 23:47:41.0204] [INFO] [PromoNode.PromoFetchActor] Cashback Received 
[2024-11-15 23:47:55.7043] [INFO] [PromoNode.PromoNodeService] Starting PromoNode Service... 
[2024-11-15 23:47:56.2242] [INFO] [remoting (akka://godgaming)] Starting remoting 
[2024-11-15 23:47:56.7412] [INFO] [remoting (akka://godgaming)] Remoting started; listening on addresses : [akka.tcp://godgaming@127.0.0.1:8093] 
[2024-11-15 23:47:56.7412] [INFO] [remoting (akka://godgaming)] Remoting now listens on addresses: [akka.tcp://godgaming@127.0.0.1:8093] 
[2024-11-15 23:47:56.7682] [INFO] [Cluster (akka://godgaming)] Cluster Node [akka.tcp://godgaming@127.0.0.1:8093] - Starting up... 
[2024-11-15 23:47:56.8282] [INFO] [Cluster (akka://godgaming)] Cluster Node [akka.tcp://godgaming@127.0.0.1:8093] - Started up successfully 
[2024-11-15 23:47:56.8842] [INFO] [PromoNode.BootstrapActor] Start Single Game Server(id:)... 
[2024-11-15 23:47:56.8842] [INFO] [PromoNode.BootstrapActor] Initializing database proxy... 
[2024-11-15 23:49:02.9286] [INFO] [PromoNode.PromoNodeService] Starting PromoNode Service... 
[2024-11-15 23:49:03.7352] [INFO] [remoting (akka://godgaming)] Starting remoting 
[2024-11-15 23:49:04.1402] [INFO] [remoting (akka://godgaming)] Remoting started; listening on addresses : [akka.tcp://godgaming@127.0.0.1:8093] 
[2024-11-15 23:49:04.1472] [INFO] [remoting (akka://godgaming)] Remoting now listens on addresses: [akka.tcp://godgaming@127.0.0.1:8093] 
[2024-11-15 23:49:04.1642] [INFO] [Cluster (akka://godgaming)] Cluster Node [akka.tcp://godgaming@127.0.0.1:8093] - Starting up... 
[2024-11-15 23:49:04.2672] [INFO] [Cluster (akka://godgaming)] Cluster Node [akka.tcp://godgaming@127.0.0.1:8093] - Started up successfully 
[2024-11-15 23:49:04.4072] [INFO] [PromoNode.BootstrapActor] Start Single Game Server(id:)... 
[2024-11-15 23:49:04.4132] [INFO] [PromoNode.BootstrapActor] Initializing database proxy... 
[2024-11-15 23:49:04.9252] [INFO] [PromoNode.BootstrapActor] Database Proxy has been successfully initialized. 
[2024-11-15 23:49:42.5641] [INFO] [PromoNode.PromoNodeService] Starting PromoNode Service... 
[2024-11-15 23:49:43.1771] [INFO] [remoting (akka://godgaming)] Starting remoting 
[2024-11-15 23:49:43.5541] [INFO] [remoting (akka://godgaming)] Remoting started; listening on addresses : [akka.tcp://godgaming@127.0.0.1:8093] 
[2024-11-15 23:49:43.5541] [INFO] [remoting (akka://godgaming)] Remoting now listens on addresses: [akka.tcp://godgaming@127.0.0.1:8093] 
[2024-11-15 23:49:43.5771] [INFO] [Cluster (akka://godgaming)] Cluster Node [akka.tcp://godgaming@127.0.0.1:8093] - Starting up... 
[2024-11-15 23:49:43.6221] [INFO] [Cluster (akka://godgaming)] Cluster Node [akka.tcp://godgaming@127.0.0.1:8093] - Started up successfully 
[2024-11-15 23:49:43.7561] [INFO] [PromoNode.BootstrapActor] Start Single Game Server(id:)... 
[2024-11-15 23:49:43.7561] [INFO] [PromoNode.BootstrapActor] Initializing database proxy... 
[2024-11-15 23:49:44.0401] [INFO] [PromoNode.BootstrapActor] Database Proxy has been successfully initialized. 
[2024-11-15 23:49:44.3341] [INFO] [PromoNode.PromoFetchActor] Freespin Received 
[2024-11-15 23:49:44.3711] [INFO] [PromoNode.PromoFetchActor] Race Received 
[2024-11-15 23:49:44.3901] [INFO] [PromoNode.PromoFetchActor] Tour Received 
[2024-11-15 23:49:44.5796] [INFO] [PromoNode.PromoFetchActor] Cashback Received 
[2024-11-15 23:49:54.3421] [INFO] [PromoNode.PromoFetchActor] Freespin Received 
[2024-11-15 23:49:54.3892] [INFO] [PromoNode.PromoFetchActor] Race Received 
[2024-11-15 23:49:54.5892] [INFO] [PromoNode.PromoFetchActor] Cashback Received 
[2024-11-15 23:50:04.3661] [INFO] [PromoNode.PromoFetchActor] Freespin Received 
[2024-11-15 23:50:04.3971] [INFO] [PromoNode.PromoFetchActor] Race Received 
[2024-11-15 23:50:04.5971] [INFO] [PromoNode.PromoFetchActor] Cashback Received 
[2024-11-15 23:50:14.3859] [INFO] [PromoNode.PromoFetchActor] Freespin Received 
[2024-11-15 23:50:14.4029] [INFO] [PromoNode.PromoFetchActor] Race Received 
[2024-11-15 23:50:14.6169] [INFO] [PromoNode.PromoFetchActor] Cashback Received 
[2024-11-15 23:50:24.3957] [INFO] [PromoNode.PromoFetchActor] Freespin Received 
[2024-11-15 23:50:24.4277] [INFO] [PromoNode.PromoFetchActor] Race Received 
[2024-11-15 23:50:24.6287] [INFO] [PromoNode.PromoFetchActor] Cashback Received 
[2024-11-15 23:50:34.4033] [INFO] [PromoNode.PromoFetchActor] Freespin Received 
[2024-11-15 23:50:34.4343] [INFO] [PromoNode.PromoFetchActor] Race Received 
[2024-11-15 23:50:34.6357] [INFO] [PromoNode.PromoFetchActor] Cashback Received 
[2024-11-15 23:50:44.4041] [INFO] [PromoNode.PromoFetchActor] Tour Received 
[2024-11-15 23:50:44.4181] [INFO] [PromoNode.PromoFetchActor] Freespin Received 
[2024-11-15 23:50:44.4501] [INFO] [PromoNode.PromoFetchActor] Race Received 
[2024-11-15 23:50:44.6511] [INFO] [PromoNode.PromoFetchActor] Cashback Received 
[2024-11-15 23:50:47.5020] [INFO] [PromoNode.PromoNodeService] Starting PromoNode Service... 
[2024-11-15 23:50:48.0680] [INFO] [remoting (akka://godgaming)] Starting remoting 
[2024-11-15 23:50:48.6719] [INFO] [remoting (akka://godgaming)] Remoting started; listening on addresses : [akka.tcp://godgaming@127.0.0.1:8093] 
[2024-11-15 23:50:48.6950] [INFO] [remoting (akka://godgaming)] Remoting now listens on addresses: [akka.tcp://godgaming@127.0.0.1:8093] 
[2024-11-15 23:50:48.7100] [INFO] [Cluster (akka://godgaming)] Cluster Node [akka.tcp://godgaming@127.0.0.1:8093] - Starting up... 
[2024-11-15 23:50:48.7271] [INFO] [Cluster (akka://godgaming)] Cluster Node [akka.tcp://godgaming@127.0.0.1:8093] - Started up successfully 
[2024-11-15 23:50:48.8352] [INFO] [PromoNode.BootstrapActor] Start Single Game Server(id:)... 
[2024-11-15 23:50:48.8352] [INFO] [PromoNode.BootstrapActor] Initializing database proxy... 
[2024-11-15 23:50:49.1353] [INFO] [PromoNode.BootstrapActor] Database Proxy has been successfully initialized. 
[2024-11-15 23:50:49.4140] [INFO] [PromoNode.PromoFetchActor] Freespin Received 
[2024-11-15 23:50:49.4140] [INFO] [PromoNode.PromoFetchActor] Tour Received 
[2024-11-15 23:50:49.4140] [INFO] [PromoNode.PromoFetchActor] Race Received 
[2024-11-15 23:50:49.5995] [INFO] [PromoNode.PromoFetchActor] Cashback Received 
[2024-11-15 23:50:55.7575] [INFO] [PromoNode.PromoNodeService] Starting PromoNode Service... 
[2024-11-15 23:50:56.4055] [INFO] [remoting (akka://godgaming)] Starting remoting 
[2024-11-15 23:50:56.8079] [INFO] [remoting (akka://godgaming)] Remoting started; listening on addresses : [akka.tcp://godgaming@127.0.0.1:8093] 
[2024-11-15 23:50:56.8249] [INFO] [remoting (akka://godgaming)] Remoting now listens on addresses: [akka.tcp://godgaming@127.0.0.1:8093] 
[2024-11-15 23:50:56.8459] [INFO] [Cluster (akka://godgaming)] Cluster Node [akka.tcp://godgaming@127.0.0.1:8093] - Starting up... 
[2024-11-15 23:50:56.8679] [INFO] [Cluster (akka://godgaming)] Cluster Node [akka.tcp://godgaming@127.0.0.1:8093] - Started up successfully 
[2024-11-15 23:50:56.9049] [INFO] [PromoNode.BootstrapActor] Start Single Game Server(id:)... 
[2024-11-15 23:50:56.9049] [INFO] [PromoNode.BootstrapActor] Initializing database proxy... 
[2024-11-15 23:50:57.4110] [INFO] [PromoNode.BootstrapActor] Database Proxy has been successfully initialized. 
[2024-11-15 23:50:57.7336] [INFO] [PromoNode.PromoFetchActor] Freespin Received 
[2024-11-15 23:50:57.7786] [INFO] [PromoNode.PromoFetchActor] Race Received 
[2024-11-15 23:50:57.7786] [INFO] [PromoNode.PromoFetchActor] Tour Received 
[2024-11-15 23:50:57.9766] [INFO] [PromoNode.PromoFetchActor] Cashback Received 
[2024-11-15 23:51:07.7553] [INFO] [PromoNode.PromoFetchActor] Freespin Received 
[2024-11-15 23:51:07.7873] [INFO] [PromoNode.PromoFetchActor] Race Received 
[2024-11-15 23:51:07.9854] [INFO] [PromoNode.PromoFetchActor] Cashback Received 
[2024-11-15 23:51:17.7699] [INFO] [PromoNode.PromoFetchActor] Freespin Received 
[2024-11-15 23:51:17.7999] [INFO] [PromoNode.PromoFetchActor] Race Received 
[2024-11-15 23:51:18.0009] [INFO] [PromoNode.PromoFetchActor] Cashback Received 
[2024-11-15 23:51:27.7755] [INFO] [PromoNode.PromoFetchActor] Freespin Received 
[2024-11-15 23:51:27.8075] [INFO] [PromoNode.PromoFetchActor] Race Received 
[2024-11-15 23:51:28.0086] [INFO] [PromoNode.PromoFetchActor] Cashback Received 
[2024-11-15 23:51:37.7858] [INFO] [PromoNode.PromoFetchActor] Freespin Received 
[2024-11-15 23:51:37.8188] [INFO] [PromoNode.PromoFetchActor] Race Received 
[2024-11-15 23:51:38.0228] [INFO] [PromoNode.PromoFetchActor] Cashback Received 
[2024-11-15 23:51:47.8056] [INFO] [PromoNode.PromoFetchActor] Freespin Received 
[2024-11-15 23:51:47.8386] [INFO] [PromoNode.PromoFetchActor] Race Received 
[2024-11-15 23:51:48.0366] [INFO] [PromoNode.PromoFetchActor] Cashback Received 
[2024-11-15 23:51:57.7964] [INFO] [PromoNode.PromoFetchActor] Tour Received 
[2024-11-15 23:51:57.8264] [INFO] [PromoNode.PromoFetchActor] Freespin Received 
[2024-11-15 23:51:57.8564] [INFO] [PromoNode.PromoFetchActor] Race Received 
[2024-11-15 23:51:58.0594] [INFO] [PromoNode.PromoFetchActor] Cashback Received 
[2024-11-15 23:52:07.8425] [INFO] [PromoNode.PromoFetchActor] Freespin Received 
[2024-11-15 23:52:07.8745] [INFO] [PromoNode.PromoFetchActor] Race Received 
[2024-11-15 23:52:08.0773] [INFO] [PromoNode.PromoFetchActor] Cashback Received 
[2024-11-15 23:52:17.8665] [INFO] [PromoNode.PromoFetchActor] Freespin Received 
[2024-11-15 23:52:17.8965] [INFO] [PromoNode.PromoFetchActor] Race Received 
[2024-11-15 23:52:18.0963] [INFO] [PromoNode.PromoFetchActor] Cashback Received 
[2024-11-15 23:52:27.8790] [INFO] [PromoNode.PromoFetchActor] Freespin Received 
[2024-11-15 23:52:27.9110] [INFO] [PromoNode.PromoFetchActor] Race Received 
[2024-11-15 23:52:28.1099] [INFO] [PromoNode.PromoFetchActor] Cashback Received 
[2024-11-15 23:52:29.2745] [INFO] [Cluster (akka://godgaming)] Cluster Node [akka.tcp://godgaming@127.0.0.1:8093] - Welcome from [akka.tcp://godgaming@127.0.0.1:4055] 
[2024-11-15 23:52:37.8883] [INFO] [PromoNode.PromoFetchActor] Freespin Received 
[2024-11-15 23:52:37.9205] [INFO] [PromoNode.PromoFetchActor] Race Received 
[2024-11-15 23:52:38.1202] [INFO] [PromoNode.PromoFetchActor] Cashback Received 
[2024-11-15 23:52:47.9046] [INFO] [PromoNode.PromoFetchActor] Freespin Received 
[2024-11-15 23:52:47.9368] [INFO] [PromoNode.PromoFetchActor] Race Received 
[2024-11-15 23:52:48.1366] [INFO] [PromoNode.PromoFetchActor] Cashback Received 
[2024-11-15 23:52:57.8082] [INFO] [PromoNode.PromoFetchActor] Tour Received 
[2024-11-15 23:52:57.9162] [INFO] [PromoNode.PromoFetchActor] Freespin Received 
[2024-11-15 23:52:57.9462] [INFO] [PromoNode.PromoFetchActor] Race Received 
[2024-11-15 23:52:58.1622] [INFO] [PromoNode.PromoFetchActor] Cashback Received 
[2024-11-15 23:53:07.9291] [INFO] [PromoNode.PromoFetchActor] Freespin Received 
[2024-11-15 23:53:07.9596] [INFO] [PromoNode.PromoFetchActor] Race Received 
[2024-11-15 23:53:08.1760] [INFO] [PromoNode.PromoFetchActor] Cashback Received 
[2024-11-15 23:53:17.9440] [INFO] [PromoNode.PromoFetchActor] Freespin Received 
[2024-11-15 23:53:17.9760] [INFO] [PromoNode.PromoFetchActor] Race Received 
[2024-11-15 23:53:18.1936] [INFO] [PromoNode.PromoFetchActor] Cashback Received 
[2024-11-15 23:53:27.9603] [INFO] [PromoNode.PromoFetchActor] Freespin Received 
[2024-11-15 23:53:27.9923] [INFO] [PromoNode.PromoFetchActor] Race Received 
[2024-11-15 23:53:28.2067] [INFO] [PromoNode.PromoFetchActor] Cashback Received 
[2024-11-15 23:53:37.9787] [INFO] [PromoNode.PromoFetchActor] Freespin Received 
[2024-11-15 23:53:38.0107] [INFO] [PromoNode.PromoFetchActor] Race Received 
[2024-11-15 23:53:38.2305] [INFO] [PromoNode.PromoFetchActor] Cashback Received 
[2024-11-15 23:53:47.9844] [INFO] [PromoNode.PromoFetchActor] Freespin Received 
[2024-11-15 23:53:48.0164] [INFO] [PromoNode.PromoFetchActor] Race Received 
[2024-11-15 23:53:48.2463] [INFO] [PromoNode.PromoFetchActor] Cashback Received 
[2024-11-15 23:53:57.8254] [INFO] [PromoNode.PromoFetchActor] Tour Received 
[2024-11-15 23:53:58.0057] [INFO] [PromoNode.PromoFetchActor] Freespin Received 
[2024-11-15 23:53:58.0377] [INFO] [PromoNode.PromoFetchActor] Race Received 
[2024-11-15 23:53:58.2717] [INFO] [PromoNode.PromoFetchActor] Cashback Received 
[2024-11-15 23:54:08.0201] [INFO] [PromoNode.PromoFetchActor] Freespin Received 
[2024-11-15 23:54:08.0541] [INFO] [PromoNode.PromoFetchActor] Race Received 
[2024-11-15 23:54:08.2820] [INFO] [PromoNode.PromoFetchActor] Cashback Received 
[2024-11-15 23:54:18.0332] [INFO] [PromoNode.PromoFetchActor] Freespin Received 
[2024-11-15 23:54:18.0792] [INFO] [PromoNode.PromoFetchActor] Race Received 
[2024-11-15 23:54:18.2962] [INFO] [PromoNode.PromoFetchActor] Cashback Received 
[2024-11-15 23:54:28.0494] [INFO] [PromoNode.PromoFetchActor] Freespin Received 
[2024-11-15 23:54:28.0954] [INFO] [PromoNode.PromoFetchActor] Race Received 
[2024-11-15 23:54:28.3094] [INFO] [PromoNode.PromoFetchActor] Cashback Received 
[2024-11-15 23:54:38.0571] [INFO] [PromoNode.PromoFetchActor] Freespin Received 
[2024-11-15 23:54:38.1040] [INFO] [PromoNode.PromoFetchActor] Race Received 
[2024-11-15 23:54:38.3191] [INFO] [PromoNode.PromoFetchActor] Cashback Received 
[2024-11-15 23:54:48.0722] [INFO] [PromoNode.PromoFetchActor] Freespin Received 
[2024-11-15 23:54:48.1174] [INFO] [PromoNode.PromoFetchActor] Race Received 
[2024-11-15 23:54:48.3321] [INFO] [PromoNode.PromoFetchActor] Cashback Received 
[2024-11-15 23:54:57.8442] [INFO] [PromoNode.PromoFetchActor] Tour Received 
[2024-11-15 23:54:58.0852] [INFO] [PromoNode.PromoFetchActor] Freespin Received 
[2024-11-15 23:54:58.1382] [INFO] [PromoNode.PromoFetchActor] Race Received 
[2024-11-15 23:54:58.3502] [INFO] [PromoNode.PromoFetchActor] Cashback Received 
[2024-11-15 23:55:08.0999] [INFO] [PromoNode.PromoFetchActor] Freespin Received 
[2024-11-15 23:55:08.1489] [INFO] [PromoNode.PromoFetchActor] Race Received 
[2024-11-15 23:55:08.3679] [INFO] [PromoNode.PromoFetchActor] Cashback Received 
[2024-11-15 23:55:18.1075] [INFO] [PromoNode.PromoFetchActor] Freespin Received 
[2024-11-15 23:55:18.1538] [INFO] [PromoNode.PromoFetchActor] Race Received 
[2024-11-15 23:55:18.3858] [INFO] [PromoNode.PromoFetchActor] Cashback Received 
[2024-11-15 23:55:28.1176] [INFO] [PromoNode.PromoFetchActor] Freespin Received 
[2024-11-15 23:55:28.1786] [INFO] [PromoNode.PromoFetchActor] Race Received 
[2024-11-15 23:55:28.4071] [INFO] [PromoNode.PromoFetchActor] Cashback Received 
[2024-11-15 23:55:38.1310] [INFO] [PromoNode.PromoFetchActor] Freespin Received 
[2024-11-15 23:55:38.1930] [INFO] [PromoNode.PromoFetchActor] Race Received 
[2024-11-15 23:55:38.4246] [INFO] [PromoNode.PromoFetchActor] Cashback Received 
[2024-11-15 23:55:48.1399] [INFO] [PromoNode.PromoFetchActor] Freespin Received 
[2024-11-15 23:55:48.2169] [INFO] [PromoNode.PromoFetchActor] Race Received 
[2024-11-15 23:55:48.4449] [INFO] [PromoNode.PromoFetchActor] Cashback Received 
[2024-11-15 23:55:57.8718] [INFO] [PromoNode.PromoFetchActor] Tour Received 
[2024-11-15 23:55:58.1459] [INFO] [PromoNode.PromoFetchActor] Freespin Received 
[2024-11-15 23:55:58.2389] [INFO] [PromoNode.PromoFetchActor] Race Received 
[2024-11-15 23:55:58.4679] [INFO] [PromoNode.PromoFetchActor] Cashback Received 
[2024-11-15 23:56:08.1671] [INFO] [PromoNode.PromoFetchActor] Freespin Received 
[2024-11-15 23:56:08.2621] [INFO] [PromoNode.PromoFetchActor] Race Received 
[2024-11-15 23:56:08.4911] [INFO] [PromoNode.PromoFetchActor] Cashback Received 
[2024-11-15 23:56:18.1823] [INFO] [PromoNode.PromoFetchActor] Freespin Received 
[2024-11-15 23:56:18.2753] [INFO] [PromoNode.PromoFetchActor] Race Received 
[2024-11-15 23:56:18.5078] [INFO] [PromoNode.PromoFetchActor] Cashback Received 
[2024-11-15 23:56:28.1894] [INFO] [PromoNode.PromoFetchActor] Freespin Received 
[2024-11-15 23:56:28.2954] [INFO] [PromoNode.PromoFetchActor] Race Received 
[2024-11-15 23:56:28.5286] [INFO] [PromoNode.PromoFetchActor] Cashback Received 
[2024-11-15 23:56:38.2079] [INFO] [PromoNode.PromoFetchActor] Freespin Received 
[2024-11-15 23:56:38.3184] [INFO] [PromoNode.PromoFetchActor] Race Received 
[2024-11-15 23:56:38.5431] [INFO] [PromoNode.PromoFetchActor] Cashback Received 
[2024-11-15 23:56:48.2173] [INFO] [PromoNode.PromoFetchActor] Freespin Received 
[2024-11-15 23:56:48.3393] [INFO] [PromoNode.PromoFetchActor] Race Received 
[2024-11-15 23:56:48.5556] [INFO] [PromoNode.PromoFetchActor] Cashback Received 
[2024-11-15 23:56:57.8929] [INFO] [PromoNode.PromoFetchActor] Tour Received 
[2024-11-15 23:56:58.2281] [INFO] [PromoNode.PromoFetchActor] Freespin Received 
[2024-11-15 23:56:58.3528] [INFO] [PromoNode.PromoFetchActor] Race Received 
[2024-11-15 23:56:58.5698] [INFO] [PromoNode.PromoFetchActor] Cashback Received 
[2024-11-15 23:57:08.2474] [INFO] [PromoNode.PromoFetchActor] Freespin Received 
[2024-11-15 23:57:08.3714] [INFO] [PromoNode.PromoFetchActor] Race Received 
[2024-11-15 23:57:08.5864] [INFO] [PromoNode.PromoFetchActor] Cashback Received 
[2024-11-15 23:57:18.2549] [INFO] [PromoNode.PromoFetchActor] Freespin Received 
[2024-11-15 23:57:18.3799] [INFO] [PromoNode.PromoFetchActor] Race Received 
[2024-11-15 23:57:18.6119] [INFO] [PromoNode.PromoFetchActor] Cashback Received 
[2024-11-15 23:57:28.2781] [INFO] [PromoNode.PromoFetchActor] Freespin Received 
[2024-11-15 23:57:28.3984] [INFO] [PromoNode.PromoFetchActor] Race Received 
[2024-11-15 23:57:28.6142] [INFO] [PromoNode.PromoFetchActor] Cashback Received 
[2024-11-15 23:57:38.2849] [INFO] [PromoNode.PromoFetchActor] Freespin Received 
[2024-11-15 23:57:38.4059] [INFO] [PromoNode.PromoFetchActor] Race Received 
[2024-11-15 23:57:38.6379] [INFO] [PromoNode.PromoFetchActor] Cashback Received 
[2024-11-15 23:57:48.2961] [INFO] [PromoNode.PromoFetchActor] Freespin Received 
[2024-11-15 23:57:48.4191] [INFO] [PromoNode.PromoFetchActor] Race Received 
[2024-11-15 23:57:48.6491] [INFO] [PromoNode.PromoFetchActor] Cashback Received 
[2024-11-15 23:57:57.9220] [INFO] [PromoNode.PromoFetchActor] Tour Received 
[2024-11-15 23:57:58.3120] [INFO] [PromoNode.PromoFetchActor] Freespin Received 
[2024-11-15 23:57:58.4370] [INFO] [PromoNode.PromoFetchActor] Race Received 
[2024-11-15 23:57:58.6676] [INFO] [PromoNode.PromoFetchActor] Cashback Received 
[2024-11-15 23:58:08.3139] [INFO] [PromoNode.PromoFetchActor] Freespin Received 
[2024-11-15 23:58:08.4529] [INFO] [PromoNode.PromoFetchActor] Race Received 
[2024-11-15 23:58:08.6829] [INFO] [PromoNode.PromoFetchActor] Cashback Received 
[2024-11-15 23:58:18.3359] [INFO] [PromoNode.PromoFetchActor] Freespin Received 
[2024-11-15 23:58:18.4804] [INFO] [PromoNode.PromoFetchActor] Race Received 
[2024-11-15 23:58:18.7068] [INFO] [PromoNode.PromoFetchActor] Cashback Received 
[2024-11-15 23:58:28.3465] [INFO] [PromoNode.PromoFetchActor] Freespin Received 
[2024-11-15 23:58:28.4867] [INFO] [PromoNode.PromoFetchActor] Race Received 
[2024-11-15 23:58:28.7177] [INFO] [PromoNode.PromoFetchActor] Cashback Received 
[2024-11-15 23:58:38.3530] [INFO] [PromoNode.PromoFetchActor] Freespin Received 
[2024-11-15 23:58:38.5099] [INFO] [PromoNode.PromoFetchActor] Race Received 
[2024-11-15 23:58:38.7389] [INFO] [PromoNode.PromoFetchActor] Cashback Received 
[2024-11-15 23:58:48.3723] [INFO] [PromoNode.PromoFetchActor] Freespin Received 
[2024-11-15 23:58:48.5266] [INFO] [PromoNode.PromoFetchActor] Race Received 
[2024-11-15 23:58:48.7585] [INFO] [PromoNode.PromoFetchActor] Cashback Received 
[2024-11-15 23:58:57.9369] [INFO] [PromoNode.PromoFetchActor] Tour Received 
[2024-11-15 23:58:58.3779] [INFO] [PromoNode.PromoFetchActor] Freespin Received 
[2024-11-15 23:58:58.5479] [INFO] [PromoNode.PromoFetchActor] Race Received 
[2024-11-15 23:58:58.7695] [INFO] [PromoNode.PromoFetchActor] Cashback Received 
[2024-11-15 23:59:08.3847] [INFO] [PromoNode.PromoFetchActor] Freespin Received 
[2024-11-15 23:59:08.5547] [INFO] [PromoNode.PromoFetchActor] Race Received 
[2024-11-15 23:59:08.7879] [INFO] [PromoNode.PromoFetchActor] Cashback Received 
[2024-11-15 23:59:18.4076] [INFO] [PromoNode.PromoFetchActor] Freespin Received 
[2024-11-15 23:59:18.5816] [INFO] [PromoNode.PromoFetchActor] Race Received 
[2024-11-15 23:59:18.8066] [INFO] [PromoNode.PromoFetchActor] Cashback Received 
[2024-11-15 23:59:28.4188] [INFO] [PromoNode.PromoFetchActor] Freespin Received 
[2024-11-15 23:59:28.5939] [INFO] [PromoNode.PromoFetchActor] Race Received 
[2024-11-15 23:59:28.8256] [INFO] [PromoNode.PromoFetchActor] Cashback Received 
[2024-11-15 23:59:38.4301] [INFO] [PromoNode.PromoFetchActor] Freespin Received 
[2024-11-15 23:59:38.6131] [INFO] [PromoNode.PromoFetchActor] Race Received 
[2024-11-15 23:59:38.8452] [INFO] [PromoNode.PromoFetchActor] Cashback Received 
[2024-11-15 23:59:48.4388] [INFO] [PromoNode.PromoFetchActor] Freespin Received 
[2024-11-15 23:59:48.6243] [INFO] [PromoNode.PromoFetchActor] Race Received 
[2024-11-15 23:59:48.8543] [INFO] [PromoNode.PromoFetchActor] Cashback Received 
[2024-11-15 23:59:57.9601] [INFO] [PromoNode.PromoFetchActor] Tour Received 
[2024-11-15 23:59:58.4447] [INFO] [PromoNode.PromoFetchActor] Freespin Received 
[2024-11-15 23:59:58.6467] [INFO] [PromoNode.PromoFetchActor] Race Received 
[2024-11-15 23:59:58.8767] [INFO] [PromoNode.PromoFetchActor] Cashback Received 
