[2024-12-29 00:40:52.5036] [WARN] [Akka.Cluster.ClusterHeartbeatSender] Cluster Node [akka.tcp://godgaming@127.0.0.1:8093] - Scheduled sending of heartbeat was delayed. Previous heartbeat was sent [29987449.9777] ms ago, expected interval is [1000] ms. This may cause failure detection to mark members as unreachable. The reason can be thread starvation, e.g. by running blocking tasks on the default dispatcher, CPU overload, or GC. 
[2024-12-29 00:40:54.5104] [WARN] [Akka.Cluster.ClusterCoreDaemon] Cluster Node [akka.tcp://godgaming@127.0.0.1:8093] - Marking node(s) as UNREACHABLE [Member(address = akka.tcp://godgaming@127.0.0.1:4055, Uid=1668570042 status = Up, role=[lighthouse], upNumber=1, version=1.4.0), Member(address = akka.tcp://godgaming@127.0.0.1:8083, Uid=1384013156 status = Up, role=[comm], upNumber=2, version=1.0.0), Member(address = akka.tcp://godgaming@127.0.0.1:8091, Uid=439851488 status = Up, role=[slotgame], upNumber=5, version=1.0.0), Member(address = akka.tcp://godgaming@127.0.0.1:8094, Uid=172225652 status = Up, role=[queenapi], upNumber=4, version=1.0.0)]. Node roles [promo] 
[2024-12-29 00:40:54.5104] [INFO] [Cluster (akka://godgaming)] Cluster Node [akka.tcp://godgaming@127.0.0.1:8093] - is the new leader among reachable nodes (more leaders may exist) 
[2024-12-29 00:40:54.5174] [INFO] [PromoNode.PromoFetchActor] Freespin Received 
[2024-12-29 00:40:54.5174] [ERROR] [Akka.Remote.Transport.ProtocolStateActor] No response from remote. Handshake timed out or transport failure detector triggered. (internal state was Open) 
[2024-12-29 00:40:54.5174] [ERROR] [Akka.Remote.Transport.ProtocolStateActor] No response from remote. Handshake timed out or transport failure detector triggered. (internal state was Open) 
[2024-12-29 00:40:54.5174] [ERROR] [Akka.Remote.Transport.ProtocolStateActor] No response from remote. Handshake timed out or transport failure detector triggered. (internal state was Open) 
[2024-12-29 00:40:54.5364] [ERROR] [Akka.Remote.Transport.ProtocolStateActor] No response from remote. Handshake timed out or transport failure detector triggered. (internal state was Open) 
[2024-12-29 00:40:54.5364] [ERROR] [Akka.Remote.Transport.ProtocolStateActor] No response from remote. Handshake timed out or transport failure detector triggered. (internal state was Open) 
[2024-12-29 00:40:54.6004] [ERROR] [Akka.Remote.Transport.ProtocolStateActor] No response from remote. Handshake timed out or transport failure detector triggered. (internal state was Open) 
[2024-12-29 00:40:54.6674] [INFO] [Akka.Actor.LocalActorRef] Message [InboundPayload] without sender to akka://godgaming/system/transports/akkaprotocolmanager.tcp.0/akkaProtocol-tcp%3A%2F%2Fgodgaming%40127.0.0.1%3A8091-5 was not delivered. [1] dead letters encountered. If this is not an expected behavior then akka://godgaming/system/transports/akkaprotocolmanager.tcp.0/akkaProtocol-tcp%3A%2F%2Fgodgaming%40127.0.0.1%3A8091-5 may have terminated unexpectedly. This logging can be turned off or adjusted with configuration settings 'akka.log-dead-letters' and 'akka.log-dead-letters-during-shutdown'. 
[2024-12-29 00:40:54.7304] [INFO] [Akka.Actor.LocalActorRef] Message [InboundPayload] without sender to akka://godgaming/system/transports/akkaprotocolmanager.tcp.0/akkaProtocol-tcp%3A%2F%2Fgodgaming%40127.0.0.1%3A4055-1 was not delivered. [2] dead letters encountered. If this is not an expected behavior then akka://godgaming/system/transports/akkaprotocolmanager.tcp.0/akkaProtocol-tcp%3A%2F%2Fgodgaming%40127.0.0.1%3A4055-1 may have terminated unexpectedly. This logging can be turned off or adjusted with configuration settings 'akka.log-dead-letters' and 'akka.log-dead-letters-during-shutdown'. 
[2024-12-29 00:40:54.7583] [INFO] [Akka.Actor.LocalActorRef] Message [InboundPayload] without sender to akka://godgaming/system/transports/akkaprotocolmanager.tcp.0/akkaProtocol-tcp%3A%2F%2Fgodgaming%40127.0.0.1%3A4055-1 was not delivered. [3] dead letters encountered. If this is not an expected behavior then akka://godgaming/system/transports/akkaprotocolmanager.tcp.0/akkaProtocol-tcp%3A%2F%2Fgodgaming%40127.0.0.1%3A4055-1 may have terminated unexpectedly. This logging can be turned off or adjusted with configuration settings 'akka.log-dead-letters' and 'akka.log-dead-letters-during-shutdown'. 
[2024-12-29 00:40:54.7884] [INFO] [Akka.Actor.LocalActorRef] Message [InboundPayload] without sender to akka://godgaming/system/transports/akkaprotocolmanager.tcp.0/akkaProtocol-tcp%3A%2F%2Fgodgaming%40127.0.0.1%3A8083-2 was not delivered. [4] dead letters encountered. If this is not an expected behavior then akka://godgaming/system/transports/akkaprotocolmanager.tcp.0/akkaProtocol-tcp%3A%2F%2Fgodgaming%40127.0.0.1%3A8083-2 may have terminated unexpectedly. This logging can be turned off or adjusted with configuration settings 'akka.log-dead-letters' and 'akka.log-dead-letters-during-shutdown'. 
[2024-12-29 00:40:54.9324] [INFO] [Akka.Actor.LocalActorRef] Message [InboundPayload] without sender to akka://godgaming/system/transports/akkaprotocolmanager.tcp.0/akkaProtocol-tcp%3A%2F%2Fgodgaming%40127.0.0.1%3A8083-2 was not delivered. [5] dead letters encountered. If this is not an expected behavior then akka://godgaming/system/transports/akkaprotocolmanager.tcp.0/akkaProtocol-tcp%3A%2F%2Fgodgaming%40127.0.0.1%3A8083-2 may have terminated unexpectedly. This logging can be turned off or adjusted with configuration settings 'akka.log-dead-letters' and 'akka.log-dead-letters-during-shutdown'. 
[2024-12-29 00:40:55.0124] [INFO] [Akka.Actor.LocalActorRef] Message [InboundPayload] without sender to akka://godgaming/system/transports/akkaprotocolmanager.tcp.0/akkaProtocol-tcp%3A%2F%2Fgodgaming%40%5B%3A%3Affff%3A127.0.0.1%5D%3A7434-4 was not delivered. [6] dead letters encountered. If this is not an expected behavior then akka://godgaming/system/transports/akkaprotocolmanager.tcp.0/akkaProtocol-tcp%3A%2F%2Fgodgaming%40%5B%3A%3Affff%3A127.0.0.1%5D%3A7434-4 may have terminated unexpectedly. This logging can be turned off or adjusted with configuration settings 'akka.log-dead-letters' and 'akka.log-dead-letters-during-shutdown'. 
[2024-12-29 00:40:55.0324] [INFO] [Akka.Actor.LocalActorRef] Message [InboundPayload] without sender to akka://godgaming/system/transports/akkaprotocolmanager.tcp.0/akkaProtocol-tcp%3A%2F%2Fgodgaming%40%5B%3A%3Affff%3A127.0.0.1%5D%3A7434-4 was not delivered. [7] dead letters encountered. If this is not an expected behavior then akka://godgaming/system/transports/akkaprotocolmanager.tcp.0/akkaProtocol-tcp%3A%2F%2Fgodgaming%40%5B%3A%3Affff%3A127.0.0.1%5D%3A7434-4 may have terminated unexpectedly. This logging can be turned off or adjusted with configuration settings 'akka.log-dead-letters' and 'akka.log-dead-letters-during-shutdown'. 
[2024-12-29 00:40:55.0524] [INFO] [Akka.Actor.LocalActorRef] Message [InboundPayload] without sender to akka://godgaming/system/transports/akkaprotocolmanager.tcp.0/akkaProtocol-tcp%3A%2F%2Fgodgaming%40%5B%3A%3Affff%3A127.0.0.1%5D%3A7434-4 was not delivered. [8] dead letters encountered. If this is not an expected behavior then akka://godgaming/system/transports/akkaprotocolmanager.tcp.0/akkaProtocol-tcp%3A%2F%2Fgodgaming%40%5B%3A%3Affff%3A127.0.0.1%5D%3A7434-4 may have terminated unexpectedly. This logging can be turned off or adjusted with configuration settings 'akka.log-dead-letters' and 'akka.log-dead-letters-during-shutdown'. 
[2024-12-29 00:40:55.0684] [WARN] [Akka.Remote.ReliableDeliverySupervisor] Association with remote system akka.tcp://godgaming@127.0.0.1:4055 has failed; address is now gated for 5000 ms. Reason is: [Akka.Remote.EndpointDisassociatedException: Disassociated
   at Akka.Remote.EndpointWriter.PublishAndThrow(Exception reason, LogLevel level, Boolean needToThrow)
   at Akka.Remote.EndpointWriter.Unhandled(Object message)
   at Akka.Actor.ReceiveActor.ExecutePartialMessageHandler(Object message, PartialAction`1 partialAction)
   at Akka.Actor.ReceiveActor.<>c__DisplayClass11_0.<Become>b__0(Object m)
   at Akka.Actor.ActorCell.<>c__DisplayClass114_0.<Akka.Actor.IUntypedActorContext.Become>b__0(Object m)
   at Akka.Actor.ActorBase.AroundReceive(Receive receive, Object message)
   at Akka.Actor.ActorCell.ReceiveMessage(Object message)
   at Akka.Actor.ActorCell.ReceivedTerminated(Terminated t)
   at Akka.Actor.ActorCell.AutoReceiveMessage(Envelope envelope)
   at Akka.Actor.ActorCell.Invoke(Envelope envelope)] 
[2024-12-29 00:40:55.1434] [WARN] [Akka.Remote.ReliableDeliverySupervisor] Association with remote system akka.tcp://godgaming@127.0.0.1:8083 has failed; address is now gated for 5000 ms. Reason is: [Akka.Remote.EndpointDisassociatedException: Disassociated
   at Akka.Remote.EndpointWriter.PublishAndThrow(Exception reason, LogLevel level, Boolean needToThrow)
   at Akka.Remote.EndpointWriter.Unhandled(Object message)
   at Akka.Actor.ReceiveActor.ExecutePartialMessageHandler(Object message, PartialAction`1 partialAction)
   at Akka.Actor.ReceiveActor.<>c__DisplayClass11_0.<Become>b__0(Object m)
   at Akka.Actor.ActorCell.<>c__DisplayClass114_0.<Akka.Actor.IUntypedActorContext.Become>b__0(Object m)
   at Akka.Actor.ActorBase.AroundReceive(Receive receive, Object message)
   at Akka.Actor.ActorCell.ReceiveMessage(Object message)
   at Akka.Actor.ActorCell.ReceivedTerminated(Terminated t)
   at Akka.Actor.ActorCell.AutoReceiveMessage(Envelope envelope)
   at Akka.Actor.ActorCell.Invoke(Envelope envelope)] 
[2024-12-29 00:40:55.2374] [WARN] [Akka.Remote.ReliableDeliverySupervisor] Association with remote system akka.tcp://godgaming@127.0.0.1:8091 has failed; address is now gated for 5000 ms. Reason is: [Akka.Remote.EndpointDisassociatedException: Disassociated
   at Akka.Remote.EndpointWriter.PublishAndThrow(Exception reason, LogLevel level, Boolean needToThrow)
   at Akka.Remote.EndpointWriter.Unhandled(Object message)
   at Akka.Actor.ReceiveActor.ExecutePartialMessageHandler(Object message, PartialAction`1 partialAction)
   at Akka.Actor.ReceiveActor.<>c__DisplayClass11_0.<Become>b__0(Object m)
   at Akka.Actor.ActorCell.<>c__DisplayClass114_0.<Akka.Actor.IUntypedActorContext.Become>b__0(Object m)
   at Akka.Actor.ActorBase.AroundReceive(Receive receive, Object message)
   at Akka.Actor.ActorCell.ReceiveMessage(Object message)
   at Akka.Actor.ActorCell.ReceivedTerminated(Terminated t)
   at Akka.Actor.ActorCell.AutoReceiveMessage(Envelope envelope)
   at Akka.Actor.ActorCell.Invoke(Envelope envelope)] 
[2024-12-29 00:40:55.2924] [ERROR] [Akka.Actor.OneForOneStrategy] Disassociated Akka.Remote.EndpointDisassociatedException: Disassociated
   at Akka.Remote.EndpointWriter.PublishAndThrow(Exception reason, LogLevel level, Boolean needToThrow)
   at Akka.Remote.EndpointWriter.Unhandled(Object message)
   at Akka.Actor.ReceiveActor.ExecutePartialMessageHandler(Object message, PartialAction`1 partialAction)
   at Akka.Actor.ReceiveActor.<>c__DisplayClass11_0.<Become>b__0(Object m)
   at Akka.Actor.ActorCell.<>c__DisplayClass114_0.<Akka.Actor.IUntypedActorContext.Become>b__0(Object m)
   at Akka.Actor.ActorBase.AroundReceive(Receive receive, Object message)
   at Akka.Actor.ActorCell.ReceiveMessage(Object message)
   at Akka.Actor.ActorCell.ReceivedTerminated(Terminated t)
   at Akka.Actor.ActorCell.AutoReceiveMessage(Envelope envelope)
   at Akka.Actor.ActorCell.Invoke(Envelope envelope)
[2024-12-29 00:40:55.3724] [ERROR] [Akka.Actor.OneForOneStrategy] Disassociated Akka.Remote.EndpointDisassociatedException: Disassociated
   at Akka.Remote.EndpointWriter.PublishAndThrow(Exception reason, LogLevel level, Boolean needToThrow)
   at Akka.Remote.EndpointWriter.Unhandled(Object message)
   at Akka.Actor.ReceiveActor.ExecutePartialMessageHandler(Object message, PartialAction`1 partialAction)
   at Akka.Actor.ReceiveActor.<>c__DisplayClass11_0.<Become>b__0(Object m)
   at Akka.Actor.ActorCell.<>c__DisplayClass114_0.<Akka.Actor.IUntypedActorContext.Become>b__0(Object m)
   at Akka.Actor.ActorBase.AroundReceive(Receive receive, Object message)
   at Akka.Actor.ActorCell.ReceiveMessage(Object message)
   at Akka.Actor.ActorCell.ReceivedTerminated(Terminated t)
   at Akka.Actor.ActorCell.AutoReceiveMessage(Envelope envelope)
   at Akka.Actor.ActorCell.Invoke(Envelope envelope)
[2024-12-29 00:40:55.4634] [ERROR] [Akka.Actor.OneForOneStrategy] Disassociated Akka.Remote.EndpointDisassociatedException: Disassociated
   at Akka.Remote.EndpointWriter.PublishAndThrow(Exception reason, LogLevel level, Boolean needToThrow)
   at Akka.Remote.EndpointWriter.Unhandled(Object message)
   at Akka.Actor.ReceiveActor.ExecutePartialMessageHandler(Object message, PartialAction`1 partialAction)
   at Akka.Actor.ReceiveActor.<>c__DisplayClass11_0.<Become>b__0(Object m)
   at Akka.Actor.ActorCell.<>c__DisplayClass114_0.<Akka.Actor.IUntypedActorContext.Become>b__0(Object m)
   at Akka.Actor.ActorBase.AroundReceive(Receive receive, Object message)
   at Akka.Actor.ActorCell.ReceiveMessage(Object message)
   at Akka.Actor.ActorCell.ReceivedTerminated(Terminated t)
   at Akka.Actor.ActorCell.AutoReceiveMessage(Envelope envelope)
   at Akka.Actor.ActorCell.Invoke(Envelope envelope)
[2024-12-29 00:40:55.5314] [WARN] [Akka.Remote.ReliableDeliverySupervisor] Association with remote system akka.tcp://godgaming@127.0.0.1:8094 has failed; address is now gated for 5000 ms. Reason is: [Akka.Remote.EndpointDisassociatedException: Disassociated
   at Akka.Remote.EndpointWriter.PublishAndThrow(Exception reason, LogLevel level, Boolean needToThrow)
   at Akka.Remote.EndpointWriter.Unhandled(Object message)
   at Akka.Actor.ReceiveActor.ExecutePartialMessageHandler(Object message, PartialAction`1 partialAction)
   at Akka.Actor.ReceiveActor.<>c__DisplayClass11_0.<Become>b__0(Object m)
   at Akka.Actor.ActorCell.<>c__DisplayClass114_0.<Akka.Actor.IUntypedActorContext.Become>b__0(Object m)
   at Akka.Actor.ActorBase.AroundReceive(Receive receive, Object message)
   at Akka.Actor.ActorCell.ReceiveMessage(Object message)
   at Akka.Actor.ActorCell.ReceivedTerminated(Terminated t)
   at Akka.Actor.ActorCell.AutoReceiveMessage(Envelope envelope)
   at Akka.Actor.ActorCell.Invoke(Envelope envelope)] 
[2024-12-29 00:40:55.6054] [ERROR] [Akka.Actor.OneForOneStrategy] Disassociated Akka.Remote.EndpointDisassociatedException: Disassociated
   at Akka.Remote.EndpointWriter.PublishAndThrow(Exception reason, LogLevel level, Boolean needToThrow)
   at Akka.Remote.EndpointWriter.Unhandled(Object message)
   at Akka.Actor.ReceiveActor.ExecutePartialMessageHandler(Object message, PartialAction`1 partialAction)
   at Akka.Actor.ReceiveActor.<>c__DisplayClass11_0.<Become>b__0(Object m)
   at Akka.Actor.ActorCell.<>c__DisplayClass114_0.<Akka.Actor.IUntypedActorContext.Become>b__0(Object m)
   at Akka.Actor.ActorBase.AroundReceive(Receive receive, Object message)
   at Akka.Actor.ActorCell.ReceiveMessage(Object message)
   at Akka.Actor.ActorCell.ReceivedTerminated(Terminated t)
   at Akka.Actor.ActorCell.AutoReceiveMessage(Envelope envelope)
   at Akka.Actor.ActorCell.Invoke(Envelope envelope)
[2024-12-29 00:40:55.6774] [INFO] [Akka.Remote.RemoteActorRefProvider+RemoteDeadLetterActorRef] Message [Heartbeat] from akka://godgaming/system/cluster/core/daemon/heartbeatSender to akka://godgaming/deadLetters was not delivered. [9] dead letters encountered. If this is not an expected behavior then akka://godgaming/deadLetters may have terminated unexpectedly. This logging can be turned off or adjusted with configuration settings 'akka.log-dead-letters' and 'akka.log-dead-letters-during-shutdown'. 
[2024-12-29 00:40:55.6954] [INFO] [Akka.Remote.RemoteActorRefProvider+RemoteDeadLetterActorRef] Message [Heartbeat] from akka://godgaming/system/cluster/core/daemon/heartbeatSender to akka://godgaming/deadLetters was not delivered. [10] dead letters encountered, no more dead letters will be logged in next [00:05:00]. If this is not an expected behavior then akka://godgaming/deadLetters may have terminated unexpectedly. This logging can be turned off or adjusted with configuration settings 'akka.log-dead-letters' and 'akka.log-dead-letters-during-shutdown'. 
[2024-12-29 00:40:55.7184] [INFO] [PromoNode.PromoFetchActor] Race Received 
[2024-12-29 00:40:55.7284] [INFO] [PromoNode.PromoFetchActor] Cashback Received 
[2024-12-29 00:40:55.7394] [INFO] [PromoNode.PromoFetchActor] Tour Received 
[2024-12-29 00:40:59.7267] [INFO] [Cluster (akka://godgaming)] Cluster Node [akka.tcp://godgaming@127.0.0.1:8093] - Marking node(s) as REACHABLE [Member(address = akka.tcp://godgaming@127.0.0.1:8083, Uid=1384013156 status = Up, role=[comm], upNumber=2, version=1.0.0)]. Node roles [promo] 
[2024-12-29 00:40:59.7267] [INFO] [Cluster (akka://godgaming)] Cluster Node [akka.tcp://godgaming@127.0.0.1:8093] - is no longer leader 
[2024-12-29 00:41:00.7398] [INFO] [Cluster (akka://godgaming)] Cluster Node [akka.tcp://godgaming@127.0.0.1:8093] - Marking node(s) as REACHABLE [Member(address = akka.tcp://godgaming@127.0.0.1:8094, Uid=172225652 status = Up, role=[queenapi], upNumber=4, version=1.0.0), Member(address = akka.tcp://godgaming@127.0.0.1:8091, Uid=439851488 status = Up, role=[slotgame], upNumber=5, version=1.0.0), Member(address = akka.tcp://godgaming@127.0.0.1:4055, Uid=1668570042 status = Up, role=[lighthouse], upNumber=1, version=1.4.0)]. Node roles [promo] 
[2024-12-29 00:41:03.6579] [INFO] [PromoNode.PromoFetchActor] Freespin Received 
[2024-12-29 00:41:03.7856] [INFO] [PromoNode.PromoFetchActor] Race Received 
[2024-12-29 00:41:04.1401] [INFO] [PromoNode.PromoFetchActor] Cashback Received 
[2024-12-29 00:41:13.6763] [INFO] [PromoNode.PromoFetchActor] Freespin Received 
[2024-12-29 00:41:13.7997] [INFO] [PromoNode.PromoFetchActor] Race Received 
[2024-12-29 00:41:14.1507] [INFO] [PromoNode.PromoFetchActor] Cashback Received 
[2024-12-29 00:41:23.6776] [INFO] [PromoNode.PromoFetchActor] Freespin Received 
[2024-12-29 00:41:23.8167] [INFO] [PromoNode.PromoFetchActor] Race Received 
[2024-12-29 00:41:24.1736] [INFO] [PromoNode.PromoFetchActor] Cashback Received 
[2024-12-29 00:41:33.6906] [INFO] [PromoNode.PromoFetchActor] Freespin Received 
[2024-12-29 00:41:33.8308] [INFO] [PromoNode.PromoFetchActor] Race Received 
[2024-12-29 00:41:34.1845] [INFO] [PromoNode.PromoFetchActor] Cashback Received 
[2024-12-29 00:41:43.7006] [INFO] [PromoNode.PromoFetchActor] Freespin Received 
[2024-12-29 00:41:43.8406] [INFO] [PromoNode.PromoFetchActor] Race Received 
[2024-12-29 00:41:44.1923] [INFO] [PromoNode.PromoFetchActor] Cashback Received 
[2024-12-29 00:41:53.7109] [INFO] [PromoNode.PromoFetchActor] Freespin Received 
[2024-12-29 00:41:53.8490] [INFO] [PromoNode.PromoFetchActor] Race Received 
[2024-12-29 00:41:54.2020] [INFO] [PromoNode.PromoFetchActor] Cashback Received 
[2024-12-29 00:41:54.6939] [INFO] [PromoNode.PromoFetchActor] Tour Received 
[2024-12-29 00:42:03.7293] [INFO] [PromoNode.PromoFetchActor] Freespin Received 
[2024-12-29 00:42:03.8690] [INFO] [PromoNode.PromoFetchActor] Race Received 
[2024-12-29 00:42:04.2246] [INFO] [PromoNode.PromoFetchActor] Cashback Received 
[2024-12-29 00:42:13.7436] [INFO] [PromoNode.PromoFetchActor] Freespin Received 
[2024-12-29 00:42:13.8820] [INFO] [PromoNode.PromoFetchActor] Race Received 
[2024-12-29 00:42:14.2376] [INFO] [PromoNode.PromoFetchActor] Cashback Received 
[2024-12-29 00:42:23.7542] [INFO] [PromoNode.PromoFetchActor] Freespin Received 
[2024-12-29 00:42:23.8938] [INFO] [PromoNode.PromoFetchActor] Race Received 
[2024-12-29 00:42:24.2483] [INFO] [PromoNode.PromoFetchActor] Cashback Received 
[2024-12-29 00:42:33.7715] [INFO] [PromoNode.PromoFetchActor] Freespin Received 
[2024-12-29 00:42:33.9090] [INFO] [PromoNode.PromoFetchActor] Race Received 
[2024-12-29 00:42:34.2628] [INFO] [PromoNode.PromoFetchActor] Cashback Received 
[2024-12-29 00:42:43.7870] [INFO] [PromoNode.PromoFetchActor] Freespin Received 
[2024-12-29 00:42:43.9278] [INFO] [PromoNode.PromoFetchActor] Race Received 
[2024-12-29 00:42:44.2798] [INFO] [PromoNode.PromoFetchActor] Cashback Received 
