[2025-05-18 00:00:00.6309] [INFO] [PromoNode.PromoFetchActor] Freespin Received 
[2025-05-18 00:00:01.6620] [INFO] [PromoNode.PromoFetchActor] Race Received 
[2025-05-18 00:00:01.7537] [INFO] [PromoNode.PromoFetchActor] Cashback Received 
[2025-05-18 00:00:10.6435] [INFO] [PromoNode.PromoFetchActor] Freespin Received 
[2025-05-18 00:00:11.6749] [INFO] [PromoNode.PromoFetchActor] Race Received 
[2025-05-18 00:00:11.7738] [INFO] [PromoNode.PromoFetchActor] Cashback Received 
[2025-05-18 00:00:20.6632] [INFO] [PromoNode.PromoFetchActor] Freespin Received 
[2025-05-18 00:00:21.7172] [INFO] [PromoNode.PromoFetchActor] Race Received 
[2025-05-18 00:00:21.7912] [INFO] [PromoNode.PromoFetchActor] Cashback Received 
[2025-05-18 00:00:30.6788] [INFO] [PromoNode.PromoFetchActor] Freespin Received 
[2025-05-18 00:00:31.7358] [INFO] [PromoNode.PromoFetchActor] Race Received 
[2025-05-18 00:00:31.8169] [INFO] [PromoNode.PromoFetchActor] Cashback Received 
[2025-05-18 00:00:40.6899] [INFO] [PromoNode.PromoFetchActor] Freespin Received 
[2025-05-18 00:00:41.7504] [INFO] [PromoNode.PromoFetchActor] Race Received 
[2025-05-18 00:00:41.8295] [INFO] [PromoNode.PromoFetchActor] Cashback Received 
[2025-05-18 00:00:45.6121] [INFO] [PromoNode.PromoFetchActor] Tour Received 
[2025-05-18 00:00:50.7039] [INFO] [PromoNode.PromoFetchActor] Freespin Received 
[2025-05-18 00:00:51.7690] [INFO] [PromoNode.PromoFetchActor] Race Received 
[2025-05-18 00:00:51.8427] [INFO] [PromoNode.PromoFetchActor] Cashback Received 
[2025-05-18 00:01:00.7079] [INFO] [PromoNode.PromoFetchActor] Freespin Received 
[2025-05-18 00:01:01.7898] [INFO] [PromoNode.PromoFetchActor] Race Received 
[2025-05-18 00:01:01.8516] [INFO] [PromoNode.PromoFetchActor] Cashback Received 
[2025-05-18 00:01:10.7290] [INFO] [PromoNode.PromoFetchActor] Freespin Received 
[2025-05-18 00:01:11.8048] [INFO] [PromoNode.PromoFetchActor] Race Received 
[2025-05-18 00:01:11.8657] [INFO] [PromoNode.PromoFetchActor] Cashback Received 
[2025-05-18 00:01:20.7423] [INFO] [PromoNode.PromoFetchActor] Freespin Received 
[2025-05-18 00:01:21.8290] [INFO] [PromoNode.PromoFetchActor] Race Received 
[2025-05-18 00:01:21.8840] [INFO] [PromoNode.PromoFetchActor] Cashback Received 
[2025-05-18 00:01:30.7523] [INFO] [PromoNode.PromoFetchActor] Freespin Received 
[2025-05-18 00:01:31.8729] [INFO] [PromoNode.PromoFetchActor] Race Received 
[2025-05-18 00:01:31.9366] [INFO] [PromoNode.PromoFetchActor] Cashback Received 
[2025-05-18 00:01:40.7619] [INFO] [PromoNode.PromoFetchActor] Freespin Received 
[2025-05-18 00:01:41.8941] [INFO] [PromoNode.PromoFetchActor] Race Received 
[2025-05-18 00:01:41.9652] [INFO] [PromoNode.PromoFetchActor] Cashback Received 
[2025-05-18 00:01:45.6336] [INFO] [PromoNode.PromoFetchActor] Tour Received 
[2025-05-18 00:01:50.7755] [INFO] [PromoNode.PromoFetchActor] Freespin Received 
[2025-05-18 00:01:51.9127] [INFO] [PromoNode.PromoFetchActor] Race Received 
[2025-05-18 00:01:51.9815] [INFO] [PromoNode.PromoFetchActor] Cashback Received 
[2025-05-18 00:02:00.7986] [INFO] [PromoNode.PromoFetchActor] Freespin Received 
[2025-05-18 00:02:01.9196] [INFO] [PromoNode.PromoFetchActor] Race Received 
[2025-05-18 00:02:01.9986] [INFO] [PromoNode.PromoFetchActor] Cashback Received 
[2025-05-18 00:02:10.8167] [INFO] [PromoNode.PromoFetchActor] Freespin Received 
[2025-05-18 00:02:11.9461] [INFO] [PromoNode.PromoFetchActor] Race Received 
[2025-05-18 00:02:12.0204] [INFO] [PromoNode.PromoFetchActor] Cashback Received 
[2025-05-18 00:02:20.8401] [INFO] [PromoNode.PromoFetchActor] Freespin Received 
[2025-05-18 00:02:21.9686] [INFO] [PromoNode.PromoFetchActor] Race Received 
[2025-05-18 00:02:22.0461] [INFO] [PromoNode.PromoFetchActor] Cashback Received 
[2025-05-18 00:02:30.8639] [INFO] [PromoNode.PromoFetchActor] Freespin Received 
[2025-05-18 00:02:31.9915] [INFO] [PromoNode.PromoFetchActor] Race Received 
[2025-05-18 00:02:32.0698] [INFO] [PromoNode.PromoFetchActor] Cashback Received 
[2025-05-18 00:02:40.8821] [INFO] [PromoNode.PromoFetchActor] Freespin Received 
[2025-05-18 00:02:42.0095] [INFO] [PromoNode.PromoFetchActor] Race Received 
[2025-05-18 00:02:42.0847] [INFO] [PromoNode.PromoFetchActor] Cashback Received 
[2025-05-18 00:02:45.6439] [INFO] [PromoNode.PromoFetchActor] Tour Received 
[2025-05-18 00:02:50.8892] [INFO] [PromoNode.PromoFetchActor] Freespin Received 
[2025-05-18 00:02:52.0270] [INFO] [PromoNode.PromoFetchActor] Race Received 
[2025-05-18 00:02:52.0868] [INFO] [PromoNode.PromoFetchActor] Cashback Received 
[2025-05-18 00:03:00.9103] [INFO] [PromoNode.PromoFetchActor] Freespin Received 
[2025-05-18 00:03:02.0384] [INFO] [PromoNode.PromoFetchActor] Race Received 
[2025-05-18 00:03:02.0983] [INFO] [PromoNode.PromoFetchActor] Cashback Received 
[2025-05-18 00:03:10.9247] [INFO] [PromoNode.PromoFetchActor] Freespin Received 
[2025-05-18 00:03:12.0573] [INFO] [PromoNode.PromoFetchActor] Race Received 
[2025-05-18 00:03:12.1202] [INFO] [PromoNode.PromoFetchActor] Cashback Received 
[2025-05-18 00:03:20.9380] [INFO] [PromoNode.PromoFetchActor] Freespin Received 
[2025-05-18 00:03:22.0784] [INFO] [PromoNode.PromoFetchActor] Race Received 
[2025-05-18 00:03:22.1382] [INFO] [PromoNode.PromoFetchActor] Cashback Received 
[2025-05-18 00:03:30.9621] [INFO] [PromoNode.PromoFetchActor] Freespin Received 
[2025-05-18 00:03:32.0911] [INFO] [PromoNode.PromoFetchActor] Race Received 
[2025-05-18 00:03:32.1519] [INFO] [PromoNode.PromoFetchActor] Cashback Received 
[2025-05-18 00:03:40.9764] [INFO] [PromoNode.PromoFetchActor] Freespin Received 
[2025-05-18 00:03:42.1075] [INFO] [PromoNode.PromoFetchActor] Race Received 
[2025-05-18 00:03:42.1645] [INFO] [PromoNode.PromoFetchActor] Cashback Received 
[2025-05-18 00:03:45.6584] [INFO] [PromoNode.PromoFetchActor] Tour Received 
[2025-05-18 00:03:51.0011] [INFO] [PromoNode.PromoFetchActor] Freespin Received 
[2025-05-18 00:03:52.1335] [INFO] [PromoNode.PromoFetchActor] Race Received 
[2025-05-18 00:03:52.1814] [INFO] [PromoNode.PromoFetchActor] Cashback Received 
[2025-05-18 00:04:01.0224] [INFO] [PromoNode.PromoFetchActor] Freespin Received 
[2025-05-18 00:04:02.1417] [INFO] [PromoNode.PromoFetchActor] Race Received 
[2025-05-18 00:04:02.1887] [INFO] [PromoNode.PromoFetchActor] Cashback Received 
[2025-05-18 00:04:11.0307] [INFO] [PromoNode.PromoFetchActor] Freespin Received 
[2025-05-18 00:04:12.1580] [INFO] [PromoNode.PromoFetchActor] Race Received 
[2025-05-18 00:04:12.2029] [INFO] [PromoNode.PromoFetchActor] Cashback Received 
[2025-05-18 00:04:21.0433] [INFO] [PromoNode.PromoFetchActor] Freespin Received 
[2025-05-18 00:04:22.1860] [INFO] [PromoNode.PromoFetchActor] Race Received 
[2025-05-18 00:04:22.2149] [INFO] [PromoNode.PromoFetchActor] Cashback Received 
[2025-05-18 00:04:31.0510] [INFO] [PromoNode.PromoFetchActor] Freespin Received 
[2025-05-18 00:04:32.2070] [INFO] [PromoNode.PromoFetchActor] Race Received 
[2025-05-18 00:04:32.2300] [INFO] [PromoNode.PromoFetchActor] Cashback Received 
[2025-05-18 00:04:41.0619] [INFO] [PromoNode.PromoFetchActor] Freespin Received 
[2025-05-18 00:04:42.2238] [INFO] [PromoNode.PromoFetchActor] Race Received 
[2025-05-18 00:04:42.2511] [INFO] [PromoNode.PromoFetchActor] Cashback Received 
[2025-05-18 00:04:45.6851] [INFO] [PromoNode.PromoFetchActor] Tour Received 
[2025-05-18 00:04:51.0810] [INFO] [PromoNode.PromoFetchActor] Freespin Received 
[2025-05-18 00:04:52.2355] [INFO] [PromoNode.PromoFetchActor] Race Received 
[2025-05-18 00:04:52.2666] [INFO] [PromoNode.PromoFetchActor] Cashback Received 
[2025-05-18 00:05:01.0863] [INFO] [PromoNode.PromoFetchActor] Freespin Received 
[2025-05-18 00:05:02.2501] [INFO] [PromoNode.PromoFetchActor] Race Received 
[2025-05-18 00:05:02.2822] [INFO] [PromoNode.PromoFetchActor] Cashback Received 
[2025-05-18 00:05:11.1057] [INFO] [PromoNode.PromoFetchActor] Freespin Received 
[2025-05-18 00:05:12.2666] [INFO] [PromoNode.PromoFetchActor] Race Received 
[2025-05-18 00:05:12.2974] [INFO] [PromoNode.PromoFetchActor] Cashback Received 
[2025-05-18 00:05:21.1172] [INFO] [PromoNode.PromoFetchActor] Freespin Received 
[2025-05-18 00:05:22.2971] [INFO] [PromoNode.PromoFetchActor] Race Received 
[2025-05-18 00:05:22.3201] [INFO] [PromoNode.PromoFetchActor] Cashback Received 
[2025-05-18 00:05:31.1382] [INFO] [PromoNode.PromoFetchActor] Freespin Received 
[2025-05-18 00:05:32.3201] [INFO] [PromoNode.PromoFetchActor] Race Received 
[2025-05-18 00:05:32.3373] [INFO] [PromoNode.PromoFetchActor] Cashback Received 
[2025-05-18 00:05:41.1519] [INFO] [PromoNode.PromoFetchActor] Freespin Received 
[2025-05-18 00:05:42.3295] [INFO] [PromoNode.PromoFetchActor] Race Received 
[2025-05-18 00:05:42.3576] [INFO] [PromoNode.PromoFetchActor] Cashback Received 
[2025-05-18 00:05:45.6932] [INFO] [PromoNode.PromoFetchActor] Tour Received 
[2025-05-18 00:05:51.1610] [INFO] [PromoNode.PromoFetchActor] Freespin Received 
[2025-05-18 00:05:52.3489] [INFO] [PromoNode.PromoFetchActor] Race Received 
[2025-05-18 00:05:52.3790] [INFO] [PromoNode.PromoFetchActor] Cashback Received 
[2025-05-18 00:06:01.1698] [INFO] [PromoNode.PromoFetchActor] Freespin Received 
[2025-05-18 00:06:02.3624] [INFO] [PromoNode.PromoFetchActor] Race Received 
[2025-05-18 00:06:02.3963] [INFO] [PromoNode.PromoFetchActor] Cashback Received 
[2025-05-18 00:06:11.1932] [INFO] [PromoNode.PromoFetchActor] Freespin Received 
[2025-05-18 00:06:12.3780] [INFO] [PromoNode.PromoFetchActor] Race Received 
[2025-05-18 00:06:12.4079] [INFO] [PromoNode.PromoFetchActor] Cashback Received 
[2025-05-18 00:06:21.2122] [INFO] [PromoNode.PromoFetchActor] Freespin Received 
[2025-05-18 00:06:22.3974] [INFO] [PromoNode.PromoFetchActor] Race Received 
[2025-05-18 00:06:22.4258] [INFO] [PromoNode.PromoFetchActor] Cashback Received 
[2025-05-18 00:06:31.2224] [INFO] [PromoNode.PromoFetchActor] Freespin Received 
[2025-05-18 00:06:32.4204] [INFO] [PromoNode.PromoFetchActor] Race Received 
[2025-05-18 00:06:32.4493] [INFO] [PromoNode.PromoFetchActor] Cashback Received 
[2025-05-18 00:06:41.2363] [INFO] [PromoNode.PromoFetchActor] Freespin Received 
[2025-05-18 00:06:42.4461] [INFO] [PromoNode.PromoFetchActor] Race Received 
[2025-05-18 00:06:42.4720] [INFO] [PromoNode.PromoFetchActor] Cashback Received 
[2025-05-18 00:06:45.7004] [INFO] [PromoNode.PromoFetchActor] Tour Received 
[2025-05-18 00:06:51.2506] [INFO] [PromoNode.PromoFetchActor] Freespin Received 
[2025-05-18 00:06:52.4696] [INFO] [PromoNode.PromoFetchActor] Race Received 
[2025-05-18 00:06:52.4836] [INFO] [PromoNode.PromoFetchActor] Cashback Received 
[2025-05-18 00:07:01.2703] [INFO] [PromoNode.PromoFetchActor] Freespin Received 
[2025-05-18 00:07:02.5050] [INFO] [PromoNode.PromoFetchActor] Race Received 
[2025-05-18 00:07:02.5130] [INFO] [PromoNode.PromoFetchActor] Cashback Received 
[2025-05-18 00:07:11.2916] [INFO] [PromoNode.PromoFetchActor] Freespin Received 
[2025-05-18 00:07:12.5118] [INFO] [PromoNode.PromoFetchActor] Race Received 
[2025-05-18 00:07:12.5278] [INFO] [PromoNode.PromoFetchActor] Cashback Received 
[2025-05-18 00:07:21.3070] [INFO] [PromoNode.PromoFetchActor] Freespin Received 
[2025-05-18 00:07:22.5192] [INFO] [PromoNode.PromoFetchActor] Race Received 
[2025-05-18 00:07:22.5511] [INFO] [PromoNode.PromoFetchActor] Cashback Received 
[2025-05-18 00:07:31.3278] [INFO] [PromoNode.PromoFetchActor] Freespin Received 
[2025-05-18 00:07:32.5346] [INFO] [PromoNode.PromoFetchActor] Race Received 
[2025-05-18 00:07:32.5646] [INFO] [PromoNode.PromoFetchActor] Cashback Received 
[2025-05-18 00:07:41.3503] [INFO] [PromoNode.PromoFetchActor] Freespin Received 
[2025-05-18 00:07:42.5498] [INFO] [PromoNode.PromoFetchActor] Race Received 
[2025-05-18 00:07:42.5817] [INFO] [PromoNode.PromoFetchActor] Cashback Received 
[2025-05-18 00:07:45.7146] [INFO] [PromoNode.PromoFetchActor] Tour Received 
[2025-05-18 00:07:51.3606] [INFO] [PromoNode.PromoFetchActor] Freespin Received 
[2025-05-18 00:07:52.5639] [INFO] [PromoNode.PromoFetchActor] Race Received 
[2025-05-18 00:07:52.5939] [INFO] [PromoNode.PromoFetchActor] Cashback Received 
[2025-05-18 00:08:01.3702] [INFO] [PromoNode.PromoFetchActor] Freespin Received 
[2025-05-18 00:08:02.5816] [INFO] [PromoNode.PromoFetchActor] Race Received 
[2025-05-18 00:08:02.6075] [INFO] [PromoNode.PromoFetchActor] Cashback Received 
[2025-05-18 00:08:11.3872] [INFO] [PromoNode.PromoFetchActor] Freespin Received 
[2025-05-18 00:08:12.5903] [INFO] [PromoNode.PromoFetchActor] Race Received 
[2025-05-18 00:08:12.6194] [INFO] [PromoNode.PromoFetchActor] Cashback Received 
[2025-05-18 00:08:21.4037] [INFO] [PromoNode.PromoFetchActor] Freespin Received 
[2025-05-18 00:08:22.6099] [INFO] [PromoNode.PromoFetchActor] Race Received 
[2025-05-18 00:08:22.6389] [INFO] [PromoNode.PromoFetchActor] Cashback Received 
[2025-05-18 00:08:31.4169] [INFO] [PromoNode.PromoFetchActor] Freespin Received 
[2025-05-18 00:08:32.6185] [INFO] [PromoNode.PromoFetchActor] Race Received 
[2025-05-18 00:08:32.6514] [INFO] [PromoNode.PromoFetchActor] Cashback Received 
[2025-05-18 00:08:41.4336] [INFO] [PromoNode.PromoFetchActor] Freespin Received 
[2025-05-18 00:08:42.6396] [INFO] [PromoNode.PromoFetchActor] Race Received 
[2025-05-18 00:08:42.6704] [INFO] [PromoNode.PromoFetchActor] Cashback Received 
[2025-05-18 00:08:45.7319] [INFO] [PromoNode.PromoFetchActor] Tour Received 
[2025-05-18 00:08:51.4484] [INFO] [PromoNode.PromoFetchActor] Freespin Received 
[2025-05-18 00:08:52.6534] [INFO] [PromoNode.PromoFetchActor] Race Received 
[2025-05-18 00:08:52.6853] [INFO] [PromoNode.PromoFetchActor] Cashback Received 
[2025-05-18 00:09:01.4697] [INFO] [PromoNode.PromoFetchActor] Freespin Received 
[2025-05-18 00:09:02.6765] [INFO] [PromoNode.PromoFetchActor] Race Received 
[2025-05-18 00:09:02.6905] [INFO] [PromoNode.PromoFetchActor] Cashback Received 
[2025-05-18 00:09:11.4793] [INFO] [PromoNode.PromoFetchActor] Freespin Received 
[2025-05-18 00:09:12.7011] [INFO] [PromoNode.PromoFetchActor] Race Received 
[2025-05-18 00:09:12.7011] [INFO] [PromoNode.PromoFetchActor] Cashback Received 
[2025-05-18 00:09:21.4968] [INFO] [PromoNode.PromoFetchActor] Freespin Received 
[2025-05-18 00:09:22.7216] [INFO] [PromoNode.PromoFetchActor] Race Received 
[2025-05-18 00:09:22.7256] [INFO] [PromoNode.PromoFetchActor] Cashback Received 
[2025-05-18 00:09:31.5114] [INFO] [PromoNode.PromoFetchActor] Freespin Received 
[2025-05-18 00:09:32.7410] [INFO] [PromoNode.PromoFetchActor] Race Received 
[2025-05-18 00:09:32.7410] [INFO] [PromoNode.PromoFetchActor] Cashback Received 
[2025-05-18 00:09:41.5321] [INFO] [PromoNode.PromoFetchActor] Freespin Received 
[2025-05-18 00:09:42.7609] [INFO] [PromoNode.PromoFetchActor] Race Received 
[2025-05-18 00:09:42.7609] [INFO] [PromoNode.PromoFetchActor] Cashback Received 
[2025-05-18 00:09:45.7509] [INFO] [PromoNode.PromoFetchActor] Tour Received 
[2025-05-18 00:09:51.5460] [INFO] [PromoNode.PromoFetchActor] Freespin Received 
[2025-05-18 00:09:52.7757] [INFO] [PromoNode.PromoFetchActor] Cashback Received 
[2025-05-18 00:09:52.7757] [INFO] [PromoNode.PromoFetchActor] Race Received 
[2025-05-18 00:10:01.5680] [INFO] [PromoNode.PromoFetchActor] Freespin Received 
[2025-05-18 00:10:02.7922] [INFO] [PromoNode.PromoFetchActor] Cashback Received 
[2025-05-18 00:10:02.7922] [INFO] [PromoNode.PromoFetchActor] Race Received 
[2025-05-18 00:10:11.5784] [INFO] [PromoNode.PromoFetchActor] Freespin Received 
[2025-05-18 00:10:12.8099] [INFO] [PromoNode.PromoFetchActor] Cashback Received 
[2025-05-18 00:10:12.8099] [INFO] [PromoNode.PromoFetchActor] Race Received 
[2025-05-18 00:10:21.5999] [INFO] [PromoNode.PromoFetchActor] Freespin Received 
[2025-05-18 00:10:22.8294] [INFO] [PromoNode.PromoFetchActor] Cashback Received 
[2025-05-18 00:10:22.8294] [INFO] [PromoNode.PromoFetchActor] Race Received 
[2025-05-18 00:10:31.6113] [INFO] [PromoNode.PromoFetchActor] Freespin Received 
[2025-05-18 00:10:32.8533] [INFO] [PromoNode.PromoFetchActor] Cashback Received 
[2025-05-18 00:10:32.8533] [INFO] [PromoNode.PromoFetchActor] Race Received 
[2025-05-18 00:10:41.6233] [INFO] [PromoNode.PromoFetchActor] Freespin Received 
[2025-05-18 00:10:42.8592] [INFO] [PromoNode.PromoFetchActor] Race Received 
[2025-05-18 00:10:42.8592] [INFO] [PromoNode.PromoFetchActor] Cashback Received 
[2025-05-18 00:10:45.7709] [INFO] [PromoNode.PromoFetchActor] Tour Received 
[2025-05-18 00:10:51.6418] [INFO] [PromoNode.PromoFetchActor] Freespin Received 
[2025-05-18 00:10:52.8747] [INFO] [PromoNode.PromoFetchActor] Race Received 
[2025-05-18 00:10:52.8747] [INFO] [PromoNode.PromoFetchActor] Cashback Received 
[2025-05-18 00:11:01.6556] [INFO] [PromoNode.PromoFetchActor] Freespin Received 
[2025-05-18 00:11:02.8841] [INFO] [PromoNode.PromoFetchActor] Cashback Received 
[2025-05-18 00:11:02.8841] [INFO] [PromoNode.PromoFetchActor] Race Received 
[2025-05-18 00:11:11.6681] [INFO] [PromoNode.PromoFetchActor] Freespin Received 
[2025-05-18 00:11:12.8918] [INFO] [PromoNode.PromoFetchActor] Race Received 
[2025-05-18 00:11:12.8918] [INFO] [PromoNode.PromoFetchActor] Cashback Received 
[2025-05-18 00:11:21.6891] [INFO] [PromoNode.PromoFetchActor] Freespin Received 
[2025-05-18 00:11:22.9088] [INFO] [PromoNode.PromoFetchActor] Race Received 
[2025-05-18 00:11:22.9088] [INFO] [PromoNode.PromoFetchActor] Cashback Received 
[2025-05-18 00:11:31.7057] [INFO] [PromoNode.PromoFetchActor] Freespin Received 
[2025-05-18 00:11:32.9320] [INFO] [PromoNode.PromoFetchActor] Race Received 
[2025-05-18 00:11:32.9320] [INFO] [PromoNode.PromoFetchActor] Cashback Received 
[2025-05-18 00:11:41.7200] [INFO] [PromoNode.PromoFetchActor] Freespin Received 
[2025-05-18 00:11:42.9502] [INFO] [PromoNode.PromoFetchActor] Race Received 
[2025-05-18 00:11:42.9502] [INFO] [PromoNode.PromoFetchActor] Cashback Received 
[2025-05-18 00:11:45.7821] [INFO] [PromoNode.PromoFetchActor] Tour Received 
[2025-05-18 00:11:51.7268] [INFO] [PromoNode.PromoFetchActor] Freespin Received 
[2025-05-18 00:11:52.9710] [INFO] [PromoNode.PromoFetchActor] Cashback Received 
[2025-05-18 00:11:52.9710] [INFO] [PromoNode.PromoFetchActor] Race Received 
[2025-05-18 00:12:01.7398] [INFO] [PromoNode.PromoFetchActor] Freespin Received 
[2025-05-18 00:12:02.9818] [INFO] [PromoNode.PromoFetchActor] Cashback Received 
[2025-05-18 00:12:02.9818] [INFO] [PromoNode.PromoFetchActor] Race Received 
[2025-05-18 00:12:11.7486] [INFO] [PromoNode.PromoFetchActor] Freespin Received 
[2025-05-18 00:12:12.9903] [INFO] [PromoNode.PromoFetchActor] Race Received 
[2025-05-18 00:12:12.9903] [INFO] [PromoNode.PromoFetchActor] Cashback Received 
[2025-05-18 00:12:21.7613] [INFO] [PromoNode.PromoFetchActor] Freespin Received 
[2025-05-18 00:12:23.0084] [INFO] [PromoNode.PromoFetchActor] Cashback Received 
[2025-05-18 00:12:23.0084] [INFO] [PromoNode.PromoFetchActor] Race Received 
[2025-05-18 00:12:31.7709] [INFO] [PromoNode.PromoFetchActor] Freespin Received 
[2025-05-18 00:12:33.0307] [INFO] [PromoNode.PromoFetchActor] Cashback Received 
[2025-05-18 00:12:33.0307] [INFO] [PromoNode.PromoFetchActor] Race Received 
[2025-05-18 00:12:41.7847] [INFO] [PromoNode.PromoFetchActor] Freespin Received 
[2025-05-18 00:12:43.0418] [INFO] [PromoNode.PromoFetchActor] Race Received 
[2025-05-18 00:12:43.0418] [INFO] [PromoNode.PromoFetchActor] Cashback Received 
[2025-05-18 00:12:45.7899] [INFO] [PromoNode.PromoFetchActor] Tour Received 
[2025-05-18 00:12:51.8004] [INFO] [PromoNode.PromoFetchActor] Freespin Received 
[2025-05-18 00:12:53.0498] [INFO] [PromoNode.PromoFetchActor] Cashback Received 
[2025-05-18 00:12:53.0498] [INFO] [PromoNode.PromoFetchActor] Race Received 
[2025-05-18 00:13:01.8117] [INFO] [PromoNode.PromoFetchActor] Freespin Received 
[2025-05-18 00:13:03.0596] [INFO] [PromoNode.PromoFetchActor] Race Received 
[2025-05-18 00:13:03.0596] [INFO] [PromoNode.PromoFetchActor] Cashback Received 
[2025-05-18 00:13:11.8235] [INFO] [PromoNode.PromoFetchActor] Freespin Received 
[2025-05-18 00:13:13.0813] [INFO] [PromoNode.PromoFetchActor] Cashback Received 
[2025-05-18 00:13:13.0853] [INFO] [PromoNode.PromoFetchActor] Race Received 
[2025-05-18 00:13:21.8430] [INFO] [PromoNode.PromoFetchActor] Freespin Received 
[2025-05-18 00:13:23.0896] [INFO] [PromoNode.PromoFetchActor] Cashback Received 
[2025-05-18 00:13:23.0896] [INFO] [PromoNode.PromoFetchActor] Race Received 
[2025-05-18 00:13:31.8564] [INFO] [PromoNode.PromoFetchActor] Freespin Received 
[2025-05-18 00:13:33.1098] [INFO] [PromoNode.PromoFetchActor] Race Received 
[2025-05-18 00:13:33.1098] [INFO] [PromoNode.PromoFetchActor] Cashback Received 
[2025-05-18 00:13:41.8693] [INFO] [PromoNode.PromoFetchActor] Freespin Received 
[2025-05-18 00:13:43.1245] [INFO] [PromoNode.PromoFetchActor] Cashback Received 
[2025-05-18 00:13:43.1245] [INFO] [PromoNode.PromoFetchActor] Race Received 
[2025-05-18 00:13:45.8143] [INFO] [PromoNode.PromoFetchActor] Tour Received 
[2025-05-18 00:13:51.8908] [INFO] [PromoNode.PromoFetchActor] Freespin Received 
[2025-05-18 00:13:53.1356] [INFO] [PromoNode.PromoFetchActor] Cashback Received 
[2025-05-18 00:13:53.1356] [INFO] [PromoNode.PromoFetchActor] Race Received 
[2025-05-18 00:14:01.8959] [INFO] [PromoNode.PromoFetchActor] Freespin Received 
[2025-05-18 00:14:03.1651] [INFO] [PromoNode.PromoFetchActor] Cashback Received 
[2025-05-18 00:14:03.1651] [INFO] [PromoNode.PromoFetchActor] Race Received 
[2025-05-18 00:14:11.9149] [INFO] [PromoNode.PromoFetchActor] Freespin Received 
[2025-05-18 00:14:13.1853] [INFO] [PromoNode.PromoFetchActor] Race Received 
[2025-05-18 00:14:13.1853] [INFO] [PromoNode.PromoFetchActor] Cashback Received 
[2025-05-18 00:14:21.9289] [INFO] [PromoNode.PromoFetchActor] Freespin Received 
[2025-05-18 00:14:23.2029] [INFO] [PromoNode.PromoFetchActor] Cashback Received 
[2025-05-18 00:14:23.2029] [INFO] [PromoNode.PromoFetchActor] Race Received 
[2025-05-18 00:14:31.9392] [INFO] [PromoNode.PromoFetchActor] Freespin Received 
[2025-05-18 00:14:33.2183] [INFO] [PromoNode.PromoFetchActor] Race Received 
[2025-05-18 00:14:33.2183] [INFO] [PromoNode.PromoFetchActor] Cashback Received 
[2025-05-18 00:14:41.9524] [INFO] [PromoNode.PromoFetchActor] Freespin Received 
[2025-05-18 00:14:43.2405] [INFO] [PromoNode.PromoFetchActor] Race Received 
[2025-05-18 00:14:43.2405] [INFO] [PromoNode.PromoFetchActor] Cashback Received 
[2025-05-18 00:14:45.8334] [INFO] [PromoNode.PromoFetchActor] Tour Received 
[2025-05-18 00:14:51.9716] [INFO] [PromoNode.PromoFetchActor] Freespin Received 
[2025-05-18 00:14:53.2481] [INFO] [PromoNode.PromoFetchActor] Race Received 
[2025-05-18 00:14:53.2481] [INFO] [PromoNode.PromoFetchActor] Cashback Received 
[2025-05-18 00:15:01.9871] [INFO] [PromoNode.PromoFetchActor] Freespin Received 
[2025-05-18 00:15:03.2634] [INFO] [PromoNode.PromoFetchActor] Cashback Received 
[2025-05-18 00:15:03.2634] [INFO] [PromoNode.PromoFetchActor] Race Received 
[2025-05-18 00:15:11.9997] [INFO] [PromoNode.PromoFetchActor] Freespin Received 
[2025-05-18 00:15:13.2775] [INFO] [PromoNode.PromoFetchActor] Cashback Received 
[2025-05-18 00:15:13.2775] [INFO] [PromoNode.PromoFetchActor] Race Received 
[2025-05-18 00:15:22.0130] [INFO] [PromoNode.PromoFetchActor] Freespin Received 
[2025-05-18 00:15:23.2930] [INFO] [PromoNode.PromoFetchActor] Cashback Received 
[2025-05-18 00:15:23.2930] [INFO] [PromoNode.PromoFetchActor] Race Received 
[2025-05-18 00:15:32.0220] [INFO] [PromoNode.PromoFetchActor] Freespin Received 
[2025-05-18 00:15:33.3046] [INFO] [PromoNode.PromoFetchActor] Race Received 
[2025-05-18 00:15:33.3046] [INFO] [PromoNode.PromoFetchActor] Cashback Received 
[2025-05-18 00:15:42.0369] [INFO] [PromoNode.PromoFetchActor] Freespin Received 
[2025-05-18 00:15:43.3118] [INFO] [PromoNode.PromoFetchActor] Race Received 
[2025-05-18 00:15:43.3278] [INFO] [PromoNode.PromoFetchActor] Cashback Received 
[2025-05-18 00:15:45.8468] [INFO] [PromoNode.PromoFetchActor] Tour Received 
[2025-05-18 00:15:52.0580] [INFO] [PromoNode.PromoFetchActor] Freespin Received 
[2025-05-18 00:15:53.3189] [INFO] [PromoNode.PromoFetchActor] Race Received 
[2025-05-18 00:15:53.3499] [INFO] [PromoNode.PromoFetchActor] Cashback Received 
[2025-05-18 00:16:02.0709] [INFO] [PromoNode.PromoFetchActor] Freespin Received 
[2025-05-18 00:16:03.3370] [INFO] [PromoNode.PromoFetchActor] Race Received 
[2025-05-18 00:16:03.3679] [INFO] [PromoNode.PromoFetchActor] Cashback Received 
[2025-05-18 00:16:12.0862] [INFO] [PromoNode.PromoFetchActor] Freespin Received 
[2025-05-18 00:16:13.3596] [INFO] [PromoNode.PromoFetchActor] Race Received 
[2025-05-18 00:16:13.3915] [INFO] [PromoNode.PromoFetchActor] Cashback Received 
[2025-05-18 00:16:22.0972] [INFO] [PromoNode.PromoFetchActor] Freespin Received 
[2025-05-18 00:16:23.3763] [INFO] [PromoNode.PromoFetchActor] Race Received 
[2025-05-18 00:16:23.4061] [INFO] [PromoNode.PromoFetchActor] Cashback Received 
[2025-05-18 00:16:32.1181] [INFO] [PromoNode.PromoFetchActor] Freespin Received 
[2025-05-18 00:16:33.4035] [INFO] [PromoNode.PromoFetchActor] Race Received 
[2025-05-18 00:16:33.4310] [INFO] [PromoNode.PromoFetchActor] Cashback Received 
[2025-05-18 00:16:42.1317] [INFO] [PromoNode.PromoFetchActor] Freespin Received 
[2025-05-18 00:16:43.4276] [INFO] [PromoNode.PromoFetchActor] Race Received 
[2025-05-18 00:16:43.4535] [INFO] [PromoNode.PromoFetchActor] Cashback Received 
[2025-05-18 00:16:45.8708] [INFO] [PromoNode.PromoFetchActor] Tour Received 
[2025-05-18 00:16:52.1412] [INFO] [PromoNode.PromoFetchActor] Freespin Received 
[2025-05-18 00:16:53.4440] [INFO] [PromoNode.PromoFetchActor] Race Received 
[2025-05-18 00:16:53.4699] [INFO] [PromoNode.PromoFetchActor] Cashback Received 
[2025-05-18 00:17:02.1508] [INFO] [PromoNode.PromoFetchActor] Freespin Received 
[2025-05-18 00:17:03.4625] [INFO] [PromoNode.PromoFetchActor] Race Received 
[2025-05-18 00:17:03.4825] [INFO] [PromoNode.PromoFetchActor] Cashback Received 
[2025-05-18 00:17:12.1618] [INFO] [PromoNode.PromoFetchActor] Freespin Received 
[2025-05-18 00:17:13.4707] [INFO] [PromoNode.PromoFetchActor] Race Received 
[2025-05-18 00:17:13.4906] [INFO] [PromoNode.PromoFetchActor] Cashback Received 
[2025-05-18 00:17:22.1697] [INFO] [PromoNode.PromoFetchActor] Freespin Received 
[2025-05-18 00:17:23.4816] [INFO] [PromoNode.PromoFetchActor] Race Received 
[2025-05-18 00:17:23.4986] [INFO] [PromoNode.PromoFetchActor] Cashback Received 
[2025-05-18 00:17:32.1980] [INFO] [PromoNode.PromoFetchActor] Freespin Received 
[2025-05-18 00:17:33.4963] [INFO] [PromoNode.PromoFetchActor] Race Received 
[2025-05-18 00:17:33.5204] [INFO] [PromoNode.PromoFetchActor] Cashback Received 
[2025-05-18 00:17:42.2146] [INFO] [PromoNode.PromoFetchActor] Freespin Received 
[2025-05-18 00:17:43.5187] [INFO] [PromoNode.PromoFetchActor] Race Received 
[2025-05-18 00:17:43.5556] [INFO] [PromoNode.PromoFetchActor] Cashback Received 
[2025-05-18 00:17:45.8956] [INFO] [PromoNode.PromoFetchActor] Tour Received 
[2025-05-18 00:17:52.2258] [INFO] [PromoNode.PromoFetchActor] Freespin Received 
[2025-05-18 00:17:53.5411] [INFO] [PromoNode.PromoFetchActor] Race Received 
[2025-05-18 00:17:53.5691] [INFO] [PromoNode.PromoFetchActor] Cashback Received 
[2025-05-18 00:18:02.2510] [INFO] [PromoNode.PromoFetchActor] Freespin Received 
[2025-05-18 00:18:03.5660] [INFO] [PromoNode.PromoFetchActor] Race Received 
[2025-05-18 00:18:03.5789] [INFO] [PromoNode.PromoFetchActor] Cashback Received 
[2025-05-18 00:18:12.2718] [INFO] [PromoNode.PromoFetchActor] Freespin Received 
[2025-05-18 00:18:13.5947] [INFO] [PromoNode.PromoFetchActor] Race Received 
[2025-05-18 00:18:13.5947] [INFO] [PromoNode.PromoFetchActor] Cashback Received 
[2025-05-18 00:18:22.2895] [INFO] [PromoNode.PromoFetchActor] Freespin Received 
[2025-05-18 00:18:23.6002] [INFO] [PromoNode.PromoFetchActor] Race Received 
[2025-05-18 00:18:23.6002] [INFO] [PromoNode.PromoFetchActor] Cashback Received 
[2025-05-18 00:18:32.3073] [INFO] [PromoNode.PromoFetchActor] Freespin Received 
[2025-05-18 00:18:33.6216] [INFO] [PromoNode.PromoFetchActor] Cashback Received 
[2025-05-18 00:18:33.6216] [INFO] [PromoNode.PromoFetchActor] Race Received 
[2025-05-18 00:18:42.3234] [INFO] [PromoNode.PromoFetchActor] Freespin Received 
[2025-05-18 00:18:43.6383] [INFO] [PromoNode.PromoFetchActor] Cashback Received 
[2025-05-18 00:18:43.6383] [INFO] [PromoNode.PromoFetchActor] Race Received 
[2025-05-18 00:18:45.9243] [INFO] [PromoNode.PromoFetchActor] Tour Received 
[2025-05-18 00:18:52.3346] [INFO] [PromoNode.PromoFetchActor] Freespin Received 
[2025-05-18 00:18:53.6680] [INFO] [PromoNode.PromoFetchActor] Cashback Received 
[2025-05-18 00:18:53.6680] [INFO] [PromoNode.PromoFetchActor] Race Received 
[2025-05-18 00:19:02.3446] [INFO] [PromoNode.PromoFetchActor] Freespin Received 
[2025-05-18 00:19:03.6915] [INFO] [PromoNode.PromoFetchActor] Race Received 
[2025-05-18 00:19:03.6915] [INFO] [PromoNode.PromoFetchActor] Cashback Received 
[2025-05-18 00:19:12.3719] [INFO] [PromoNode.PromoFetchActor] Freespin Received 
[2025-05-18 00:19:13.7077] [INFO] [PromoNode.PromoFetchActor] Cashback Received 
[2025-05-18 00:19:13.7097] [INFO] [PromoNode.PromoFetchActor] Race Received 
[2025-05-18 00:19:22.3847] [INFO] [PromoNode.PromoFetchActor] Freespin Received 
[2025-05-18 00:19:23.7285] [INFO] [PromoNode.PromoFetchActor] Race Received 
[2025-05-18 00:19:23.7285] [INFO] [PromoNode.PromoFetchActor] Cashback Received 
[2025-05-18 00:19:32.4004] [INFO] [PromoNode.PromoFetchActor] Freespin Received 
[2025-05-18 00:19:33.7454] [INFO] [PromoNode.PromoFetchActor] Race Received 
[2025-05-18 00:19:33.7454] [INFO] [PromoNode.PromoFetchActor] Cashback Received 
[2025-05-18 00:19:42.4134] [INFO] [PromoNode.PromoFetchActor] Freespin Received 
[2025-05-18 00:19:43.7599] [INFO] [PromoNode.PromoFetchActor] Cashback Received 
[2025-05-18 00:19:43.7599] [INFO] [PromoNode.PromoFetchActor] Race Received 
[2025-05-18 00:19:45.9305] [INFO] [PromoNode.PromoFetchActor] Tour Received 
[2025-05-18 00:19:52.4282] [INFO] [PromoNode.PromoFetchActor] Freespin Received 
[2025-05-18 00:19:53.7706] [INFO] [PromoNode.PromoFetchActor] Cashback Received 
[2025-05-18 00:19:53.7726] [INFO] [PromoNode.PromoFetchActor] Race Received 
[2025-05-18 00:20:02.4387] [INFO] [PromoNode.PromoFetchActor] Freespin Received 
[2025-05-18 00:20:03.7877] [INFO] [PromoNode.PromoFetchActor] Cashback Received 
[2025-05-18 00:20:03.7877] [INFO] [PromoNode.PromoFetchActor] Race Received 
[2025-05-18 00:20:12.4588] [INFO] [PromoNode.PromoFetchActor] Freespin Received 
[2025-05-18 00:20:13.8066] [INFO] [PromoNode.PromoFetchActor] Race Received 
[2025-05-18 00:20:13.8066] [INFO] [PromoNode.PromoFetchActor] Cashback Received 
[2025-05-18 00:20:22.4737] [INFO] [PromoNode.PromoFetchActor] Freespin Received 
[2025-05-18 00:20:23.8310] [INFO] [PromoNode.PromoFetchActor] Race Received 
[2025-05-18 00:20:23.8310] [INFO] [PromoNode.PromoFetchActor] Cashback Received 
[2025-05-18 00:20:32.4882] [INFO] [PromoNode.PromoFetchActor] Freespin Received 
[2025-05-18 00:20:33.8482] [INFO] [PromoNode.PromoFetchActor] Race Received 
[2025-05-18 00:20:33.8482] [INFO] [PromoNode.PromoFetchActor] Cashback Received 
[2025-05-18 00:20:42.5000] [INFO] [PromoNode.PromoFetchActor] Freespin Received 
[2025-05-18 00:20:43.8611] [INFO] [PromoNode.PromoFetchActor] Race Received 
[2025-05-18 00:20:43.8611] [INFO] [PromoNode.PromoFetchActor] Cashback Received 
[2025-05-18 00:20:45.9492] [INFO] [PromoNode.PromoFetchActor] Tour Received 
[2025-05-18 00:20:52.5129] [INFO] [PromoNode.PromoFetchActor] Freespin Received 
[2025-05-18 00:20:53.8755] [INFO] [PromoNode.PromoFetchActor] Cashback Received 
[2025-05-18 00:20:53.8755] [INFO] [PromoNode.PromoFetchActor] Race Received 
[2025-05-18 00:21:02.5263] [INFO] [PromoNode.PromoFetchActor] Freespin Received 
[2025-05-18 00:21:03.8915] [INFO] [PromoNode.PromoFetchActor] Cashback Received 
[2025-05-18 00:21:03.8915] [INFO] [PromoNode.PromoFetchActor] Race Received 
[2025-05-18 00:21:12.5439] [INFO] [PromoNode.PromoFetchActor] Freespin Received 
[2025-05-18 00:21:13.9008] [INFO] [PromoNode.PromoFetchActor] Race Received 
[2025-05-18 00:21:13.9008] [INFO] [PromoNode.PromoFetchActor] Cashback Received 
[2025-05-18 00:21:22.5521] [INFO] [PromoNode.PromoFetchActor] Freespin Received 
[2025-05-18 00:21:23.9088] [INFO] [PromoNode.PromoFetchActor] Cashback Received 
[2025-05-18 00:21:23.9088] [INFO] [PromoNode.PromoFetchActor] Race Received 
[2025-05-18 00:21:32.5665] [INFO] [PromoNode.PromoFetchActor] Freespin Received 
[2025-05-18 00:21:33.9330] [INFO] [PromoNode.PromoFetchActor] Race Received 
[2025-05-18 00:21:33.9330] [INFO] [PromoNode.PromoFetchActor] Cashback Received 
[2025-05-18 00:21:42.5869] [INFO] [PromoNode.PromoFetchActor] Freespin Received 
[2025-05-18 00:21:43.9520] [INFO] [PromoNode.PromoFetchActor] Race Received 
[2025-05-18 00:21:43.9520] [INFO] [PromoNode.PromoFetchActor] Cashback Received 
[2025-05-18 00:21:45.9704] [INFO] [PromoNode.PromoFetchActor] Tour Received 
[2025-05-18 00:21:52.6076] [INFO] [PromoNode.PromoFetchActor] Freespin Received 
[2025-05-18 00:21:53.9724] [INFO] [PromoNode.PromoFetchActor] Race Received 
[2025-05-18 00:21:53.9724] [INFO] [PromoNode.PromoFetchActor] Cashback Received 
[2025-05-18 00:22:02.6179] [INFO] [PromoNode.PromoFetchActor] Freespin Received 
[2025-05-18 00:22:03.9855] [INFO] [PromoNode.PromoFetchActor] Cashback Received 
[2025-05-18 00:22:03.9855] [INFO] [PromoNode.PromoFetchActor] Race Received 
[2025-05-18 00:22:12.6364] [INFO] [PromoNode.PromoFetchActor] Freespin Received 
[2025-05-18 00:22:14.0020] [INFO] [PromoNode.PromoFetchActor] Cashback Received 
[2025-05-18 00:22:14.0060] [INFO] [PromoNode.PromoFetchActor] Race Received 
[2025-05-18 00:22:22.6624] [INFO] [PromoNode.PromoFetchActor] Freespin Received 
[2025-05-18 00:22:24.0145] [INFO] [PromoNode.PromoFetchActor] Race Received 
[2025-05-18 00:22:24.0145] [INFO] [PromoNode.PromoFetchActor] Cashback Received 
[2025-05-18 00:22:32.6703] [INFO] [PromoNode.PromoFetchActor] Freespin Received 
[2025-05-18 00:22:34.0236] [INFO] [PromoNode.PromoFetchActor] Race Received 
[2025-05-18 00:22:34.0236] [INFO] [PromoNode.PromoFetchActor] Cashback Received 
[2025-05-18 00:22:42.6949] [INFO] [PromoNode.PromoFetchActor] Freespin Received 
[2025-05-18 00:22:44.0319] [INFO] [PromoNode.PromoFetchActor] Race Received 
[2025-05-18 00:22:44.0319] [INFO] [PromoNode.PromoFetchActor] Cashback Received 
[2025-05-18 00:22:45.9962] [INFO] [PromoNode.PromoFetchActor] Tour Received 
[2025-05-18 00:22:52.7191] [INFO] [PromoNode.PromoFetchActor] Freespin Received 
[2025-05-18 00:22:54.0549] [INFO] [PromoNode.PromoFetchActor] Cashback Received 
[2025-05-18 00:22:54.0549] [INFO] [PromoNode.PromoFetchActor] Race Received 
[2025-05-18 00:23:02.7309] [INFO] [PromoNode.PromoFetchActor] Freespin Received 
[2025-05-18 00:23:04.0642] [INFO] [PromoNode.PromoFetchActor] Cashback Received 
[2025-05-18 00:23:04.0802] [INFO] [PromoNode.PromoFetchActor] Race Received 
[2025-05-18 00:23:12.7572] [INFO] [PromoNode.PromoFetchActor] Freespin Received 
[2025-05-18 00:23:14.0705] [INFO] [PromoNode.PromoFetchActor] Cashback Received 
[2025-05-18 00:23:14.1004] [INFO] [PromoNode.PromoFetchActor] Race Received 
[2025-05-18 00:23:22.7720] [INFO] [PromoNode.PromoFetchActor] Freespin Received 
[2025-05-18 00:23:24.1092] [INFO] [PromoNode.PromoFetchActor] Cashback Received 
[2025-05-18 00:23:24.1092] [INFO] [PromoNode.PromoFetchActor] Race Received 
[2025-05-18 00:23:32.7873] [INFO] [PromoNode.PromoFetchActor] Freespin Received 
[2025-05-18 00:23:34.1340] [INFO] [PromoNode.PromoFetchActor] Cashback Received 
[2025-05-18 00:23:34.1340] [INFO] [PromoNode.PromoFetchActor] Race Received 
[2025-05-18 00:23:42.8061] [INFO] [PromoNode.PromoFetchActor] Freespin Received 
[2025-05-18 00:23:44.1402] [INFO] [PromoNode.PromoFetchActor] Cashback Received 
[2025-05-18 00:23:44.1573] [INFO] [PromoNode.PromoFetchActor] Race Received 
[2025-05-18 00:23:46.0209] [INFO] [PromoNode.PromoFetchActor] Tour Received 
[2025-05-18 00:23:52.8268] [INFO] [PromoNode.PromoFetchActor] Freespin Received 
[2025-05-18 00:23:54.1540] [INFO] [PromoNode.PromoFetchActor] Cashback Received 
[2025-05-18 00:23:54.1822] [INFO] [PromoNode.PromoFetchActor] Race Received 
[2025-05-18 00:24:02.8486] [INFO] [PromoNode.PromoFetchActor] Freespin Received 
[2025-05-18 00:24:04.1682] [INFO] [PromoNode.PromoFetchActor] Cashback Received 
[2025-05-18 00:24:04.2016] [INFO] [PromoNode.PromoFetchActor] Race Received 
[2025-05-18 00:24:12.8686] [INFO] [PromoNode.PromoFetchActor] Freespin Received 
[2025-05-18 00:24:14.1917] [INFO] [PromoNode.PromoFetchActor] Cashback Received 
[2025-05-18 00:24:14.2066] [INFO] [PromoNode.PromoFetchActor] Race Received 
[2025-05-18 00:24:22.8780] [INFO] [PromoNode.PromoFetchActor] Freespin Received 
[2025-05-18 00:24:24.2071] [INFO] [PromoNode.PromoFetchActor] Cashback Received 
[2025-05-18 00:24:24.2210] [INFO] [PromoNode.PromoFetchActor] Race Received 
[2025-05-18 00:24:32.8948] [INFO] [PromoNode.PromoFetchActor] Freespin Received 
[2025-05-18 00:24:34.2328] [INFO] [PromoNode.PromoFetchActor] Cashback Received 
[2025-05-18 00:24:34.2328] [INFO] [PromoNode.PromoFetchActor] Race Received 
[2025-05-18 00:24:42.9066] [INFO] [PromoNode.PromoFetchActor] Freespin Received 
[2025-05-18 00:24:44.2506] [INFO] [PromoNode.PromoFetchActor] Cashback Received 
[2025-05-18 00:24:44.2506] [INFO] [PromoNode.PromoFetchActor] Race Received 
[2025-05-18 00:24:46.0301] [INFO] [PromoNode.PromoFetchActor] Tour Received 
[2025-05-18 00:24:52.9180] [INFO] [PromoNode.PromoFetchActor] Freespin Received 
[2025-05-18 00:24:54.2734] [INFO] [PromoNode.PromoFetchActor] Race Received 
[2025-05-18 00:24:54.2734] [INFO] [PromoNode.PromoFetchActor] Cashback Received 
[2025-05-18 00:25:02.9284] [INFO] [PromoNode.PromoFetchActor] Freespin Received 
[2025-05-18 00:25:04.2835] [INFO] [PromoNode.PromoFetchActor] Cashback Received 
[2025-05-18 00:25:04.2884] [INFO] [PromoNode.PromoFetchActor] Race Received 
[2025-05-18 00:25:12.9393] [INFO] [PromoNode.PromoFetchActor] Freespin Received 
[2025-05-18 00:25:14.2897] [INFO] [PromoNode.PromoFetchActor] Cashback Received 
[2025-05-18 00:25:14.2897] [INFO] [PromoNode.PromoFetchActor] Race Received 
[2025-05-18 00:25:22.9506] [INFO] [PromoNode.PromoFetchActor] Freespin Received 
[2025-05-18 00:25:24.3099] [INFO] [PromoNode.PromoFetchActor] Race Received 
[2025-05-18 00:25:24.3099] [INFO] [PromoNode.PromoFetchActor] Cashback Received 
[2025-05-18 00:25:32.9713] [INFO] [PromoNode.PromoFetchActor] Freespin Received 
[2025-05-18 00:25:34.3242] [INFO] [PromoNode.PromoFetchActor] Race Received 
[2025-05-18 00:25:34.3242] [INFO] [PromoNode.PromoFetchActor] Cashback Received 
[2025-05-18 00:25:42.9916] [INFO] [PromoNode.PromoFetchActor] Freespin Received 
[2025-05-18 00:25:44.3324] [INFO] [PromoNode.PromoFetchActor] Race Received 
[2025-05-18 00:25:44.3344] [INFO] [PromoNode.PromoFetchActor] Cashback Received 
[2025-05-18 00:25:46.0541] [INFO] [PromoNode.PromoFetchActor] Tour Received 
[2025-05-18 00:25:53.0082] [INFO] [PromoNode.PromoFetchActor] Freespin Received 
[2025-05-18 00:25:54.3388] [INFO] [PromoNode.PromoFetchActor] Race Received 
[2025-05-18 00:25:54.3388] [INFO] [PromoNode.PromoFetchActor] Cashback Received 
[2025-05-18 00:26:03.0211] [INFO] [PromoNode.PromoFetchActor] Freespin Received 
[2025-05-18 00:26:04.3602] [INFO] [PromoNode.PromoFetchActor] Race Received 
[2025-05-18 00:26:04.3661] [INFO] [PromoNode.PromoFetchActor] Cashback Received 
[2025-05-18 00:26:13.0361] [INFO] [PromoNode.PromoFetchActor] Freespin Received 
[2025-05-18 00:26:14.3837] [INFO] [PromoNode.PromoFetchActor] Cashback Received 
[2025-05-18 00:26:14.3837] [INFO] [PromoNode.PromoFetchActor] Race Received 
[2025-05-18 00:26:23.0476] [INFO] [PromoNode.PromoFetchActor] Freespin Received 
[2025-05-18 00:26:24.3996] [INFO] [PromoNode.PromoFetchActor] Race Received 
[2025-05-18 00:26:24.3996] [INFO] [PromoNode.PromoFetchActor] Cashback Received 
[2025-05-18 00:26:33.0584] [INFO] [PromoNode.PromoFetchActor] Freespin Received 
[2025-05-18 00:26:34.4288] [INFO] [PromoNode.PromoFetchActor] Race Received 
[2025-05-18 00:26:34.4288] [INFO] [PromoNode.PromoFetchActor] Cashback Received 
[2025-05-18 00:26:43.0753] [INFO] [PromoNode.PromoFetchActor] Freespin Received 
[2025-05-18 00:26:44.4482] [INFO] [PromoNode.PromoFetchActor] Cashback Received 
[2025-05-18 00:26:44.4482] [INFO] [PromoNode.PromoFetchActor] Race Received 
[2025-05-18 00:26:46.0763] [INFO] [PromoNode.PromoFetchActor] Tour Received 
[2025-05-18 00:26:53.1042] [INFO] [PromoNode.PromoFetchActor] Freespin Received 
[2025-05-18 00:26:54.4584] [INFO] [PromoNode.PromoFetchActor] Race Received 
[2025-05-18 00:26:54.4614] [INFO] [PromoNode.PromoFetchActor] Cashback Received 
[2025-05-18 00:27:03.1126] [INFO] [PromoNode.PromoFetchActor] Freespin Received 
[2025-05-18 00:27:04.4783] [INFO] [PromoNode.PromoFetchActor] Cashback Received 
[2025-05-18 00:27:04.4783] [INFO] [PromoNode.PromoFetchActor] Race Received 
[2025-05-18 00:27:13.1306] [INFO] [PromoNode.PromoFetchActor] Freespin Received 
[2025-05-18 00:27:14.4986] [INFO] [PromoNode.PromoFetchActor] Race Received 
[2025-05-18 00:27:14.4986] [INFO] [PromoNode.PromoFetchActor] Cashback Received 
[2025-05-18 00:27:23.1419] [INFO] [PromoNode.PromoFetchActor] Freespin Received 
[2025-05-18 00:27:24.5112] [INFO] [PromoNode.PromoFetchActor] Cashback Received 
[2025-05-18 00:27:24.5112] [INFO] [PromoNode.PromoFetchActor] Race Received 
[2025-05-18 00:27:33.1538] [INFO] [PromoNode.PromoFetchActor] Freespin Received 
[2025-05-18 00:27:34.5205] [INFO] [PromoNode.PromoFetchActor] Race Received 
[2025-05-18 00:27:34.5225] [INFO] [PromoNode.PromoFetchActor] Cashback Received 
[2025-05-18 00:27:43.1606] [INFO] [PromoNode.PromoFetchActor] Freespin Received 
[2025-05-18 00:27:44.5425] [INFO] [PromoNode.PromoFetchActor] Race Received 
[2025-05-18 00:27:44.5425] [INFO] [PromoNode.PromoFetchActor] Cashback Received 
[2025-05-18 00:27:46.0946] [INFO] [PromoNode.PromoFetchActor] Tour Received 
[2025-05-18 00:27:53.1723] [INFO] [PromoNode.PromoFetchActor] Freespin Received 
[2025-05-18 00:27:54.5531] [INFO] [PromoNode.PromoFetchActor] Race Received 
[2025-05-18 00:27:54.5531] [INFO] [PromoNode.PromoFetchActor] Cashback Received 
[2025-05-18 00:28:03.1836] [INFO] [PromoNode.PromoFetchActor] Freespin Received 
[2025-05-18 00:28:04.5672] [INFO] [PromoNode.PromoFetchActor] Cashback Received 
[2025-05-18 00:28:04.5702] [INFO] [PromoNode.PromoFetchActor] Race Received 
[2025-05-18 00:28:13.1974] [INFO] [PromoNode.PromoFetchActor] Freespin Received 
[2025-05-18 00:28:14.5814] [INFO] [PromoNode.PromoFetchActor] Race Received 
[2025-05-18 00:28:14.5814] [INFO] [PromoNode.PromoFetchActor] Cashback Received 
[2025-05-18 00:28:23.2095] [INFO] [PromoNode.PromoFetchActor] Freespin Received 
[2025-05-18 00:28:24.6218] [INFO] [PromoNode.PromoFetchActor] Race Received 
[2025-05-18 00:28:24.6218] [INFO] [PromoNode.PromoFetchActor] Cashback Received 
[2025-05-18 00:28:33.2200] [INFO] [PromoNode.PromoFetchActor] Freespin Received 
[2025-05-18 00:28:34.6382] [INFO] [PromoNode.PromoFetchActor] Race Received 
[2025-05-18 00:28:34.6382] [INFO] [PromoNode.PromoFetchActor] Cashback Received 
[2025-05-18 00:28:43.2285] [INFO] [PromoNode.PromoFetchActor] Freespin Received 
[2025-05-18 00:28:44.6549] [INFO] [PromoNode.PromoFetchActor] Race Received 
[2025-05-18 00:28:44.6549] [INFO] [PromoNode.PromoFetchActor] Cashback Received 
[2025-05-18 00:28:46.1198] [INFO] [PromoNode.PromoFetchActor] Tour Received 
[2025-05-18 00:28:53.2478] [INFO] [PromoNode.PromoFetchActor] Freespin Received 
[2025-05-18 00:28:54.6864] [INFO] [PromoNode.PromoFetchActor] Race Received 
[2025-05-18 00:28:54.6864] [INFO] [PromoNode.PromoFetchActor] Cashback Received 
[2025-05-18 00:29:03.2660] [INFO] [PromoNode.PromoFetchActor] Freespin Received 
[2025-05-18 00:29:04.7065] [INFO] [PromoNode.PromoFetchActor] Cashback Received 
[2025-05-18 00:29:04.7065] [INFO] [PromoNode.PromoFetchActor] Race Received 
[2025-05-18 00:29:13.2933] [INFO] [PromoNode.PromoFetchActor] Freespin Received 
[2025-05-18 00:29:14.7293] [INFO] [PromoNode.PromoFetchActor] Cashback Received 
[2025-05-18 00:29:14.7293] [INFO] [PromoNode.PromoFetchActor] Race Received 
[2025-05-18 00:29:23.3045] [INFO] [PromoNode.PromoFetchActor] Freespin Received 
[2025-05-18 00:29:24.7488] [INFO] [PromoNode.PromoFetchActor] Cashback Received 
[2025-05-18 00:29:24.7488] [INFO] [PromoNode.PromoFetchActor] Race Received 
[2025-05-18 00:29:33.3118] [INFO] [PromoNode.PromoFetchActor] Freespin Received 
[2025-05-18 00:29:34.7642] [INFO] [PromoNode.PromoFetchActor] Race Received 
[2025-05-18 00:29:34.7642] [INFO] [PromoNode.PromoFetchActor] Cashback Received 
[2025-05-18 00:29:43.3192] [INFO] [PromoNode.PromoFetchActor] Freespin Received 
[2025-05-18 00:29:44.7812] [INFO] [PromoNode.PromoFetchActor] Cashback Received 
[2025-05-18 00:29:44.7812] [INFO] [PromoNode.PromoFetchActor] Race Received 
[2025-05-18 00:29:46.1370] [INFO] [PromoNode.PromoFetchActor] Tour Received 
[2025-05-18 00:29:53.3299] [INFO] [PromoNode.PromoFetchActor] Freespin Received 
[2025-05-18 00:29:54.7924] [INFO] [PromoNode.PromoFetchActor] Cashback Received 
[2025-05-18 00:29:54.7924] [INFO] [PromoNode.PromoFetchActor] Race Received 
[2025-05-18 00:30:03.3393] [INFO] [PromoNode.PromoFetchActor] Freespin Received 
[2025-05-18 00:30:04.8059] [INFO] [PromoNode.PromoFetchActor] Cashback Received 
[2025-05-18 00:30:04.8059] [INFO] [PromoNode.PromoFetchActor] Race Received 
[2025-05-18 00:30:13.3559] [INFO] [PromoNode.PromoFetchActor] Freespin Received 
[2025-05-18 00:30:14.8211] [INFO] [PromoNode.PromoFetchActor] Cashback Received 
[2025-05-18 00:30:14.8211] [INFO] [PromoNode.PromoFetchActor] Race Received 
[2025-05-18 00:30:23.3791] [INFO] [PromoNode.PromoFetchActor] Freespin Received 
[2025-05-18 00:30:24.8442] [INFO] [PromoNode.PromoFetchActor] Cashback Received 
[2025-05-18 00:30:24.8442] [INFO] [PromoNode.PromoFetchActor] Race Received 
[2025-05-18 00:30:33.3882] [INFO] [PromoNode.PromoFetchActor] Freespin Received 
[2025-05-18 00:30:34.8630] [INFO] [PromoNode.PromoFetchActor] Cashback Received 
[2025-05-18 00:30:34.8660] [INFO] [PromoNode.PromoFetchActor] Race Received 
[2025-05-18 00:30:43.4006] [INFO] [PromoNode.PromoFetchActor] Freespin Received 
[2025-05-18 00:30:44.8749] [INFO] [PromoNode.PromoFetchActor] Race Received 
[2025-05-18 00:30:44.8749] [INFO] [PromoNode.PromoFetchActor] Cashback Received 
[2025-05-18 00:30:46.1508] [INFO] [PromoNode.PromoFetchActor] Tour Received 
[2025-05-18 00:30:53.4121] [INFO] [PromoNode.PromoFetchActor] Freespin Received 
[2025-05-18 00:30:54.8925] [INFO] [PromoNode.PromoFetchActor] Cashback Received 
[2025-05-18 00:30:54.8925] [INFO] [PromoNode.PromoFetchActor] Race Received 
[2025-05-18 00:31:03.4198] [INFO] [PromoNode.PromoFetchActor] Freespin Received 
[2025-05-18 00:31:04.9092] [INFO] [PromoNode.PromoFetchActor] Race Received 
[2025-05-18 00:31:04.9092] [INFO] [PromoNode.PromoFetchActor] Cashback Received 
[2025-05-18 00:31:13.4285] [INFO] [PromoNode.PromoFetchActor] Freespin Received 
[2025-05-18 00:31:14.9345] [INFO] [PromoNode.PromoFetchActor] Race Received 
[2025-05-18 00:31:14.9345] [INFO] [PromoNode.PromoFetchActor] Cashback Received 
[2025-05-18 00:31:23.4515] [INFO] [PromoNode.PromoFetchActor] Freespin Received 
[2025-05-18 00:31:24.9480] [INFO] [PromoNode.PromoFetchActor] Cashback Received 
[2025-05-18 00:31:24.9480] [INFO] [PromoNode.PromoFetchActor] Race Received 
[2025-05-18 00:31:33.4629] [INFO] [PromoNode.PromoFetchActor] Freespin Received 
[2025-05-18 00:31:34.9705] [INFO] [PromoNode.PromoFetchActor] Cashback Received 
[2025-05-18 00:31:34.9705] [INFO] [PromoNode.PromoFetchActor] Race Received 
[2025-05-18 00:31:43.4769] [INFO] [PromoNode.PromoFetchActor] Freespin Received 
[2025-05-18 00:31:44.9944] [INFO] [PromoNode.PromoFetchActor] Cashback Received 
[2025-05-18 00:31:44.9944] [INFO] [PromoNode.PromoFetchActor] Race Received 
[2025-05-18 00:31:46.1654] [INFO] [PromoNode.PromoFetchActor] Tour Received 
[2025-05-18 00:31:53.5058] [INFO] [PromoNode.PromoFetchActor] Freespin Received 
[2025-05-18 00:31:55.0055] [INFO] [PromoNode.PromoFetchActor] Race Received 
[2025-05-18 00:31:55.0075] [INFO] [PromoNode.PromoFetchActor] Cashback Received 
[2025-05-18 00:32:03.5217] [INFO] [PromoNode.PromoFetchActor] Freespin Received 
[2025-05-18 00:32:05.0254] [INFO] [PromoNode.PromoFetchActor] Race Received 
[2025-05-18 00:32:05.0254] [INFO] [PromoNode.PromoFetchActor] Cashback Received 
[2025-05-18 00:32:13.5293] [INFO] [PromoNode.PromoFetchActor] Freespin Received 
[2025-05-18 00:32:15.0413] [INFO] [PromoNode.PromoFetchActor] Race Received 
[2025-05-18 00:32:15.0413] [INFO] [PromoNode.PromoFetchActor] Cashback Received 
[2025-05-18 00:32:23.5393] [INFO] [PromoNode.PromoFetchActor] Freespin Received 
[2025-05-18 00:32:25.0569] [INFO] [PromoNode.PromoFetchActor] Race Received 
[2025-05-18 00:32:25.0569] [INFO] [PromoNode.PromoFetchActor] Cashback Received 
[2025-05-18 00:32:33.5476] [INFO] [PromoNode.PromoFetchActor] Freespin Received 
[2025-05-18 00:32:35.0704] [INFO] [PromoNode.PromoFetchActor] Race Received 
[2025-05-18 00:32:35.0704] [INFO] [PromoNode.PromoFetchActor] Cashback Received 
[2025-05-18 00:32:43.5633] [INFO] [PromoNode.PromoFetchActor] Freespin Received 
[2025-05-18 00:32:45.0883] [INFO] [PromoNode.PromoFetchActor] Cashback Received 
[2025-05-18 00:32:45.0883] [INFO] [PromoNode.PromoFetchActor] Race Received 
[2025-05-18 00:32:46.1998] [INFO] [PromoNode.PromoFetchActor] Tour Received 
[2025-05-18 00:32:53.5766] [INFO] [PromoNode.PromoFetchActor] Freespin Received 
[2025-05-18 00:32:55.0986] [INFO] [PromoNode.PromoFetchActor] Cashback Received 
[2025-05-18 00:32:55.1006] [INFO] [PromoNode.PromoFetchActor] Race Received 
[2025-05-18 00:33:03.5934] [INFO] [PromoNode.PromoFetchActor] Freespin Received 
[2025-05-18 00:33:05.1124] [INFO] [PromoNode.PromoFetchActor] Race Received 
[2025-05-18 00:33:05.1124] [INFO] [PromoNode.PromoFetchActor] Cashback Received 
[2025-05-18 00:33:13.6021] [INFO] [PromoNode.PromoFetchActor] Freespin Received 
[2025-05-18 00:33:15.1284] [INFO] [PromoNode.PromoFetchActor] Cashback Received 
[2025-05-18 00:33:15.1284] [INFO] [PromoNode.PromoFetchActor] Race Received 
[2025-05-18 00:33:23.6122] [INFO] [PromoNode.PromoFetchActor] Freespin Received 
[2025-05-18 00:33:25.1398] [INFO] [PromoNode.PromoFetchActor] Cashback Received 
[2025-05-18 00:33:25.1398] [INFO] [PromoNode.PromoFetchActor] Race Received 
[2025-05-18 00:33:33.6287] [INFO] [PromoNode.PromoFetchActor] Freespin Received 
[2025-05-18 00:33:35.1651] [INFO] [PromoNode.PromoFetchActor] Race Received 
[2025-05-18 00:33:35.1651] [INFO] [PromoNode.PromoFetchActor] Cashback Received 
[2025-05-18 00:33:43.6384] [INFO] [PromoNode.PromoFetchActor] Freespin Received 
[2025-05-18 00:33:45.1931] [INFO] [PromoNode.PromoFetchActor] Race Received 
[2025-05-18 00:33:45.1991] [INFO] [PromoNode.PromoFetchActor] Cashback Received 
[2025-05-18 00:33:46.2167] [INFO] [PromoNode.PromoFetchActor] Tour Received 
[2025-05-18 00:33:53.6573] [INFO] [PromoNode.PromoFetchActor] Freespin Received 
[2025-05-18 00:33:55.2091] [INFO] [PromoNode.PromoFetchActor] Cashback Received 
[2025-05-18 00:33:55.2091] [INFO] [PromoNode.PromoFetchActor] Race Received 
[2025-05-18 00:34:03.6780] [INFO] [PromoNode.PromoFetchActor] Freespin Received 
[2025-05-18 00:34:05.2322] [INFO] [PromoNode.PromoFetchActor] Cashback Received 
[2025-05-18 00:34:05.2322] [INFO] [PromoNode.PromoFetchActor] Race Received 
[2025-05-18 00:34:13.6933] [INFO] [PromoNode.PromoFetchActor] Freespin Received 
[2025-05-18 00:34:15.2527] [INFO] [PromoNode.PromoFetchActor] Cashback Received 
[2025-05-18 00:34:15.2527] [INFO] [PromoNode.PromoFetchActor] Race Received 
[2025-05-18 00:34:23.7149] [INFO] [PromoNode.PromoFetchActor] Freespin Received 
[2025-05-18 00:34:25.2800] [INFO] [PromoNode.PromoFetchActor] Cashback Received 
[2025-05-18 00:34:25.2800] [INFO] [PromoNode.PromoFetchActor] Race Received 
[2025-05-18 00:34:33.7340] [INFO] [PromoNode.PromoFetchActor] Freespin Received 
[2025-05-18 00:34:35.3025] [INFO] [PromoNode.PromoFetchActor] Race Received 
[2025-05-18 00:34:35.3045] [INFO] [PromoNode.PromoFetchActor] Cashback Received 
[2025-05-18 00:34:43.7417] [INFO] [PromoNode.PromoFetchActor] Freespin Received 
[2025-05-18 00:34:45.3094] [INFO] [PromoNode.PromoFetchActor] Race Received 
[2025-05-18 00:34:45.3094] [INFO] [PromoNode.PromoFetchActor] Cashback Received 
[2025-05-18 00:34:46.2459] [INFO] [PromoNode.PromoFetchActor] Tour Received 
[2025-05-18 00:34:53.7506] [INFO] [PromoNode.PromoFetchActor] Freespin Received 
[2025-05-18 00:34:55.3327] [INFO] [PromoNode.PromoFetchActor] Race Received 
[2025-05-18 00:34:55.3367] [INFO] [PromoNode.PromoFetchActor] Cashback Received 
[2025-05-18 00:35:03.7662] [INFO] [PromoNode.PromoFetchActor] Freespin Received 
[2025-05-18 00:35:05.3541] [INFO] [PromoNode.PromoFetchActor] Race Received 
[2025-05-18 00:35:05.3541] [INFO] [PromoNode.PromoFetchActor] Cashback Received 
[2025-05-18 00:35:13.7933] [INFO] [PromoNode.PromoFetchActor] Freespin Received 
[2025-05-18 00:35:15.3607] [INFO] [PromoNode.PromoFetchActor] Race Received 
[2025-05-18 00:35:15.3756] [INFO] [PromoNode.PromoFetchActor] Cashback Received 
[2025-05-18 00:35:23.8145] [INFO] [PromoNode.PromoFetchActor] Freespin Received 
[2025-05-18 00:35:25.3838] [INFO] [PromoNode.PromoFetchActor] Race Received 
[2025-05-18 00:35:25.3998] [INFO] [PromoNode.PromoFetchActor] Cashback Received 
[2025-05-18 00:35:33.8216] [INFO] [PromoNode.PromoFetchActor] Freespin Received 
[2025-05-18 00:35:35.3978] [INFO] [PromoNode.PromoFetchActor] Race Received 
[2025-05-18 00:35:35.4134] [INFO] [PromoNode.PromoFetchActor] Cashback Received 
[2025-05-18 00:35:43.8388] [INFO] [PromoNode.PromoFetchActor] Freespin Received 
[2025-05-18 00:35:45.4162] [INFO] [PromoNode.PromoFetchActor] Race Received 
[2025-05-18 00:35:45.4292] [INFO] [PromoNode.PromoFetchActor] Cashback Received 
[2025-05-18 00:35:46.2768] [INFO] [PromoNode.PromoFetchActor] Tour Received 
[2025-05-18 00:35:53.8507] [INFO] [PromoNode.PromoFetchActor] Freespin Received 
[2025-05-18 00:35:55.4321] [INFO] [PromoNode.PromoFetchActor] Race Received 
[2025-05-18 00:35:55.4581] [INFO] [PromoNode.PromoFetchActor] Cashback Received 
[2025-05-18 00:36:03.8570] [INFO] [PromoNode.PromoFetchActor] Freespin Received 
[2025-05-18 00:36:05.4425] [INFO] [PromoNode.PromoFetchActor] Race Received 
[2025-05-18 00:36:05.4704] [INFO] [PromoNode.PromoFetchActor] Cashback Received 
[2025-05-18 00:36:13.8671] [INFO] [PromoNode.PromoFetchActor] Freespin Received 
[2025-05-18 00:36:15.4579] [INFO] [PromoNode.PromoFetchActor] Race Received 
[2025-05-18 00:36:15.4869] [INFO] [PromoNode.PromoFetchActor] Cashback Received 
[2025-05-18 00:36:23.8886] [INFO] [PromoNode.PromoFetchActor] Freespin Received 
[2025-05-18 00:36:25.4747] [INFO] [PromoNode.PromoFetchActor] Race Received 
[2025-05-18 00:36:25.5056] [INFO] [PromoNode.PromoFetchActor] Cashback Received 
[2025-05-18 00:36:33.9049] [INFO] [PromoNode.PromoFetchActor] Freespin Received 
[2025-05-18 00:36:35.4914] [INFO] [PromoNode.PromoFetchActor] Race Received 
[2025-05-18 00:36:35.5273] [INFO] [PromoNode.PromoFetchActor] Cashback Received 
[2025-05-18 00:36:43.9184] [INFO] [PromoNode.PromoFetchActor] Freespin Received 
[2025-05-18 00:36:45.4997] [INFO] [PromoNode.PromoFetchActor] Race Received 
[2025-05-18 00:36:45.5447] [INFO] [PromoNode.PromoFetchActor] Cashback Received 
[2025-05-18 00:36:46.3031] [INFO] [PromoNode.PromoFetchActor] Tour Received 
[2025-05-18 00:36:53.9357] [INFO] [PromoNode.PromoFetchActor] Freespin Received 
[2025-05-18 00:36:55.5134] [INFO] [PromoNode.PromoFetchActor] Race Received 
[2025-05-18 00:36:55.5602] [INFO] [PromoNode.PromoFetchActor] Cashback Received 
[2025-05-18 00:37:03.9559] [INFO] [PromoNode.PromoFetchActor] Freespin Received 
[2025-05-18 00:37:05.5308] [INFO] [PromoNode.PromoFetchActor] Race Received 
[2025-05-18 00:37:05.5827] [INFO] [PromoNode.PromoFetchActor] Cashback Received 
[2025-05-18 00:37:13.9714] [INFO] [PromoNode.PromoFetchActor] Freespin Received 
[2025-05-18 00:37:15.5508] [INFO] [PromoNode.PromoFetchActor] Race Received 
[2025-05-18 00:37:15.5970] [INFO] [PromoNode.PromoFetchActor] Cashback Received 
[2025-05-18 00:37:23.9839] [INFO] [PromoNode.PromoFetchActor] Freespin Received 
[2025-05-18 00:37:25.5704] [INFO] [PromoNode.PromoFetchActor] Race Received 
[2025-05-18 00:37:25.6135] [INFO] [PromoNode.PromoFetchActor] Cashback Received 
[2025-05-18 00:37:34.0004] [INFO] [PromoNode.PromoFetchActor] Freespin Received 
[2025-05-18 00:37:35.5904] [INFO] [PromoNode.PromoFetchActor] Race Received 
[2025-05-18 00:37:35.6313] [INFO] [PromoNode.PromoFetchActor] Cashback Received 
[2025-05-18 00:37:44.0213] [INFO] [PromoNode.PromoFetchActor] Freespin Received 
[2025-05-18 00:37:45.6121] [INFO] [PromoNode.PromoFetchActor] Race Received 
[2025-05-18 00:37:45.6449] [INFO] [PromoNode.PromoFetchActor] Cashback Received 
[2025-05-18 00:37:46.3235] [INFO] [PromoNode.PromoFetchActor] Tour Received 
[2025-05-18 00:37:54.0334] [INFO] [PromoNode.PromoFetchActor] Freespin Received 
[2025-05-18 00:37:55.6230] [INFO] [PromoNode.PromoFetchActor] Race Received 
[2025-05-18 00:37:55.6690] [INFO] [PromoNode.PromoFetchActor] Cashback Received 
[2025-05-18 00:38:04.0528] [INFO] [PromoNode.PromoFetchActor] Freespin Received 
[2025-05-18 00:38:05.6415] [INFO] [PromoNode.PromoFetchActor] Race Received 
[2025-05-18 00:38:05.6893] [INFO] [PromoNode.PromoFetchActor] Cashback Received 
[2025-05-18 00:38:14.0643] [INFO] [PromoNode.PromoFetchActor] Freespin Received 
[2025-05-18 00:38:15.6497] [INFO] [PromoNode.PromoFetchActor] Race Received 
[2025-05-18 00:38:15.7127] [INFO] [PromoNode.PromoFetchActor] Cashback Received 
[2025-05-18 00:38:24.0765] [INFO] [PromoNode.PromoFetchActor] Freespin Received 
[2025-05-18 00:38:25.6624] [INFO] [PromoNode.PromoFetchActor] Race Received 
[2025-05-18 00:38:25.7218] [INFO] [PromoNode.PromoFetchActor] Cashback Received 
[2025-05-18 00:38:34.0908] [INFO] [PromoNode.PromoFetchActor] Freespin Received 
[2025-05-18 00:38:35.6757] [INFO] [PromoNode.PromoFetchActor] Race Received 
[2025-05-18 00:38:35.7393] [INFO] [PromoNode.PromoFetchActor] Cashback Received 
[2025-05-18 00:38:44.1100] [INFO] [PromoNode.PromoFetchActor] Freespin Received 
[2025-05-18 00:38:45.7006] [INFO] [PromoNode.PromoFetchActor] Race Received 
[2025-05-18 00:38:45.7604] [INFO] [PromoNode.PromoFetchActor] Cashback Received 
[2025-05-18 00:38:46.3598] [INFO] [PromoNode.PromoFetchActor] Tour Received 
[2025-05-18 00:38:54.1308] [INFO] [PromoNode.PromoFetchActor] Freespin Received 
[2025-05-18 00:38:55.7183] [INFO] [PromoNode.PromoFetchActor] Race Received 
[2025-05-18 00:38:55.7762] [INFO] [PromoNode.PromoFetchActor] Cashback Received 
[2025-05-18 00:39:04.1490] [INFO] [PromoNode.PromoFetchActor] Freespin Received 
[2025-05-18 00:39:05.7411] [INFO] [PromoNode.PromoFetchActor] Race Received 
[2025-05-18 00:39:05.8032] [INFO] [PromoNode.PromoFetchActor] Cashback Received 
[2025-05-18 00:39:14.1562] [INFO] [PromoNode.PromoFetchActor] Freespin Received 
[2025-05-18 00:39:15.7521] [INFO] [PromoNode.PromoFetchActor] Race Received 
[2025-05-18 00:39:15.8143] [INFO] [PromoNode.PromoFetchActor] Cashback Received 
[2025-05-18 00:39:24.1797] [INFO] [PromoNode.PromoFetchActor] Freespin Received 
[2025-05-18 00:39:25.7646] [INFO] [PromoNode.PromoFetchActor] Race Received 
[2025-05-18 00:39:25.8271] [INFO] [PromoNode.PromoFetchActor] Cashback Received 
[2025-05-18 00:39:34.1867] [INFO] [PromoNode.PromoFetchActor] Freespin Received 
[2025-05-18 00:39:35.7751] [INFO] [PromoNode.PromoFetchActor] Race Received 
[2025-05-18 00:39:35.8536] [INFO] [PromoNode.PromoFetchActor] Cashback Received 
[2025-05-18 00:39:44.2047] [INFO] [PromoNode.PromoFetchActor] Freespin Received 
[2025-05-18 00:39:45.8016] [INFO] [PromoNode.PromoFetchActor] Race Received 
[2025-05-18 00:39:45.8644] [INFO] [PromoNode.PromoFetchActor] Cashback Received 
[2025-05-18 00:39:46.3800] [INFO] [PromoNode.PromoFetchActor] Tour Received 
[2025-05-18 00:39:54.2176] [INFO] [PromoNode.PromoFetchActor] Freespin Received 
[2025-05-18 00:39:55.8185] [INFO] [PromoNode.PromoFetchActor] Race Received 
[2025-05-18 00:39:55.8810] [INFO] [PromoNode.PromoFetchActor] Cashback Received 
[2025-05-18 00:40:04.2402] [INFO] [PromoNode.PromoFetchActor] Freespin Received 
[2025-05-18 00:40:05.8347] [INFO] [PromoNode.PromoFetchActor] Race Received 
[2025-05-18 00:40:05.8951] [INFO] [PromoNode.PromoFetchActor] Cashback Received 
[2025-05-18 00:40:14.2511] [INFO] [PromoNode.PromoFetchActor] Freespin Received 
[2025-05-18 00:40:15.8514] [INFO] [PromoNode.PromoFetchActor] Race Received 
[2025-05-18 00:40:15.9126] [INFO] [PromoNode.PromoFetchActor] Cashback Received 
[2025-05-18 00:40:24.2595] [INFO] [PromoNode.PromoFetchActor] Freespin Received 
[2025-05-18 00:40:25.8664] [INFO] [PromoNode.PromoFetchActor] Race Received 
[2025-05-18 00:40:25.9251] [INFO] [PromoNode.PromoFetchActor] Cashback Received 
[2025-05-18 00:40:34.2795] [INFO] [PromoNode.PromoFetchActor] Freespin Received 
[2025-05-18 00:40:35.8857] [INFO] [PromoNode.PromoFetchActor] Race Received 
[2025-05-18 00:40:35.9425] [INFO] [PromoNode.PromoFetchActor] Cashback Received 
[2025-05-18 00:40:44.2965] [INFO] [PromoNode.PromoFetchActor] Freespin Received 
[2025-05-18 00:40:45.9101] [INFO] [PromoNode.PromoFetchActor] Race Received 
[2025-05-18 00:40:45.9560] [INFO] [PromoNode.PromoFetchActor] Cashback Received 
[2025-05-18 00:40:46.4013] [INFO] [PromoNode.PromoFetchActor] Tour Received 
[2025-05-18 00:40:54.3126] [INFO] [PromoNode.PromoFetchActor] Freespin Received 
[2025-05-18 00:40:55.9250] [INFO] [PromoNode.PromoFetchActor] Race Received 
[2025-05-18 00:40:55.9729] [INFO] [PromoNode.PromoFetchActor] Cashback Received 
[2025-05-18 00:41:04.3246] [INFO] [PromoNode.PromoFetchActor] Freespin Received 
[2025-05-18 00:41:05.9309] [INFO] [PromoNode.PromoFetchActor] Race Received 
[2025-05-18 00:41:05.9917] [INFO] [PromoNode.PromoFetchActor] Cashback Received 
[2025-05-18 00:41:14.3320] [INFO] [PromoNode.PromoFetchActor] Freespin Received 
[2025-05-18 00:41:15.9378] [INFO] [PromoNode.PromoFetchActor] Race Received 
[2025-05-18 00:41:15.9987] [INFO] [PromoNode.PromoFetchActor] Cashback Received 
[2025-05-18 00:41:24.3394] [INFO] [PromoNode.PromoFetchActor] Freespin Received 
[2025-05-18 00:41:25.9510] [INFO] [PromoNode.PromoFetchActor] Race Received 
[2025-05-18 00:41:26.0130] [INFO] [PromoNode.PromoFetchActor] Cashback Received 
[2025-05-18 00:41:34.3498] [INFO] [PromoNode.PromoFetchActor] Freespin Received 
[2025-05-18 00:41:35.9656] [INFO] [PromoNode.PromoFetchActor] Race Received 
[2025-05-18 00:41:36.0216] [INFO] [PromoNode.PromoFetchActor] Cashback Received 
[2025-05-18 00:41:44.3704] [INFO] [PromoNode.PromoFetchActor] Freespin Received 
[2025-05-18 00:41:45.9807] [INFO] [PromoNode.PromoFetchActor] Race Received 
[2025-05-18 00:41:46.0397] [INFO] [PromoNode.PromoFetchActor] Cashback Received 
[2025-05-18 00:41:46.4158] [INFO] [PromoNode.PromoFetchActor] Tour Received 
[2025-05-18 00:41:54.3918] [INFO] [PromoNode.PromoFetchActor] Freespin Received 
[2025-05-18 00:41:55.9948] [INFO] [PromoNode.PromoFetchActor] Race Received 
[2025-05-18 00:41:56.0528] [INFO] [PromoNode.PromoFetchActor] Cashback Received 
[2025-05-18 00:42:04.4102] [INFO] [PromoNode.PromoFetchActor] Freespin Received 
[2025-05-18 00:42:06.0100] [INFO] [PromoNode.PromoFetchActor] Race Received 
[2025-05-18 00:42:06.0721] [INFO] [PromoNode.PromoFetchActor] Cashback Received 
[2025-05-18 00:42:14.4289] [INFO] [PromoNode.PromoFetchActor] Freespin Received 
[2025-05-18 00:42:16.0285] [INFO] [PromoNode.PromoFetchActor] Race Received 
[2025-05-18 00:42:16.0893] [INFO] [PromoNode.PromoFetchActor] Cashback Received 
[2025-05-18 11:32:55.5682] [WARN] [Akka.Cluster.ClusterHeartbeatSender] Cluster Node [akka.tcp://godgaming@127.0.0.1:8093] - Scheduled sending of heartbeat was delayed. Previous heartbeat was sent [39033961.2192] ms ago, expected interval is [1000] ms. This may cause failure detection to mark members as unreachable. The reason can be thread starvation, e.g. by running blocking tasks on the default dispatcher, CPU overload, or GC. 
[2025-05-18 11:32:57.7188] [ERROR] [Akka.Remote.Transport.ProtocolStateActor] No response from remote. Handshake timed out or transport failure detector triggered. (internal state was Open) 
[2025-05-18 11:32:57.9533] [ERROR] [Akka.Remote.Transport.ProtocolStateActor] No response from remote. Handshake timed out or transport failure detector triggered. (internal state was Open) 
[2025-05-18 11:32:57.9957] [ERROR] [Akka.Remote.Transport.ProtocolStateActor] No response from remote. Handshake timed out or transport failure detector triggered. (internal state was Open) 
[2025-05-18 11:32:58.0595] [ERROR] [Akka.Remote.Transport.ProtocolStateActor] No response from remote. Handshake timed out or transport failure detector triggered. (internal state was Open) 
[2025-05-18 11:32:58.0993] [INFO] [PromoNode.PromoFetchActor] Race Received 
[2025-05-18 11:32:58.1352] [INFO] [Akka.Remote.Transport.DotNetty.TcpClientHandler] Connection was reset by the remote peer. Channel [[::ffff:127.0.0.1]:8564->[::ffff:127.0.0.1]:4055](Id=0d824bcb) 
[2025-05-18 11:32:58.1621] [INFO] [Akka.Actor.LocalActorRef] Message [InboundPayload] without sender to akka://godgaming/system/transports/akkaprotocolmanager.tcp.0/akkaProtocol-tcp%3A%2F%2Fgodgaming%40%5B%3A%3Affff%3A127.0.0.1%5D%3A8578-3 was not delivered. [1] dead letters encountered. If this is not an expected behavior then akka://godgaming/system/transports/akkaprotocolmanager.tcp.0/akkaProtocol-tcp%3A%2F%2Fgodgaming%40%5B%3A%3Affff%3A127.0.0.1%5D%3A8578-3 may have terminated unexpectedly. This logging can be turned off or adjusted with configuration settings 'akka.log-dead-letters' and 'akka.log-dead-letters-during-shutdown'. 
[2025-05-18 11:32:58.2020] [INFO] [Akka.Actor.LocalActorRef] Message [InboundPayload] without sender to akka://godgaming/system/transports/akkaprotocolmanager.tcp.0/akkaProtocol-tcp%3A%2F%2Fgodgaming%40127.0.0.1%3A8091-4 was not delivered. [2] dead letters encountered. If this is not an expected behavior then akka://godgaming/system/transports/akkaprotocolmanager.tcp.0/akkaProtocol-tcp%3A%2F%2Fgodgaming%40127.0.0.1%3A8091-4 may have terminated unexpectedly. This logging can be turned off or adjusted with configuration settings 'akka.log-dead-letters' and 'akka.log-dead-letters-during-shutdown'. 
[2025-05-18 11:32:58.2219] [WARN] [Akka.Cluster.ClusterCoreDaemon] Cluster Node [akka.tcp://godgaming@127.0.0.1:8093] - Marking node(s) as UNREACHABLE [Member(address = akka.tcp://godgaming@127.0.0.1:4055, Uid=180487910 status = Up, role=[lighthouse], upNumber=1, version=1.4.0), Member(address = akka.tcp://godgaming@127.0.0.1:8083, Uid=235128254 status = Up, role=[comm], upNumber=2, version=1.0.0), Member(address = akka.tcp://godgaming@127.0.0.1:8091, Uid=1927462117 status = Up, role=[slotgame], upNumber=5, version=1.0.0), Member(address = akka.tcp://godgaming@127.0.0.1:8094, Uid=243593779 status = Up, role=[queenapi], upNumber=4, version=1.0.0)]. Node roles [promo] 
[2025-05-18 11:32:58.2419] [INFO] [PromoNode.PromoFetchActor] Tour Received 
[2025-05-18 11:32:58.2419] [INFO] [Cluster (akka://godgaming)] Cluster Node [akka.tcp://godgaming@127.0.0.1:8093] - is the new leader among reachable nodes (more leaders may exist) 
[2025-05-18 11:32:58.2419] [INFO] [PromoNode.PromoFetchActor] Freespin Received 
[2025-05-18 11:32:58.2608] [INFO] [PromoNode.PromoFetchActor] Cashback Received 
[2025-05-18 11:32:58.2608] [WARN] [Akka.Remote.ReliableDeliverySupervisor] Association with remote system akka.tcp://godgaming@127.0.0.1:4055 has failed; address is now gated for 5000 ms. Reason is: [Akka.Remote.EndpointDisassociatedException: Disassociated
   at Akka.Remote.EndpointWriter.PublishAndThrow(Exception reason, LogLevel level, Boolean needToThrow)
   at Akka.Remote.EndpointWriter.Unhandled(Object message)
   at Akka.Actor.ReceiveActor.ExecutePartialMessageHandler(Object message, PartialAction`1 partialAction)
   at Akka.Actor.ReceiveActor.<>c__DisplayClass11_0.<Become>b__0(Object m)
   at Akka.Actor.ActorCell.<>c__DisplayClass114_0.<Akka.Actor.IUntypedActorContext.Become>b__0(Object m)
   at Akka.Actor.ActorBase.AroundReceive(Receive receive, Object message)
   at Akka.Actor.ActorCell.ReceiveMessage(Object message)
   at Akka.Actor.ActorCell.ReceivedTerminated(Terminated t)
   at Akka.Actor.ActorCell.AutoReceiveMessage(Envelope envelope)
   at Akka.Actor.ActorCell.Invoke(Envelope envelope)] 
[2025-05-18 11:32:58.3105] [WARN] [Akka.Remote.ReliableDeliverySupervisor] Association with remote system akka.tcp://godgaming@127.0.0.1:8091 has failed; address is now gated for 5000 ms. Reason is: [Akka.Remote.EndpointDisassociatedException: Disassociated
   at Akka.Remote.EndpointWriter.PublishAndThrow(Exception reason, LogLevel level, Boolean needToThrow)
   at Akka.Remote.EndpointWriter.Unhandled(Object message)
   at Akka.Actor.ReceiveActor.ExecutePartialMessageHandler(Object message, PartialAction`1 partialAction)
   at Akka.Actor.ReceiveActor.<>c__DisplayClass11_0.<Become>b__0(Object m)
   at Akka.Actor.ActorCell.<>c__DisplayClass114_0.<Akka.Actor.IUntypedActorContext.Become>b__0(Object m)
   at Akka.Actor.ActorBase.AroundReceive(Receive receive, Object message)
   at Akka.Actor.ActorCell.ReceiveMessage(Object message)
   at Akka.Actor.ActorCell.ReceivedTerminated(Terminated t)
   at Akka.Actor.ActorCell.AutoReceiveMessage(Envelope envelope)
   at Akka.Actor.ActorCell.Invoke(Envelope envelope)] 
[2025-05-18 11:32:58.3625] [WARN] [Akka.Remote.ReliableDeliverySupervisor] Association with remote system akka.tcp://godgaming@127.0.0.1:8094 has failed; address is now gated for 5000 ms. Reason is: [Akka.Remote.EndpointDisassociatedException: Disassociated
   at Akka.Remote.EndpointWriter.PublishAndThrow(Exception reason, LogLevel level, Boolean needToThrow)
   at Akka.Remote.EndpointWriter.Unhandled(Object message)
   at Akka.Actor.ReceiveActor.ExecutePartialMessageHandler(Object message, PartialAction`1 partialAction)
   at Akka.Actor.ReceiveActor.<>c__DisplayClass11_0.<Become>b__0(Object m)
   at Akka.Actor.ActorCell.<>c__DisplayClass114_0.<Akka.Actor.IUntypedActorContext.Become>b__0(Object m)
   at Akka.Actor.ActorBase.AroundReceive(Receive receive, Object message)
   at Akka.Actor.ActorCell.ReceiveMessage(Object message)
   at Akka.Actor.ActorCell.ReceivedTerminated(Terminated t)
   at Akka.Actor.ActorCell.AutoReceiveMessage(Envelope envelope)
   at Akka.Actor.ActorCell.Invoke(Envelope envelope)] 
[2025-05-18 11:32:58.4193] [WARN] [Akka.Remote.ReliableDeliverySupervisor] Association with remote system akka.tcp://godgaming@127.0.0.1:8083 has failed; address is now gated for 5000 ms. Reason is: [Akka.Remote.EndpointDisassociatedException: Disassociated
   at Akka.Remote.EndpointWriter.PublishAndThrow(Exception reason, LogLevel level, Boolean needToThrow)
   at Akka.Remote.EndpointWriter.Unhandled(Object message)
   at Akka.Actor.ReceiveActor.ExecutePartialMessageHandler(Object message, PartialAction`1 partialAction)
   at Akka.Actor.ReceiveActor.<>c__DisplayClass11_0.<Become>b__0(Object m)
   at Akka.Actor.ActorCell.<>c__DisplayClass114_0.<Akka.Actor.IUntypedActorContext.Become>b__0(Object m)
   at Akka.Actor.ActorBase.AroundReceive(Receive receive, Object message)
   at Akka.Actor.ActorCell.ReceiveMessage(Object message)
   at Akka.Actor.ActorCell.ReceivedTerminated(Terminated t)
   at Akka.Actor.ActorCell.AutoReceiveMessage(Envelope envelope)
   at Akka.Actor.ActorCell.Invoke(Envelope envelope)] 
[2025-05-18 11:32:58.4691] [ERROR] [Akka.Actor.OneForOneStrategy] Disassociated Akka.Remote.EndpointDisassociatedException: Disassociated
   at Akka.Remote.EndpointWriter.PublishAndThrow(Exception reason, LogLevel level, Boolean needToThrow)
   at Akka.Remote.EndpointWriter.Unhandled(Object message)
   at Akka.Actor.ReceiveActor.ExecutePartialMessageHandler(Object message, PartialAction`1 partialAction)
   at Akka.Actor.ReceiveActor.<>c__DisplayClass11_0.<Become>b__0(Object m)
   at Akka.Actor.ActorCell.<>c__DisplayClass114_0.<Akka.Actor.IUntypedActorContext.Become>b__0(Object m)
   at Akka.Actor.ActorBase.AroundReceive(Receive receive, Object message)
   at Akka.Actor.ActorCell.ReceiveMessage(Object message)
   at Akka.Actor.ActorCell.ReceivedTerminated(Terminated t)
   at Akka.Actor.ActorCell.AutoReceiveMessage(Envelope envelope)
   at Akka.Actor.ActorCell.Invoke(Envelope envelope)
[2025-05-18 11:32:58.5096] [ERROR] [Akka.Actor.OneForOneStrategy] Disassociated Akka.Remote.EndpointDisassociatedException: Disassociated
   at Akka.Remote.EndpointWriter.PublishAndThrow(Exception reason, LogLevel level, Boolean needToThrow)
   at Akka.Remote.EndpointWriter.Unhandled(Object message)
   at Akka.Actor.ReceiveActor.ExecutePartialMessageHandler(Object message, PartialAction`1 partialAction)
   at Akka.Actor.ReceiveActor.<>c__DisplayClass11_0.<Become>b__0(Object m)
   at Akka.Actor.ActorCell.<>c__DisplayClass114_0.<Akka.Actor.IUntypedActorContext.Become>b__0(Object m)
   at Akka.Actor.ActorBase.AroundReceive(Receive receive, Object message)
   at Akka.Actor.ActorCell.ReceiveMessage(Object message)
   at Akka.Actor.ActorCell.ReceivedTerminated(Terminated t)
   at Akka.Actor.ActorCell.AutoReceiveMessage(Envelope envelope)
   at Akka.Actor.ActorCell.Invoke(Envelope envelope)
[2025-05-18 11:32:58.5505] [INFO] [Akka.Remote.RemoteActorRefProvider+RemoteDeadLetterActorRef] Message [Heartbeat] from akka://godgaming/system/cluster/core/daemon/heartbeatSender to akka://godgaming/deadLetters was not delivered. [3] dead letters encountered. If this is not an expected behavior then akka://godgaming/deadLetters may have terminated unexpectedly. This logging can be turned off or adjusted with configuration settings 'akka.log-dead-letters' and 'akka.log-dead-letters-during-shutdown'. 
[2025-05-18 11:32:58.5585] [INFO] [Akka.Remote.RemoteActorRefProvider+RemoteDeadLetterActorRef] Message [Heartbeat] from akka://godgaming/system/cluster/core/daemon/heartbeatSender to akka://godgaming/deadLetters was not delivered. [4] dead letters encountered. If this is not an expected behavior then akka://godgaming/deadLetters may have terminated unexpectedly. This logging can be turned off or adjusted with configuration settings 'akka.log-dead-letters' and 'akka.log-dead-letters-during-shutdown'. 
[2025-05-18 11:32:58.5585] [INFO] [Akka.Remote.RemoteActorRefProvider+RemoteDeadLetterActorRef] Message [Heartbeat] from akka://godgaming/system/cluster/core/daemon/heartbeatSender to akka://godgaming/deadLetters was not delivered. [5] dead letters encountered. If this is not an expected behavior then akka://godgaming/deadLetters may have terminated unexpectedly. This logging can be turned off or adjusted with configuration settings 'akka.log-dead-letters' and 'akka.log-dead-letters-during-shutdown'. 
[2025-05-18 11:32:58.5685] [INFO] [Akka.Remote.RemoteActorRefProvider+RemoteDeadLetterActorRef] Message [GossipStatus] from akka://godgaming/system/cluster/core/daemon to akka://godgaming/deadLetters was not delivered. [6] dead letters encountered. If this is not an expected behavior then akka://godgaming/deadLetters may have terminated unexpectedly. This logging can be turned off or adjusted with configuration settings 'akka.log-dead-letters' and 'akka.log-dead-letters-during-shutdown'. 
[2025-05-18 11:32:58.5685] [INFO] [Akka.Remote.RemoteActorRefProvider+RemoteDeadLetterActorRef] Message [List`1] from akka://godgaming/user/promofetcher to akka://godgaming/deadLetters was not delivered. [7] dead letters encountered. If this is not an expected behavior then akka://godgaming/deadLetters may have terminated unexpectedly. This logging can be turned off or adjusted with configuration settings 'akka.log-dead-letters' and 'akka.log-dead-letters-during-shutdown'. 
[2025-05-18 11:32:58.5685] [INFO] [Akka.Remote.RemoteActorRefProvider+RemoteDeadLetterActorRef] Message [Dictionary`2] from akka://godgaming/user/promofetcher to akka://godgaming/deadLetters was not delivered. [8] dead letters encountered. If this is not an expected behavior then akka://godgaming/deadLetters may have terminated unexpectedly. This logging can be turned off or adjusted with configuration settings 'akka.log-dead-letters' and 'akka.log-dead-letters-during-shutdown'. 
[2025-05-18 11:32:58.5685] [INFO] [Akka.Remote.RemoteActorRefProvider+RemoteDeadLetterActorRef] Message [List`1] from akka://godgaming/user/promofetcher to akka://godgaming/deadLetters was not delivered. [9] dead letters encountered. If this is not an expected behavior then akka://godgaming/deadLetters may have terminated unexpectedly. This logging can be turned off or adjusted with configuration settings 'akka.log-dead-letters' and 'akka.log-dead-letters-during-shutdown'. 
[2025-05-18 11:32:58.5864] [ERROR] [Akka.Actor.OneForOneStrategy] Disassociated Akka.Remote.EndpointDisassociatedException: Disassociated
   at Akka.Remote.EndpointWriter.PublishAndThrow(Exception reason, LogLevel level, Boolean needToThrow)
   at Akka.Remote.EndpointWriter.Unhandled(Object message)
   at Akka.Actor.ReceiveActor.ExecutePartialMessageHandler(Object message, PartialAction`1 partialAction)
   at Akka.Actor.ReceiveActor.<>c__DisplayClass11_0.<Become>b__0(Object m)
   at Akka.Actor.ActorCell.<>c__DisplayClass114_0.<Akka.Actor.IUntypedActorContext.Become>b__0(Object m)
   at Akka.Actor.ActorBase.AroundReceive(Receive receive, Object message)
   at Akka.Actor.ActorCell.ReceiveMessage(Object message)
   at Akka.Actor.ActorCell.ReceivedTerminated(Terminated t)
   at Akka.Actor.ActorCell.AutoReceiveMessage(Envelope envelope)
   at Akka.Actor.ActorCell.Invoke(Envelope envelope)
[2025-05-18 11:32:58.6114] [INFO] [Akka.Remote.RemoteActorRefProvider+RemoteDeadLetterActorRef] Message [Heartbeat] from akka://godgaming/system/cluster/core/daemon/heartbeatSender to akka://godgaming/deadLetters was not delivered. [10] dead letters encountered, no more dead letters will be logged in next [00:05:00]. If this is not an expected behavior then akka://godgaming/deadLetters may have terminated unexpectedly. This logging can be turned off or adjusted with configuration settings 'akka.log-dead-letters' and 'akka.log-dead-letters-during-shutdown'. 
[2025-05-18 11:32:58.6163] [ERROR] [Akka.Actor.OneForOneStrategy] Disassociated Akka.Remote.EndpointDisassociatedException: Disassociated
   at Akka.Remote.EndpointWriter.PublishAndThrow(Exception reason, LogLevel level, Boolean needToThrow)
   at Akka.Remote.EndpointWriter.Unhandled(Object message)
   at Akka.Actor.ReceiveActor.ExecutePartialMessageHandler(Object message, PartialAction`1 partialAction)
   at Akka.Actor.ReceiveActor.<>c__DisplayClass11_0.<Become>b__0(Object m)
   at Akka.Actor.ActorCell.<>c__DisplayClass114_0.<Akka.Actor.IUntypedActorContext.Become>b__0(Object m)
   at Akka.Actor.ActorBase.AroundReceive(Receive receive, Object message)
   at Akka.Actor.ActorCell.ReceiveMessage(Object message)
   at Akka.Actor.ActorCell.ReceivedTerminated(Terminated t)
   at Akka.Actor.ActorCell.AutoReceiveMessage(Envelope envelope)
   at Akka.Actor.ActorCell.Invoke(Envelope envelope)
[2025-05-18 11:32:58.7648] [WARN] [Akka.Cluster.ClusterHeartbeatSender] Cluster Node [akka.tcp://godgaming@127.0.0.1:8093] - Scheduled sending of heartbeat was delayed. Previous heartbeat was sent [3262.3921] ms ago, expected interval is [1000] ms. This may cause failure detection to mark members as unreachable. The reason can be thread starvation, e.g. by running blocking tasks on the default dispatcher, CPU overload, or GC. 
[2025-05-18 11:33:03.8517] [INFO] [Cluster (akka://godgaming)] Cluster Node [akka.tcp://godgaming@127.0.0.1:8093] - Marking node(s) as REACHABLE [Member(address = akka.tcp://godgaming@127.0.0.1:4055, Uid=180487910 status = Up, role=[lighthouse], upNumber=1, version=1.4.0), Member(address = akka.tcp://godgaming@127.0.0.1:8094, Uid=243593779 status = Up, role=[queenapi], upNumber=4, version=1.0.0), Member(address = akka.tcp://godgaming@127.0.0.1:8091, Uid=1927462117 status = Up, role=[slotgame], upNumber=5, version=1.0.0)]. Node roles [promo] 
[2025-05-18 11:33:03.8517] [INFO] [Cluster (akka://godgaming)] Cluster Node [akka.tcp://godgaming@127.0.0.1:8093] - is no longer leader 
[2025-05-18 11:33:05.8808] [INFO] [Cluster (akka://godgaming)] Cluster Node [akka.tcp://godgaming@127.0.0.1:8093] - Marking node(s) as REACHABLE [Member(address = akka.tcp://godgaming@127.0.0.1:8083, Uid=235128254 status = Up, role=[comm], upNumber=2, version=1.0.0)]. Node roles [promo] 
[2025-05-18 11:33:07.6978] [INFO] [PromoNode.PromoFetchActor] Race Received 
[2025-05-18 11:33:08.1583] [INFO] [PromoNode.PromoFetchActor] Freespin Received 
[2025-05-18 11:33:08.1583] [INFO] [PromoNode.PromoFetchActor] Cashback Received 
[2025-05-18 11:33:17.7083] [INFO] [PromoNode.PromoFetchActor] Race Received 
[2025-05-18 11:33:18.1681] [INFO] [PromoNode.PromoFetchActor] Freespin Received 
[2025-05-18 11:33:18.1681] [INFO] [PromoNode.PromoFetchActor] Cashback Received 
[2025-05-18 11:33:27.7163] [INFO] [PromoNode.PromoFetchActor] Race Received 
[2025-05-18 11:33:28.1786] [INFO] [PromoNode.PromoFetchActor] Freespin Received 
[2025-05-18 11:33:28.1786] [INFO] [PromoNode.PromoFetchActor] Cashback Received 
[2025-05-18 11:33:37.7351] [INFO] [PromoNode.PromoFetchActor] Race Received 
[2025-05-18 11:33:38.1931] [INFO] [PromoNode.PromoFetchActor] Freespin Received 
[2025-05-18 11:33:38.1941] [INFO] [PromoNode.PromoFetchActor] Cashback Received 
[2025-05-18 11:33:47.7553] [INFO] [PromoNode.PromoFetchActor] Race Received 
[2025-05-18 11:33:48.2107] [INFO] [PromoNode.PromoFetchActor] Freespin Received 
[2025-05-18 11:33:48.2107] [INFO] [PromoNode.PromoFetchActor] Cashback Received 
[2025-05-18 11:33:57.7726] [INFO] [PromoNode.PromoFetchActor] Race Received 
[2025-05-18 11:33:58.0693] [INFO] [PromoNode.PromoFetchActor] Tour Received 
[2025-05-18 11:33:58.2181] [INFO] [PromoNode.PromoFetchActor] Freespin Received 
[2025-05-18 11:33:58.2181] [INFO] [PromoNode.PromoFetchActor] Cashback Received 
[2025-05-18 11:34:07.7834] [INFO] [PromoNode.PromoFetchActor] Race Received 
[2025-05-18 11:34:08.2385] [INFO] [PromoNode.PromoFetchActor] Freespin Received 
[2025-05-18 11:34:08.2405] [INFO] [PromoNode.PromoFetchActor] Cashback Received 
[2025-05-18 11:34:17.7975] [INFO] [PromoNode.PromoFetchActor] Race Received 
[2025-05-18 11:34:18.2590] [INFO] [PromoNode.PromoFetchActor] Freespin Received 
[2025-05-18 11:34:18.2590] [INFO] [PromoNode.PromoFetchActor] Cashback Received 
[2025-05-18 11:34:27.8108] [INFO] [PromoNode.PromoFetchActor] Race Received 
[2025-05-18 11:34:28.2715] [INFO] [PromoNode.PromoFetchActor] Freespin Received 
[2025-05-18 11:34:28.2745] [INFO] [PromoNode.PromoFetchActor] Cashback Received 
[2025-05-18 11:34:37.8218] [INFO] [PromoNode.PromoFetchActor] Race Received 
[2025-05-18 11:34:38.2795] [INFO] [PromoNode.PromoFetchActor] Freespin Received 
[2025-05-18 11:34:38.2952] [INFO] [PromoNode.PromoFetchActor] Cashback Received 
[2025-05-18 11:34:47.8260] [INFO] [PromoNode.PromoFetchActor] Race Received 
[2025-05-18 11:34:48.2893] [INFO] [PromoNode.PromoFetchActor] Freespin Received 
[2025-05-18 11:34:48.3172] [INFO] [PromoNode.PromoFetchActor] Cashback Received 
[2025-05-18 11:34:57.8463] [INFO] [PromoNode.PromoFetchActor] Race Received 
[2025-05-18 11:34:58.0815] [INFO] [PromoNode.PromoFetchActor] Tour Received 
[2025-05-18 11:34:58.3054] [INFO] [PromoNode.PromoFetchActor] Freespin Received 
[2025-05-18 11:34:58.3364] [INFO] [PromoNode.PromoFetchActor] Cashback Received 
[2025-05-18 11:35:07.8657] [INFO] [PromoNode.PromoFetchActor] Race Received 
[2025-05-18 11:35:08.3159] [INFO] [PromoNode.PromoFetchActor] Freespin Received 
[2025-05-18 11:35:08.3497] [INFO] [PromoNode.PromoFetchActor] Cashback Received 
[2025-05-18 11:35:17.9067] [INFO] [PromoNode.PromoFetchActor] Race Received 
[2025-05-18 11:35:18.3352] [INFO] [PromoNode.PromoFetchActor] Freespin Received 
[2025-05-18 11:35:18.3671] [INFO] [PromoNode.PromoFetchActor] Cashback Received 
[2025-05-18 11:35:27.9223] [INFO] [PromoNode.PromoFetchActor] Race Received 
[2025-05-18 11:35:28.3490] [INFO] [PromoNode.PromoFetchActor] Freespin Received 
[2025-05-18 11:35:28.3799] [INFO] [PromoNode.PromoFetchActor] Cashback Received 
[2025-05-18 11:35:37.9498] [INFO] [PromoNode.PromoFetchActor] Race Received 
[2025-05-18 11:35:38.3660] [INFO] [PromoNode.PromoFetchActor] Freespin Received 
[2025-05-18 11:35:38.3909] [INFO] [PromoNode.PromoFetchActor] Cashback Received 
[2025-05-18 11:35:47.9665] [INFO] [PromoNode.PromoFetchActor] Race Received 
[2025-05-18 11:35:48.3903] [INFO] [PromoNode.PromoFetchActor] Freespin Received 
[2025-05-18 11:35:48.4032] [INFO] [PromoNode.PromoFetchActor] Cashback Received 
[2025-05-18 11:35:57.9792] [INFO] [PromoNode.PromoFetchActor] Race Received 
[2025-05-18 11:35:58.1025] [INFO] [PromoNode.PromoFetchActor] Tour Received 
[2025-05-18 11:35:58.4050] [INFO] [PromoNode.PromoFetchActor] Freespin Received 
[2025-05-18 11:35:58.4210] [INFO] [PromoNode.PromoFetchActor] Cashback Received 
[2025-05-18 11:36:07.9846] [INFO] [PromoNode.PromoFetchActor] Race Received 
[2025-05-18 11:36:08.4278] [INFO] [PromoNode.PromoFetchActor] Freespin Received 
[2025-05-18 11:36:08.4278] [INFO] [PromoNode.PromoFetchActor] Cashback Received 
[2025-05-18 11:36:18.0007] [INFO] [PromoNode.PromoFetchActor] Race Received 
[2025-05-18 11:36:18.4392] [INFO] [PromoNode.PromoFetchActor] Freespin Received 
[2025-05-18 11:36:18.4392] [INFO] [PromoNode.PromoFetchActor] Cashback Received 
[2025-05-18 11:36:28.0072] [INFO] [PromoNode.PromoFetchActor] Race Received 
[2025-05-18 11:36:28.4537] [INFO] [PromoNode.PromoFetchActor] Freespin Received 
[2025-05-18 11:36:28.4706] [INFO] [PromoNode.PromoFetchActor] Cashback Received 
[2025-05-18 11:36:38.0239] [INFO] [PromoNode.PromoFetchActor] Race Received 
[2025-05-18 11:36:38.4674] [INFO] [PromoNode.PromoFetchActor] Freespin Received 
[2025-05-18 11:36:38.4854] [INFO] [PromoNode.PromoFetchActor] Cashback Received 
[2025-05-18 11:36:48.0486] [INFO] [PromoNode.PromoFetchActor] Race Received 
[2025-05-18 11:36:48.4790] [INFO] [PromoNode.PromoFetchActor] Freespin Received 
[2025-05-18 11:36:48.5099] [INFO] [PromoNode.PromoFetchActor] Cashback Received 
[2025-05-18 11:36:58.0711] [INFO] [PromoNode.PromoFetchActor] Race Received 
[2025-05-18 11:36:58.1180] [INFO] [PromoNode.PromoFetchActor] Tour Received 
[2025-05-18 11:36:58.4947] [INFO] [PromoNode.PromoFetchActor] Freespin Received 
[2025-05-18 11:36:58.5275] [INFO] [PromoNode.PromoFetchActor] Cashback Received 
[2025-05-18 11:37:08.0857] [INFO] [PromoNode.PromoFetchActor] Race Received 
[2025-05-18 11:37:08.5153] [INFO] [PromoNode.PromoFetchActor] Freespin Received 
[2025-05-18 11:37:08.5462] [INFO] [PromoNode.PromoFetchActor] Cashback Received 
[2025-05-18 11:37:18.1087] [INFO] [PromoNode.PromoFetchActor] Race Received 
[2025-05-18 11:37:18.5365] [INFO] [PromoNode.PromoFetchActor] Freespin Received 
[2025-05-18 11:37:18.5694] [INFO] [PromoNode.PromoFetchActor] Cashback Received 
[2025-05-18 11:37:28.1304] [INFO] [PromoNode.PromoFetchActor] Race Received 
[2025-05-18 11:37:28.5570] [INFO] [PromoNode.PromoFetchActor] Freespin Received 
[2025-05-18 11:37:28.5899] [INFO] [PromoNode.PromoFetchActor] Cashback Received 
[2025-05-18 11:37:38.1373] [INFO] [PromoNode.PromoFetchActor] Race Received 
[2025-05-18 11:37:38.5687] [INFO] [PromoNode.PromoFetchActor] Freespin Received 
[2025-05-18 11:37:38.6036] [INFO] [PromoNode.PromoFetchActor] Cashback Received 
[2025-05-18 11:37:48.1456] [INFO] [PromoNode.PromoFetchActor] Race Received 
[2025-05-18 11:37:48.5842] [INFO] [PromoNode.PromoFetchActor] Freespin Received 
[2025-05-18 11:37:48.6151] [INFO] [PromoNode.PromoFetchActor] Cashback Received 
[2025-05-18 11:37:58.1273] [INFO] [PromoNode.PromoFetchActor] Tour Received 
[2025-05-18 11:37:58.1572] [INFO] [PromoNode.PromoFetchActor] Race Received 
[2025-05-18 11:37:58.5997] [INFO] [PromoNode.PromoFetchActor] Freespin Received 
[2025-05-18 11:37:58.6326] [INFO] [PromoNode.PromoFetchActor] Cashback Received 
[2025-05-18 11:38:08.1714] [INFO] [PromoNode.PromoFetchActor] Race Received 
[2025-05-18 11:38:08.6155] [INFO] [PromoNode.PromoFetchActor] Freespin Received 
[2025-05-18 11:38:08.6484] [INFO] [PromoNode.PromoFetchActor] Cashback Received 
[2025-05-18 11:38:18.1815] [INFO] [PromoNode.PromoFetchActor] Race Received 
[2025-05-18 11:38:18.6262] [INFO] [PromoNode.PromoFetchActor] Freespin Received 
[2025-05-18 11:38:18.6561] [INFO] [PromoNode.PromoFetchActor] Cashback Received 
[2025-05-18 11:38:28.1912] [INFO] [PromoNode.PromoFetchActor] Race Received 
[2025-05-18 11:38:28.6357] [INFO] [PromoNode.PromoFetchActor] Freespin Received 
[2025-05-18 11:38:28.6706] [INFO] [PromoNode.PromoFetchActor] Cashback Received 
[2025-05-18 11:38:38.2088] [INFO] [PromoNode.PromoFetchActor] Race Received 
[2025-05-18 11:38:38.6523] [INFO] [PromoNode.PromoFetchActor] Freespin Received 
[2025-05-18 11:38:38.6872] [INFO] [PromoNode.PromoFetchActor] Cashback Received 
[2025-05-18 11:38:48.2212] [INFO] [PromoNode.PromoFetchActor] Race Received 
[2025-05-18 11:38:48.6609] [INFO] [PromoNode.PromoFetchActor] Freespin Received 
[2025-05-18 11:38:48.7107] [INFO] [PromoNode.PromoFetchActor] Cashback Received 
[2025-05-18 11:38:58.1380] [INFO] [PromoNode.PromoFetchActor] Tour Received 
[2025-05-18 11:38:58.2268] [INFO] [PromoNode.PromoFetchActor] Race Received 
[2025-05-18 11:38:58.6678] [INFO] [PromoNode.PromoFetchActor] Freespin Received 
[2025-05-18 11:38:58.7156] [INFO] [PromoNode.PromoFetchActor] Cashback Received 
[2025-05-18 11:39:08.2417] [INFO] [PromoNode.PromoFetchActor] Race Received 
[2025-05-18 11:39:08.6852] [INFO] [PromoNode.PromoFetchActor] Freespin Received 
[2025-05-18 11:39:08.7320] [INFO] [PromoNode.PromoFetchActor] Cashback Received 
[2025-05-18 11:39:18.2540] [INFO] [PromoNode.PromoFetchActor] Race Received 
[2025-05-18 11:39:18.6996] [INFO] [PromoNode.PromoFetchActor] Freespin Received 
[2025-05-18 11:39:18.7454] [INFO] [PromoNode.PromoFetchActor] Cashback Received 
[2025-05-18 11:39:28.2783] [INFO] [PromoNode.PromoFetchActor] Race Received 
[2025-05-18 11:39:28.7071] [INFO] [PromoNode.PromoFetchActor] Freespin Received 
[2025-05-18 11:39:28.7689] [INFO] [PromoNode.PromoFetchActor] Cashback Received 
[2025-05-18 11:39:38.2875] [INFO] [PromoNode.PromoFetchActor] Race Received 
[2025-05-18 11:39:38.7274] [INFO] [PromoNode.PromoFetchActor] Freespin Received 
[2025-05-18 11:39:38.7762] [INFO] [PromoNode.PromoFetchActor] Cashback Received 
[2025-05-18 11:39:48.3081] [INFO] [PromoNode.PromoFetchActor] Race Received 
[2025-05-18 11:39:48.7354] [INFO] [PromoNode.PromoFetchActor] Freespin Received 
[2025-05-18 11:39:48.7988] [INFO] [PromoNode.PromoFetchActor] Cashback Received 
[2025-05-18 11:39:58.1530] [INFO] [PromoNode.PromoFetchActor] Tour Received 
[2025-05-18 11:39:58.3216] [INFO] [PromoNode.PromoFetchActor] Race Received 
[2025-05-18 11:39:58.7483] [INFO] [PromoNode.PromoFetchActor] Freespin Received 
[2025-05-18 11:39:58.8111] [INFO] [PromoNode.PromoFetchActor] Cashback Received 
[2025-05-18 11:40:08.3308] [INFO] [PromoNode.PromoFetchActor] Race Received 
[2025-05-18 11:40:08.7630] [INFO] [PromoNode.PromoFetchActor] Freespin Received 
[2025-05-18 11:40:08.8248] [INFO] [PromoNode.PromoFetchActor] Cashback Received 
[2025-05-18 11:40:18.3426] [INFO] [PromoNode.PromoFetchActor] Race Received 
[2025-05-18 11:40:18.7871] [INFO] [PromoNode.PromoFetchActor] Freespin Received 
[2025-05-18 11:40:18.8350] [INFO] [PromoNode.PromoFetchActor] Cashback Received 
[2025-05-18 11:40:28.3600] [INFO] [PromoNode.PromoFetchActor] Race Received 
[2025-05-18 11:40:28.8035] [INFO] [PromoNode.PromoFetchActor] Freespin Received 
[2025-05-18 11:40:28.8493] [INFO] [PromoNode.PromoFetchActor] Cashback Received 
[2025-05-18 11:40:38.3807] [INFO] [PromoNode.PromoFetchActor] Race Received 
[2025-05-18 11:40:38.8210] [INFO] [PromoNode.PromoFetchActor] Freespin Received 
[2025-05-18 11:40:38.8692] [INFO] [PromoNode.PromoFetchActor] Cashback Received 
[2025-05-18 11:40:48.4041] [INFO] [PromoNode.PromoFetchActor] Race Received 
[2025-05-18 11:40:48.8258] [INFO] [PromoNode.PromoFetchActor] Freespin Received 
[2025-05-18 11:40:48.8929] [INFO] [PromoNode.PromoFetchActor] Cashback Received 
[2025-05-18 11:40:58.1689] [INFO] [PromoNode.PromoFetchActor] Tour Received 
[2025-05-18 11:40:58.4205] [INFO] [PromoNode.PromoFetchActor] Race Received 
[2025-05-18 11:40:58.8352] [INFO] [PromoNode.PromoFetchActor] Freespin Received 
[2025-05-18 11:40:58.8981] [INFO] [PromoNode.PromoFetchActor] Cashback Received 
[2025-05-18 11:41:08.4385] [INFO] [PromoNode.PromoFetchActor] Race Received 
[2025-05-18 11:41:08.8534] [INFO] [PromoNode.PromoFetchActor] Freespin Received 
[2025-05-18 11:41:08.9216] [INFO] [PromoNode.PromoFetchActor] Cashback Received 
[2025-05-18 11:41:18.4511] [INFO] [PromoNode.PromoFetchActor] Race Received 
[2025-05-18 11:41:18.8659] [INFO] [PromoNode.PromoFetchActor] Freespin Received 
[2025-05-18 11:41:18.9305] [INFO] [PromoNode.PromoFetchActor] Cashback Received 
[2025-05-18 11:41:28.4622] [INFO] [PromoNode.PromoFetchActor] Race Received 
[2025-05-18 11:41:28.8792] [INFO] [PromoNode.PromoFetchActor] Freespin Received 
[2025-05-18 11:41:28.9446] [INFO] [PromoNode.PromoFetchActor] Cashback Received 
[2025-05-18 11:41:38.4776] [INFO] [PromoNode.PromoFetchActor] Race Received 
[2025-05-18 11:41:38.8843] [INFO] [PromoNode.PromoFetchActor] Freespin Received 
[2025-05-18 11:41:38.9630] [INFO] [PromoNode.PromoFetchActor] Cashback Received 
[2025-05-18 11:41:48.5093] [INFO] [PromoNode.PromoFetchActor] Race Received 
[2025-05-18 11:41:48.9078] [INFO] [PromoNode.PromoFetchActor] Freespin Received 
[2025-05-18 11:41:48.9713] [INFO] [PromoNode.PromoFetchActor] Cashback Received 
[2025-05-18 11:41:58.1870] [INFO] [PromoNode.PromoFetchActor] Tour Received 
[2025-05-18 11:41:58.5167] [INFO] [PromoNode.PromoFetchActor] Race Received 
