[2024-10-18 01:50:06.2396] [WARN] [Akka.Cluster.ClusterHeartbeatSender] Cluster Node [akka.tcp://godgaming@127.0.0.1:8094] - Scheduled sending of heartbeat was delayed. Previous heartbeat was sent [14822783.0106] ms ago, expected interval is [1000] ms. This may cause failure detection to mark members as unreachable. The reason can be thread starvation, e.g. by running blocking tasks on the default dispatcher, CPU overload, or GC. 
[2024-10-18 01:50:07.2426] [ERROR] [Akka.Remote.Transport.ProtocolStateActor] No response from remote. Handshake timed out or transport failure detector triggered. (internal state was Open) 
[2024-10-18 01:50:07.2426] [ERROR] [Akka.Remote.Transport.ProtocolStateActor] No response from remote. Handshake timed out or transport failure detector triggered. (internal state was Open) 
[2024-10-18 01:50:07.4105] [ERROR] [Akka.Remote.Transport.ProtocolStateActor] No response from remote. Handshake timed out or transport failure detector triggered. (internal state was Open) 
[2024-10-18 01:50:07.4105] [ERROR] [Akka.Remote.Transport.ProtocolStateActor] No response from remote. Handshake timed out or transport failure detector triggered. (internal state was Open) 
[2024-10-18 01:50:07.4105] [WARN] [Akka.Remote.ReliableDeliverySupervisor] Association with remote system akka.tcp://godgaming@127.0.0.1:8093 has failed; address is now gated for 5000 ms. Reason is: [Akka.Remote.EndpointDisassociatedException: Disassociated
   at Akka.Remote.EndpointWriter.PublishAndThrow(Exception reason, LogLevel level, Boolean needToThrow)
   at Akka.Remote.EndpointWriter.Unhandled(Object message)
   at Akka.Actor.ReceiveActor.ExecutePartialMessageHandler(Object message, PartialAction`1 partialAction)
   at Akka.Actor.ReceiveActor.OnReceive(Object message)
   at Akka.Actor.UntypedActor.Receive(Object message)
   at Akka.Actor.ActorBase.AroundReceive(Receive receive, Object message)
   at Akka.Actor.ActorCell.ReceiveMessage(Object message)
   at Akka.Actor.ActorCell.ReceivedTerminated(Terminated t)
   at Akka.Actor.ActorCell.AutoReceiveMessage(Envelope envelope)
   at Akka.Actor.ActorCell.Invoke(Envelope envelope)] 
[2024-10-18 01:50:07.8850] [WARN] [Akka.Remote.ReliableDeliverySupervisor] Association with remote system akka.tcp://godgaming@127.0.0.1:8091 has failed; address is now gated for 5000 ms. Reason is: [Akka.Remote.EndpointDisassociatedException: Disassociated
   at Akka.Remote.EndpointWriter.PublishAndThrow(Exception reason, LogLevel level, Boolean needToThrow)
   at Akka.Remote.EndpointWriter.Unhandled(Object message)
   at Akka.Actor.ReceiveActor.ExecutePartialMessageHandler(Object message, PartialAction`1 partialAction)
   at Akka.Actor.ReceiveActor.OnReceive(Object message)
   at Akka.Actor.UntypedActor.Receive(Object message)
   at Akka.Actor.ActorBase.AroundReceive(Receive receive, Object message)
   at Akka.Actor.ActorCell.ReceiveMessage(Object message)
   at Akka.Actor.ActorCell.ReceivedTerminated(Terminated t)
   at Akka.Actor.ActorCell.AutoReceiveMessage(Envelope envelope)
   at Akka.Actor.ActorCell.Invoke(Envelope envelope)] 
[2024-10-18 01:50:07.9797] [WARN] [Akka.Remote.ReliableDeliverySupervisor] Association with remote system akka.tcp://godgaming@127.0.0.1:8083 has failed; address is now gated for 5000 ms. Reason is: [Akka.Remote.EndpointDisassociatedException: Disassociated
   at Akka.Remote.EndpointWriter.PublishAndThrow(Exception reason, LogLevel level, Boolean needToThrow)
   at Akka.Remote.EndpointWriter.Unhandled(Object message)
   at Akka.Actor.ReceiveActor.ExecutePartialMessageHandler(Object message, PartialAction`1 partialAction)
   at Akka.Actor.ReceiveActor.OnReceive(Object message)
   at Akka.Actor.UntypedActor.Receive(Object message)
   at Akka.Actor.ActorBase.AroundReceive(Receive receive, Object message)
   at Akka.Actor.ActorCell.ReceiveMessage(Object message)
   at Akka.Actor.ActorCell.ReceivedTerminated(Terminated t)
   at Akka.Actor.ActorCell.AutoReceiveMessage(Envelope envelope)
   at Akka.Actor.ActorCell.Invoke(Envelope envelope)] 
[2024-10-18 01:50:08.1065] [WARN] [Akka.Remote.ReliableDeliverySupervisor] Association with remote system akka.tcp://godgaming@127.0.0.1:4055 has failed; address is now gated for 5000 ms. Reason is: [Akka.Remote.EndpointDisassociatedException: Disassociated
   at Akka.Remote.EndpointWriter.PublishAndThrow(Exception reason, LogLevel level, Boolean needToThrow)
   at Akka.Remote.EndpointWriter.Unhandled(Object message)
   at Akka.Actor.ReceiveActor.ExecutePartialMessageHandler(Object message, PartialAction`1 partialAction)
   at Akka.Actor.ReceiveActor.<>c__DisplayClass11_0.<Become>b__0(Object m)
   at Akka.Actor.ActorCell.<>c__DisplayClass113_0.<Akka.Actor.IUntypedActorContext.Become>b__0(Object m)
   at Akka.Actor.ActorBase.AroundReceive(Receive receive, Object message)
   at Akka.Actor.ActorCell.ReceiveMessage(Object message)
   at Akka.Actor.ActorCell.ReceivedTerminated(Terminated t)
   at Akka.Actor.ActorCell.AutoReceiveMessage(Envelope envelope)
   at Akka.Actor.ActorCell.Invoke(Envelope envelope)] 
[2024-10-18 01:50:08.2035] [ERROR] [Akka.Actor.OneForOneStrategy] Disassociated Akka.Remote.EndpointDisassociatedException: Disassociated
   at Akka.Remote.EndpointWriter.PublishAndThrow(Exception reason, LogLevel level, Boolean needToThrow)
   at Akka.Remote.EndpointWriter.Unhandled(Object message)
   at Akka.Actor.ReceiveActor.ExecutePartialMessageHandler(Object message, PartialAction`1 partialAction)
   at Akka.Actor.ReceiveActor.OnReceive(Object message)
   at Akka.Actor.UntypedActor.Receive(Object message)
   at Akka.Actor.ActorBase.AroundReceive(Receive receive, Object message)
   at Akka.Actor.ActorCell.ReceiveMessage(Object message)
   at Akka.Actor.ActorCell.ReceivedTerminated(Terminated t)
   at Akka.Actor.ActorCell.AutoReceiveMessage(Envelope envelope)
   at Akka.Actor.ActorCell.Invoke(Envelope envelope)
[2024-10-18 01:50:08.2755] [ERROR] [Akka.Actor.OneForOneStrategy] Disassociated Akka.Remote.EndpointDisassociatedException: Disassociated
   at Akka.Remote.EndpointWriter.PublishAndThrow(Exception reason, LogLevel level, Boolean needToThrow)
   at Akka.Remote.EndpointWriter.Unhandled(Object message)
   at Akka.Actor.ReceiveActor.ExecutePartialMessageHandler(Object message, PartialAction`1 partialAction)
   at Akka.Actor.ReceiveActor.OnReceive(Object message)
   at Akka.Actor.UntypedActor.Receive(Object message)
   at Akka.Actor.ActorBase.AroundReceive(Receive receive, Object message)
   at Akka.Actor.ActorCell.ReceiveMessage(Object message)
   at Akka.Actor.ActorCell.ReceivedTerminated(Terminated t)
   at Akka.Actor.ActorCell.AutoReceiveMessage(Envelope envelope)
   at Akka.Actor.ActorCell.Invoke(Envelope envelope)
[2024-10-18 01:50:08.3145] [ERROR] [Akka.Actor.OneForOneStrategy] Disassociated Akka.Remote.EndpointDisassociatedException: Disassociated
   at Akka.Remote.EndpointWriter.PublishAndThrow(Exception reason, LogLevel level, Boolean needToThrow)
   at Akka.Remote.EndpointWriter.Unhandled(Object message)
   at Akka.Actor.ReceiveActor.ExecutePartialMessageHandler(Object message, PartialAction`1 partialAction)
   at Akka.Actor.ReceiveActor.<>c__DisplayClass11_0.<Become>b__0(Object m)
   at Akka.Actor.ActorCell.<>c__DisplayClass113_0.<Akka.Actor.IUntypedActorContext.Become>b__0(Object m)
   at Akka.Actor.ActorBase.AroundReceive(Receive receive, Object message)
   at Akka.Actor.ActorCell.ReceiveMessage(Object message)
   at Akka.Actor.ActorCell.ReceivedTerminated(Terminated t)
   at Akka.Actor.ActorCell.AutoReceiveMessage(Envelope envelope)
   at Akka.Actor.ActorCell.Invoke(Envelope envelope)
[2024-10-18 01:50:08.3575] [ERROR] [Akka.Actor.OneForOneStrategy] Disassociated Akka.Remote.EndpointDisassociatedException: Disassociated
   at Akka.Remote.EndpointWriter.PublishAndThrow(Exception reason, LogLevel level, Boolean needToThrow)
   at Akka.Remote.EndpointWriter.Unhandled(Object message)
   at Akka.Actor.ReceiveActor.ExecutePartialMessageHandler(Object message, PartialAction`1 partialAction)
   at Akka.Actor.ReceiveActor.OnReceive(Object message)
   at Akka.Actor.UntypedActor.Receive(Object message)
   at Akka.Actor.ActorBase.AroundReceive(Receive receive, Object message)
   at Akka.Actor.ActorCell.ReceiveMessage(Object message)
   at Akka.Actor.ActorCell.ReceivedTerminated(Terminated t)
   at Akka.Actor.ActorCell.AutoReceiveMessage(Envelope envelope)
   at Akka.Actor.ActorCell.Invoke(Envelope envelope)
[2024-10-18 01:50:08.3865] [INFO] [Akka.Actor.LocalActorRef] Message [InboundPayload] to [akka://godgaming/system/transports/akkaprotocolmanager.tcp.0/akkaProtocol-tcp%3A%2F%2Fgodgaming%40127.0.0.1%3A4055-1#1584376682] was not delivered. [1] dead letters encountered. If this is not an expected behavior then [akka://godgaming/system/transports/akkaprotocolmanager.tcp.0/akkaProtocol-tcp%3A%2F%2Fgodgaming%40127.0.0.1%3A4055-1#1584376682] may have terminated unexpectedly. This logging can be turned off or adjusted with configuration settings 'akka.log-dead-letters' and 'akka.log-dead-letters-during-shutdown'. 
[2024-10-18 01:50:08.3865] [WARN] [Akka.Cluster.ClusterCoreDaemon] Cluster Node [akka.tcp://godgaming@127.0.0.1:8094] - Marking node(s) as UNREACHABLE [Member(address = akka.tcp://godgaming@127.0.0.1:4055, Uid=1111061521 status = Up, role=[lighthouse], upNumber=1, version=1.4.0), Member(address = akka.tcp://godgaming@127.0.0.1:8083, Uid=2032763084 status = Up, role=[comm], upNumber=2, version=1.0.0), Member(address = akka.tcp://godgaming@127.0.0.1:8091, Uid=1586078825 status = Up, role=[slotgame], upNumber=4, version=1.0.0), Member(address = akka.tcp://godgaming@127.0.0.1:8093, Uid=1221420051 status = Up, role=[promo], upNumber=5, version=1.0.0)]. Node roles [queenapi] 
[2024-10-18 01:50:08.4015] [INFO] [Cluster (akka://godgaming)] Cluster Node [akka.tcp://godgaming@127.0.0.1:8094] - is the new leader among reachable nodes (more leaders may exist) 
[2024-10-18 01:50:12.5992] [INFO] [Cluster (akka://godgaming)] Cluster Node [akka.tcp://godgaming@127.0.0.1:8094] - Marking node(s) as REACHABLE [Member(address = akka.tcp://godgaming@127.0.0.1:4055, Uid=1111061521 status = Up, role=[lighthouse], upNumber=1, version=1.4.0)]. Node roles [queenapi] 
[2024-10-18 01:50:12.6002] [INFO] [Cluster (akka://godgaming)] Cluster Node [akka.tcp://godgaming@127.0.0.1:8094] - is no longer leader 
[2024-10-18 01:50:13.6150] [INFO] [Cluster (akka://godgaming)] Cluster Node [akka.tcp://godgaming@127.0.0.1:8094] - Marking node(s) as REACHABLE [Member(address = akka.tcp://godgaming@127.0.0.1:8093, Uid=1221420051 status = Up, role=[promo], upNumber=5, version=1.0.0), Member(address = akka.tcp://godgaming@127.0.0.1:8091, Uid=1586078825 status = Up, role=[slotgame], upNumber=4, version=1.0.0), Member(address = akka.tcp://godgaming@127.0.0.1:8083, Uid=2032763084 status = Up, role=[comm], upNumber=2, version=1.0.0)]. Node roles [queenapi] 
[2024-10-18 12:33:26.2552] [WARN] [Akka.Cluster.ClusterHeartbeatSender] Cluster Node [akka.tcp://godgaming@127.0.0.1:8094] - Scheduled sending of heartbeat was delayed. Previous heartbeat was sent [14571236.8231] ms ago, expected interval is [1000] ms. This may cause failure detection to mark members as unreachable. The reason can be thread starvation, e.g. by running blocking tasks on the default dispatcher, CPU overload, or GC. 
[2024-10-18 12:33:26.9182] [WARN] [Akka.Cluster.ClusterCoreDaemon] Cluster Node [akka.tcp://godgaming@127.0.0.1:8094] - Marking node(s) as UNREACHABLE [Member(address = akka.tcp://godgaming@127.0.0.1:4055, Uid=1111061521 status = Up, role=[lighthouse], upNumber=1, version=1.4.0), Member(address = akka.tcp://godgaming@127.0.0.1:8083, Uid=2032763084 status = Up, role=[comm], upNumber=2, version=1.0.0), Member(address = akka.tcp://godgaming@127.0.0.1:8091, Uid=1586078825 status = Up, role=[slotgame], upNumber=4, version=1.0.0), Member(address = akka.tcp://godgaming@127.0.0.1:8093, Uid=1221420051 status = Up, role=[promo], upNumber=5, version=1.0.0)]. Node roles [queenapi] 
[2024-10-18 12:33:26.9182] [INFO] [Cluster (akka://godgaming)] Cluster Node [akka.tcp://godgaming@127.0.0.1:8094] - is the new leader among reachable nodes (more leaders may exist) 
[2024-10-18 12:33:26.9182] [ERROR] [Akka.Remote.Transport.ProtocolStateActor] No response from remote. Handshake timed out or transport failure detector triggered. (internal state was Open) 
[2024-10-18 12:33:26.9182] [INFO] [Akka.Actor.LocalActorRef] Message [InboundPayload] to [akka://godgaming/system/transports/akkaprotocolmanager.tcp.0/akkaProtocol-tcp%3A%2F%2Fgodgaming%40%5B%3A%3Affff%3A127.0.0.1%5D%3A9472-11#523874027] was not delivered. [2] dead letters encountered. If this is not an expected behavior then [akka://godgaming/system/transports/akkaprotocolmanager.tcp.0/akkaProtocol-tcp%3A%2F%2Fgodgaming%40%5B%3A%3Affff%3A127.0.0.1%5D%3A9472-11#523874027] may have terminated unexpectedly. This logging can be turned off or adjusted with configuration settings 'akka.log-dead-letters' and 'akka.log-dead-letters-during-shutdown'. 
[2024-10-18 12:33:26.9182] [ERROR] [Akka.Remote.Transport.ProtocolStateActor] No response from remote. Handshake timed out or transport failure detector triggered. (internal state was Open) 
[2024-10-18 12:33:26.9182] [ERROR] [Akka.Remote.Transport.ProtocolStateActor] No response from remote. Handshake timed out or transport failure detector triggered. (internal state was Open) 
[2024-10-18 12:33:26.9182] [WARN] [Akka.Remote.ReliableDeliverySupervisor] Association with remote system akka.tcp://godgaming@127.0.0.1:4055 has failed; address is now gated for 5000 ms. Reason is: [Akka.Remote.EndpointDisassociatedException: Disassociated
   at Akka.Remote.EndpointWriter.PublishAndThrow(Exception reason, LogLevel level, Boolean needToThrow)
   at Akka.Remote.EndpointWriter.Unhandled(Object message)
   at Akka.Actor.ReceiveActor.ExecutePartialMessageHandler(Object message, PartialAction`1 partialAction)
   at Akka.Actor.ReceiveActor.<>c__DisplayClass11_0.<Become>b__0(Object m)
   at Akka.Actor.ActorCell.<>c__DisplayClass113_0.<Akka.Actor.IUntypedActorContext.Become>b__0(Object m)
   at Akka.Actor.ActorBase.AroundReceive(Receive receive, Object message)
   at Akka.Actor.ActorCell.ReceiveMessage(Object message)
   at Akka.Actor.ActorCell.ReceivedTerminated(Terminated t)
   at Akka.Actor.ActorCell.AutoReceiveMessage(Envelope envelope)
   at Akka.Actor.ActorCell.Invoke(Envelope envelope)] 
[2024-10-18 12:33:27.0643] [ERROR] [Akka.Actor.OneForOneStrategy] Disassociated Akka.Remote.EndpointDisassociatedException: Disassociated
   at Akka.Remote.EndpointWriter.PublishAndThrow(Exception reason, LogLevel level, Boolean needToThrow)
   at Akka.Remote.EndpointWriter.Unhandled(Object message)
   at Akka.Actor.ReceiveActor.ExecutePartialMessageHandler(Object message, PartialAction`1 partialAction)
   at Akka.Actor.ReceiveActor.<>c__DisplayClass11_0.<Become>b__0(Object m)
   at Akka.Actor.ActorCell.<>c__DisplayClass113_0.<Akka.Actor.IUntypedActorContext.Become>b__0(Object m)
   at Akka.Actor.ActorBase.AroundReceive(Receive receive, Object message)
   at Akka.Actor.ActorCell.ReceiveMessage(Object message)
   at Akka.Actor.ActorCell.ReceivedTerminated(Terminated t)
   at Akka.Actor.ActorCell.AutoReceiveMessage(Envelope envelope)
   at Akka.Actor.ActorCell.Invoke(Envelope envelope)
[2024-10-18 12:33:27.0643] [ERROR] [Akka.Remote.Transport.ProtocolStateActor] No response from remote. Handshake timed out or transport failure detector triggered. (internal state was Open) 
[2024-10-18 12:33:27.0643] [WARN] [Akka.Remote.ReliableDeliverySupervisor] Association with remote system akka.tcp://godgaming@127.0.0.1:8091 has failed; address is now gated for 5000 ms. Reason is: [Akka.Remote.EndpointDisassociatedException: Disassociated
   at Akka.Remote.EndpointWriter.PublishAndThrow(Exception reason, LogLevel level, Boolean needToThrow)
   at Akka.Remote.EndpointWriter.Unhandled(Object message)
   at Akka.Actor.ReceiveActor.ExecutePartialMessageHandler(Object message, PartialAction`1 partialAction)
   at Akka.Actor.ReceiveActor.<>c__DisplayClass11_0.<Become>b__0(Object m)
   at Akka.Actor.ActorCell.<>c__DisplayClass113_0.<Akka.Actor.IUntypedActorContext.Become>b__0(Object m)
   at Akka.Actor.ActorBase.AroundReceive(Receive receive, Object message)
   at Akka.Actor.ActorCell.ReceiveMessage(Object message)
   at Akka.Actor.ActorCell.ReceivedTerminated(Terminated t)
   at Akka.Actor.ActorCell.AutoReceiveMessage(Envelope envelope)
   at Akka.Actor.ActorCell.Invoke(Envelope envelope)] 
[2024-10-18 12:33:27.0643] [ERROR] [Akka.Actor.OneForOneStrategy] Disassociated Akka.Remote.EndpointDisassociatedException: Disassociated
   at Akka.Remote.EndpointWriter.PublishAndThrow(Exception reason, LogLevel level, Boolean needToThrow)
   at Akka.Remote.EndpointWriter.Unhandled(Object message)
   at Akka.Actor.ReceiveActor.ExecutePartialMessageHandler(Object message, PartialAction`1 partialAction)
   at Akka.Actor.ReceiveActor.<>c__DisplayClass11_0.<Become>b__0(Object m)
   at Akka.Actor.ActorCell.<>c__DisplayClass113_0.<Akka.Actor.IUntypedActorContext.Become>b__0(Object m)
   at Akka.Actor.ActorBase.AroundReceive(Receive receive, Object message)
   at Akka.Actor.ActorCell.ReceiveMessage(Object message)
   at Akka.Actor.ActorCell.ReceivedTerminated(Terminated t)
   at Akka.Actor.ActorCell.AutoReceiveMessage(Envelope envelope)
   at Akka.Actor.ActorCell.Invoke(Envelope envelope)
[2024-10-18 12:33:27.0693] [INFO] [Akka.Actor.LocalActorRef] Message [InboundPayload] to [akka://godgaming/system/transports/akkaprotocolmanager.tcp.0/akkaProtocol-tcp%3A%2F%2Fgodgaming%40127.0.0.1%3A8091-8#610717281] was not delivered. [3] dead letters encountered. If this is not an expected behavior then [akka://godgaming/system/transports/akkaprotocolmanager.tcp.0/akkaProtocol-tcp%3A%2F%2Fgodgaming%40127.0.0.1%3A8091-8#610717281] may have terminated unexpectedly. This logging can be turned off or adjusted with configuration settings 'akka.log-dead-letters' and 'akka.log-dead-letters-during-shutdown'. 
[2024-10-18 12:33:27.0693] [ERROR] [Akka.Remote.Transport.ProtocolStateActor] No response from remote. Handshake timed out or transport failure detector triggered. (internal state was Open) 
[2024-10-18 12:33:27.0693] [INFO] [Akka.Actor.LocalActorRef] Message [InboundPayload] to [akka://godgaming/system/transports/akkaprotocolmanager.tcp.0/akkaProtocol-tcp%3A%2F%2Fgodgaming%40127.0.0.1%3A8093-7#1692859686] was not delivered. [4] dead letters encountered. If this is not an expected behavior then [akka://godgaming/system/transports/akkaprotocolmanager.tcp.0/akkaProtocol-tcp%3A%2F%2Fgodgaming%40127.0.0.1%3A8093-7#1692859686] may have terminated unexpectedly. This logging can be turned off or adjusted with configuration settings 'akka.log-dead-letters' and 'akka.log-dead-letters-during-shutdown'. 
[2024-10-18 12:33:27.0693] [WARN] [Akka.Remote.ReliableDeliverySupervisor] Association with remote system akka.tcp://godgaming@127.0.0.1:8093 has failed; address is now gated for 5000 ms. Reason is: [Akka.Remote.EndpointDisassociatedException: Disassociated
   at Akka.Remote.EndpointWriter.PublishAndThrow(Exception reason, LogLevel level, Boolean needToThrow)
   at Akka.Remote.EndpointWriter.Unhandled(Object message)
   at Akka.Actor.ReceiveActor.ExecutePartialMessageHandler(Object message, PartialAction`1 partialAction)
   at Akka.Actor.ReceiveActor.<>c__DisplayClass11_0.<Become>b__0(Object m)
   at Akka.Actor.ActorCell.<>c__DisplayClass113_0.<Akka.Actor.IUntypedActorContext.Become>b__0(Object m)
   at Akka.Actor.ActorBase.AroundReceive(Receive receive, Object message)
   at Akka.Actor.ActorCell.ReceiveMessage(Object message)
   at Akka.Actor.ActorCell.ReceivedTerminated(Terminated t)
   at Akka.Actor.ActorCell.AutoReceiveMessage(Envelope envelope)
   at Akka.Actor.ActorCell.Invoke(Envelope envelope)] 
[2024-10-18 12:33:27.0693] [ERROR] [Akka.Actor.OneForOneStrategy] Disassociated Akka.Remote.EndpointDisassociatedException: Disassociated
   at Akka.Remote.EndpointWriter.PublishAndThrow(Exception reason, LogLevel level, Boolean needToThrow)
   at Akka.Remote.EndpointWriter.Unhandled(Object message)
   at Akka.Actor.ReceiveActor.ExecutePartialMessageHandler(Object message, PartialAction`1 partialAction)
   at Akka.Actor.ReceiveActor.<>c__DisplayClass11_0.<Become>b__0(Object m)
   at Akka.Actor.ActorCell.<>c__DisplayClass113_0.<Akka.Actor.IUntypedActorContext.Become>b__0(Object m)
   at Akka.Actor.ActorBase.AroundReceive(Receive receive, Object message)
   at Akka.Actor.ActorCell.ReceiveMessage(Object message)
   at Akka.Actor.ActorCell.ReceivedTerminated(Terminated t)
   at Akka.Actor.ActorCell.AutoReceiveMessage(Envelope envelope)
   at Akka.Actor.ActorCell.Invoke(Envelope envelope)
[2024-10-18 12:33:27.2364] [ERROR] [Akka.Remote.Transport.ProtocolStateActor] No response from remote. Handshake timed out or transport failure detector triggered. (internal state was Open) 
[2024-10-18 12:33:27.2364] [ERROR] [Akka.Remote.Transport.ProtocolStateActor] No response from remote. Handshake timed out or transport failure detector triggered. (internal state was Open) 
[2024-10-18 12:33:27.2634] [ERROR] [Akka.Remote.Transport.ProtocolStateActor] No response from remote. Handshake timed out or transport failure detector triggered. (internal state was Open) 
[2024-10-18 12:33:27.2764] [WARN] [Akka.Remote.ReliableDeliverySupervisor] Association with remote system akka.tcp://godgaming@127.0.0.1:8083 has failed; address is now gated for 5000 ms. Reason is: [Akka.Remote.EndpointDisassociatedException: Disassociated
   at Akka.Remote.EndpointWriter.PublishAndThrow(Exception reason, LogLevel level, Boolean needToThrow)
   at Akka.Remote.EndpointWriter.Unhandled(Object message)
   at Akka.Actor.ReceiveActor.ExecutePartialMessageHandler(Object message, PartialAction`1 partialAction)
   at Akka.Actor.ReceiveActor.<>c__DisplayClass11_0.<Become>b__0(Object m)
   at Akka.Actor.ActorCell.<>c__DisplayClass113_0.<Akka.Actor.IUntypedActorContext.Become>b__0(Object m)
   at Akka.Actor.ActorBase.AroundReceive(Receive receive, Object message)
   at Akka.Actor.ActorCell.ReceiveMessage(Object message)
   at Akka.Actor.ActorCell.ReceivedTerminated(Terminated t)
   at Akka.Actor.ActorCell.AutoReceiveMessage(Envelope envelope)
   at Akka.Actor.ActorCell.Invoke(Envelope envelope)] 
[2024-10-18 12:33:27.5044] [ERROR] [Akka.Actor.OneForOneStrategy] Disassociated Akka.Remote.EndpointDisassociatedException: Disassociated
   at Akka.Remote.EndpointWriter.PublishAndThrow(Exception reason, LogLevel level, Boolean needToThrow)
   at Akka.Remote.EndpointWriter.Unhandled(Object message)
   at Akka.Actor.ReceiveActor.ExecutePartialMessageHandler(Object message, PartialAction`1 partialAction)
   at Akka.Actor.ReceiveActor.<>c__DisplayClass11_0.<Become>b__0(Object m)
   at Akka.Actor.ActorCell.<>c__DisplayClass113_0.<Akka.Actor.IUntypedActorContext.Become>b__0(Object m)
   at Akka.Actor.ActorBase.AroundReceive(Receive receive, Object message)
   at Akka.Actor.ActorCell.ReceiveMessage(Object message)
   at Akka.Actor.ActorCell.ReceivedTerminated(Terminated t)
   at Akka.Actor.ActorCell.AutoReceiveMessage(Envelope envelope)
   at Akka.Actor.ActorCell.Invoke(Envelope envelope)
[2024-10-18 12:33:33.5992] [INFO] [Cluster (akka://godgaming)] Cluster Node [akka.tcp://godgaming@127.0.0.1:8094] - Marking node(s) as REACHABLE [Member(address = akka.tcp://godgaming@127.0.0.1:4055, Uid=1111061521 status = Up, role=[lighthouse], upNumber=1, version=1.4.0), Member(address = akka.tcp://godgaming@127.0.0.1:8093, Uid=1221420051 status = Up, role=[promo], upNumber=5, version=1.0.0), Member(address = akka.tcp://godgaming@127.0.0.1:8091, Uid=1586078825 status = Up, role=[slotgame], upNumber=4, version=1.0.0), Member(address = akka.tcp://godgaming@127.0.0.1:8083, Uid=2032763084 status = Up, role=[comm], upNumber=2, version=1.0.0)]. Node roles [queenapi] 
[2024-10-18 12:33:33.6012] [INFO] [Cluster (akka://godgaming)] Cluster Node [akka.tcp://godgaming@127.0.0.1:8094] - is no longer leader 
