[2025-05-18 11:32:55.5224] [WARN] [Akka.Cluster.ClusterHeartbeatSender] Cluster Node [akka.tcp://godgaming@127.0.0.1:8094] - Scheduled sending of heartbeat was delayed. Previous heartbeat was sent [39034409.6863] ms ago, expected interval is [1000] ms. This may cause failure detection to mark members as unreachable. The reason can be thread starvation, e.g. by running blocking tasks on the default dispatcher, CPU overload, or GC. 
[2025-05-18 11:32:56.8888] [ERROR] [Akka.Remote.Transport.ProtocolStateActor] No response from remote. Handshake timed out or transport failure detector triggered. (internal state was Open) 
[2025-05-18 11:32:56.8888] [ERROR] [Akka.Remote.Transport.ProtocolStateActor] No response from remote. Handshake timed out or transport failure detector triggered. (internal state was Open) 
[2025-05-18 11:32:56.8888] [ERROR] [Akka.Remote.Transport.ProtocolStateActor] No response from remote. Handshake timed out or transport failure detector triggered. (internal state was Open) 
[2025-05-18 11:32:57.5068] [ERROR] [Akka.Remote.Transport.ProtocolStateActor] No response from remote. Handshake timed out or transport failure detector triggered. (internal state was Open) 
[2025-05-18 11:32:57.7078] [WARN] [Akka.Remote.ReliableDeliverySupervisor] Association with remote system akka.tcp://godgaming@127.0.0.1:8093 has failed; address is now gated for 5000 ms. Reason is: [Akka.Remote.EndpointDisassociatedException: Disassociated
   at Akka.Remote.EndpointWriter.PublishAndThrow(Exception reason, LogLevel level, Boolean needToThrow)
   at Akka.Remote.EndpointWriter.Unhandled(Object message)
   at Akka.Actor.ReceiveActor.ExecutePartialMessageHandler(Object message, PartialAction`1 partialAction)
   at Akka.Actor.ReceiveActor.<>c__DisplayClass11_0.<Become>b__0(Object m)
   at Akka.Actor.ActorCell.<>c__DisplayClass113_0.<Akka.Actor.IUntypedActorContext.Become>b__0(Object m)
   at Akka.Actor.ActorBase.AroundReceive(Receive receive, Object message)
   at Akka.Actor.ActorCell.ReceiveMessage(Object message)
   at Akka.Actor.ActorCell.ReceivedTerminated(Terminated t)
   at Akka.Actor.ActorCell.AutoReceiveMessage(Envelope envelope)
   at Akka.Actor.ActorCell.Invoke(Envelope envelope)] 
[2025-05-18 11:32:57.8955] [WARN] [Akka.Remote.ReliableDeliverySupervisor] Association with remote system akka.tcp://godgaming@127.0.0.1:4055 has failed; address is now gated for 5000 ms. Reason is: [Akka.Remote.EndpointDisassociatedException: Disassociated
   at Akka.Remote.EndpointWriter.PublishAndThrow(Exception reason, LogLevel level, Boolean needToThrow)
   at Akka.Remote.EndpointWriter.Unhandled(Object message)
   at Akka.Actor.ReceiveActor.ExecutePartialMessageHandler(Object message, PartialAction`1 partialAction)
   at Akka.Actor.ReceiveActor.<>c__DisplayClass11_0.<Become>b__0(Object m)
   at Akka.Actor.ActorCell.<>c__DisplayClass113_0.<Akka.Actor.IUntypedActorContext.Become>b__0(Object m)
   at Akka.Actor.ActorBase.AroundReceive(Receive receive, Object message)
   at Akka.Actor.ActorCell.ReceiveMessage(Object message)
   at Akka.Actor.ActorCell.ReceivedTerminated(Terminated t)
   at Akka.Actor.ActorCell.AutoReceiveMessage(Envelope envelope)
   at Akka.Actor.ActorCell.Invoke(Envelope envelope)] 
[2025-05-18 11:32:57.9055] [WARN] [Akka.Remote.ReliableDeliverySupervisor] Association with remote system akka.tcp://godgaming@127.0.0.1:8083 has failed; address is now gated for 5000 ms. Reason is: [Akka.Remote.EndpointDisassociatedException: Disassociated
   at Akka.Remote.EndpointWriter.PublishAndThrow(Exception reason, LogLevel level, Boolean needToThrow)
   at Akka.Remote.EndpointWriter.Unhandled(Object message)
   at Akka.Actor.ReceiveActor.ExecutePartialMessageHandler(Object message, PartialAction`1 partialAction)
   at Akka.Actor.ReceiveActor.<>c__DisplayClass11_0.<Become>b__0(Object m)
   at Akka.Actor.ActorCell.<>c__DisplayClass113_0.<Akka.Actor.IUntypedActorContext.Become>b__0(Object m)
   at Akka.Actor.ActorBase.AroundReceive(Receive receive, Object message)
   at Akka.Actor.ActorCell.ReceiveMessage(Object message)
   at Akka.Actor.ActorCell.ReceivedTerminated(Terminated t)
   at Akka.Actor.ActorCell.AutoReceiveMessage(Envelope envelope)
   at Akka.Actor.ActorCell.Invoke(Envelope envelope)] 
[2025-05-18 11:32:57.9055] [ERROR] [Akka.Remote.Transport.ProtocolStateActor] No response from remote. Handshake timed out or transport failure detector triggered. (internal state was Open) 
[2025-05-18 11:32:57.9055] [WARN] [Akka.Remote.ReliableDeliverySupervisor] Association with remote system akka.tcp://godgaming@127.0.0.1:8091 has failed; address is now gated for 5000 ms. Reason is: [Akka.Remote.EndpointDisassociatedException: Disassociated
   at Akka.Remote.EndpointWriter.PublishAndThrow(Exception reason, LogLevel level, Boolean needToThrow)
   at Akka.Remote.EndpointWriter.Unhandled(Object message)
   at Akka.Actor.ReceiveActor.ExecutePartialMessageHandler(Object message, PartialAction`1 partialAction)
   at Akka.Actor.ReceiveActor.OnReceive(Object message)
   at Akka.Actor.UntypedActor.Receive(Object message)
   at Akka.Actor.ActorBase.AroundReceive(Receive receive, Object message)
   at Akka.Actor.ActorCell.ReceiveMessage(Object message)
   at Akka.Actor.ActorCell.ReceivedTerminated(Terminated t)
   at Akka.Actor.ActorCell.AutoReceiveMessage(Envelope envelope)
   at Akka.Actor.ActorCell.Invoke(Envelope envelope)] 
[2025-05-18 11:32:57.9374] [WARN] [Akka.Cluster.ClusterCoreDaemon] Cluster Node [akka.tcp://godgaming@127.0.0.1:8094] - Marking node(s) as UNREACHABLE [Member(address = akka.tcp://godgaming@127.0.0.1:4055, Uid=180487910 status = Up, role=[lighthouse], upNumber=1, version=1.4.0), Member(address = akka.tcp://godgaming@127.0.0.1:8083, Uid=235128254 status = Up, role=[comm], upNumber=2, version=1.0.0), Member(address = akka.tcp://godgaming@127.0.0.1:8091, Uid=1927462117 status = Up, role=[slotgame], upNumber=5, version=1.0.0), Member(address = akka.tcp://godgaming@127.0.0.1:8093, Uid=886267511 status = Up, role=[promo], upNumber=3, version=1.0.0)]. Node roles [queenapi] 
[2025-05-18 11:32:57.9374] [INFO] [Cluster (akka://godgaming)] Cluster Node [akka.tcp://godgaming@127.0.0.1:8094] - is the new leader among reachable nodes (more leaders may exist) 
[2025-05-18 11:32:57.9463] [ERROR] [Akka.Actor.OneForOneStrategy] Disassociated Akka.Remote.EndpointDisassociatedException: Disassociated
   at Akka.Remote.EndpointWriter.PublishAndThrow(Exception reason, LogLevel level, Boolean needToThrow)
   at Akka.Remote.EndpointWriter.Unhandled(Object message)
   at Akka.Actor.ReceiveActor.ExecutePartialMessageHandler(Object message, PartialAction`1 partialAction)
   at Akka.Actor.ReceiveActor.<>c__DisplayClass11_0.<Become>b__0(Object m)
   at Akka.Actor.ActorCell.<>c__DisplayClass113_0.<Akka.Actor.IUntypedActorContext.Become>b__0(Object m)
   at Akka.Actor.ActorBase.AroundReceive(Receive receive, Object message)
   at Akka.Actor.ActorCell.ReceiveMessage(Object message)
   at Akka.Actor.ActorCell.ReceivedTerminated(Terminated t)
   at Akka.Actor.ActorCell.AutoReceiveMessage(Envelope envelope)
   at Akka.Actor.ActorCell.Invoke(Envelope envelope)
[2025-05-18 11:32:57.9752] [ERROR] [Akka.Actor.OneForOneStrategy] Disassociated Akka.Remote.EndpointDisassociatedException: Disassociated
   at Akka.Remote.EndpointWriter.PublishAndThrow(Exception reason, LogLevel level, Boolean needToThrow)
   at Akka.Remote.EndpointWriter.Unhandled(Object message)
   at Akka.Actor.ReceiveActor.ExecutePartialMessageHandler(Object message, PartialAction`1 partialAction)
   at Akka.Actor.ReceiveActor.<>c__DisplayClass11_0.<Become>b__0(Object m)
   at Akka.Actor.ActorCell.<>c__DisplayClass113_0.<Akka.Actor.IUntypedActorContext.Become>b__0(Object m)
   at Akka.Actor.ActorBase.AroundReceive(Receive receive, Object message)
   at Akka.Actor.ActorCell.ReceiveMessage(Object message)
   at Akka.Actor.ActorCell.ReceivedTerminated(Terminated t)
   at Akka.Actor.ActorCell.AutoReceiveMessage(Envelope envelope)
   at Akka.Actor.ActorCell.Invoke(Envelope envelope)
[2025-05-18 11:32:58.0116] [ERROR] [Akka.Actor.OneForOneStrategy] Disassociated Akka.Remote.EndpointDisassociatedException: Disassociated
   at Akka.Remote.EndpointWriter.PublishAndThrow(Exception reason, LogLevel level, Boolean needToThrow)
   at Akka.Remote.EndpointWriter.Unhandled(Object message)
   at Akka.Actor.ReceiveActor.ExecutePartialMessageHandler(Object message, PartialAction`1 partialAction)
   at Akka.Actor.ReceiveActor.OnReceive(Object message)
   at Akka.Actor.UntypedActor.Receive(Object message)
   at Akka.Actor.ActorBase.AroundReceive(Receive receive, Object message)
   at Akka.Actor.ActorCell.ReceiveMessage(Object message)
   at Akka.Actor.ActorCell.ReceivedTerminated(Terminated t)
   at Akka.Actor.ActorCell.AutoReceiveMessage(Envelope envelope)
   at Akka.Actor.ActorCell.Invoke(Envelope envelope)
[2025-05-18 11:32:58.0525] [ERROR] [Akka.Actor.OneForOneStrategy] Disassociated Akka.Remote.EndpointDisassociatedException: Disassociated
   at Akka.Remote.EndpointWriter.PublishAndThrow(Exception reason, LogLevel level, Boolean needToThrow)
   at Akka.Remote.EndpointWriter.Unhandled(Object message)
   at Akka.Actor.ReceiveActor.ExecutePartialMessageHandler(Object message, PartialAction`1 partialAction)
   at Akka.Actor.ReceiveActor.<>c__DisplayClass11_0.<Become>b__0(Object m)
   at Akka.Actor.ActorCell.<>c__DisplayClass113_0.<Akka.Actor.IUntypedActorContext.Become>b__0(Object m)
   at Akka.Actor.ActorBase.AroundReceive(Receive receive, Object message)
   at Akka.Actor.ActorCell.ReceiveMessage(Object message)
   at Akka.Actor.ActorCell.ReceivedTerminated(Terminated t)
   at Akka.Actor.ActorCell.AutoReceiveMessage(Envelope envelope)
   at Akka.Actor.ActorCell.Invoke(Envelope envelope)
[2025-05-18 11:32:58.1053] [INFO] [Akka.Actor.LocalActorRef] Message [AckIdleCheckTimer] from [akka://godgaming/system/endpointManager/reliableEndpointWriter-akka.tcp%3A%2F%2Fgodgaming%40127.0.0.1%3A8083-2/endpointWriter#655333924] to [akka://godgaming/system/endpointManager/reliableEndpointWriter-akka.tcp%3A%2F%2Fgodgaming%40127.0.0.1%3A8083-2/endpointWriter#655333924] was not delivered. [1] dead letters encountered. If this is not an expected behavior then [akka://godgaming/system/endpointManager/reliableEndpointWriter-akka.tcp%3A%2F%2Fgodgaming%40127.0.0.1%3A8083-2/endpointWriter#655333924] may have terminated unexpectedly. This logging can be turned off or adjusted with configuration settings 'akka.log-dead-letters' and 'akka.log-dead-letters-during-shutdown'. 
[2025-05-18 11:32:58.1253] [INFO] [Akka.Actor.LocalActorRef] Message [AckIdleCheckTimer] from [akka://godgaming/system/endpointManager/reliableEndpointWriter-akka.tcp%3A%2F%2Fgodgaming%40127.0.0.1%3A8093-4/endpointWriter#2020004025] to [akka://godgaming/system/endpointManager/reliableEndpointWriter-akka.tcp%3A%2F%2Fgodgaming%40127.0.0.1%3A8093-4/endpointWriter#2020004025] was not delivered. [2] dead letters encountered. If this is not an expected behavior then [akka://godgaming/system/endpointManager/reliableEndpointWriter-akka.tcp%3A%2F%2Fgodgaming%40127.0.0.1%3A8093-4/endpointWriter#2020004025] may have terminated unexpectedly. This logging can be turned off or adjusted with configuration settings 'akka.log-dead-letters' and 'akka.log-dead-letters-during-shutdown'. 
[2025-05-18 11:32:58.1821] [INFO] [Akka.Actor.LocalActorRef] Message [AckIdleCheckTimer] from [akka://godgaming/system/endpointManager/reliableEndpointWriter-akka.tcp%3A%2F%2Fgodgaming%40127.0.0.1%3A8091-5/endpointWriter#1974343104] to [akka://godgaming/system/endpointManager/reliableEndpointWriter-akka.tcp%3A%2F%2Fgodgaming%40127.0.0.1%3A8091-5/endpointWriter#1974343104] was not delivered. [3] dead letters encountered. If this is not an expected behavior then [akka://godgaming/system/endpointManager/reliableEndpointWriter-akka.tcp%3A%2F%2Fgodgaming%40127.0.0.1%3A8091-5/endpointWriter#1974343104] may have terminated unexpectedly. This logging can be turned off or adjusted with configuration settings 'akka.log-dead-letters' and 'akka.log-dead-letters-during-shutdown'. 
[2025-05-18 11:32:58.2199] [INFO] [Akka.Actor.LocalActorRef] Message [AckIdleCheckTimer] from [akka://godgaming/system/endpointManager/reliableEndpointWriter-akka.tcp%3A%2F%2Fgodgaming%40127.0.0.1%3A4055-1/endpointWriter#1634740061] to [akka://godgaming/system/endpointManager/reliableEndpointWriter-akka.tcp%3A%2F%2Fgodgaming%40127.0.0.1%3A4055-1/endpointWriter#1634740061] was not delivered. [4] dead letters encountered. If this is not an expected behavior then [akka://godgaming/system/endpointManager/reliableEndpointWriter-akka.tcp%3A%2F%2Fgodgaming%40127.0.0.1%3A4055-1/endpointWriter#1634740061] may have terminated unexpectedly. This logging can be turned off or adjusted with configuration settings 'akka.log-dead-letters' and 'akka.log-dead-letters-during-shutdown'. 
[2025-05-18 11:33:03.6527] [INFO] [Cluster (akka://godgaming)] Cluster Node [akka.tcp://godgaming@127.0.0.1:8094] - Marking node(s) as REACHABLE [Member(address = akka.tcp://godgaming@127.0.0.1:4055, Uid=180487910 status = Up, role=[lighthouse], upNumber=1, version=1.4.0), Member(address = akka.tcp://godgaming@127.0.0.1:8083, Uid=235128254 status = Up, role=[comm], upNumber=2, version=1.0.0), Member(address = akka.tcp://godgaming@127.0.0.1:8093, Uid=886267511 status = Up, role=[promo], upNumber=3, version=1.0.0), Member(address = akka.tcp://godgaming@127.0.0.1:8091, Uid=1927462117 status = Up, role=[slotgame], upNumber=5, version=1.0.0)]. Node roles [queenapi] 
[2025-05-18 11:33:03.6855] [INFO] [Cluster (akka://godgaming)] Cluster Node [akka.tcp://godgaming@127.0.0.1:8094] - is no longer leader 
