[2025-04-05 01:33:04.6561] [INFO] [Akka.Remote.RemoteActorRefProvider+RemoteDeadLetterActorRef] Message [ApiDepositMessage] from [akka://godgaming/user/agentManager/devseamagent3#661065426] to [akka://godgaming/deadLetters] was not delivered. [26] dead letters encountered, of which 15 were not logged. The counter will be reset now. If this is not an expected behavior then [akka://godgaming/deadLetters] may have terminated unexpectedly. This logging can be turned off or adjusted with configuration settings 'akka.log-dead-letters' and 'akka.log-dead-letters-during-shutdown'. 
[2025-04-05 01:40:16.1719] [INFO] [QueenApiNode.APIService] Starting API Backend Service... 
[2025-04-05 01:40:16.6315] [INFO] [remoting (akka://godgaming)] Starting remoting 
[2025-04-05 01:40:17.2144] [ERROR] [Akka.Remote.Transport.DotNetty.TcpTransport] Failed to bind to 127.0.0.1:8094; shutting down DotNetty transport. Akka.Remote.RemoteTransportException: Failed to bind to [127.0.0.1:8094]. See InnerException for details. ---> System.Net.Sockets.SocketException: Only one usage of each socket address (protocol/network address/port) is normally permitted
   at System.Net.Sockets.Socket.DoBind(EndPoint endPointSnapshot, SocketAddress socketAddress)
   at System.Net.Sockets.Socket.Bind(EndPoint localEP)
   at DotNetty.Transport.Channels.Sockets.TcpServerSocketChannel.DoBind(EndPoint localAddress)
   at DotNetty.Transport.Channels.AbstractChannel.AbstractUnsafe.BindAsync(EndPoint localAddress)
--- End of stack trace from previous location where exception was thrown ---
   at System.Runtime.CompilerServices.TaskAwaiter.ThrowForNonSuccess(Task task)
   at System.Runtime.CompilerServices.TaskAwaiter.HandleNonSuccessAndDebuggerNotification(Task task)
   at DotNetty.Transport.Bootstrapping.AbstractBootstrap`2.<DoBindAsync>d__26.MoveNext()
--- End of stack trace from previous location where exception was thrown ---
   at System.Runtime.CompilerServices.TaskAwaiter.ThrowForNonSuccess(Task task)
   at System.Runtime.CompilerServices.TaskAwaiter.HandleNonSuccessAndDebuggerNotification(Task task)
   at Akka.Remote.Transport.DotNetty.DotNettyTransport.<NewServer>d__20.MoveNext()
   --- End of inner exception stack trace ---
   at Akka.Remote.Transport.DotNetty.DotNettyTransport.<NewServer>d__20.MoveNext()
--- End of stack trace from previous location where exception was thrown ---
   at System.Runtime.CompilerServices.TaskAwaiter.ThrowForNonSuccess(Task task)
   at System.Runtime.CompilerServices.TaskAwaiter.HandleNonSuccessAndDebuggerNotification(Task task)
   at Akka.Remote.Transport.DotNetty.DotNettyTransport.<Listen>d__21.MoveNext()
--- End of stack trace from previous location where exception was thrown ---
   at System.Runtime.ExceptionServices.ExceptionDispatchInfo.Throw()
   at Akka.Remote.Transport.DotNetty.DotNettyTransport.<Listen>d__21.MoveNext()
[2025-04-05 01:40:17.2294] [ERROR] [remoting (akka://godgaming)] Remoting error: [Startup failed] [] 
[2025-04-05 01:40:19.7121] [INFO] [remoting-terminator] Shutting down remote daemon. 
