[2025-06-04 00:08:07.4965] [INFO] [QueenApiNode.APIService] Starting API Backend Service... 
[2025-06-04 00:08:08.9185] [INFO] [remoting (akka://godgaming)] Starting remoting 
[2025-06-04 00:08:09.6937] [ERROR] [Akka.Remote.Transport.DotNetty.TcpTransport] Failed to bind to 127.0.0.1:8094; shutting down DotNetty transport. Akka.Remote.RemoteTransportException: Failed to bind to [127.0.0.1:8094]. See InnerException for details. ---> System.Net.Sockets.SocketException: Only one usage of each socket address (protocol/network address/port) is normally permitted
   at System.Net.Sockets.Socket.DoBind(EndPoint endPointSnapshot, SocketAddress socketAddress)
   at System.Net.Sockets.Socket.Bind(EndPoint localEP)
   at DotNetty.Transport.Channels.Sockets.TcpServerSocketChannel.DoBind(EndPoint localAddress)
   at DotNetty.Transport.Channels.AbstractChannel.AbstractUnsafe.BindAsync(EndPoint localAddress)
--- End of stack trace from previous location where exception was thrown ---
   at System.Runtime.CompilerServices.TaskAwaiter.ThrowForNonSuccess(Task task)
   at System.Runtime.CompilerServices.TaskAwaiter.HandleNonSuccessAndDebuggerNotification(Task task)
   at DotNetty.Transport.Bootstrapping.AbstractBootstrap`2.<DoBindAsync>d__26.MoveNext()
--- End of stack trace from previous location where exception was thrown ---
   at System.Runtime.CompilerServices.TaskAwaiter.ThrowForNonSuccess(Task task)
   at System.Runtime.CompilerServices.TaskAwaiter.HandleNonSuccessAndDebuggerNotification(Task task)
   at Akka.Remote.Transport.DotNetty.DotNettyTransport.<NewServer>d__20.MoveNext()
   --- End of inner exception stack trace ---
   at Akka.Remote.Transport.DotNetty.DotNettyTransport.<NewServer>d__20.MoveNext()
--- End of stack trace from previous location where exception was thrown ---
   at System.Runtime.CompilerServices.TaskAwaiter.ThrowForNonSuccess(Task task)
   at System.Runtime.CompilerServices.TaskAwaiter.HandleNonSuccessAndDebuggerNotification(Task task)
   at Akka.Remote.Transport.DotNetty.DotNettyTransport.<Listen>d__21.MoveNext()
--- End of stack trace from previous location where exception was thrown ---
   at System.Runtime.ExceptionServices.ExceptionDispatchInfo.Throw()
   at Akka.Remote.Transport.DotNetty.DotNettyTransport.<Listen>d__21.MoveNext()
[2025-06-04 00:08:09.7207] [ERROR] [remoting (akka://godgaming)] Remoting error: [Startup failed] [] 
[2025-06-04 00:08:11.7367] [INFO] [remoting-terminator] Shutting down remote daemon. 
[2025-06-04 00:12:34.1160] [INFO] [QueenApiNode.APIService] Starting API Backend Service... 
[2025-06-04 00:12:34.3880] [INFO] [remoting (akka://godgaming)] Starting remoting 
[2025-06-04 00:12:34.6300] [ERROR] [Akka.Remote.Transport.DotNetty.TcpTransport] Failed to bind to 127.0.0.1:8094; shutting down DotNetty transport. Akka.Remote.RemoteTransportException: Failed to bind to [127.0.0.1:8094]. See InnerException for details. ---> System.Net.Sockets.SocketException: Only one usage of each socket address (protocol/network address/port) is normally permitted
   at System.Net.Sockets.Socket.DoBind(EndPoint endPointSnapshot, SocketAddress socketAddress)
   at System.Net.Sockets.Socket.Bind(EndPoint localEP)
   at DotNetty.Transport.Channels.Sockets.TcpServerSocketChannel.DoBind(EndPoint localAddress)
   at DotNetty.Transport.Channels.AbstractChannel.AbstractUnsafe.BindAsync(EndPoint localAddress)
--- End of stack trace from previous location where exception was thrown ---
   at System.Runtime.CompilerServices.TaskAwaiter.ThrowForNonSuccess(Task task)
   at System.Runtime.CompilerServices.TaskAwaiter.HandleNonSuccessAndDebuggerNotification(Task task)
   at DotNetty.Transport.Bootstrapping.AbstractBootstrap`2.<DoBindAsync>d__26.MoveNext()
--- End of stack trace from previous location where exception was thrown ---
   at System.Runtime.CompilerServices.TaskAwaiter.ThrowForNonSuccess(Task task)
   at System.Runtime.CompilerServices.TaskAwaiter.HandleNonSuccessAndDebuggerNotification(Task task)
   at Akka.Remote.Transport.DotNetty.DotNettyTransport.<NewServer>d__20.MoveNext()
   --- End of inner exception stack trace ---
   at Akka.Remote.Transport.DotNetty.DotNettyTransport.<NewServer>d__20.MoveNext()
--- End of stack trace from previous location where exception was thrown ---
   at System.Runtime.CompilerServices.TaskAwaiter.ThrowForNonSuccess(Task task)
   at System.Runtime.CompilerServices.TaskAwaiter.HandleNonSuccessAndDebuggerNotification(Task task)
   at Akka.Remote.Transport.DotNetty.DotNettyTransport.<Listen>d__21.MoveNext()
--- End of stack trace from previous location where exception was thrown ---
   at System.Runtime.ExceptionServices.ExceptionDispatchInfo.Throw()
   at Akka.Remote.Transport.DotNetty.DotNettyTransport.<Listen>d__21.MoveNext()
[2025-06-04 00:12:34.6500] [ERROR] [remoting (akka://godgaming)] Remoting error: [Startup failed] [] 
[2025-06-04 00:12:34.6880] [INFO] [remoting-terminator] Shutting down remote daemon. 
[2025-06-04 09:02:52.9705] [INFO] [QueenApiNode.APIService] Starting API Backend Service... 
[2025-06-04 09:02:54.6015] [INFO] [remoting (akka://godgaming)] Starting remoting 
[2025-06-04 09:03:48.2132] [ERROR] [Akka.Remote.Transport.DotNetty.TcpTransport] Failed to bind to 127.0.0.1:8094; shutting down DotNetty transport. Akka.Remote.RemoteTransportException: Failed to bind to [127.0.0.1:8094]. See InnerException for details. ---> System.Net.Sockets.SocketException: Only one usage of each socket address (protocol/network address/port) is normally permitted
   at System.Net.Sockets.Socket.DoBind(EndPoint endPointSnapshot, SocketAddress socketAddress)
   at System.Net.Sockets.Socket.Bind(EndPoint localEP)
   at DotNetty.Transport.Channels.Sockets.TcpServerSocketChannel.DoBind(EndPoint localAddress)
   at DotNetty.Transport.Channels.AbstractChannel.AbstractUnsafe.BindAsync(EndPoint localAddress)
--- End of stack trace from previous location where exception was thrown ---
   at System.Runtime.CompilerServices.TaskAwaiter.ThrowForNonSuccess(Task task)
   at System.Runtime.CompilerServices.TaskAwaiter.HandleNonSuccessAndDebuggerNotification(Task task)
   at DotNetty.Transport.Bootstrapping.AbstractBootstrap`2.<DoBindAsync>d__26.MoveNext()
--- End of stack trace from previous location where exception was thrown ---
   at System.Runtime.CompilerServices.TaskAwaiter.ThrowForNonSuccess(Task task)
   at System.Runtime.CompilerServices.TaskAwaiter.HandleNonSuccessAndDebuggerNotification(Task task)
   at Akka.Remote.Transport.DotNetty.DotNettyTransport.<NewServer>d__20.MoveNext()
   --- End of inner exception stack trace ---
   at Akka.Remote.Transport.DotNetty.DotNettyTransport.<NewServer>d__20.MoveNext()
--- End of stack trace from previous location where exception was thrown ---
   at System.Runtime.CompilerServices.TaskAwaiter.ThrowForNonSuccess(Task task)
   at System.Runtime.CompilerServices.TaskAwaiter.HandleNonSuccessAndDebuggerNotification(Task task)
   at Akka.Remote.Transport.DotNetty.DotNettyTransport.<Listen>d__21.MoveNext()
--- End of stack trace from previous location where exception was thrown ---
   at System.Runtime.ExceptionServices.ExceptionDispatchInfo.Throw()
   at Akka.Remote.Transport.DotNetty.DotNettyTransport.<Listen>d__21.MoveNext()
[2025-06-04 09:03:48.2332] [ERROR] [remoting (akka://godgaming)] Remoting error: [Startup failed] [] 
[2025-06-04 09:03:50.8747] [INFO] [remoting-terminator] Shutting down remote daemon. 
[2025-06-04 09:03:50.8877] [INFO] [remoting-terminator] Remote daemon shut down; proceeding with flushing remote transports. 
[2025-06-04 09:57:41.6454] [INFO] [QueenApiNode.APIService] Starting API Backend Service... 
[2025-06-04 09:57:42.3124] [INFO] [remoting (akka://godgaming)] Starting remoting 
[2025-06-04 09:58:16.7493] [ERROR] [Akka.Remote.Transport.DotNetty.TcpTransport] Failed to bind to 127.0.0.1:8094; shutting down DotNetty transport. Akka.Remote.RemoteTransportException: Failed to bind to [127.0.0.1:8094]. See InnerException for details. ---> System.Net.Sockets.SocketException: Only one usage of each socket address (protocol/network address/port) is normally permitted
   at System.Net.Sockets.Socket.DoBind(EndPoint endPointSnapshot, SocketAddress socketAddress)
   at System.Net.Sockets.Socket.Bind(EndPoint localEP)
   at DotNetty.Transport.Channels.Sockets.TcpServerSocketChannel.DoBind(EndPoint localAddress)
   at DotNetty.Transport.Channels.AbstractChannel.AbstractUnsafe.BindAsync(EndPoint localAddress)
--- End of stack trace from previous location where exception was thrown ---
   at System.Runtime.CompilerServices.TaskAwaiter.ThrowForNonSuccess(Task task)
   at System.Runtime.CompilerServices.TaskAwaiter.HandleNonSuccessAndDebuggerNotification(Task task)
   at DotNetty.Transport.Bootstrapping.AbstractBootstrap`2.<DoBindAsync>d__26.MoveNext()
--- End of stack trace from previous location where exception was thrown ---
   at System.Runtime.CompilerServices.TaskAwaiter.ThrowForNonSuccess(Task task)
   at System.Runtime.CompilerServices.TaskAwaiter.HandleNonSuccessAndDebuggerNotification(Task task)
   at Akka.Remote.Transport.DotNetty.DotNettyTransport.<NewServer>d__20.MoveNext()
   --- End of inner exception stack trace ---
   at Akka.Remote.Transport.DotNetty.DotNettyTransport.<NewServer>d__20.MoveNext()
--- End of stack trace from previous location where exception was thrown ---
   at System.Runtime.CompilerServices.TaskAwaiter.ThrowForNonSuccess(Task task)
   at System.Runtime.CompilerServices.TaskAwaiter.HandleNonSuccessAndDebuggerNotification(Task task)
   at Akka.Remote.Transport.DotNetty.DotNettyTransport.<Listen>d__21.MoveNext()
--- End of stack trace from previous location where exception was thrown ---
   at System.Runtime.ExceptionServices.ExceptionDispatchInfo.Throw()
   at Akka.Remote.Transport.DotNetty.DotNettyTransport.<Listen>d__21.MoveNext()
[2025-06-04 10:14:01.3728] [INFO] [QueenApiNode.APIService] Starting API Backend Service... 
[2025-06-04 10:14:01.9658] [INFO] [remoting (akka://godgaming)] Starting remoting 
[2025-06-04 10:14:02.4578] [ERROR] [Akka.Remote.Transport.DotNetty.TcpTransport] Failed to bind to 127.0.0.1:8094; shutting down DotNetty transport. Akka.Remote.RemoteTransportException: Failed to bind to [127.0.0.1:8094]. See InnerException for details. ---> System.Net.Sockets.SocketException: Only one usage of each socket address (protocol/network address/port) is normally permitted
   at System.Net.Sockets.Socket.DoBind(EndPoint endPointSnapshot, SocketAddress socketAddress)
   at System.Net.Sockets.Socket.Bind(EndPoint localEP)
   at DotNetty.Transport.Channels.Sockets.TcpServerSocketChannel.DoBind(EndPoint localAddress)
   at DotNetty.Transport.Channels.AbstractChannel.AbstractUnsafe.BindAsync(EndPoint localAddress)
--- End of stack trace from previous location where exception was thrown ---
   at System.Runtime.CompilerServices.TaskAwaiter.ThrowForNonSuccess(Task task)
   at System.Runtime.CompilerServices.TaskAwaiter.HandleNonSuccessAndDebuggerNotification(Task task)
   at DotNetty.Transport.Bootstrapping.AbstractBootstrap`2.<DoBindAsync>d__26.MoveNext()
--- End of stack trace from previous location where exception was thrown ---
   at System.Runtime.CompilerServices.TaskAwaiter.ThrowForNonSuccess(Task task)
   at System.Runtime.CompilerServices.TaskAwaiter.HandleNonSuccessAndDebuggerNotification(Task task)
   at Akka.Remote.Transport.DotNetty.DotNettyTransport.<NewServer>d__20.MoveNext()
   --- End of inner exception stack trace ---
   at Akka.Remote.Transport.DotNetty.DotNettyTransport.<NewServer>d__20.MoveNext()
--- End of stack trace from previous location where exception was thrown ---
   at System.Runtime.CompilerServices.TaskAwaiter.ThrowForNonSuccess(Task task)
   at System.Runtime.CompilerServices.TaskAwaiter.HandleNonSuccessAndDebuggerNotification(Task task)
   at Akka.Remote.Transport.DotNetty.DotNettyTransport.<Listen>d__21.MoveNext()
--- End of stack trace from previous location where exception was thrown ---
   at System.Runtime.ExceptionServices.ExceptionDispatchInfo.Throw()
   at Akka.Remote.Transport.DotNetty.DotNettyTransport.<Listen>d__21.MoveNext()
[2025-06-04 10:14:02.4738] [ERROR] [remoting (akka://godgaming)] Remoting error: [Startup failed] [] 
[2025-06-04 10:14:04.5533] [INFO] [remoting-terminator] Shutting down remote daemon. 
[2025-06-04 10:24:03.7639] [INFO] [QueenApiNode.APIService] Starting API Backend Service... 
[2025-06-04 10:24:04.0979] [INFO] [remoting (akka://godgaming)] Starting remoting 
[2025-06-04 10:24:04.3289] [ERROR] [Akka.Remote.Transport.DotNetty.TcpTransport] Failed to bind to 127.0.0.1:8094; shutting down DotNetty transport. Akka.Remote.RemoteTransportException: Failed to bind to [127.0.0.1:8094]. See InnerException for details. ---> System.Net.Sockets.SocketException: Only one usage of each socket address (protocol/network address/port) is normally permitted
   at System.Net.Sockets.Socket.DoBind(EndPoint endPointSnapshot, SocketAddress socketAddress)
   at System.Net.Sockets.Socket.Bind(EndPoint localEP)
   at DotNetty.Transport.Channels.Sockets.TcpServerSocketChannel.DoBind(EndPoint localAddress)
   at DotNetty.Transport.Channels.AbstractChannel.AbstractUnsafe.BindAsync(EndPoint localAddress)
--- End of stack trace from previous location where exception was thrown ---
   at System.Runtime.CompilerServices.TaskAwaiter.ThrowForNonSuccess(Task task)
   at System.Runtime.CompilerServices.TaskAwaiter.HandleNonSuccessAndDebuggerNotification(Task task)
   at DotNetty.Transport.Bootstrapping.AbstractBootstrap`2.<DoBindAsync>d__26.MoveNext()
--- End of stack trace from previous location where exception was thrown ---
   at System.Runtime.CompilerServices.TaskAwaiter.ThrowForNonSuccess(Task task)
   at System.Runtime.CompilerServices.TaskAwaiter.HandleNonSuccessAndDebuggerNotification(Task task)
   at Akka.Remote.Transport.DotNetty.DotNettyTransport.<NewServer>d__20.MoveNext()
   --- End of inner exception stack trace ---
   at Akka.Remote.Transport.DotNetty.DotNettyTransport.<NewServer>d__20.MoveNext()
--- End of stack trace from previous location where exception was thrown ---
   at System.Runtime.CompilerServices.TaskAwaiter.ThrowForNonSuccess(Task task)
   at System.Runtime.CompilerServices.TaskAwaiter.HandleNonSuccessAndDebuggerNotification(Task task)
   at Akka.Remote.Transport.DotNetty.DotNettyTransport.<Listen>d__21.MoveNext()
--- End of stack trace from previous location where exception was thrown ---
   at System.Runtime.ExceptionServices.ExceptionDispatchInfo.Throw()
   at Akka.Remote.Transport.DotNetty.DotNettyTransport.<Listen>d__21.MoveNext()
[2025-06-04 10:24:04.3779] [ERROR] [remoting (akka://godgaming)] Remoting error: [Startup failed] [] 
[2025-06-04 10:34:19.9347] [INFO] [QueenApiNode.APIService] Starting API Backend Service... 
[2025-06-04 10:34:20.2167] [INFO] [remoting (akka://godgaming)] Starting remoting 
[2025-06-04 10:34:20.4547] [ERROR] [Akka.Remote.Transport.DotNetty.TcpTransport] Failed to bind to 127.0.0.1:8094; shutting down DotNetty transport. Akka.Remote.RemoteTransportException: Failed to bind to [127.0.0.1:8094]. See InnerException for details. ---> System.Net.Sockets.SocketException: Only one usage of each socket address (protocol/network address/port) is normally permitted
   at System.Net.Sockets.Socket.DoBind(EndPoint endPointSnapshot, SocketAddress socketAddress)
   at System.Net.Sockets.Socket.Bind(EndPoint localEP)
   at DotNetty.Transport.Channels.Sockets.TcpServerSocketChannel.DoBind(EndPoint localAddress)
   at DotNetty.Transport.Channels.AbstractChannel.AbstractUnsafe.BindAsync(EndPoint localAddress)
--- End of stack trace from previous location where exception was thrown ---
   at System.Runtime.CompilerServices.TaskAwaiter.ThrowForNonSuccess(Task task)
   at System.Runtime.CompilerServices.TaskAwaiter.HandleNonSuccessAndDebuggerNotification(Task task)
   at DotNetty.Transport.Bootstrapping.AbstractBootstrap`2.<DoBindAsync>d__26.MoveNext()
--- End of stack trace from previous location where exception was thrown ---
   at System.Runtime.CompilerServices.TaskAwaiter.ThrowForNonSuccess(Task task)
   at System.Runtime.CompilerServices.TaskAwaiter.HandleNonSuccessAndDebuggerNotification(Task task)
   at Akka.Remote.Transport.DotNetty.DotNettyTransport.<NewServer>d__20.MoveNext()
   --- End of inner exception stack trace ---
   at Akka.Remote.Transport.DotNetty.DotNettyTransport.<NewServer>d__20.MoveNext()
--- End of stack trace from previous location where exception was thrown ---
   at System.Runtime.CompilerServices.TaskAwaiter.ThrowForNonSuccess(Task task)
   at System.Runtime.CompilerServices.TaskAwaiter.HandleNonSuccessAndDebuggerNotification(Task task)
   at Akka.Remote.Transport.DotNetty.DotNettyTransport.<Listen>d__21.MoveNext()
--- End of stack trace from previous location where exception was thrown ---
   at System.Runtime.ExceptionServices.ExceptionDispatchInfo.Throw()
   at Akka.Remote.Transport.DotNetty.DotNettyTransport.<Listen>d__21.MoveNext()
[2025-06-04 10:34:20.4827] [ERROR] [remoting (akka://godgaming)] Remoting error: [Startup failed] [] 
[2025-06-04 10:34:20.5287] [INFO] [remoting-terminator] Shutting down remote daemon. 
[2025-06-04 10:34:20.5287] [INFO] [remoting-terminator] Remote daemon shut down; proceeding with flushing remote transports. 
[2025-06-04 10:34:20.5407] [INFO] [remoting (akka://godgaming)] Remoting shut down 
[2025-06-04 10:34:20.5407] [ERROR] [remoting (akka://godgaming)] Remoting system has been terminated abruptly. Attempting to shut down transports 
[2025-06-04 10:34:20.5407] [INFO] [remoting-terminator] Remoting shut down. 
[2025-06-04 15:22:34.5082] [INFO] [QueenApiNode.APIService] Starting API Backend Service... 
[2025-06-04 15:22:35.1602] [INFO] [remoting (akka://godgaming)] Starting remoting 
[2025-06-04 15:22:35.6232] [ERROR] [Akka.Remote.Transport.DotNetty.TcpTransport] Failed to bind to 127.0.0.1:8094; shutting down DotNetty transport. Akka.Remote.RemoteTransportException: Failed to bind to [127.0.0.1:8094]. See InnerException for details. ---> System.Net.Sockets.SocketException: Only one usage of each socket address (protocol/network address/port) is normally permitted
   at System.Net.Sockets.Socket.DoBind(EndPoint endPointSnapshot, SocketAddress socketAddress)
   at System.Net.Sockets.Socket.Bind(EndPoint localEP)
   at DotNetty.Transport.Channels.Sockets.TcpServerSocketChannel.DoBind(EndPoint localAddress)
   at DotNetty.Transport.Channels.AbstractChannel.AbstractUnsafe.BindAsync(EndPoint localAddress)
--- End of stack trace from previous location where exception was thrown ---
   at System.Runtime.CompilerServices.TaskAwaiter.ThrowForNonSuccess(Task task)
   at System.Runtime.CompilerServices.TaskAwaiter.HandleNonSuccessAndDebuggerNotification(Task task)
   at DotNetty.Transport.Bootstrapping.AbstractBootstrap`2.<DoBindAsync>d__26.MoveNext()
--- End of stack trace from previous location where exception was thrown ---
   at System.Runtime.CompilerServices.TaskAwaiter.ThrowForNonSuccess(Task task)
   at System.Runtime.CompilerServices.TaskAwaiter.HandleNonSuccessAndDebuggerNotification(Task task)
   at Akka.Remote.Transport.DotNetty.DotNettyTransport.<NewServer>d__20.MoveNext()
   --- End of inner exception stack trace ---
   at Akka.Remote.Transport.DotNetty.DotNettyTransport.<NewServer>d__20.MoveNext()
--- End of stack trace from previous location where exception was thrown ---
   at System.Runtime.CompilerServices.TaskAwaiter.ThrowForNonSuccess(Task task)
   at System.Runtime.CompilerServices.TaskAwaiter.HandleNonSuccessAndDebuggerNotification(Task task)
   at Akka.Remote.Transport.DotNetty.DotNettyTransport.<Listen>d__21.MoveNext()
--- End of stack trace from previous location where exception was thrown ---
   at System.Runtime.ExceptionServices.ExceptionDispatchInfo.Throw()
   at Akka.Remote.Transport.DotNetty.DotNettyTransport.<Listen>d__21.MoveNext()
[2025-06-04 15:22:35.6442] [ERROR] [remoting (akka://godgaming)] Remoting error: [Startup failed] [] 
[2025-06-04 15:22:37.6979] [INFO] [remoting-terminator] Shutting down remote daemon. 
[2025-06-04 15:48:01.6697] [INFO] [QueenApiNode.APIService] Starting API Backend Service... 
[2025-06-04 15:48:02.3747] [INFO] [remoting (akka://godgaming)] Starting remoting 
[2025-06-04 15:48:02.7377] [ERROR] [Akka.Remote.Transport.DotNetty.TcpTransport] Failed to bind to 127.0.0.1:8094; shutting down DotNetty transport. Akka.Remote.RemoteTransportException: Failed to bind to [127.0.0.1:8094]. See InnerException for details. ---> System.Net.Sockets.SocketException: Only one usage of each socket address (protocol/network address/port) is normally permitted
   at System.Net.Sockets.Socket.DoBind(EndPoint endPointSnapshot, SocketAddress socketAddress)
   at System.Net.Sockets.Socket.Bind(EndPoint localEP)
   at DotNetty.Transport.Channels.Sockets.TcpServerSocketChannel.DoBind(EndPoint localAddress)
   at DotNetty.Transport.Channels.AbstractChannel.AbstractUnsafe.BindAsync(EndPoint localAddress)
--- End of stack trace from previous location where exception was thrown ---
   at System.Runtime.CompilerServices.TaskAwaiter.ThrowForNonSuccess(Task task)
   at System.Runtime.CompilerServices.TaskAwaiter.HandleNonSuccessAndDebuggerNotification(Task task)
   at DotNetty.Transport.Bootstrapping.AbstractBootstrap`2.<DoBindAsync>d__26.MoveNext()
--- End of stack trace from previous location where exception was thrown ---
   at System.Runtime.CompilerServices.TaskAwaiter.ThrowForNonSuccess(Task task)
   at System.Runtime.CompilerServices.TaskAwaiter.HandleNonSuccessAndDebuggerNotification(Task task)
   at Akka.Remote.Transport.DotNetty.DotNettyTransport.<NewServer>d__20.MoveNext()
   --- End of inner exception stack trace ---
   at Akka.Remote.Transport.DotNetty.DotNettyTransport.<NewServer>d__20.MoveNext()
--- End of stack trace from previous location where exception was thrown ---
   at System.Runtime.CompilerServices.TaskAwaiter.ThrowForNonSuccess(Task task)
   at System.Runtime.CompilerServices.TaskAwaiter.HandleNonSuccessAndDebuggerNotification(Task task)
   at Akka.Remote.Transport.DotNetty.DotNettyTransport.<Listen>d__21.MoveNext()
--- End of stack trace from previous location where exception was thrown ---
   at System.Runtime.ExceptionServices.ExceptionDispatchInfo.Throw()
   at Akka.Remote.Transport.DotNetty.DotNettyTransport.<Listen>d__21.MoveNext()
[2025-06-04 15:48:02.7527] [ERROR] [remoting (akka://godgaming)] Remoting error: [Startup failed] [] 
[2025-06-04 15:48:04.3751] [INFO] [remoting-terminator] Shutting down remote daemon. 
