[2024-01-04 15:24:55.6489] [INFO] [SlotGamesNode.SlotGamesService] Starting SlotGamesNode Service... 
[2024-01-04 15:24:56.3392] [INFO] [remoting (akka://godgaming)] Starting remoting 
[2024-01-04 15:24:56.8249] [INFO] [remoting (akka://godgaming)] Remoting started; listening on addresses : [akka.tcp://godgaming@127.0.0.1:8091] 
[2024-01-04 15:24:56.8249] [INFO] [remoting (akka://godgaming)] Remoting now listens on addresses: [akka.tcp://godgaming@127.0.0.1:8091] 
[2024-01-04 15:24:56.8498] [INFO] [Cluster (akka://godgaming)] Cluster Node [akka.tcp://godgaming@127.0.0.1:8091] - Starting up... 
[2024-01-04 15:24:56.8678] [INFO] [Cluster (akka://godgaming)] Cluster Node [akka.tcp://godgaming@127.0.0.1:8091] - Started up successfully 
[2024-01-04 15:24:56.9057] [INFO] [Cluster (akka://godgaming)] Cluster Node [akka.tcp://godgaming@127.0.0.1:8091] - No seed-nodes configured, manual cluster join required 
[2024-01-04 15:24:56.9057] [INFO] [SlotGamesNode.BootstrapActor] Start Single Game Server(id:)... 
[2024-01-04 15:24:56.9057] [INFO] [SlotGamesNode.BootstrapActor] Initializing database proxy... 
[2024-01-04 15:25:12.0846] [ERROR] [SlotGamesNode.Database.DBProxyWriteWorker] Exception has been occured in DBProxyWriteWorker::processCommand System.Data.SqlClient.SqlException (0x80131904): Connection Timeout Expired.  The timeout period elapsed while attempting to consume the pre-login handshake acknowledgement.  This could be because the pre-login handshake failed or the server was unable to respond back in time.  The duration spent while attempting to connect to this server was - [Pre-Login] initialization=444; handshake=14911;  ---> System.ComponentModel.Win32Exception (0x80004005): The wait operation timed out
   at System.Data.ProviderBase.DbConnectionPool.TryGetConnection(DbConnection owningObject, UInt32 waitForMultipleObjectsTimeout, Boolean allowCreate, Boolean onlyOneCheckConnection, DbConnectionOptions userOptions, DbConnectionInternal& connection)
   at System.Data.ProviderBase.DbConnectionPool.WaitForPendingOpen()
--- End of stack trace from previous location where exception was thrown ---
   at System.Runtime.CompilerServices.TaskAwaiter.ThrowForNonSuccess(Task task)
   at System.Runtime.CompilerServices.TaskAwaiter.HandleNonSuccessAndDebuggerNotification(Task task)
   at System.Runtime.CompilerServices.TaskAwaiter.GetResult()
   at SlotGamesNode.Database.DBProxyWriteWorker.<processCommand>d__6.MoveNext() in F:\Jobs\MYCasino\SlotCityCasinoServer\SlotGamesNode\Database\DBProxyWriteWorker.cs:line 47
ClientConnectionId:5687df42-0be9-4f3e-9f63-fd2f5235d397
Error Number:-2,State:0,Class:11 
[2024-01-04 15:25:12.1014] [ERROR] [SlotGamesNode.Database.DBProxy] Can not connect to database. Please check if database is correctly configured. 
[2024-01-04 15:25:13.1159] [ERROR] [SlotGamesNode.Database.DBProxyWriteWorker] Exception has been occured in DBProxyWriteWorker::processCommand System.Data.SqlClient.SqlException (0x80131904): Connection Timeout Expired.  The timeout period elapsed while attempting to consume the pre-login handshake acknowledgement.  This could be because the pre-login handshake failed or the server was unable to respond back in time.  The duration spent while attempting to connect to this server was - [Pre-Login] initialization=444; handshake=14911;  ---> System.ComponentModel.Win32Exception (0x80004005): The wait operation timed out
   at System.Data.ProviderBase.DbConnectionPool.TryGetConnection(DbConnection owningObject, UInt32 waitForMultipleObjectsTimeout, Boolean allowCreate, Boolean onlyOneCheckConnection, DbConnectionOptions userOptions, DbConnectionInternal& connection)
   at System.Data.ProviderBase.DbConnectionPool.TryGetConnection(DbConnection owningObject, TaskCompletionSource`1 retry, DbConnectionOptions userOptions, DbConnectionInternal& connection)
   at System.Data.ProviderBase.DbConnectionFactory.TryGetConnection(DbConnection owningConnection, TaskCompletionSource`1 retry, DbConnectionOptions userOptions, DbConnectionInternal oldConnection, DbConnectionInternal& connection)
   at System.Data.ProviderBase.DbConnectionInternal.TryOpenConnectionInternal(DbConnection outerConnection, DbConnectionFactory connectionFactory, TaskCompletionSource`1 retry, DbConnectionOptions userOptions)
   at System.Data.ProviderBase.DbConnectionClosed.TryOpenConnection(DbConnection outerConnection, DbConnectionFactory connectionFactory, TaskCompletionSource`1 retry, DbConnectionOptions userOptions)
   at System.Data.SqlClient.SqlConnection.TryOpenInner(TaskCompletionSource`1 retry)
   at System.Data.SqlClient.SqlConnection.TryOpen(TaskCompletionSource`1 retry)
   at System.Data.SqlClient.SqlConnection.OpenAsync(CancellationToken cancellationToken)
--- End of stack trace from previous location where exception was thrown ---
   at System.Runtime.CompilerServices.TaskAwaiter.ThrowForNonSuccess(Task task)
   at System.Runtime.CompilerServices.TaskAwaiter.HandleNonSuccessAndDebuggerNotification(Task task)
   at System.Runtime.CompilerServices.TaskAwaiter.GetResult()
   at SlotGamesNode.Database.DBProxyWriteWorker.<processCommand>d__6.MoveNext() in F:\Jobs\MYCasino\SlotCityCasinoServer\SlotGamesNode\Database\DBProxyWriteWorker.cs:line 47
ClientConnectionId:5687df42-0be9-4f3e-9f63-fd2f5235d397
Error Number:-2,State:0,Class:11 
[2024-01-04 15:25:14.1396] [ERROR] [SlotGamesNode.Database.DBProxyWriteWorker] Exception has been occured in DBProxyWriteWorker::processCommand System.Data.SqlClient.SqlException (0x80131904): Connection Timeout Expired.  The timeout period elapsed while attempting to consume the pre-login handshake acknowledgement.  This could be because the pre-login handshake failed or the server was unable to respond back in time.  The duration spent while attempting to connect to this server was - [Pre-Login] initialization=444; handshake=14911;  ---> System.ComponentModel.Win32Exception (0x80004005): The wait operation timed out
   at System.Data.ProviderBase.DbConnectionPool.TryGetConnection(DbConnection owningObject, UInt32 waitForMultipleObjectsTimeout, Boolean allowCreate, Boolean onlyOneCheckConnection, DbConnectionOptions userOptions, DbConnectionInternal& connection)
   at System.Data.ProviderBase.DbConnectionPool.TryGetConnection(DbConnection owningObject, TaskCompletionSource`1 retry, DbConnectionOptions userOptions, DbConnectionInternal& connection)
   at System.Data.ProviderBase.DbConnectionFactory.TryGetConnection(DbConnection owningConnection, TaskCompletionSource`1 retry, DbConnectionOptions userOptions, DbConnectionInternal oldConnection, DbConnectionInternal& connection)
   at System.Data.ProviderBase.DbConnectionInternal.TryOpenConnectionInternal(DbConnection outerConnection, DbConnectionFactory connectionFactory, TaskCompletionSource`1 retry, DbConnectionOptions userOptions)
   at System.Data.ProviderBase.DbConnectionClosed.TryOpenConnection(DbConnection outerConnection, DbConnectionFactory connectionFactory, TaskCompletionSource`1 retry, DbConnectionOptions userOptions)
   at System.Data.SqlClient.SqlConnection.TryOpenInner(TaskCompletionSource`1 retry)
   at System.Data.SqlClient.SqlConnection.TryOpen(TaskCompletionSource`1 retry)
   at System.Data.SqlClient.SqlConnection.OpenAsync(CancellationToken cancellationToken)
--- End of stack trace from previous location where exception was thrown ---
   at System.Runtime.CompilerServices.TaskAwaiter.ThrowForNonSuccess(Task task)
   at System.Runtime.CompilerServices.TaskAwaiter.HandleNonSuccessAndDebuggerNotification(Task task)
   at System.Runtime.CompilerServices.TaskAwaiter.GetResult()
   at SlotGamesNode.Database.DBProxyWriteWorker.<processCommand>d__6.MoveNext() in F:\Jobs\MYCasino\SlotCityCasinoServer\SlotGamesNode\Database\DBProxyWriteWorker.cs:line 47
ClientConnectionId:5687df42-0be9-4f3e-9f63-fd2f5235d397
Error Number:-2,State:0,Class:11 
[2024-01-04 15:25:15.1529] [ERROR] [SlotGamesNode.Database.DBProxyWriteWorker] Exception has been occured in DBProxyWriteWorker::processCommand System.Data.SqlClient.SqlException (0x80131904): Connection Timeout Expired.  The timeout period elapsed while attempting to consume the pre-login handshake acknowledgement.  This could be because the pre-login handshake failed or the server was unable to respond back in time.  The duration spent while attempting to connect to this server was - [Pre-Login] initialization=444; handshake=14911;  ---> System.ComponentModel.Win32Exception (0x80004005): The wait operation timed out
   at System.Data.ProviderBase.DbConnectionPool.TryGetConnection(DbConnection owningObject, UInt32 waitForMultipleObjectsTimeout, Boolean allowCreate, Boolean onlyOneCheckConnection, DbConnectionOptions userOptions, DbConnectionInternal& connection)
   at System.Data.ProviderBase.DbConnectionPool.TryGetConnection(DbConnection owningObject, TaskCompletionSource`1 retry, DbConnectionOptions userOptions, DbConnectionInternal& connection)
   at System.Data.ProviderBase.DbConnectionFactory.TryGetConnection(DbConnection owningConnection, TaskCompletionSource`1 retry, DbConnectionOptions userOptions, DbConnectionInternal oldConnection, DbConnectionInternal& connection)
   at System.Data.ProviderBase.DbConnectionInternal.TryOpenConnectionInternal(DbConnection outerConnection, DbConnectionFactory connectionFactory, TaskCompletionSource`1 retry, DbConnectionOptions userOptions)
   at System.Data.ProviderBase.DbConnectionClosed.TryOpenConnection(DbConnection outerConnection, DbConnectionFactory connectionFactory, TaskCompletionSource`1 retry, DbConnectionOptions userOptions)
   at System.Data.SqlClient.SqlConnection.TryOpenInner(TaskCompletionSource`1 retry)
   at System.Data.SqlClient.SqlConnection.TryOpen(TaskCompletionSource`1 retry)
   at System.Data.SqlClient.SqlConnection.OpenAsync(CancellationToken cancellationToken)
--- End of stack trace from previous location where exception was thrown ---
   at System.Runtime.CompilerServices.TaskAwaiter.ThrowForNonSuccess(Task task)
   at System.Runtime.CompilerServices.TaskAwaiter.HandleNonSuccessAndDebuggerNotification(Task task)
   at System.Runtime.CompilerServices.TaskAwaiter.GetResult()
   at SlotGamesNode.Database.DBProxyWriteWorker.<processCommand>d__6.MoveNext() in F:\Jobs\MYCasino\SlotCityCasinoServer\SlotGamesNode\Database\DBProxyWriteWorker.cs:line 47
ClientConnectionId:5687df42-0be9-4f3e-9f63-fd2f5235d397
Error Number:-2,State:0,Class:11 
[2024-01-04 15:25:16.1787] [ERROR] [SlotGamesNode.Database.DBProxyWriteWorker] Exception has been occured in DBProxyWriteWorker::processCommand System.Data.SqlClient.SqlException (0x80131904): Connection Timeout Expired.  The timeout period elapsed while attempting to consume the pre-login handshake acknowledgement.  This could be because the pre-login handshake failed or the server was unable to respond back in time.  The duration spent while attempting to connect to this server was - [Pre-Login] initialization=444; handshake=14911;  ---> System.ComponentModel.Win32Exception (0x80004005): The wait operation timed out
   at System.Data.ProviderBase.DbConnectionPool.TryGetConnection(DbConnection owningObject, UInt32 waitForMultipleObjectsTimeout, Boolean allowCreate, Boolean onlyOneCheckConnection, DbConnectionOptions userOptions, DbConnectionInternal& connection)
   at System.Data.ProviderBase.DbConnectionPool.TryGetConnection(DbConnection owningObject, TaskCompletionSource`1 retry, DbConnectionOptions userOptions, DbConnectionInternal& connection)
   at System.Data.ProviderBase.DbConnectionFactory.TryGetConnection(DbConnection owningConnection, TaskCompletionSource`1 retry, DbConnectionOptions userOptions, DbConnectionInternal oldConnection, DbConnectionInternal& connection)
   at System.Data.ProviderBase.DbConnectionInternal.TryOpenConnectionInternal(DbConnection outerConnection, DbConnectionFactory connectionFactory, TaskCompletionSource`1 retry, DbConnectionOptions userOptions)
   at System.Data.ProviderBase.DbConnectionClosed.TryOpenConnection(DbConnection outerConnection, DbConnectionFactory connectionFactory, TaskCompletionSource`1 retry, DbConnectionOptions userOptions)
   at System.Data.SqlClient.SqlConnection.TryOpenInner(TaskCompletionSource`1 retry)
   at System.Data.SqlClient.SqlConnection.TryOpen(TaskCompletionSource`1 retry)
   at System.Data.SqlClient.SqlConnection.OpenAsync(CancellationToken cancellationToken)
--- End of stack trace from previous location where exception was thrown ---
   at System.Runtime.CompilerServices.TaskAwaiter.ThrowForNonSuccess(Task task)
   at System.Runtime.CompilerServices.TaskAwaiter.HandleNonSuccessAndDebuggerNotification(Task task)
   at System.Runtime.CompilerServices.TaskAwaiter.GetResult()
   at SlotGamesNode.Database.DBProxyWriteWorker.<processCommand>d__6.MoveNext() in F:\Jobs\MYCasino\SlotCityCasinoServer\SlotGamesNode\Database\DBProxyWriteWorker.cs:line 47
ClientConnectionId:5687df42-0be9-4f3e-9f63-fd2f5235d397
Error Number:-2,State:0,Class:11 
[2024-01-04 15:26:24.8433] [INFO] [SlotGamesNode.SlotGamesService] Starting SlotGamesNode Service... 
[2024-01-04 15:26:25.2073] [INFO] [remoting (akka://godgaming)] Starting remoting 
[2024-01-04 15:26:25.5275] [INFO] [remoting (akka://godgaming)] Remoting started; listening on addresses : [akka.tcp://godgaming@127.0.0.1:8091] 
[2024-01-04 15:26:25.5275] [INFO] [remoting (akka://godgaming)] Remoting now listens on addresses: [akka.tcp://godgaming@127.0.0.1:8091] 
[2024-01-04 15:26:25.5464] [INFO] [Cluster (akka://godgaming)] Cluster Node [akka.tcp://godgaming@127.0.0.1:8091] - Starting up... 
[2024-01-04 15:26:25.5634] [INFO] [Cluster (akka://godgaming)] Cluster Node [akka.tcp://godgaming@127.0.0.1:8091] - Started up successfully 
[2024-01-04 15:26:25.5873] [INFO] [SlotGamesNode.BootstrapActor] Start Single Game Server(id:)... 
[2024-01-04 15:26:25.5873] [INFO] [SlotGamesNode.BootstrapActor] Initializing database proxy... 
[2024-01-04 15:26:25.6013] [INFO] [Cluster (akka://godgaming)] Cluster Node [akka.tcp://godgaming@127.0.0.1:8091] - No seed-nodes configured, manual cluster join required 
[2024-01-04 15:26:26.4262] [INFO] [SlotGamesNode.BootstrapActor] Database Proxy has been successfully initialized. 
[2024-01-04 15:26:26.4262] [INFO] [SlotGamesNode.BootstrapActor] started loading game database.... 
