[2025-05-09 09:04:39.4364] [INFO] [SlotGamesNode.SlotGamesService] Starting SlotGamesNode Service... 
[2025-05-09 09:04:39.6804] [INFO] [remoting (akka://godgaming)] Starting remoting 
[2025-05-09 09:04:39.8806] [INFO] [remoting (akka://godgaming)] Remoting started; listening on addresses : [akka.tcp://godgaming@127.0.0.1:8091] 
[2025-05-09 09:04:39.8806] [INFO] [remoting (akka://godgaming)] Remoting now listens on addresses: [akka.tcp://godgaming@127.0.0.1:8091] 
[2025-05-09 09:04:39.9006] [INFO] [Cluster (akka://godgaming)] Cluster Node [akka.tcp://godgaming@127.0.0.1:8091] - Starting up... 
[2025-05-09 09:04:39.9176] [INFO] [Cluster (akka://godgaming)] Cluster Node [akka.tcp://godgaming@127.0.0.1:8091] - Started up successfully 
[2025-05-09 09:04:39.9376] [INFO] [Cluster (akka://godgaming)] Cluster Node [akka.tcp://godgaming@127.0.0.1:8091] - No seed-nodes configured, manual cluster join required 
[2025-05-09 09:04:39.9376] [INFO] [SlotGamesNode.BootstrapActor] Start Single Game Server(id:)... 
[2025-05-09 09:04:39.9376] [INFO] [SlotGamesNode.BootstrapActor] Initializing database proxy... 
[2025-05-09 09:04:40.1966] [INFO] [Cluster (akka://godgaming)] Cluster Node [akka.tcp://godgaming@127.0.0.1:8091] - Received InitJoin message from [[akka.tcp://godgaming@127.0.0.1:8083/system/cluster/core/daemon/joinSeedNodeProcess-1#1661105353]], but this node is not initialized yet 
[2025-05-09 09:04:40.2546] [INFO] [SlotGamesNode.BootstrapActor] Database Proxy has been successfully initialized. 
[2025-05-09 09:04:40.2546] [INFO] [SlotGamesNode.BootstrapActor] started loading game database.... 
[2025-05-09 09:05:40.7070] [INFO] [SlotGamesNode.BootstrapActor] completed loading of game database successfully. 
[2025-05-09 09:05:40.7070] [INFO] [SlotGamesNode.BootstrapActor] cluster joining... 
[2025-05-09 09:05:40.7755] [INFO] [Cluster (akka://godgaming)] Cluster Node [akka.tcp://godgaming@127.0.0.1:8091] - Welcome from [akka.tcp://godgaming@127.0.0.1:4055] 
[2025-05-09 09:08:13.4468] [INFO] [SlotGamesNode.GameLogics.SweetBonanzaXmasGameLogic] generateSpinResult: null 
[2025-05-09 09:08:32.5985] [INFO] [SlotGamesNode.GameLogics.SweetBonanzaXmasGameLogic] generateSpinResult: null 
[2025-05-09 09:08:42.7960] [INFO] [SlotGamesNode.GameLogics.SweetBonanzaXmasGameLogic] generateSpinResult: null 
[2025-05-09 09:08:54.2852] [INFO] [SlotGamesNode.GameLogics.SweetBonanzaXmasGameLogic] generateSpinResult: null 
[2025-05-09 09:09:01.2932] [INFO] [SlotGamesNode.GameLogics.SweetBonanzaXmasGameLogic] generateSpinResult: null 
[2025-05-09 09:09:06.1162] [INFO] [SlotGamesNode.GameLogics.SweetBonanzaXmasGameLogic] generateSpinResult: null 
[2025-05-09 09:10:04.4226] [INFO] [SlotGamesNode.GameLogics.SweetBonanzaXmasGameLogic] generateSpinResult: null 
[2025-05-09 09:10:24.6316] [INFO] [SlotGamesNode.GameLogics.SweetBonanzaXmasGameLogic] generateSpinResult: null 
[2025-05-09 09:10:28.5332] [INFO] [SlotGamesNode.GameLogics.SweetBonanzaXmasGameLogic] generateSpinResult: null 
[2025-05-09 09:11:08.0897] [INFO] [SlotGamesNode.GameLogics.SweetBonanzaXmasGameLogic] generateSpinResult: null 
[2025-05-09 09:12:15.5981] [INFO] [SlotGamesNode.GameLogics.SweetBonanzaXmasGameLogic] generateSpinResult: null 
[2025-05-09 09:14:10.2850] [INFO] [SlotGamesNode.GameLogics.SweetBonanzaXmasGameLogic] generateSpinResult: null 
[2025-05-09 09:14:41.1828] [INFO] [SlotGamesNode.GameLogics.SweetBonanzaXmasGameLogic] generateSpinResult: null 
[2025-05-09 09:14:46.7182] [INFO] [SlotGamesNode.GameLogics.SweetBonanzaXmasGameLogic] generateSpinResult: null 
[2025-05-09 09:14:50.6455] [INFO] [SlotGamesNode.GameLogics.SweetBonanzaXmasGameLogic] generateSpinResult: null 
[2025-05-09 09:16:37.5617] [INFO] [SlotGamesNode.GameLogics.SweetBonanzaXmasGameLogic] generateSpinResult: null 
[2025-05-09 09:19:09.6645] [INFO] [SlotGamesNode.GameLogics.SweetBonanzaXmasGameLogic] generateSpinResult: null 
[2025-05-09 09:20:36.2242] [INFO] [SlotGamesNode.GameLogics.SweetBonanzaXmasGameLogic] generateSpinResult: null 
[2025-05-09 09:20:45.6062] [INFO] [SlotGamesNode.GameLogics.SweetBonanzaXmasGameLogic] generateSpinResult: null 
[2025-05-09 09:20:49.8718] [INFO] [SlotGamesNode.GameLogics.SweetBonanzaXmasGameLogic] generateSpinResult: null 
[2025-05-09 09:20:56.4239] [INFO] [SlotGamesNode.GameLogics.SweetBonanzaXmasGameLogic] generateSpinResult: null 
[2025-05-09 09:21:07.5825] [INFO] [SlotGamesNode.GameLogics.SweetBonanzaXmasGameLogic] generateSpinResult: null 
[2025-05-09 17:19:26.5105] [ERROR] [Akka.Remote.Transport.ProtocolStateActor] No response from remote. Handshake timed out or transport failure detector triggered. (internal state was Open) 
[2025-05-09 17:19:27.7823] [ERROR] [Akka.Remote.Transport.ProtocolStateActor] No response from remote. Handshake timed out or transport failure detector triggered. (internal state was Open) 
[2025-05-09 17:19:28.1647] [WARN] [Akka.Cluster.ClusterHeartbeatSender] Cluster Node [akka.tcp://godgaming@127.0.0.1:8091] - Scheduled sending of heartbeat was delayed. Previous heartbeat was sent [14869052.7679] ms ago, expected interval is [1000] ms. This may cause failure detection to mark members as unreachable. The reason can be thread starvation, e.g. by running blocking tasks on the default dispatcher, CPU overload, or GC. 
[2025-05-09 17:19:28.4856] [ERROR] [Akka.Remote.Transport.ProtocolStateActor] No response from remote. Handshake timed out or transport failure detector triggered. (internal state was Open) 
[2025-05-09 17:19:28.6056] [ERROR] [Akka.Remote.Transport.ProtocolStateActor] No response from remote. Handshake timed out or transport failure detector triggered. (internal state was Open) 
[2025-05-09 17:19:28.7273] [WARN] [Akka.Remote.ReliableDeliverySupervisor] Association with remote system akka.tcp://godgaming@127.0.0.1:8093 has failed; address is now gated for 5000 ms. Reason is: [Akka.Remote.EndpointDisassociatedException: Disassociated
   at Akka.Remote.EndpointWriter.PublishAndThrow(Exception reason, LogLevel level, Boolean needToThrow)
   at Akka.Remote.EndpointWriter.Unhandled(Object message)
   at Akka.Actor.ReceiveActor.ExecutePartialMessageHandler(Object message, PartialAction`1 partialAction)
   at Akka.Actor.ReceiveActor.<>c__DisplayClass11_0.<Become>b__0(Object m)
   at Akka.Actor.ActorCell.<>c__DisplayClass114_0.<Akka.Actor.IUntypedActorContext.Become>b__0(Object m)
   at Akka.Actor.ActorBase.AroundReceive(Receive receive, Object message)
   at Akka.Actor.ActorCell.ReceiveMessage(Object message)
   at Akka.Actor.ActorCell.ReceivedTerminated(Terminated t)
   at Akka.Actor.ActorCell.AutoReceiveMessage(Envelope envelope)
   at Akka.Actor.ActorCell.Invoke(Envelope envelope)] 
[2025-05-09 17:19:28.8263] [WARN] [Akka.Remote.ReliableDeliverySupervisor] Association with remote system akka.tcp://godgaming@127.0.0.1:8083 has failed; address is now gated for 5000 ms. Reason is: [Akka.Remote.EndpointDisassociatedException: Disassociated
   at Akka.Remote.EndpointWriter.PublishAndThrow(Exception reason, LogLevel level, Boolean needToThrow)
   at Akka.Remote.EndpointWriter.Unhandled(Object message)
   at Akka.Actor.ReceiveActor.ExecutePartialMessageHandler(Object message, PartialAction`1 partialAction)
   at Akka.Actor.ReceiveActor.OnReceive(Object message)
   at Akka.Actor.UntypedActor.Receive(Object message)
   at Akka.Actor.ActorBase.AroundReceive(Receive receive, Object message)
   at Akka.Actor.ActorCell.ReceiveMessage(Object message)
   at Akka.Actor.ActorCell.ReceivedTerminated(Terminated t)
   at Akka.Actor.ActorCell.AutoReceiveMessage(Envelope envelope)
   at Akka.Actor.ActorCell.Invoke(Envelope envelope)] 
[2025-05-09 17:19:28.9376] [WARN] [Akka.Remote.ReliableDeliverySupervisor] Association with remote system akka.tcp://godgaming@127.0.0.1:4055 has failed; address is now gated for 5000 ms. Reason is: [Akka.Remote.EndpointDisassociatedException: Disassociated
   at Akka.Remote.EndpointWriter.PublishAndThrow(Exception reason, LogLevel level, Boolean needToThrow)
   at Akka.Remote.EndpointWriter.Unhandled(Object message)
   at Akka.Actor.ReceiveActor.ExecutePartialMessageHandler(Object message, PartialAction`1 partialAction)
   at Akka.Actor.ReceiveActor.<>c__DisplayClass11_0.<Become>b__0(Object m)
   at Akka.Actor.ActorCell.<>c__DisplayClass114_0.<Akka.Actor.IUntypedActorContext.Become>b__0(Object m)
   at Akka.Actor.ActorBase.AroundReceive(Receive receive, Object message)
   at Akka.Actor.ActorCell.ReceiveMessage(Object message)
   at Akka.Actor.ActorCell.ReceivedTerminated(Terminated t)
   at Akka.Actor.ActorCell.AutoReceiveMessage(Envelope envelope)
   at Akka.Actor.ActorCell.Invoke(Envelope envelope)] 
[2025-05-09 17:19:29.0257] [WARN] [Akka.Cluster.ClusterCoreDaemon] Cluster Node [akka.tcp://godgaming@127.0.0.1:8091] - Marking node(s) as UNREACHABLE [Member(address = akka.tcp://godgaming@127.0.0.1:4055, Uid=679618349 status = Up, role=[lighthouse], upNumber=1, version=1.4.0), Member(address = akka.tcp://godgaming@127.0.0.1:8083, Uid=616447511 status = Up, role=[comm], upNumber=2, version=1.0.0), Member(address = akka.tcp://godgaming@127.0.0.1:8093, Uid=1552143654 status = Up, role=[promo], upNumber=3, version=1.0.0), Member(address = akka.tcp://godgaming@127.0.0.1:8094, Uid=127435627 status = Up, role=[queenapi], upNumber=4, version=1.0.0)]. Node roles [slotgame] 
[2025-05-09 17:19:29.0437] [INFO] [Cluster (akka://godgaming)] Cluster Node [akka.tcp://godgaming@127.0.0.1:8091] - is the new leader among reachable nodes (more leaders may exist) 
[2025-05-09 17:19:29.0437] [WARN] [Akka.Remote.ReliableDeliverySupervisor] Association with remote system akka.tcp://godgaming@127.0.0.1:8094 has failed; address is now gated for 5000 ms. Reason is: [Akka.Remote.EndpointDisassociatedException: Disassociated
   at Akka.Remote.EndpointWriter.PublishAndThrow(Exception reason, LogLevel level, Boolean needToThrow)
   at Akka.Remote.EndpointWriter.Unhandled(Object message)
   at Akka.Actor.ReceiveActor.ExecutePartialMessageHandler(Object message, PartialAction`1 partialAction)
   at Akka.Actor.ReceiveActor.<>c__DisplayClass11_0.<Become>b__0(Object m)
   at Akka.Actor.ActorCell.<>c__DisplayClass114_0.<Akka.Actor.IUntypedActorContext.Become>b__0(Object m)
   at Akka.Actor.ActorBase.AroundReceive(Receive receive, Object message)
   at Akka.Actor.ActorCell.ReceiveMessage(Object message)
   at Akka.Actor.ActorCell.ReceivedTerminated(Terminated t)
   at Akka.Actor.ActorCell.AutoReceiveMessage(Envelope envelope)
   at Akka.Actor.ActorCell.Invoke(Envelope envelope)] 
[2025-05-09 17:19:29.1137] [ERROR] [Akka.Actor.OneForOneStrategy] Disassociated Akka.Remote.EndpointDisassociatedException: Disassociated
   at Akka.Remote.EndpointWriter.PublishAndThrow(Exception reason, LogLevel level, Boolean needToThrow)
   at Akka.Remote.EndpointWriter.Unhandled(Object message)
   at Akka.Actor.ReceiveActor.ExecutePartialMessageHandler(Object message, PartialAction`1 partialAction)
   at Akka.Actor.ReceiveActor.<>c__DisplayClass11_0.<Become>b__0(Object m)
   at Akka.Actor.ActorCell.<>c__DisplayClass114_0.<Akka.Actor.IUntypedActorContext.Become>b__0(Object m)
   at Akka.Actor.ActorBase.AroundReceive(Receive receive, Object message)
   at Akka.Actor.ActorCell.ReceiveMessage(Object message)
   at Akka.Actor.ActorCell.ReceivedTerminated(Terminated t)
   at Akka.Actor.ActorCell.AutoReceiveMessage(Envelope envelope)
   at Akka.Actor.ActorCell.Invoke(Envelope envelope)
[2025-05-09 17:19:29.1867] [ERROR] [Akka.Actor.OneForOneStrategy] Disassociated Akka.Remote.EndpointDisassociatedException: Disassociated
   at Akka.Remote.EndpointWriter.PublishAndThrow(Exception reason, LogLevel level, Boolean needToThrow)
   at Akka.Remote.EndpointWriter.Unhandled(Object message)
   at Akka.Actor.ReceiveActor.ExecutePartialMessageHandler(Object message, PartialAction`1 partialAction)
   at Akka.Actor.ReceiveActor.OnReceive(Object message)
   at Akka.Actor.UntypedActor.Receive(Object message)
   at Akka.Actor.ActorBase.AroundReceive(Receive receive, Object message)
   at Akka.Actor.ActorCell.ReceiveMessage(Object message)
   at Akka.Actor.ActorCell.ReceivedTerminated(Terminated t)
   at Akka.Actor.ActorCell.AutoReceiveMessage(Envelope envelope)
   at Akka.Actor.ActorCell.Invoke(Envelope envelope)
[2025-05-09 17:19:29.2867] [ERROR] [Akka.Actor.OneForOneStrategy] Disassociated Akka.Remote.EndpointDisassociatedException: Disassociated
   at Akka.Remote.EndpointWriter.PublishAndThrow(Exception reason, LogLevel level, Boolean needToThrow)
   at Akka.Remote.EndpointWriter.Unhandled(Object message)
   at Akka.Actor.ReceiveActor.ExecutePartialMessageHandler(Object message, PartialAction`1 partialAction)
   at Akka.Actor.ReceiveActor.<>c__DisplayClass11_0.<Become>b__0(Object m)
   at Akka.Actor.ActorCell.<>c__DisplayClass114_0.<Akka.Actor.IUntypedActorContext.Become>b__0(Object m)
   at Akka.Actor.ActorBase.AroundReceive(Receive receive, Object message)
   at Akka.Actor.ActorCell.ReceiveMessage(Object message)
   at Akka.Actor.ActorCell.ReceivedTerminated(Terminated t)
   at Akka.Actor.ActorCell.AutoReceiveMessage(Envelope envelope)
   at Akka.Actor.ActorCell.Invoke(Envelope envelope)
[2025-05-09 17:19:29.3612] [INFO] [Akka.Remote.RemoteActorRefProvider+RemoteDeadLetterActorRef] Message [Heartbeat] from akka://godgaming/system/cluster/core/daemon/heartbeatSender to akka://godgaming/deadLetters was not delivered. [1] dead letters encountered. If this is not an expected behavior then akka://godgaming/deadLetters may have terminated unexpectedly. This logging can be turned off or adjusted with configuration settings 'akka.log-dead-letters' and 'akka.log-dead-letters-during-shutdown'. 
[2025-05-09 17:19:29.3642] [INFO] [Akka.Actor.LocalActorRef] Message [AckIdleCheckTimer] from akka://godgaming/system/endpointManager/reliableEndpointWriter-akka.tcp%3A%2F%2Fgodgaming%40127.0.0.1%3A8093-4/endpointWriter to akka://godgaming/system/endpointManager/reliableEndpointWriter-akka.tcp%3A%2F%2Fgodgaming%40127.0.0.1%3A8093-4/endpointWriter was not delivered. [2] dead letters encountered. If this is not an expected behavior then akka://godgaming/system/endpointManager/reliableEndpointWriter-akka.tcp%3A%2F%2Fgodgaming%40127.0.0.1%3A8093-4/endpointWriter may have terminated unexpectedly. This logging can be turned off or adjusted with configuration settings 'akka.log-dead-letters' and 'akka.log-dead-letters-during-shutdown'. 
[2025-05-09 17:19:29.3872] [INFO] [Akka.Actor.LocalActorRef] Message [AckIdleCheckTimer] from akka://godgaming/system/endpointManager/reliableEndpointWriter-akka.tcp%3A%2F%2Fgodgaming%40127.0.0.1%3A8093-4/endpointWriter to akka://godgaming/system/endpointManager/reliableEndpointWriter-akka.tcp%3A%2F%2Fgodgaming%40127.0.0.1%3A8093-4/endpointWriter was not delivered. [3] dead letters encountered. If this is not an expected behavior then akka://godgaming/system/endpointManager/reliableEndpointWriter-akka.tcp%3A%2F%2Fgodgaming%40127.0.0.1%3A8093-4/endpointWriter may have terminated unexpectedly. This logging can be turned off or adjusted with configuration settings 'akka.log-dead-letters' and 'akka.log-dead-letters-during-shutdown'. 
[2025-05-09 17:19:29.4022] [INFO] [Akka.Actor.LocalActorRef] Message [AckIdleCheckTimer] from akka://godgaming/system/endpointManager/reliableEndpointWriter-akka.tcp%3A%2F%2Fgodgaming%40127.0.0.1%3A8093-4/endpointWriter to akka://godgaming/system/endpointManager/reliableEndpointWriter-akka.tcp%3A%2F%2Fgodgaming%40127.0.0.1%3A8093-4/endpointWriter was not delivered. [4] dead letters encountered. If this is not an expected behavior then akka://godgaming/system/endpointManager/reliableEndpointWriter-akka.tcp%3A%2F%2Fgodgaming%40127.0.0.1%3A8093-4/endpointWriter may have terminated unexpectedly. This logging can be turned off or adjusted with configuration settings 'akka.log-dead-letters' and 'akka.log-dead-letters-during-shutdown'. 
[2025-05-09 17:19:29.4192] [INFO] [Akka.Actor.LocalActorRef] Message [AckIdleCheckTimer] from akka://godgaming/system/endpointManager/reliableEndpointWriter-akka.tcp%3A%2F%2Fgodgaming%40127.0.0.1%3A8093-4/endpointWriter to akka://godgaming/system/endpointManager/reliableEndpointWriter-akka.tcp%3A%2F%2Fgodgaming%40127.0.0.1%3A8093-4/endpointWriter was not delivered. [5] dead letters encountered. If this is not an expected behavior then akka://godgaming/system/endpointManager/reliableEndpointWriter-akka.tcp%3A%2F%2Fgodgaming%40127.0.0.1%3A8093-4/endpointWriter may have terminated unexpectedly. This logging can be turned off or adjusted with configuration settings 'akka.log-dead-letters' and 'akka.log-dead-letters-during-shutdown'. 
[2025-05-09 17:19:29.4312] [INFO] [Akka.Actor.LocalActorRef] Message [AckIdleCheckTimer] from akka://godgaming/system/endpointManager/reliableEndpointWriter-akka.tcp%3A%2F%2Fgodgaming%40127.0.0.1%3A8083-1/endpointWriter to akka://godgaming/system/endpointManager/reliableEndpointWriter-akka.tcp%3A%2F%2Fgodgaming%40127.0.0.1%3A8083-1/endpointWriter was not delivered. [6] dead letters encountered. If this is not an expected behavior then akka://godgaming/system/endpointManager/reliableEndpointWriter-akka.tcp%3A%2F%2Fgodgaming%40127.0.0.1%3A8083-1/endpointWriter may have terminated unexpectedly. This logging can be turned off or adjusted with configuration settings 'akka.log-dead-letters' and 'akka.log-dead-letters-during-shutdown'. 
[2025-05-09 17:19:29.4522] [INFO] [Akka.Actor.LocalActorRef] Message [AckIdleCheckTimer] from akka://godgaming/system/endpointManager/reliableEndpointWriter-akka.tcp%3A%2F%2Fgodgaming%40127.0.0.1%3A8083-1/endpointWriter to akka://godgaming/system/endpointManager/reliableEndpointWriter-akka.tcp%3A%2F%2Fgodgaming%40127.0.0.1%3A8083-1/endpointWriter was not delivered. [7] dead letters encountered. If this is not an expected behavior then akka://godgaming/system/endpointManager/reliableEndpointWriter-akka.tcp%3A%2F%2Fgodgaming%40127.0.0.1%3A8083-1/endpointWriter may have terminated unexpectedly. This logging can be turned off or adjusted with configuration settings 'akka.log-dead-letters' and 'akka.log-dead-letters-during-shutdown'. 
[2025-05-09 17:19:29.4682] [INFO] [Akka.Actor.LocalActorRef] Message [AckIdleCheckTimer] from akka://godgaming/system/endpointManager/reliableEndpointWriter-akka.tcp%3A%2F%2Fgodgaming%40127.0.0.1%3A8083-1/endpointWriter to akka://godgaming/system/endpointManager/reliableEndpointWriter-akka.tcp%3A%2F%2Fgodgaming%40127.0.0.1%3A8083-1/endpointWriter was not delivered. [8] dead letters encountered. If this is not an expected behavior then akka://godgaming/system/endpointManager/reliableEndpointWriter-akka.tcp%3A%2F%2Fgodgaming%40127.0.0.1%3A8083-1/endpointWriter may have terminated unexpectedly. This logging can be turned off or adjusted with configuration settings 'akka.log-dead-letters' and 'akka.log-dead-letters-during-shutdown'. 
[2025-05-09 17:19:29.4852] [INFO] [Akka.Actor.LocalActorRef] Message [AckIdleCheckTimer] from akka://godgaming/system/endpointManager/reliableEndpointWriter-akka.tcp%3A%2F%2Fgodgaming%40127.0.0.1%3A8083-1/endpointWriter to akka://godgaming/system/endpointManager/reliableEndpointWriter-akka.tcp%3A%2F%2Fgodgaming%40127.0.0.1%3A8083-1/endpointWriter was not delivered. [9] dead letters encountered. If this is not an expected behavior then akka://godgaming/system/endpointManager/reliableEndpointWriter-akka.tcp%3A%2F%2Fgodgaming%40127.0.0.1%3A8083-1/endpointWriter may have terminated unexpectedly. This logging can be turned off or adjusted with configuration settings 'akka.log-dead-letters' and 'akka.log-dead-letters-during-shutdown'. 
[2025-05-09 17:19:29.5002] [INFO] [Akka.Actor.LocalActorRef] Message [AckIdleCheckTimer] from akka://godgaming/system/endpointManager/reliableEndpointWriter-akka.tcp%3A%2F%2Fgodgaming%40127.0.0.1%3A4055-2/endpointWriter to akka://godgaming/system/endpointManager/reliableEndpointWriter-akka.tcp%3A%2F%2Fgodgaming%40127.0.0.1%3A4055-2/endpointWriter was not delivered. [10] dead letters encountered, no more dead letters will be logged in next [00:05:00]. If this is not an expected behavior then akka://godgaming/system/endpointManager/reliableEndpointWriter-akka.tcp%3A%2F%2Fgodgaming%40127.0.0.1%3A4055-2/endpointWriter may have terminated unexpectedly. This logging can be turned off or adjusted with configuration settings 'akka.log-dead-letters' and 'akka.log-dead-letters-during-shutdown'. 
[2025-05-09 17:19:29.5259] [ERROR] [Akka.Actor.OneForOneStrategy] Disassociated Akka.Remote.EndpointDisassociatedException: Disassociated
   at Akka.Remote.EndpointWriter.PublishAndThrow(Exception reason, LogLevel level, Boolean needToThrow)
   at Akka.Remote.EndpointWriter.Unhandled(Object message)
   at Akka.Actor.ReceiveActor.ExecutePartialMessageHandler(Object message, PartialAction`1 partialAction)
   at Akka.Actor.ReceiveActor.<>c__DisplayClass11_0.<Become>b__0(Object m)
   at Akka.Actor.ActorCell.<>c__DisplayClass114_0.<Akka.Actor.IUntypedActorContext.Become>b__0(Object m)
   at Akka.Actor.ActorBase.AroundReceive(Receive receive, Object message)
   at Akka.Actor.ActorCell.ReceiveMessage(Object message)
   at Akka.Actor.ActorCell.ReceivedTerminated(Terminated t)
   at Akka.Actor.ActorCell.AutoReceiveMessage(Envelope envelope)
   at Akka.Actor.ActorCell.Invoke(Envelope envelope)
[2025-05-09 17:19:33.5965] [INFO] [Cluster (akka://godgaming)] Cluster Node [akka.tcp://godgaming@127.0.0.1:8091] - Marking node(s) as REACHABLE [Member(address = akka.tcp://godgaming@127.0.0.1:8094, Uid=127435627 status = Up, role=[queenapi], upNumber=4, version=1.0.0), Member(address = akka.tcp://godgaming@127.0.0.1:8083, Uid=616447511 status = Up, role=[comm], upNumber=2, version=1.0.0)]. Node roles [slotgame] 
[2025-05-09 17:19:33.5995] [INFO] [Cluster (akka://godgaming)] Cluster Node [akka.tcp://godgaming@127.0.0.1:8091] - is no longer leader 
[2025-05-09 17:19:34.6014] [INFO] [Cluster (akka://godgaming)] Cluster Node [akka.tcp://godgaming@127.0.0.1:8091] - Marking node(s) as REACHABLE [Member(address = akka.tcp://godgaming@127.0.0.1:4055, Uid=679618349 status = Up, role=[lighthouse], upNumber=1, version=1.4.0), Member(address = akka.tcp://godgaming@127.0.0.1:8093, Uid=1552143654 status = Up, role=[promo], upNumber=3, version=1.0.0)]. Node roles [slotgame] 
[2025-05-09 19:05:47.8011] [INFO] [SlotGamesNode.GameLogics.DragonHeroGameLogic] generateSpinResult: null 
[2025-05-09 20:28:32.5015] [WARN] [Akka.Cluster.ClusterHeartbeatSender] Cluster Node [akka.tcp://godgaming@127.0.0.1:8091] - Scheduled sending of heartbeat was delayed. Previous heartbeat was sent [4675060.8601] ms ago, expected interval is [1000] ms. This may cause failure detection to mark members as unreachable. The reason can be thread starvation, e.g. by running blocking tasks on the default dispatcher, CPU overload, or GC. 
[2025-05-09 20:28:33.9398] [WARN] [Akka.Cluster.ClusterCoreDaemon] Cluster Node [akka.tcp://godgaming@127.0.0.1:8091] - Marking node(s) as UNREACHABLE [Member(address = akka.tcp://godgaming@127.0.0.1:4055, Uid=679618349 status = Up, role=[lighthouse], upNumber=1, version=1.4.0), Member(address = akka.tcp://godgaming@127.0.0.1:8083, Uid=616447511 status = Up, role=[comm], upNumber=2, version=1.0.0), Member(address = akka.tcp://godgaming@127.0.0.1:8093, Uid=1552143654 status = Up, role=[promo], upNumber=3, version=1.0.0), Member(address = akka.tcp://godgaming@127.0.0.1:8094, Uid=127435627 status = Up, role=[queenapi], upNumber=4, version=1.0.0)]. Node roles [slotgame] 
[2025-05-09 20:28:33.9478] [INFO] [Cluster (akka://godgaming)] Cluster Node [akka.tcp://godgaming@127.0.0.1:8091] - is the new leader among reachable nodes (more leaders may exist) 
[2025-05-09 20:28:33.9478] [ERROR] [Akka.Remote.Transport.ProtocolStateActor] No response from remote. Handshake timed out or transport failure detector triggered. (internal state was Open) 
[2025-05-09 20:28:34.2885] [ERROR] [Akka.Remote.Transport.ProtocolStateActor] No response from remote. Handshake timed out or transport failure detector triggered. (internal state was Open) 
[2025-05-09 20:28:34.3155] [ERROR] [Akka.Remote.Transport.ProtocolStateActor] No response from remote. Handshake timed out or transport failure detector triggered. (internal state was Open) 
[2025-05-09 20:28:34.3335] [ERROR] [Akka.Remote.Transport.ProtocolStateActor] No response from remote. Handshake timed out or transport failure detector triggered. (internal state was Open) 
[2025-05-09 20:28:34.3335] [ERROR] [Akka.Remote.Transport.ProtocolStateActor] No response from remote. Handshake timed out or transport failure detector triggered. (internal state was Open) 
[2025-05-09 20:28:34.3956] [ERROR] [Akka.Remote.Transport.ProtocolStateActor] No response from remote. Handshake timed out or transport failure detector triggered. (internal state was Open) 
[2025-05-09 20:28:34.4307] [ERROR] [Akka.Remote.Transport.ProtocolStateActor] No response from remote. Handshake timed out or transport failure detector triggered. (internal state was Open) 
[2025-05-09 20:28:34.4497] [ERROR] [Akka.Remote.Transport.ProtocolStateActor] No response from remote. Handshake timed out or transport failure detector triggered. (internal state was Open) 
[2025-05-09 20:28:34.4767] [WARN] [Akka.Remote.ReliableDeliverySupervisor] Association with remote system akka.tcp://godgaming@127.0.0.1:8094 has failed; address is now gated for 5000 ms. Reason is: [Akka.Remote.EndpointDisassociatedException: Disassociated
   at Akka.Remote.EndpointWriter.PublishAndThrow(Exception reason, LogLevel level, Boolean needToThrow)
   at Akka.Remote.EndpointWriter.Unhandled(Object message)
   at Akka.Actor.ReceiveActor.ExecutePartialMessageHandler(Object message, PartialAction`1 partialAction)
   at Akka.Actor.ReceiveActor.<>c__DisplayClass11_0.<Become>b__0(Object m)
   at Akka.Actor.ActorCell.<>c__DisplayClass114_0.<Akka.Actor.IUntypedActorContext.Become>b__0(Object m)
   at Akka.Actor.ActorBase.AroundReceive(Receive receive, Object message)
   at Akka.Actor.ActorCell.ReceiveMessage(Object message)
   at Akka.Actor.ActorCell.ReceivedTerminated(Terminated t)
   at Akka.Actor.ActorCell.AutoReceiveMessage(Envelope envelope)
   at Akka.Actor.ActorCell.Invoke(Envelope envelope)] 
[2025-05-09 20:28:34.6399] [ERROR] [Akka.Actor.OneForOneStrategy] Disassociated Akka.Remote.EndpointDisassociatedException: Disassociated
   at Akka.Remote.EndpointWriter.PublishAndThrow(Exception reason, LogLevel level, Boolean needToThrow)
   at Akka.Remote.EndpointWriter.Unhandled(Object message)
   at Akka.Actor.ReceiveActor.ExecutePartialMessageHandler(Object message, PartialAction`1 partialAction)
   at Akka.Actor.ReceiveActor.<>c__DisplayClass11_0.<Become>b__0(Object m)
   at Akka.Actor.ActorCell.<>c__DisplayClass114_0.<Akka.Actor.IUntypedActorContext.Become>b__0(Object m)
   at Akka.Actor.ActorBase.AroundReceive(Receive receive, Object message)
   at Akka.Actor.ActorCell.ReceiveMessage(Object message)
   at Akka.Actor.ActorCell.ReceivedTerminated(Terminated t)
   at Akka.Actor.ActorCell.AutoReceiveMessage(Envelope envelope)
   at Akka.Actor.ActorCell.Invoke(Envelope envelope)
[2025-05-09 20:28:34.7206] [WARN] [Akka.Remote.ReliableDeliverySupervisor] Association with remote system akka.tcp://godgaming@127.0.0.1:8093 has failed; address is now gated for 5000 ms. Reason is: [Akka.Remote.EndpointDisassociatedException: Disassociated
   at Akka.Remote.EndpointWriter.PublishAndThrow(Exception reason, LogLevel level, Boolean needToThrow)
   at Akka.Remote.EndpointWriter.Unhandled(Object message)
   at Akka.Actor.ReceiveActor.ExecutePartialMessageHandler(Object message, PartialAction`1 partialAction)
   at Akka.Actor.ReceiveActor.<>c__DisplayClass11_0.<Become>b__0(Object m)
   at Akka.Actor.ActorCell.<>c__DisplayClass114_0.<Akka.Actor.IUntypedActorContext.Become>b__0(Object m)
   at Akka.Actor.ActorBase.AroundReceive(Receive receive, Object message)
   at Akka.Actor.ActorCell.ReceiveMessage(Object message)
   at Akka.Actor.ActorCell.ReceivedTerminated(Terminated t)
   at Akka.Actor.ActorCell.AutoReceiveMessage(Envelope envelope)
   at Akka.Actor.ActorCell.Invoke(Envelope envelope)] 
[2025-05-09 20:28:34.8155] [ERROR] [Akka.Actor.OneForOneStrategy] Disassociated Akka.Remote.EndpointDisassociatedException: Disassociated
   at Akka.Remote.EndpointWriter.PublishAndThrow(Exception reason, LogLevel level, Boolean needToThrow)
   at Akka.Remote.EndpointWriter.Unhandled(Object message)
   at Akka.Actor.ReceiveActor.ExecutePartialMessageHandler(Object message, PartialAction`1 partialAction)
   at Akka.Actor.ReceiveActor.<>c__DisplayClass11_0.<Become>b__0(Object m)
   at Akka.Actor.ActorCell.<>c__DisplayClass114_0.<Akka.Actor.IUntypedActorContext.Become>b__0(Object m)
   at Akka.Actor.ActorBase.AroundReceive(Receive receive, Object message)
   at Akka.Actor.ActorCell.ReceiveMessage(Object message)
   at Akka.Actor.ActorCell.ReceivedTerminated(Terminated t)
   at Akka.Actor.ActorCell.AutoReceiveMessage(Envelope envelope)
   at Akka.Actor.ActorCell.Invoke(Envelope envelope)
[2025-05-09 20:28:34.8867] [WARN] [Akka.Remote.ReliableDeliverySupervisor] Association with remote system akka.tcp://godgaming@127.0.0.1:8083 has failed; address is now gated for 5000 ms. Reason is: [Akka.Remote.EndpointDisassociatedException: Disassociated
   at Akka.Remote.EndpointWriter.PublishAndThrow(Exception reason, LogLevel level, Boolean needToThrow)
   at Akka.Remote.EndpointWriter.Unhandled(Object message)
   at Akka.Actor.ReceiveActor.ExecutePartialMessageHandler(Object message, PartialAction`1 partialAction)
   at Akka.Actor.ReceiveActor.<>c__DisplayClass11_0.<Become>b__0(Object m)
   at Akka.Actor.ActorCell.<>c__DisplayClass114_0.<Akka.Actor.IUntypedActorContext.Become>b__0(Object m)
   at Akka.Actor.ActorBase.AroundReceive(Receive receive, Object message)
   at Akka.Actor.ActorCell.ReceiveMessage(Object message)
   at Akka.Actor.ActorCell.ReceivedTerminated(Terminated t)
   at Akka.Actor.ActorCell.AutoReceiveMessage(Envelope envelope)
   at Akka.Actor.ActorCell.Invoke(Envelope envelope)] 
[2025-05-09 20:28:34.9390] [ERROR] [Akka.Actor.OneForOneStrategy] Disassociated Akka.Remote.EndpointDisassociatedException: Disassociated
   at Akka.Remote.EndpointWriter.PublishAndThrow(Exception reason, LogLevel level, Boolean needToThrow)
   at Akka.Remote.EndpointWriter.Unhandled(Object message)
   at Akka.Actor.ReceiveActor.ExecutePartialMessageHandler(Object message, PartialAction`1 partialAction)
   at Akka.Actor.ReceiveActor.<>c__DisplayClass11_0.<Become>b__0(Object m)
   at Akka.Actor.ActorCell.<>c__DisplayClass114_0.<Akka.Actor.IUntypedActorContext.Become>b__0(Object m)
   at Akka.Actor.ActorBase.AroundReceive(Receive receive, Object message)
   at Akka.Actor.ActorCell.ReceiveMessage(Object message)
   at Akka.Actor.ActorCell.ReceivedTerminated(Terminated t)
   at Akka.Actor.ActorCell.AutoReceiveMessage(Envelope envelope)
   at Akka.Actor.ActorCell.Invoke(Envelope envelope)
[2025-05-09 20:28:34.9860] [WARN] [Akka.Remote.ReliableDeliverySupervisor] Association with remote system akka.tcp://godgaming@127.0.0.1:4055 has failed; address is now gated for 5000 ms. Reason is: [Akka.Remote.EndpointDisassociatedException: Disassociated
   at Akka.Remote.EndpointWriter.PublishAndThrow(Exception reason, LogLevel level, Boolean needToThrow)
   at Akka.Remote.EndpointWriter.Unhandled(Object message)
   at Akka.Actor.ReceiveActor.ExecutePartialMessageHandler(Object message, PartialAction`1 partialAction)
   at Akka.Actor.ReceiveActor.<>c__DisplayClass11_0.<Become>b__0(Object m)
   at Akka.Actor.ActorCell.<>c__DisplayClass114_0.<Akka.Actor.IUntypedActorContext.Become>b__0(Object m)
   at Akka.Actor.ActorBase.AroundReceive(Receive receive, Object message)
   at Akka.Actor.ActorCell.ReceiveMessage(Object message)
   at Akka.Actor.ActorCell.ReceivedTerminated(Terminated t)
   at Akka.Actor.ActorCell.AutoReceiveMessage(Envelope envelope)
   at Akka.Actor.ActorCell.Invoke(Envelope envelope)] 
[2025-05-09 20:28:35.0480] [ERROR] [Akka.Actor.OneForOneStrategy] Disassociated Akka.Remote.EndpointDisassociatedException: Disassociated
   at Akka.Remote.EndpointWriter.PublishAndThrow(Exception reason, LogLevel level, Boolean needToThrow)
   at Akka.Remote.EndpointWriter.Unhandled(Object message)
   at Akka.Actor.ReceiveActor.ExecutePartialMessageHandler(Object message, PartialAction`1 partialAction)
   at Akka.Actor.ReceiveActor.<>c__DisplayClass11_0.<Become>b__0(Object m)
   at Akka.Actor.ActorCell.<>c__DisplayClass114_0.<Akka.Actor.IUntypedActorContext.Become>b__0(Object m)
   at Akka.Actor.ActorBase.AroundReceive(Receive receive, Object message)
   at Akka.Actor.ActorCell.ReceiveMessage(Object message)
   at Akka.Actor.ActorCell.ReceivedTerminated(Terminated t)
   at Akka.Actor.ActorCell.AutoReceiveMessage(Envelope envelope)
   at Akka.Actor.ActorCell.Invoke(Envelope envelope)
[2025-05-09 20:28:35.1141] [INFO] [Akka.Remote.RemoteActorRefProvider+RemoteDeadLetterActorRef] Message [Heartbeat] from akka://godgaming/system/cluster/core/daemon/heartbeatSender to akka://godgaming/deadLetters was not delivered. [38] dead letters encountered, of which 27 were not logged. The counter will be reset now. If this is not an expected behavior then akka://godgaming/deadLetters may have terminated unexpectedly. This logging can be turned off or adjusted with configuration settings 'akka.log-dead-letters' and 'akka.log-dead-letters-during-shutdown'. 
[2025-05-09 20:28:35.1333] [INFO] [Akka.Remote.RemoteActorRefProvider+RemoteDeadLetterActorRef] Message [Heartbeat] from akka://godgaming/system/cluster/core/daemon/heartbeatSender to akka://godgaming/deadLetters was not delivered. [1] dead letters encountered. If this is not an expected behavior then akka://godgaming/deadLetters may have terminated unexpectedly. This logging can be turned off or adjusted with configuration settings 'akka.log-dead-letters' and 'akka.log-dead-letters-during-shutdown'. 
[2025-05-09 20:28:35.1533] [INFO] [Akka.Remote.RemoteActorRefProvider+RemoteDeadLetterActorRef] Message [Heartbeat] from akka://godgaming/system/cluster/core/daemon/heartbeatSender to akka://godgaming/deadLetters was not delivered. [2] dead letters encountered. If this is not an expected behavior then akka://godgaming/deadLetters may have terminated unexpectedly. This logging can be turned off or adjusted with configuration settings 'akka.log-dead-letters' and 'akka.log-dead-letters-during-shutdown'. 
[2025-05-09 20:28:35.1643] [INFO] [Akka.Remote.RemoteActorRefProvider+RemoteDeadLetterActorRef] Message [Heartbeat] from akka://godgaming/system/cluster/core/daemon/heartbeatSender to akka://godgaming/deadLetters was not delivered. [3] dead letters encountered. If this is not an expected behavior then akka://godgaming/deadLetters may have terminated unexpectedly. This logging can be turned off or adjusted with configuration settings 'akka.log-dead-letters' and 'akka.log-dead-letters-during-shutdown'. 
[2025-05-09 20:28:35.1643] [INFO] [Akka.Remote.RemoteActorRefProvider+RemoteDeadLetterActorRef] Message [Heartbeat] from akka://godgaming/system/cluster/core/daemon/heartbeatSender to akka://godgaming/deadLetters was not delivered. [4] dead letters encountered. If this is not an expected behavior then akka://godgaming/deadLetters may have terminated unexpectedly. This logging can be turned off or adjusted with configuration settings 'akka.log-dead-letters' and 'akka.log-dead-letters-during-shutdown'. 
[2025-05-09 20:28:35.1813] [INFO] [Akka.Remote.RemoteActorRefProvider+RemoteDeadLetterActorRef] Message [Heartbeat] from akka://godgaming/system/cluster/core/daemon/heartbeatSender to akka://godgaming/deadLetters was not delivered. [5] dead letters encountered. If this is not an expected behavior then akka://godgaming/deadLetters may have terminated unexpectedly. This logging can be turned off or adjusted with configuration settings 'akka.log-dead-letters' and 'akka.log-dead-letters-during-shutdown'. 
[2025-05-09 20:28:35.1953] [INFO] [Akka.Remote.RemoteActorRefProvider+RemoteDeadLetterActorRef] Message [GossipStatus] from akka://godgaming/system/cluster/core/daemon to akka://godgaming/deadLetters was not delivered. [6] dead letters encountered. If this is not an expected behavior then akka://godgaming/deadLetters may have terminated unexpectedly. This logging can be turned off or adjusted with configuration settings 'akka.log-dead-letters' and 'akka.log-dead-letters-during-shutdown'. 
[2025-05-09 20:28:35.1953] [INFO] [Akka.Actor.LocalActorRef] Message [BackoffTimer] from akka://godgaming/system/endpointManager/reliableEndpointWriter-akka.tcp%3A%2F%2Fgodgaming%40127.0.0.1%3A8094-3/endpointWriter to akka://godgaming/system/endpointManager/reliableEndpointWriter-akka.tcp%3A%2F%2Fgodgaming%40127.0.0.1%3A8094-3/endpointWriter was not delivered. [7] dead letters encountered. If this is not an expected behavior then akka://godgaming/system/endpointManager/reliableEndpointWriter-akka.tcp%3A%2F%2Fgodgaming%40127.0.0.1%3A8094-3/endpointWriter may have terminated unexpectedly. This logging can be turned off or adjusted with configuration settings 'akka.log-dead-letters' and 'akka.log-dead-letters-during-shutdown'. 
[2025-05-09 20:28:35.2163] [INFO] [Akka.Actor.LocalActorRef] Message [BackoffTimer] from akka://godgaming/system/endpointManager/reliableEndpointWriter-akka.tcp%3A%2F%2Fgodgaming%40127.0.0.1%3A8093-4/endpointWriter to akka://godgaming/system/endpointManager/reliableEndpointWriter-akka.tcp%3A%2F%2Fgodgaming%40127.0.0.1%3A8093-4/endpointWriter was not delivered. [8] dead letters encountered. If this is not an expected behavior then akka://godgaming/system/endpointManager/reliableEndpointWriter-akka.tcp%3A%2F%2Fgodgaming%40127.0.0.1%3A8093-4/endpointWriter may have terminated unexpectedly. This logging can be turned off or adjusted with configuration settings 'akka.log-dead-letters' and 'akka.log-dead-letters-during-shutdown'. 
[2025-05-09 20:28:35.2305] [INFO] [Akka.Actor.LocalActorRef] Message [BackoffTimer] from akka://godgaming/system/endpointManager/reliableEndpointWriter-akka.tcp%3A%2F%2Fgodgaming%40127.0.0.1%3A8083-1/endpointWriter to akka://godgaming/system/endpointManager/reliableEndpointWriter-akka.tcp%3A%2F%2Fgodgaming%40127.0.0.1%3A8083-1/endpointWriter was not delivered. [9] dead letters encountered. If this is not an expected behavior then akka://godgaming/system/endpointManager/reliableEndpointWriter-akka.tcp%3A%2F%2Fgodgaming%40127.0.0.1%3A8083-1/endpointWriter may have terminated unexpectedly. This logging can be turned off or adjusted with configuration settings 'akka.log-dead-letters' and 'akka.log-dead-letters-during-shutdown'. 
[2025-05-09 20:28:35.2455] [INFO] [Akka.Actor.LocalActorRef] Message [BackoffTimer] from akka://godgaming/system/endpointManager/reliableEndpointWriter-akka.tcp%3A%2F%2Fgodgaming%40127.0.0.1%3A4055-2/endpointWriter to akka://godgaming/system/endpointManager/reliableEndpointWriter-akka.tcp%3A%2F%2Fgodgaming%40127.0.0.1%3A4055-2/endpointWriter was not delivered. [10] dead letters encountered, no more dead letters will be logged in next [00:05:00]. If this is not an expected behavior then akka://godgaming/system/endpointManager/reliableEndpointWriter-akka.tcp%3A%2F%2Fgodgaming%40127.0.0.1%3A4055-2/endpointWriter may have terminated unexpectedly. This logging can be turned off or adjusted with configuration settings 'akka.log-dead-letters' and 'akka.log-dead-letters-during-shutdown'. 
[2025-05-09 20:28:38.9257] [INFO] [Cluster (akka://godgaming)] Cluster Node [akka.tcp://godgaming@127.0.0.1:8091] - Ignoring received gossip from unreachable [UniqueAddress: (akka.tcp://godgaming@127.0.0.1:8083, 616447511)] 
[2025-05-09 20:28:39.2559] [INFO] [Cluster (akka://godgaming)] Cluster Node [akka.tcp://godgaming@127.0.0.1:8091] - Ignoring received gossip from unreachable [UniqueAddress: (akka.tcp://godgaming@127.0.0.1:8093, 1552143654)] 
[2025-05-09 20:28:39.2698] [INFO] [Cluster (akka://godgaming)] Cluster Node [akka.tcp://godgaming@127.0.0.1:8091] - Ignoring received gossip from unreachable [UniqueAddress: (akka.tcp://godgaming@127.0.0.1:8083, 616447511)] 
[2025-05-09 20:28:39.5978] [INFO] [Cluster (akka://godgaming)] Cluster Node [akka.tcp://godgaming@127.0.0.1:8091] - Marking node(s) as REACHABLE [Member(address = akka.tcp://godgaming@127.0.0.1:8094, Uid=127435627 status = Up, role=[queenapi], upNumber=4, version=1.0.0), Member(address = akka.tcp://godgaming@127.0.0.1:8083, Uid=616447511 status = Up, role=[comm], upNumber=2, version=1.0.0), Member(address = akka.tcp://godgaming@127.0.0.1:4055, Uid=679618349 status = Up, role=[lighthouse], upNumber=1, version=1.4.0), Member(address = akka.tcp://godgaming@127.0.0.1:8093, Uid=1552143654 status = Up, role=[promo], upNumber=3, version=1.0.0)]. Node roles [slotgame] 
[2025-05-09 20:28:39.6138] [INFO] [Cluster (akka://godgaming)] Cluster Node [akka.tcp://godgaming@127.0.0.1:8091] - is no longer leader 
[2025-05-09 20:30:22.2998] [INFO] [SlotGamesNode.GameLogics.DragonHeroGameLogic] generateSpinResult: null 
