[2025-06-11 05:25:49.5374] [WARN] [Akka.Remote.ReliableDeliverySupervisor] Association with remote system akka.tcp://godgaming@127.0.0.1:8095 has failed; address is now gated for 5000 ms. Reason is: [Akka.Remote.EndpointDisassociatedException: Disassociated
   at Akka.Remote.EndpointWriter.PublishAndThrow(Exception reason, LogLevel level, Boolean needToThrow)
   at Akka.Remote.EndpointWriter.Unhandled(Object message)
   at Akka.Actor.ReceiveActor.ExecutePartialMessageHandler(Object message, PartialAction`1 partialAction)
   at Akka.Actor.ReceiveActor.<>c__DisplayClass11_0.<Become>b__0(Object m)
   at Akka.Actor.ActorCell.<>c__DisplayClass114_0.<Akka.Actor.IUntypedActorContext.Become>b__0(Object m)
   at Akka.Actor.ActorBase.AroundReceive(Receive receive, Object message)
   at Akka.Actor.ActorCell.ReceiveMessage(Object message)
   at Akka.Actor.ActorCell.ReceivedTerminated(Terminated t)
   at Akka.Actor.ActorCell.AutoReceiveMessage(Envelope envelope)
   at Akka.Actor.ActorCell.Invoke(Envelope envelope)] 
[2025-06-11 05:25:52.4713] [WARN] [Akka.Remote.ReliableDeliverySupervisor] Association with remote system akka.tcp://godgaming@127.0.0.1:8094 has failed; address is now gated for 5000 ms. Reason is: [Akka.Remote.EndpointDisassociatedException: Disassociated
   at Akka.Remote.EndpointWriter.PublishAndThrow(Exception reason, LogLevel level, Boolean needToThrow)
   at Akka.Remote.EndpointWriter.Unhandled(Object message)
   at Akka.Actor.ReceiveActor.ExecutePartialMessageHandler(Object message, PartialAction`1 partialAction)
   at Akka.Actor.ReceiveActor.<>c__DisplayClass11_0.<Become>b__0(Object m)
   at Akka.Actor.ActorCell.<>c__DisplayClass114_0.<Akka.Actor.IUntypedActorContext.Become>b__0(Object m)
   at Akka.Actor.ActorBase.AroundReceive(Receive receive, Object message)
   at Akka.Actor.ActorCell.ReceiveMessage(Object message)
   at Akka.Actor.ActorCell.ReceivedTerminated(Terminated t)
   at Akka.Actor.ActorCell.AutoReceiveMessage(Envelope envelope)
   at Akka.Actor.ActorCell.Invoke(Envelope envelope)] 
[2025-06-11 05:25:52.6343] [WARN] [Akka.Cluster.ClusterHeartbeatSender] Cluster Node [akka.tcp://godgaming@127.0.0.1:8091] - Scheduled sending of heartbeat was delayed. Previous heartbeat was sent [14216932.6984] ms ago, expected interval is [1000] ms. This may cause failure detection to mark members as unreachable. The reason can be thread starvation, e.g. by running blocking tasks on the default dispatcher, CPU overload, or GC. 
[2025-06-11 05:25:52.6723] [WARN] [Akka.Cluster.ClusterCoreDaemon] Cluster Node [akka.tcp://godgaming@127.0.0.1:8091] - Marking node(s) as UNREACHABLE [Member(address = akka.tcp://godgaming@127.0.0.1:4055, Uid=1119210578 status = Up, role=[lighthouse], upNumber=1, version=1.4.0), Member(address = akka.tcp://godgaming@127.0.0.1:8083, Uid=585882503 status = Up, role=[comm], upNumber=2, version=1.0.0), Member(address = akka.tcp://godgaming@127.0.0.1:8093, Uid=86416528 status = Up, role=[promo], upNumber=5, version=1.0.0), Member(address = akka.tcp://godgaming@127.0.0.1:8094, Uid=1441476758 status = Up, role=[queenapi], upNumber=3, version=1.0.0), Member(address = akka.tcp://godgaming@127.0.0.1:8095, Uid=417213202 status = Up, role=[seamlessapi], upNumber=4, version=1.0.0)]. Node roles [slotgame] 
[2025-06-11 05:25:52.7243] [INFO] [Cluster (akka://godgaming)] Cluster Node [akka.tcp://godgaming@127.0.0.1:8091] - is the new leader among reachable nodes (more leaders may exist) 
[2025-06-11 05:25:52.7243] [WARN] [Akka.Remote.ReliableDeliverySupervisor] Association with remote system akka.tcp://godgaming@127.0.0.1:4055 has failed; address is now gated for 5000 ms. Reason is: [Akka.Remote.EndpointDisassociatedException: Disassociated
   at Akka.Remote.EndpointWriter.PublishAndThrow(Exception reason, LogLevel level, Boolean needToThrow)
   at Akka.Remote.EndpointWriter.Unhandled(Object message)
   at Akka.Actor.ReceiveActor.ExecutePartialMessageHandler(Object message, PartialAction`1 partialAction)
   at Akka.Actor.ReceiveActor.<>c__DisplayClass11_0.<Become>b__0(Object m)
   at Akka.Actor.ActorCell.<>c__DisplayClass114_0.<Akka.Actor.IUntypedActorContext.Become>b__0(Object m)
   at Akka.Actor.ActorBase.AroundReceive(Receive receive, Object message)
   at Akka.Actor.ActorCell.ReceiveMessage(Object message)
   at Akka.Actor.ActorCell.ReceivedTerminated(Terminated t)
   at Akka.Actor.ActorCell.AutoReceiveMessage(Envelope envelope)
   at Akka.Actor.ActorCell.Invoke(Envelope envelope)] 
[2025-06-11 05:25:52.8513] [ERROR] [Akka.Remote.Transport.ProtocolStateActor] No response from remote. Handshake timed out or transport failure detector triggered. (internal state was Open) 
[2025-06-11 05:25:52.8673] [ERROR] [Akka.Remote.Transport.ProtocolStateActor] No response from remote. Handshake timed out or transport failure detector triggered. (internal state was Open) 
[2025-06-11 05:25:52.8823] [ERROR] [Akka.Actor.OneForOneStrategy] Disassociated Akka.Remote.EndpointDisassociatedException: Disassociated
   at Akka.Remote.EndpointWriter.PublishAndThrow(Exception reason, LogLevel level, Boolean needToThrow)
   at Akka.Remote.EndpointWriter.Unhandled(Object message)
   at Akka.Actor.ReceiveActor.ExecutePartialMessageHandler(Object message, PartialAction`1 partialAction)
   at Akka.Actor.ReceiveActor.<>c__DisplayClass11_0.<Become>b__0(Object m)
   at Akka.Actor.ActorCell.<>c__DisplayClass114_0.<Akka.Actor.IUntypedActorContext.Become>b__0(Object m)
   at Akka.Actor.ActorBase.AroundReceive(Receive receive, Object message)
   at Akka.Actor.ActorCell.ReceiveMessage(Object message)
   at Akka.Actor.ActorCell.ReceivedTerminated(Terminated t)
   at Akka.Actor.ActorCell.AutoReceiveMessage(Envelope envelope)
   at Akka.Actor.ActorCell.Invoke(Envelope envelope)
[2025-06-11 05:25:52.9763] [ERROR] [Akka.Actor.OneForOneStrategy] Disassociated Akka.Remote.EndpointDisassociatedException: Disassociated
   at Akka.Remote.EndpointWriter.PublishAndThrow(Exception reason, LogLevel level, Boolean needToThrow)
   at Akka.Remote.EndpointWriter.Unhandled(Object message)
   at Akka.Actor.ReceiveActor.ExecutePartialMessageHandler(Object message, PartialAction`1 partialAction)
   at Akka.Actor.ReceiveActor.<>c__DisplayClass11_0.<Become>b__0(Object m)
   at Akka.Actor.ActorCell.<>c__DisplayClass114_0.<Akka.Actor.IUntypedActorContext.Become>b__0(Object m)
   at Akka.Actor.ActorBase.AroundReceive(Receive receive, Object message)
   at Akka.Actor.ActorCell.ReceiveMessage(Object message)
   at Akka.Actor.ActorCell.ReceivedTerminated(Terminated t)
   at Akka.Actor.ActorCell.AutoReceiveMessage(Envelope envelope)
   at Akka.Actor.ActorCell.Invoke(Envelope envelope)
[2025-06-11 05:25:53.0393] [ERROR] [Akka.Actor.OneForOneStrategy] Disassociated Akka.Remote.EndpointDisassociatedException: Disassociated
   at Akka.Remote.EndpointWriter.PublishAndThrow(Exception reason, LogLevel level, Boolean needToThrow)
   at Akka.Remote.EndpointWriter.Unhandled(Object message)
   at Akka.Actor.ReceiveActor.ExecutePartialMessageHandler(Object message, PartialAction`1 partialAction)
   at Akka.Actor.ReceiveActor.<>c__DisplayClass11_0.<Become>b__0(Object m)
   at Akka.Actor.ActorCell.<>c__DisplayClass114_0.<Akka.Actor.IUntypedActorContext.Become>b__0(Object m)
   at Akka.Actor.ActorBase.AroundReceive(Receive receive, Object message)
   at Akka.Actor.ActorCell.ReceiveMessage(Object message)
   at Akka.Actor.ActorCell.ReceivedTerminated(Terminated t)
   at Akka.Actor.ActorCell.AutoReceiveMessage(Envelope envelope)
   at Akka.Actor.ActorCell.Invoke(Envelope envelope)
[2025-06-11 05:25:53.1163] [WARN] [Akka.Remote.ReliableDeliverySupervisor] Association with remote system akka.tcp://godgaming@127.0.0.1:8093 has failed; address is now gated for 5000 ms. Reason is: [Akka.Remote.EndpointDisassociatedException: Disassociated
   at Akka.Remote.EndpointWriter.PublishAndThrow(Exception reason, LogLevel level, Boolean needToThrow)
   at Akka.Remote.EndpointWriter.Unhandled(Object message)
   at Akka.Actor.ReceiveActor.ExecutePartialMessageHandler(Object message, PartialAction`1 partialAction)
   at Akka.Actor.ReceiveActor.<>c__DisplayClass11_0.<Become>b__0(Object m)
   at Akka.Actor.ActorCell.<>c__DisplayClass114_0.<Akka.Actor.IUntypedActorContext.Become>b__0(Object m)
   at Akka.Actor.ActorBase.AroundReceive(Receive receive, Object message)
   at Akka.Actor.ActorCell.ReceiveMessage(Object message)
   at Akka.Actor.ActorCell.ReceivedTerminated(Terminated t)
   at Akka.Actor.ActorCell.AutoReceiveMessage(Envelope envelope)
   at Akka.Actor.ActorCell.Invoke(Envelope envelope)] 
[2025-06-11 05:25:53.2023] [ERROR] [Akka.Actor.OneForOneStrategy] Disassociated Akka.Remote.EndpointDisassociatedException: Disassociated
   at Akka.Remote.EndpointWriter.PublishAndThrow(Exception reason, LogLevel level, Boolean needToThrow)
   at Akka.Remote.EndpointWriter.Unhandled(Object message)
   at Akka.Actor.ReceiveActor.ExecutePartialMessageHandler(Object message, PartialAction`1 partialAction)
   at Akka.Actor.ReceiveActor.<>c__DisplayClass11_0.<Become>b__0(Object m)
   at Akka.Actor.ActorCell.<>c__DisplayClass114_0.<Akka.Actor.IUntypedActorContext.Become>b__0(Object m)
   at Akka.Actor.ActorBase.AroundReceive(Receive receive, Object message)
   at Akka.Actor.ActorCell.ReceiveMessage(Object message)
   at Akka.Actor.ActorCell.ReceivedTerminated(Terminated t)
   at Akka.Actor.ActorCell.AutoReceiveMessage(Envelope envelope)
   at Akka.Actor.ActorCell.Invoke(Envelope envelope)
[2025-06-11 05:25:53.2763] [WARN] [Akka.Remote.ReliableDeliverySupervisor] Association with remote system akka.tcp://godgaming@127.0.0.1:8083 has failed; address is now gated for 5000 ms. Reason is: [Akka.Remote.EndpointDisassociatedException: Disassociated
   at Akka.Remote.EndpointWriter.PublishAndThrow(Exception reason, LogLevel level, Boolean needToThrow)
   at Akka.Remote.EndpointWriter.Unhandled(Object message)
   at Akka.Actor.ReceiveActor.ExecutePartialMessageHandler(Object message, PartialAction`1 partialAction)
   at Akka.Actor.ReceiveActor.<>c__DisplayClass11_0.<Become>b__0(Object m)
   at Akka.Actor.ActorCell.<>c__DisplayClass114_0.<Akka.Actor.IUntypedActorContext.Become>b__0(Object m)
   at Akka.Actor.ActorBase.AroundReceive(Receive receive, Object message)
   at Akka.Actor.ActorCell.ReceiveMessage(Object message)
   at Akka.Actor.ActorCell.ReceivedTerminated(Terminated t)
   at Akka.Actor.ActorCell.AutoReceiveMessage(Envelope envelope)
   at Akka.Actor.ActorCell.Invoke(Envelope envelope)] 
[2025-06-11 05:25:53.3623] [ERROR] [Akka.Actor.OneForOneStrategy] Disassociated Akka.Remote.EndpointDisassociatedException: Disassociated
   at Akka.Remote.EndpointWriter.PublishAndThrow(Exception reason, LogLevel level, Boolean needToThrow)
   at Akka.Remote.EndpointWriter.Unhandled(Object message)
   at Akka.Actor.ReceiveActor.ExecutePartialMessageHandler(Object message, PartialAction`1 partialAction)
   at Akka.Actor.ReceiveActor.<>c__DisplayClass11_0.<Become>b__0(Object m)
   at Akka.Actor.ActorCell.<>c__DisplayClass114_0.<Akka.Actor.IUntypedActorContext.Become>b__0(Object m)
   at Akka.Actor.ActorBase.AroundReceive(Receive receive, Object message)
   at Akka.Actor.ActorCell.ReceiveMessage(Object message)
   at Akka.Actor.ActorCell.ReceivedTerminated(Terminated t)
   at Akka.Actor.ActorCell.AutoReceiveMessage(Envelope envelope)
   at Akka.Actor.ActorCell.Invoke(Envelope envelope)
[2025-06-11 05:25:53.4393] [INFO] [Akka.Actor.LocalActorRef] Message [InboundPayload] without sender to akka://godgaming/system/transports/akkaprotocolmanager.tcp.0/akkaProtocol-tcp%3A%2F%2Fgodgaming%40127.0.0.1%3A8094-5 was not delivered. [1] dead letters encountered. If this is not an expected behavior then akka://godgaming/system/transports/akkaprotocolmanager.tcp.0/akkaProtocol-tcp%3A%2F%2Fgodgaming%40127.0.0.1%3A8094-5 may have terminated unexpectedly. This logging can be turned off or adjusted with configuration settings 'akka.log-dead-letters' and 'akka.log-dead-letters-during-shutdown'. 
[2025-06-11 05:25:53.4573] [INFO] [Akka.Actor.LocalActorRef] Message [InboundPayload] without sender to akka://godgaming/system/transports/akkaprotocolmanager.tcp.0/akkaProtocol-tcp%3A%2F%2Fgodgaming%40127.0.0.1%3A8094-5 was not delivered. [2] dead letters encountered. If this is not an expected behavior then akka://godgaming/system/transports/akkaprotocolmanager.tcp.0/akkaProtocol-tcp%3A%2F%2Fgodgaming%40127.0.0.1%3A8094-5 may have terminated unexpectedly. This logging can be turned off or adjusted with configuration settings 'akka.log-dead-letters' and 'akka.log-dead-letters-during-shutdown'. 
[2025-06-11 05:25:53.4763] [INFO] [Akka.Actor.LocalActorRef] Message [InboundPayload] without sender to akka://godgaming/system/transports/akkaprotocolmanager.tcp.0/akkaProtocol-tcp%3A%2F%2Fgodgaming%40127.0.0.1%3A8093-2 was not delivered. [3] dead letters encountered. If this is not an expected behavior then akka://godgaming/system/transports/akkaprotocolmanager.tcp.0/akkaProtocol-tcp%3A%2F%2Fgodgaming%40127.0.0.1%3A8093-2 may have terminated unexpectedly. This logging can be turned off or adjusted with configuration settings 'akka.log-dead-letters' and 'akka.log-dead-letters-during-shutdown'. 
[2025-06-11 05:25:53.4963] [INFO] [Akka.Remote.RemoteActorRefProvider+RemoteDeadLetterActorRef] Message [Heartbeat] from akka://godgaming/system/cluster/core/daemon/heartbeatSender to akka://godgaming/deadLetters was not delivered. [4] dead letters encountered. If this is not an expected behavior then akka://godgaming/deadLetters may have terminated unexpectedly. This logging can be turned off or adjusted with configuration settings 'akka.log-dead-letters' and 'akka.log-dead-letters-during-shutdown'. 
[2025-06-11 05:25:53.5063] [INFO] [Akka.Remote.RemoteActorRefProvider+RemoteDeadLetterActorRef] Message [Heartbeat] from akka://godgaming/system/cluster/core/daemon/heartbeatSender to akka://godgaming/deadLetters was not delivered. [5] dead letters encountered. If this is not an expected behavior then akka://godgaming/deadLetters may have terminated unexpectedly. This logging can be turned off or adjusted with configuration settings 'akka.log-dead-letters' and 'akka.log-dead-letters-during-shutdown'. 
[2025-06-11 05:25:53.5193] [INFO] [Akka.Remote.RemoteActorRefProvider+RemoteDeadLetterActorRef] Message [GossipStatus] from akka://godgaming/system/cluster/core/daemon to akka://godgaming/deadLetters was not delivered. [6] dead letters encountered. If this is not an expected behavior then akka://godgaming/deadLetters may have terminated unexpectedly. This logging can be turned off or adjusted with configuration settings 'akka.log-dead-letters' and 'akka.log-dead-letters-during-shutdown'. 
[2025-06-11 05:25:53.5193] [INFO] [Akka.Remote.RemoteActorRefProvider+RemoteDeadLetterActorRef] Message [Heartbeat] from akka://godgaming/system/cluster/core/daemon/heartbeatSender to akka://godgaming/deadLetters was not delivered. [7] dead letters encountered. If this is not an expected behavior then akka://godgaming/deadLetters may have terminated unexpectedly. This logging can be turned off or adjusted with configuration settings 'akka.log-dead-letters' and 'akka.log-dead-letters-during-shutdown'. 
[2025-06-11 05:25:53.5463] [INFO] [Akka.Actor.LocalActorRef] Message [AckIdleCheckTimer] from akka://godgaming/system/endpointManager/reliableEndpointWriter-akka.tcp%3A%2F%2Fgodgaming%40127.0.0.1%3A8094-5/endpointWriter to akka://godgaming/system/endpointManager/reliableEndpointWriter-akka.tcp%3A%2F%2Fgodgaming%40127.0.0.1%3A8094-5/endpointWriter was not delivered. [8] dead letters encountered. If this is not an expected behavior then akka://godgaming/system/endpointManager/reliableEndpointWriter-akka.tcp%3A%2F%2Fgodgaming%40127.0.0.1%3A8094-5/endpointWriter may have terminated unexpectedly. This logging can be turned off or adjusted with configuration settings 'akka.log-dead-letters' and 'akka.log-dead-letters-during-shutdown'. 
[2025-06-11 05:25:53.5703] [INFO] [Akka.Remote.RemoteActorRefProvider+RemoteDeadLetterActorRef] Message [Heartbeat] from akka://godgaming/system/cluster/core/daemon/heartbeatSender to akka://godgaming/deadLetters was not delivered. [9] dead letters encountered. If this is not an expected behavior then akka://godgaming/deadLetters may have terminated unexpectedly. This logging can be turned off or adjusted with configuration settings 'akka.log-dead-letters' and 'akka.log-dead-letters-during-shutdown'. 
[2025-06-11 05:25:53.5803] [INFO] [Akka.Remote.RemoteActorRefProvider+RemoteDeadLetterActorRef] Message [Heartbeat] from akka://godgaming/system/cluster/core/daemon/heartbeatSender to akka://godgaming/deadLetters was not delivered. [10] dead letters encountered, no more dead letters will be logged in next [00:05:00]. If this is not an expected behavior then akka://godgaming/deadLetters may have terminated unexpectedly. This logging can be turned off or adjusted with configuration settings 'akka.log-dead-letters' and 'akka.log-dead-letters-during-shutdown'. 
[2025-06-11 05:25:53.5803] [WARN] [Akka.Cluster.ClusterHeartbeatSender] Cluster Node [akka.tcp://godgaming@127.0.0.1:8091] - Scheduled sending of heartbeat was delayed. Previous heartbeat was sent [2691.734] ms ago, expected interval is [1000] ms. This may cause failure detection to mark members as unreachable. The reason can be thread starvation, e.g. by running blocking tasks on the default dispatcher, CPU overload, or GC. 
[2025-06-11 05:25:57.2973] [INFO] [Cluster (akka://godgaming)] Cluster Node [akka.tcp://godgaming@127.0.0.1:8091] - Marking node(s) as REACHABLE [Member(address = akka.tcp://godgaming@127.0.0.1:4055, Uid=1119210578 status = Up, role=[lighthouse], upNumber=1, version=1.4.0)]. Node roles [slotgame] 
[2025-06-11 05:25:57.3003] [INFO] [Cluster (akka://godgaming)] Cluster Node [akka.tcp://godgaming@127.0.0.1:8091] - is no longer leader 
[2025-06-11 05:25:57.9897] [INFO] [Cluster (akka://godgaming)] Cluster Node [akka.tcp://godgaming@127.0.0.1:8091] - Ignoring received gossip from unreachable [UniqueAddress: (akka.tcp://godgaming@127.0.0.1:8083, 585882503)] 
[2025-06-11 05:25:58.3197] [INFO] [Cluster (akka://godgaming)] Cluster Node [akka.tcp://godgaming@127.0.0.1:8091] - Marking node(s) as REACHABLE [Member(address = akka.tcp://godgaming@127.0.0.1:8093, Uid=86416528 status = Up, role=[promo], upNumber=5, version=1.0.0), Member(address = akka.tcp://godgaming@127.0.0.1:8095, Uid=417213202 status = Up, role=[seamlessapi], upNumber=4, version=1.0.0), Member(address = akka.tcp://godgaming@127.0.0.1:8083, Uid=585882503 status = Up, role=[comm], upNumber=2, version=1.0.0), Member(address = akka.tcp://godgaming@127.0.0.1:8094, Uid=1441476758 status = Up, role=[queenapi], upNumber=3, version=1.0.0)]. Node roles [slotgame] 
[2025-06-11 08:40:53.0647] [WARN] [Akka.Cluster.ClusterHeartbeatSender] Cluster Node [akka.tcp://godgaming@127.0.0.1:8091] - Scheduled sending of heartbeat was delayed. Previous heartbeat was sent [8054075.7208] ms ago, expected interval is [1000] ms. This may cause failure detection to mark members as unreachable. The reason can be thread starvation, e.g. by running blocking tasks on the default dispatcher, CPU overload, or GC. 
[2025-06-11 08:40:53.4927] [ERROR] [Akka.Remote.Transport.ProtocolStateActor] No response from remote. Handshake timed out or transport failure detector triggered. (internal state was Open) 
[2025-06-11 08:40:53.7037] [ERROR] [Akka.Remote.Transport.ProtocolStateActor] No response from remote. Handshake timed out or transport failure detector triggered. (internal state was Open) 
[2025-06-11 08:40:53.8137] [ERROR] [Akka.Remote.Transport.ProtocolStateActor] No response from remote. Handshake timed out or transport failure detector triggered. (internal state was Open) 
[2025-06-11 08:40:53.9087] [ERROR] [Akka.Remote.Transport.ProtocolStateActor] No response from remote. Handshake timed out or transport failure detector triggered. (internal state was Open) 
[2025-06-11 08:40:53.9637] [ERROR] [Akka.Remote.Transport.ProtocolStateActor] No response from remote. Handshake timed out or transport failure detector triggered. (internal state was Open) 
[2025-06-11 08:40:54.0057] [ERROR] [Akka.Remote.Transport.ProtocolStateActor] No response from remote. Handshake timed out or transport failure detector triggered. (internal state was Open) 
[2025-06-11 08:40:54.0207] [WARN] [Akka.Cluster.ClusterCoreDaemon] Cluster Node [akka.tcp://godgaming@127.0.0.1:8091] - Marking node(s) as UNREACHABLE [Member(address = akka.tcp://godgaming@127.0.0.1:4055, Uid=1119210578 status = Up, role=[lighthouse], upNumber=1, version=1.4.0), Member(address = akka.tcp://godgaming@127.0.0.1:8083, Uid=585882503 status = Up, role=[comm], upNumber=2, version=1.0.0), Member(address = akka.tcp://godgaming@127.0.0.1:8093, Uid=86416528 status = Up, role=[promo], upNumber=5, version=1.0.0), Member(address = akka.tcp://godgaming@127.0.0.1:8094, Uid=1441476758 status = Up, role=[queenapi], upNumber=3, version=1.0.0), Member(address = akka.tcp://godgaming@127.0.0.1:8095, Uid=417213202 status = Up, role=[seamlessapi], upNumber=4, version=1.0.0)]. Node roles [slotgame] 
[2025-06-11 08:40:54.0207] [INFO] [Cluster (akka://godgaming)] Cluster Node [akka.tcp://godgaming@127.0.0.1:8091] - is the new leader among reachable nodes (more leaders may exist) 
[2025-06-11 08:40:54.0207] [INFO] [Akka.Remote.Transport.DotNetty.TcpClientHandler] Connection was reset by the remote peer. Channel [[::ffff:127.0.0.1]:14737->[::ffff:127.0.0.1]:8093](Id=6190af3e) 
[2025-06-11 08:40:54.0357] [ERROR] [Akka.Remote.Transport.ProtocolStateActor] No response from remote. Handshake timed out or transport failure detector triggered. (internal state was Open) 
[2025-06-11 08:40:54.0357] [ERROR] [Akka.Remote.Transport.ProtocolStateActor] No response from remote. Handshake timed out or transport failure detector triggered. (internal state was Open) 
[2025-06-11 08:40:54.0357] [ERROR] [Akka.Remote.Transport.ProtocolStateActor] No response from remote. Handshake timed out or transport failure detector triggered. (internal state was Open) 
[2025-06-11 08:40:54.0357] [ERROR] [Akka.Remote.Transport.ProtocolStateActor] No response from remote. Handshake timed out or transport failure detector triggered. (internal state was Open) 
[2025-06-11 08:40:54.0357] [INFO] [Akka.Actor.LocalActorRef] Message [InboundPayload] without sender to akka://godgaming/system/transports/akkaprotocolmanager.tcp.0/akkaProtocol-tcp%3A%2F%2Fgodgaming%40127.0.0.1%3A8095-14 was not delivered. [37] dead letters encountered, of which 26 were not logged. The counter will be reset now. If this is not an expected behavior then akka://godgaming/system/transports/akkaprotocolmanager.tcp.0/akkaProtocol-tcp%3A%2F%2Fgodgaming%40127.0.0.1%3A8095-14 may have terminated unexpectedly. This logging can be turned off or adjusted with configuration settings 'akka.log-dead-letters' and 'akka.log-dead-letters-during-shutdown'. 
[2025-06-11 08:40:54.0567] [WARN] [Akka.Remote.ReliableDeliverySupervisor] Association with remote system akka.tcp://godgaming@127.0.0.1:4055 has failed; address is now gated for 5000 ms. Reason is: [Akka.Remote.EndpointDisassociatedException: Disassociated
   at Akka.Remote.EndpointWriter.PublishAndThrow(Exception reason, LogLevel level, Boolean needToThrow)
   at Akka.Remote.EndpointWriter.Unhandled(Object message)
   at Akka.Actor.ReceiveActor.ExecutePartialMessageHandler(Object message, PartialAction`1 partialAction)
   at Akka.Actor.ReceiveActor.<>c__DisplayClass11_0.<Become>b__0(Object m)
   at Akka.Actor.ActorCell.<>c__DisplayClass114_0.<Akka.Actor.IUntypedActorContext.Become>b__0(Object m)
   at Akka.Actor.ActorBase.AroundReceive(Receive receive, Object message)
   at Akka.Actor.ActorCell.ReceiveMessage(Object message)
   at Akka.Actor.ActorCell.ReceivedTerminated(Terminated t)
   at Akka.Actor.ActorCell.AutoReceiveMessage(Envelope envelope)
   at Akka.Actor.ActorCell.Invoke(Envelope envelope)] 
[2025-06-11 08:40:54.2199] [ERROR] [Akka.Actor.OneForOneStrategy] Disassociated Akka.Remote.EndpointDisassociatedException: Disassociated
   at Akka.Remote.EndpointWriter.PublishAndThrow(Exception reason, LogLevel level, Boolean needToThrow)
   at Akka.Remote.EndpointWriter.Unhandled(Object message)
   at Akka.Actor.ReceiveActor.ExecutePartialMessageHandler(Object message, PartialAction`1 partialAction)
   at Akka.Actor.ReceiveActor.<>c__DisplayClass11_0.<Become>b__0(Object m)
   at Akka.Actor.ActorCell.<>c__DisplayClass114_0.<Akka.Actor.IUntypedActorContext.Become>b__0(Object m)
   at Akka.Actor.ActorBase.AroundReceive(Receive receive, Object message)
   at Akka.Actor.ActorCell.ReceiveMessage(Object message)
   at Akka.Actor.ActorCell.ReceivedTerminated(Terminated t)
   at Akka.Actor.ActorCell.AutoReceiveMessage(Envelope envelope)
   at Akka.Actor.ActorCell.Invoke(Envelope envelope)
[2025-06-11 08:40:54.3504] [WARN] [Akka.Remote.ReliableDeliverySupervisor] Association with remote system akka.tcp://godgaming@127.0.0.1:8083 has failed; address is now gated for 5000 ms. Reason is: [Akka.Remote.EndpointDisassociatedException: Disassociated
   at Akka.Remote.EndpointWriter.PublishAndThrow(Exception reason, LogLevel level, Boolean needToThrow)
   at Akka.Remote.EndpointWriter.Unhandled(Object message)
   at Akka.Actor.ReceiveActor.ExecutePartialMessageHandler(Object message, PartialAction`1 partialAction)
   at Akka.Actor.ReceiveActor.<>c__DisplayClass11_0.<Become>b__0(Object m)
   at Akka.Actor.ActorCell.<>c__DisplayClass114_0.<Akka.Actor.IUntypedActorContext.Become>b__0(Object m)
   at Akka.Actor.ActorBase.AroundReceive(Receive receive, Object message)
   at Akka.Actor.ActorCell.ReceiveMessage(Object message)
   at Akka.Actor.ActorCell.ReceivedTerminated(Terminated t)
   at Akka.Actor.ActorCell.AutoReceiveMessage(Envelope envelope)
   at Akka.Actor.ActorCell.Invoke(Envelope envelope)] 
[2025-06-11 08:40:54.4244] [WARN] [Akka.Remote.ReliableDeliverySupervisor] Association with remote system akka.tcp://godgaming@127.0.0.1:8093 has failed; address is now gated for 5000 ms. Reason is: [Akka.Remote.EndpointDisassociatedException: Disassociated
   at Akka.Remote.EndpointWriter.PublishAndThrow(Exception reason, LogLevel level, Boolean needToThrow)
   at Akka.Remote.EndpointWriter.Unhandled(Object message)
   at Akka.Actor.ReceiveActor.ExecutePartialMessageHandler(Object message, PartialAction`1 partialAction)
   at Akka.Actor.ReceiveActor.<>c__DisplayClass11_0.<Become>b__0(Object m)
   at Akka.Actor.ActorCell.<>c__DisplayClass114_0.<Akka.Actor.IUntypedActorContext.Become>b__0(Object m)
   at Akka.Actor.ActorBase.AroundReceive(Receive receive, Object message)
   at Akka.Actor.ActorCell.ReceiveMessage(Object message)
   at Akka.Actor.ActorCell.ReceivedTerminated(Terminated t)
   at Akka.Actor.ActorCell.AutoReceiveMessage(Envelope envelope)
   at Akka.Actor.ActorCell.Invoke(Envelope envelope)] 
[2025-06-11 08:40:54.5103] [ERROR] [Akka.Actor.OneForOneStrategy] Disassociated Akka.Remote.EndpointDisassociatedException: Disassociated
   at Akka.Remote.EndpointWriter.PublishAndThrow(Exception reason, LogLevel level, Boolean needToThrow)
   at Akka.Remote.EndpointWriter.Unhandled(Object message)
   at Akka.Actor.ReceiveActor.ExecutePartialMessageHandler(Object message, PartialAction`1 partialAction)
   at Akka.Actor.ReceiveActor.<>c__DisplayClass11_0.<Become>b__0(Object m)
   at Akka.Actor.ActorCell.<>c__DisplayClass114_0.<Akka.Actor.IUntypedActorContext.Become>b__0(Object m)
   at Akka.Actor.ActorBase.AroundReceive(Receive receive, Object message)
   at Akka.Actor.ActorCell.ReceiveMessage(Object message)
   at Akka.Actor.ActorCell.ReceivedTerminated(Terminated t)
   at Akka.Actor.ActorCell.AutoReceiveMessage(Envelope envelope)
   at Akka.Actor.ActorCell.Invoke(Envelope envelope)
[2025-06-11 08:40:54.5885] [ERROR] [Akka.Actor.OneForOneStrategy] Disassociated Akka.Remote.EndpointDisassociatedException: Disassociated
   at Akka.Remote.EndpointWriter.PublishAndThrow(Exception reason, LogLevel level, Boolean needToThrow)
   at Akka.Remote.EndpointWriter.Unhandled(Object message)
   at Akka.Actor.ReceiveActor.ExecutePartialMessageHandler(Object message, PartialAction`1 partialAction)
   at Akka.Actor.ReceiveActor.<>c__DisplayClass11_0.<Become>b__0(Object m)
   at Akka.Actor.ActorCell.<>c__DisplayClass114_0.<Akka.Actor.IUntypedActorContext.Become>b__0(Object m)
   at Akka.Actor.ActorBase.AroundReceive(Receive receive, Object message)
   at Akka.Actor.ActorCell.ReceiveMessage(Object message)
   at Akka.Actor.ActorCell.ReceivedTerminated(Terminated t)
   at Akka.Actor.ActorCell.AutoReceiveMessage(Envelope envelope)
   at Akka.Actor.ActorCell.Invoke(Envelope envelope)
[2025-06-11 08:40:54.6686] [WARN] [Akka.Remote.ReliableDeliverySupervisor] Association with remote system akka.tcp://godgaming@127.0.0.1:8094 has failed; address is now gated for 5000 ms. Reason is: [Akka.Remote.EndpointDisassociatedException: Disassociated
   at Akka.Remote.EndpointWriter.PublishAndThrow(Exception reason, LogLevel level, Boolean needToThrow)
   at Akka.Remote.EndpointWriter.Unhandled(Object message)
   at Akka.Actor.ReceiveActor.ExecutePartialMessageHandler(Object message, PartialAction`1 partialAction)
   at Akka.Actor.ReceiveActor.<>c__DisplayClass11_0.<Become>b__0(Object m)
   at Akka.Actor.ActorCell.<>c__DisplayClass114_0.<Akka.Actor.IUntypedActorContext.Become>b__0(Object m)
   at Akka.Actor.ActorBase.AroundReceive(Receive receive, Object message)
   at Akka.Actor.ActorCell.ReceiveMessage(Object message)
   at Akka.Actor.ActorCell.ReceivedTerminated(Terminated t)
   at Akka.Actor.ActorCell.AutoReceiveMessage(Envelope envelope)
   at Akka.Actor.ActorCell.Invoke(Envelope envelope)] 
[2025-06-11 08:40:54.7406] [WARN] [Akka.Remote.ReliableDeliverySupervisor] Association with remote system akka.tcp://godgaming@127.0.0.1:8095 has failed; address is now gated for 5000 ms. Reason is: [Akka.Remote.EndpointDisassociatedException: Disassociated
   at Akka.Remote.EndpointWriter.PublishAndThrow(Exception reason, LogLevel level, Boolean needToThrow)
   at Akka.Remote.EndpointWriter.Unhandled(Object message)
   at Akka.Actor.ReceiveActor.ExecutePartialMessageHandler(Object message, PartialAction`1 partialAction)
   at Akka.Actor.ReceiveActor.<>c__DisplayClass11_0.<Become>b__0(Object m)
   at Akka.Actor.ActorCell.<>c__DisplayClass114_0.<Akka.Actor.IUntypedActorContext.Become>b__0(Object m)
   at Akka.Actor.ActorBase.AroundReceive(Receive receive, Object message)
   at Akka.Actor.ActorCell.ReceiveMessage(Object message)
   at Akka.Actor.ActorCell.ReceivedTerminated(Terminated t)
   at Akka.Actor.ActorCell.AutoReceiveMessage(Envelope envelope)
   at Akka.Actor.ActorCell.Invoke(Envelope envelope)] 
[2025-06-11 08:40:54.8256] [ERROR] [Akka.Actor.OneForOneStrategy] Disassociated Akka.Remote.EndpointDisassociatedException: Disassociated
   at Akka.Remote.EndpointWriter.PublishAndThrow(Exception reason, LogLevel level, Boolean needToThrow)
   at Akka.Remote.EndpointWriter.Unhandled(Object message)
   at Akka.Actor.ReceiveActor.ExecutePartialMessageHandler(Object message, PartialAction`1 partialAction)
   at Akka.Actor.ReceiveActor.<>c__DisplayClass11_0.<Become>b__0(Object m)
   at Akka.Actor.ActorCell.<>c__DisplayClass114_0.<Akka.Actor.IUntypedActorContext.Become>b__0(Object m)
   at Akka.Actor.ActorBase.AroundReceive(Receive receive, Object message)
   at Akka.Actor.ActorCell.ReceiveMessage(Object message)
   at Akka.Actor.ActorCell.ReceivedTerminated(Terminated t)
   at Akka.Actor.ActorCell.AutoReceiveMessage(Envelope envelope)
   at Akka.Actor.ActorCell.Invoke(Envelope envelope)
[2025-06-11 08:40:54.8896] [ERROR] [Akka.Actor.OneForOneStrategy] Disassociated Akka.Remote.EndpointDisassociatedException: Disassociated
   at Akka.Remote.EndpointWriter.PublishAndThrow(Exception reason, LogLevel level, Boolean needToThrow)
   at Akka.Remote.EndpointWriter.Unhandled(Object message)
   at Akka.Actor.ReceiveActor.ExecutePartialMessageHandler(Object message, PartialAction`1 partialAction)
   at Akka.Actor.ReceiveActor.<>c__DisplayClass11_0.<Become>b__0(Object m)
   at Akka.Actor.ActorCell.<>c__DisplayClass114_0.<Akka.Actor.IUntypedActorContext.Become>b__0(Object m)
   at Akka.Actor.ActorBase.AroundReceive(Receive receive, Object message)
   at Akka.Actor.ActorCell.ReceiveMessage(Object message)
   at Akka.Actor.ActorCell.ReceivedTerminated(Terminated t)
   at Akka.Actor.ActorCell.AutoReceiveMessage(Envelope envelope)
   at Akka.Actor.ActorCell.Invoke(Envelope envelope)
[2025-06-11 08:40:54.9646] [INFO] [Akka.Remote.RemoteActorRefProvider+RemoteDeadLetterActorRef] Message [Heartbeat] from akka://godgaming/system/cluster/core/daemon/heartbeatSender to akka://godgaming/deadLetters was not delivered. [1] dead letters encountered. If this is not an expected behavior then akka://godgaming/deadLetters may have terminated unexpectedly. This logging can be turned off or adjusted with configuration settings 'akka.log-dead-letters' and 'akka.log-dead-letters-during-shutdown'. 
[2025-06-11 08:40:54.9726] [INFO] [Akka.Remote.RemoteActorRefProvider+RemoteDeadLetterActorRef] Message [Heartbeat] from akka://godgaming/system/cluster/core/daemon/heartbeatSender to akka://godgaming/deadLetters was not delivered. [2] dead letters encountered. If this is not an expected behavior then akka://godgaming/deadLetters may have terminated unexpectedly. This logging can be turned off or adjusted with configuration settings 'akka.log-dead-letters' and 'akka.log-dead-letters-during-shutdown'. 
[2025-06-11 08:40:54.9886] [INFO] [Akka.Remote.RemoteActorRefProvider+RemoteDeadLetterActorRef] Message [Heartbeat] from akka://godgaming/system/cluster/core/daemon/heartbeatSender to akka://godgaming/deadLetters was not delivered. [3] dead letters encountered. If this is not an expected behavior then akka://godgaming/deadLetters may have terminated unexpectedly. This logging can be turned off or adjusted with configuration settings 'akka.log-dead-letters' and 'akka.log-dead-letters-during-shutdown'. 
[2025-06-11 08:40:54.9886] [INFO] [Akka.Remote.RemoteActorRefProvider+RemoteDeadLetterActorRef] Message [Heartbeat] from akka://godgaming/system/cluster/core/daemon/heartbeatSender to akka://godgaming/deadLetters was not delivered. [4] dead letters encountered. If this is not an expected behavior then akka://godgaming/deadLetters may have terminated unexpectedly. This logging can be turned off or adjusted with configuration settings 'akka.log-dead-letters' and 'akka.log-dead-letters-during-shutdown'. 
[2025-06-11 08:40:55.0066] [INFO] [Akka.Remote.RemoteActorRefProvider+RemoteDeadLetterActorRef] Message [Heartbeat] from akka://godgaming/system/cluster/core/daemon/heartbeatSender to akka://godgaming/deadLetters was not delivered. [5] dead letters encountered. If this is not an expected behavior then akka://godgaming/deadLetters may have terminated unexpectedly. This logging can be turned off or adjusted with configuration settings 'akka.log-dead-letters' and 'akka.log-dead-letters-during-shutdown'. 
[2025-06-11 08:40:55.0226] [WARN] [Akka.Cluster.ClusterHeartbeatSender] Cluster Node [akka.tcp://godgaming@127.0.0.1:8091] - Scheduled sending of heartbeat was delayed. Previous heartbeat was sent [2420.289] ms ago, expected interval is [1000] ms. This may cause failure detection to mark members as unreachable. The reason can be thread starvation, e.g. by running blocking tasks on the default dispatcher, CPU overload, or GC. 
[2025-06-11 08:40:55.0226] [INFO] [Akka.Remote.RemoteActorRefProvider+RemoteDeadLetterActorRef] Message [Heartbeat] from akka://godgaming/system/cluster/core/daemon/heartbeatSender to akka://godgaming/deadLetters was not delivered. [6] dead letters encountered. If this is not an expected behavior then akka://godgaming/deadLetters may have terminated unexpectedly. This logging can be turned off or adjusted with configuration settings 'akka.log-dead-letters' and 'akka.log-dead-letters-during-shutdown'. 
[2025-06-11 08:40:55.0376] [INFO] [Akka.Remote.RemoteActorRefProvider+RemoteDeadLetterActorRef] Message [Heartbeat] from akka://godgaming/system/cluster/core/daemon/heartbeatSender to akka://godgaming/deadLetters was not delivered. [7] dead letters encountered. If this is not an expected behavior then akka://godgaming/deadLetters may have terminated unexpectedly. This logging can be turned off or adjusted with configuration settings 'akka.log-dead-letters' and 'akka.log-dead-letters-during-shutdown'. 
[2025-06-11 08:40:55.0376] [INFO] [Akka.Remote.RemoteActorRefProvider+RemoteDeadLetterActorRef] Message [Heartbeat] from akka://godgaming/system/cluster/core/daemon/heartbeatSender to akka://godgaming/deadLetters was not delivered. [8] dead letters encountered. If this is not an expected behavior then akka://godgaming/deadLetters may have terminated unexpectedly. This logging can be turned off or adjusted with configuration settings 'akka.log-dead-letters' and 'akka.log-dead-letters-during-shutdown'. 
[2025-06-11 08:40:55.0556] [INFO] [Akka.Remote.RemoteActorRefProvider+RemoteDeadLetterActorRef] Message [Heartbeat] from akka://godgaming/system/cluster/core/daemon/heartbeatSender to akka://godgaming/deadLetters was not delivered. [9] dead letters encountered. If this is not an expected behavior then akka://godgaming/deadLetters may have terminated unexpectedly. This logging can be turned off or adjusted with configuration settings 'akka.log-dead-letters' and 'akka.log-dead-letters-during-shutdown'. 
[2025-06-11 08:40:55.0556] [INFO] [Akka.Remote.RemoteActorRefProvider+RemoteDeadLetterActorRef] Message [Heartbeat] from akka://godgaming/system/cluster/core/daemon/heartbeatSender to akka://godgaming/deadLetters was not delivered. [10] dead letters encountered, no more dead letters will be logged in next [00:05:00]. If this is not an expected behavior then akka://godgaming/deadLetters may have terminated unexpectedly. This logging can be turned off or adjusted with configuration settings 'akka.log-dead-letters' and 'akka.log-dead-letters-during-shutdown'. 
[2025-06-11 08:40:58.9719] [INFO] [Cluster (akka://godgaming)] Cluster Node [akka.tcp://godgaming@127.0.0.1:8091] - Marking node(s) as REACHABLE [Member(address = akka.tcp://godgaming@127.0.0.1:8095, Uid=417213202 status = Up, role=[seamlessapi], upNumber=4, version=1.0.0), Member(address = akka.tcp://godgaming@127.0.0.1:4055, Uid=1119210578 status = Up, role=[lighthouse], upNumber=1, version=1.4.0), Member(address = akka.tcp://godgaming@127.0.0.1:8094, Uid=1441476758 status = Up, role=[queenapi], upNumber=3, version=1.0.0)]. Node roles [slotgame] 
[2025-06-11 08:40:58.9719] [INFO] [Cluster (akka://godgaming)] Cluster Node [akka.tcp://godgaming@127.0.0.1:8091] - is no longer leader 
[2025-06-11 08:40:59.9855] [INFO] [Cluster (akka://godgaming)] Cluster Node [akka.tcp://godgaming@127.0.0.1:8091] - Marking node(s) as REACHABLE [Member(address = akka.tcp://godgaming@127.0.0.1:8093, Uid=86416528 status = Up, role=[promo], upNumber=5, version=1.0.0)]. Node roles [slotgame] 
[2025-06-11 08:41:00.9985] [INFO] [Cluster (akka://godgaming)] Cluster Node [akka.tcp://godgaming@127.0.0.1:8091] - Marking node(s) as REACHABLE [Member(address = akka.tcp://godgaming@127.0.0.1:8083, Uid=585882503 status = Up, role=[comm], upNumber=2, version=1.0.0)]. Node roles [slotgame] 
